<!doctype html>
<html>
<head>
	<meta http-equiv="X-UA-Compatible" content="IE=Edge,chrome=1">
	<meta http-equiv="Content-Type" content="text/html; charset=UTF-8">
	<meta charset="utf-8">
	
		<title>SyntaxError problem blocking project to compile » Community Questions &amp; Answers » Appcelerator Developer Center</title>
	
	<meta name="viewport" content="width=device-width,initial-scale=1">
	<link href="../../related/favicon.png" rel="shortcut icon" type="image/png">
	<link href="//fonts.googleapis.com/css?family=Open+Sans:300,400,500,600,700" rel="stylesheet" type="text/css">
	<link href="//d3ilu1xuwhtfe2.cloudfront.net/e8e0ebd/css/style.css" rel="stylesheet" type="text/css">
	<link href="../../related/qa.css" rel="stylesheet" type="text/css">
	<link href="../../related/hybrid.css" rel="stylesheet" type="text/css">
	
	<link href="../../related/overrides.css" rel="stylesheet" type="text/css">
</head>
<body>

<div class='mast'>    <div class='container'>        <div class='row'>            <div class='col-sm-12'>                <div class='masthead'><h1>Titanium Community Questions & Answer Archive</h1><h2>We felt that 6+ years of knowledge should not die so this is the Titanium Community Questions &amp; Answer Archive</h2></div>            </div>        </div>    </div></div>

<main class="container">
	<div class="row">
		<div class="col-sm-12">
			
		</div>
	</div>
	<div class="row">
		<div class="col-sm-12">
			<article class="question-container">
	<div class="question">
		<header>
			<h1>SyntaxError problem blocking project to compile</h1>
		</header>
		<section>
			<p>I was using Titanium until mid of week and today while using it got the below message, and project can&#39;t be compiled anymore.<br>And tried to re-compile even other projects that were Okay but the same problem happened.<br>Tried to look here for similar problems but didn&#39;t find, so any idea of what is happening ?? if I move to use the 3.2.0 SDK it works some times, but using the previous 3.1.3 (that is the one I&#39;m mainly using now) shows this problem.<br>It&#39;s a Windows 7 64bit machine, with 4GB RAM, so same machine&#x2F;configuration used until few days ago.</p>
<p>thanks for help&#x2F;ideas.</p>
<p>=======================================</p>
<p>Titanium Command-Line Interface, CLI version 3.2.0, Titanium SDK version 3.1.3.GA<br>Copyright (c) 2012-2013, Appcelerator, Inc.  All Rights Reserved.<br>[DEBUG] :  No project level plugins to load<br>Please report bugs to http:&#x2F;&#x2F;jira.appcelerator.org&#x2F;<br>[DEBUG] :  Loaded plugin hooks:<br>[INFO] :   Running build process:  python &quot;C:\Users\van\AppData\Roaming\Titanium\mobilesdk\win32\3.1.3.GA\android\builder.py&quot; &quot;install&quot; &quot;angularYoutube&quot; &quot;C:\android_tools\adt-bundle-windows-x86_64-20130522\sdk&quot; &quot;C:\titanium\workspace\angularYoutube&quot; &quot;com.solutions.angularYoutube&quot; &quot;3&quot;<br>[DEBUG] :  C:\Users\van\AppData\Roaming\npm\node_modules\titanium\hooks\tisdk3fixes.js<br>[DEBUG] :  C:\Users\van\AppData\Roaming\Titanium\mobilesdk\win32\3.1.3.GA\cli\hooks\plugins.js<br>[DEBUG] :  C:\Users\van\AppData\Roaming\Titanium\mobilesdk\win32\3.1.3.GA\android\cli\hooks\install.js<br>[DEBUG] :  C:\Users\van\AppData\Roaming\Titanium\mobilesdk\win32\3.1.3.GA\android\cli\hooks\run.js<br>  File &quot;C:\Users\van\AppData\Roaming\Titanium\mobilesdk\win32\3.1.3.GA\android\builder.py&quot;, line 141<br>    print &quot;[DEBUG] Signal %s received. Terminating the logcat process.&quot; % signum<br>                                                                      ^<br>SyntaxError: invalid syntax<br>[ERROR] :  Build process exited with code 1<br>[ERROR] Application Installer abnormal process termination. Process exit value was 1</p>

		</section>
		<footer>
			<div class="author">
				&mdash; asked <span title="February 1st 2014, 12:07:08 pm">February 1st 2014</span>
				by <span class='authorname'>vanderlei corr</span>
			</div>

			
				<ul class="tags">
					
						<li><span class='tagname'>android</span></li>
					
						<li><span class='tagname'>bug</span></li>
					
						<li><span class='tagname'>error</span></li>
					
						<li><span class='tagname'>packaging</span></li>
					
				</ul>
			

			<section>
				<h5>0 Comments</h5>
				
			</section>
		</footer>
		<aside class="vote-box">
			<div class="score"><span>0</span> Votes</div>
			<div class="answers"><span>2</span> Answers</div>
		</aside>
	</div>

	<hr>

	<h3>2 Answers</h3>

	
		<ul class="answers">
			
				<li class="answer">
				
					<article id="answer-274704">
				
						<section>
							<p>OK so you have updated the CLI, Alloy and SDK, unfortunately, there is a problem with compiling using the 3.2 versions with the 3.1 SDK&#39;s…</p>
<p>There not backwardly compatible.</p>
<p>Two options.</p>
<p>1) Revert back to 3.1 CLI etc</p>
<p>2) Move unto 3.2.1 RC which enables using 3.1.3 SDK&#39;s</p>
<p>look <a href="http:&#x2F;&#x2F;www.appcelerator.com&#x2F;blog&#x2F;2014&#x2F;01&#x2F;3-2-1-beta-of-sdkstudio-now-available&#x2F;">HERE</a> for how to revert or update </p>
<p>T.</p>

						</section>
						<footer>
							<div class="author">
								&mdash; answered <span title="February 1st 2014, 1:55:35 pm">February 1st 2014</span>
								by <span class='authorname'>Trevor Ward</span><br>
								<a class="icon-bg icon-link" href="question/162158/syntaxerror-problem-blocking-project-to-compile#answer-274704" rel="permalink">permalink</a>
							</div>

							<h5>3 Comments</h5>
							
								<ul class="comments">
								
									<li class="comment">
										<p><p>+1 Trevor; I missed that</p>
</p>
										<div class="author">
											&mdash; commented <span title="February 1st 2014, 2:16:11 pm">February 1st 2014</span>
											by <span class='authorname'>Malcolm Hollingsworth</span>
										</div>
									</li>
								
									<li class="comment">
										<p><p>thanks a lot for this really fast answer… seems support here works very well.</p>
<p>strange as few days ago I used the same Titanium configuration, and as far as I remember the only update it made that day was the node.js portion, but CLI, Alloy and SDK were already updated previously and after that I compiled some tests and it worked well, so should still be working even that selection using is CLI 3.2 together with SDK 3.1.3</p>
<p>I&#39;ll try to move to the 3.2.1 RC and test again to see if works…. if I don&#39;t get melted here with this +37 Celsius in Sao Paulo, Brazil….</p>
<p>thanks again,<br>Vanderlei</p>
</p>
										<div class="author">
											&mdash; commented <span title="February 1st 2014, 5:31:37 pm">February 1st 2014</span>
											by <span class='authorname'>vanderlei corr</span>
										</div>
									</li>
								
									<li class="comment">
										<p><p>I tried to update the CLI but always shows the 3.2.0 version either when compiling a project or checking the Help info; for the update of the SDK to 3.2.1 it worked well, so I&#39;ll have to check why can&#39;t update the CLI as mentioned above.</p>
<p>But now compiling using the 3.2.1 SDK shows the below message, and then trying to still use the 3.1.3 SDK shows the same previous log as above file I sent, so seems it didn&#39;t change behavior.</p>
<p>I tried to compile different projects, as to see if this was related to just one of them, but it&#39;s the same behavior for all.</p>
<p>Titanium Command-Line Interface, CLI version 3.2.0, Titanium SDK version 3.2.1.v20140130101648<br>Copyright (c) 2012-2013, Appcelerator, Inc.  All Rights Reserved.<br>Please report bugs to http:&#x2F;&#x2F;jira.appcelerator.org&#x2F;<br>C:\Users\van\AppData\Roaming\npm\node_modules\titanium\node_modules\longjohn\dist\longjohn.js:184<br>        throw e;<br>              ^<br>TypeError: Cannot read property &#39;properties&#39; of undefined<br>    at AndroidBuilder.validate (C:\Users\van\AppData\Roaming\Titanium\mobilesdk\win32\3.2.1.v20140130101648\android\cli\commands_build.js:882:15)<br>    at exports.validatePlatformOptions (C:\Users\van\AppData\Roaming\Titanium\mobilesdk\win32\3.2.1.v20140130101648\node_modules\titanium-sdk\lib\titanium.js:615:69)<br>    at C:\Users\van\AppData\Roaming\Titanium\mobilesdk\win32\3.2.1.v20140130101648\cli\commands\build.js:192:19<br>    at callCommandValidate (C:\Users\van\AppData\Roaming\npm\node_modules\titanium\lib\cli.js:844:7)<br>    at C:\Users\van\AppData\Roaming\npm\node_modules\titanium\node_modules\async\lib\async.js:548:21<br>    at C:\Users\van\AppData\Roaming\npm\node_modules\titanium\node_modules\async\lib\async.js:224:13<br>    at iterate (C:\Users\van\AppData\Roaming\npm\node_modules\titanium\node_modules\async\lib\async.js:131:13)<br>    at C:\Users\van\AppData\Roaming\npm\node_modules\titanium\node_modules\async\lib\async.js:142:25<br>    at C:\Users\van\AppData\Roaming\npm\node_modules\titanium\node_modules\async\lib\async.js:226:17</p>
<pre><code class="hljs">at <span class="hljs-constant">C</span>:\<span class="hljs-constant">Users</span>\van\<span class="hljs-constant">AppData</span>\<span class="hljs-constant">Roaming</span>\npm\node_modules\titanium\node_modules\async\<span class="hljs-class"><span class="hljs-keyword">lib</span>\<span class="hljs-title">async</span>.<span class="hljs-title">js</span>:553:34</span>
</code></pre><hr>
<pre><code class="hljs">at run (<span class="hljs-constant">C</span>:\<span class="hljs-constant">Users</span>\van\<span class="hljs-constant">AppData</span>\<span class="hljs-constant">Roaming</span>\<span class="hljs-constant">Titanium</span>\mobilesdk\win32\<span class="hljs-number">3.2</span>.<span class="hljs-number">1</span>.v20140130101648\node_modules\node-appc\<span class="hljs-class"><span class="hljs-keyword">lib</span>\<span class="hljs-title">subprocess</span>.<span class="hljs-title">js</span>:59:8)</span>
at <span class="hljs-constant">C</span>:\<span class="hljs-constant">Users</span>\van\<span class="hljs-constant">AppData</span>\<span class="hljs-constant">Roaming</span>\<span class="hljs-constant">Titanium</span>\mobilesdk\win32\<span class="hljs-number">3.2</span>.<span class="hljs-number">1</span>.v20140130101648\node_modules\titanium-sdk\<span class="hljs-class"><span class="hljs-keyword">lib</span>\<span class="hljs-title">android</span>.<span class="hljs-title">js</span>:453:4</span>
at <span class="hljs-constant">C</span>:\<span class="hljs-constant">Users</span>\van\<span class="hljs-constant">AppData</span>\<span class="hljs-constant">Roaming</span>\<span class="hljs-constant">Titanium</span>\mobilesdk\win32\<span class="hljs-number">3.2</span>.<span class="hljs-number">1</span>.v20140130101648\node_modules\node-appc\<span class="hljs-class"><span class="hljs-keyword">lib</span>\<span class="hljs-title">subprocess</span>.<span class="hljs-title">js</span>:129:3</span>
at exithandler (child_process.<span class="hljs-symbol">js:</span><span class="hljs-number">635</span>:<span class="hljs-number">7</span>)
at <span class="hljs-constant">EventEmitter</span>.emit (events.<span class="hljs-symbol">js:</span><span class="hljs-number">98</span>:<span class="hljs-number">17</span>)
at maybeClose (child_process.<span class="hljs-symbol">js:</span><span class="hljs-number">735</span>:<span class="hljs-number">16</span>)
at <span class="hljs-constant">Socket</span>.&lt;anonymous&gt; (child_process.<span class="hljs-symbol">js:</span><span class="hljs-number">948</span>:<span class="hljs-number">11</span>)
</code></pre><p>[ERROR] Application Installer abnormal process termination. Process exit value was 8</p>
</p>
										<div class="author">
											&mdash; commented <span title="February 1st 2014, 8:44:39 pm">February 1st 2014</span>
											by <span class='authorname'>vanderlei corr</span>
										</div>
									</li>
								
								</ul>
							
						</footer>
						<aside class="vote-box">
							<div class="score"><span>1</span> Vote</div>
						</aside>
					</article>
				</li>
			
				<li class="answer">
				
					<article id="answer-274763">
				
						<section>
							<p>somehow the SDK 3.2.1 isn&#39;t working well here, so I decided to use the 3.2.0 together with the first workaround (setting this.encryptJS=false) proposed by Vladimir S here  https:&#x2F;&#x2F;jira.appcelerator.org&#x2F;browse&#x2F;TIMOB-16073 .<br>It&#39;s working and compiling, so later I&#39;ll figure out why the 3.2.1 (which suppose fix this problem together with installing the Visual C++) and also why the 3.2.1 SDK isn&#39;t working well with the 3.1.3 CLI.</p>

						</section>
						<footer>
							<div class="author">
								&mdash; answered <span title="February 3rd 2014, 6:36:25 pm">February 3rd 2014</span>
								by <span class='authorname'>vanderlei corr</span><br>
								<a class="icon-bg icon-link" href="question/162158/syntaxerror-problem-blocking-project-to-compile#answer-274763" rel="permalink">permalink</a>
							</div>

							<h5>0 Comments</h5>
							
						</footer>
						<aside class="vote-box">
							<div class="score"><span>0</span> Votes</div>
						</aside>
					</article>
				</li>
			
		</ul>
	
</article>

		</div>
		<div class="col-sm-3"></div>
	</div>
	<div class="row"><div class="signoff">The ownership of individual contributions to this community generated content is retained by the authors of their contributions.<br>All trademarks remain the property of the respective owner.</div></div>
</main>


</body>
</html>
