<!doctype html>
<html>
<head>
	<meta http-equiv="X-UA-Compatible" content="IE=Edge,chrome=1">
	<meta http-equiv="Content-Type" content="text/html; charset=UTF-8">
	<meta charset="utf-8">
	
		<title>Build Error - fine in simulator, won&#39;t build for iOS device » Community Questions &amp; Answers » Appcelerator Developer Center</title>
	
	<meta name="viewport" content="width=device-width,initial-scale=1">
	<link href="../../related/favicon.png" rel="shortcut icon" type="image/png">
	<link href="//fonts.googleapis.com/css?family=Open+Sans:300,400,500,600,700" rel="stylesheet" type="text/css">
	<link href="//d3ilu1xuwhtfe2.cloudfront.net/e8e0ebd/css/style.css" rel="stylesheet" type="text/css">
	<link href="../../related/qa.css" rel="stylesheet" type="text/css">
	<link href="../../related/hybrid.css" rel="stylesheet" type="text/css">
	
	<link href="../../related/overrides.css" rel="stylesheet" type="text/css">
</head>
<body>

<div class='mast'>    <div class='container'>        <div class='row'>            <div class='col-sm-12'>                <div class='masthead'><h1>Titanium Community Questions & Answer Archive</h1><h2>We felt that 6+ years of knowledge should not die so this is the Titanium Community Questions &amp; Answer Archive</h2></div>            </div>        </div>    </div></div>

<main class="container">
	<div class="row">
		<div class="col-sm-12">
			
		</div>
	</div>
	<div class="row">
		<div class="col-sm-12">
			<article class="question-container">
	<div class="question">
		<header>
			<h1>Build Error - fine in simulator, won&#39;t build for iOS device</h1>
		</header>
		<section>
			<p>Ok, so a problem I ran into a few weeks ago has reared it&#39;s ugly head again. (Have a quick <a href="http:&#x2F;&#x2F;developer.appcelerator.com&#x2F;question&#x2F;121321&#x2F;titanium-studio-sdk-17--wont-build-and-run-on-ios-device-tight-deadline-please-help">look here</a> for details)</p>
<p>Basically everything&#39;s fine when debugging in the simulator. But then when I try to build for iOS (i&#39;m not even trying Android at the mo) the build fails with no clear error. Here&#39;s the last few lines from the console.</p>
<pre><code class="hljs">[DEBUG] Detecting modules <span class="hljs-keyword">in</span> /Library/Application Support/Titanium/modules
[INFO] Performing clean build
[<span class="hljs-keyword">ERROR</span>] 
[<span class="hljs-keyword">ERROR</span>] <span class="hljs-keyword">Error</span>: Traceback (most recent call last):
  <span class="hljs-keyword">File</span> <span class="hljs-string">"/Library/Application Support/Titanium/mobilesdk/osx/1.7.1/iphone/builder.py"</span>, <span class="hljs-keyword">line</span> 1296, <span class="hljs-keyword">in</span> main
    execute_xcode(<span class="hljs-string">"iphoneos%s"</span> % iphone_version,<span class="hljs-keyword">args</span>,False)
  <span class="hljs-keyword">File</span> <span class="hljs-string">"/Library/Application Support/Titanium/mobilesdk/osx/1.7.1/iphone/builder.py"</span>, <span class="hljs-keyword">line</span> 1057, <span class="hljs-keyword">in</span> execute_xcode
    output = <span class="hljs-keyword">run</span>.<span class="hljs-keyword">run</span>(<span class="hljs-keyword">args</span>,False,False,o)
  <span class="hljs-keyword">File</span> <span class="hljs-string">"/Library/Application Support/Titanium/mobilesdk/osx/1.7.1/iphone/run.py"</span>, <span class="hljs-keyword">line</span> 39, <span class="hljs-keyword">in</span> <span class="hljs-keyword">run</span>
    sys.<span class="hljs-keyword">exit</span>(rc)
SystemExit: 65
</code></pre><p>So the last time this happened I found that removing <a href="http:&#x2F;&#x2F;www.modernizr.com&#x2F;">modernizr</a> from a content directory (i&#39;m loading some local web content into a webview) fixed the problem. I have no idea what the problem was with having a js file that was never called or implemented in the build. All I know is deleting it fixed the build problem.</p>
<p>Now I&#39;m hitting the same problem again and I&#39;m stumped. Modernizr isn&#39;t present. There are a few new js libraries included in the build, like SWFAddress for deep linking. But I&#39;ve tried deleting them and had no luck. So I need to know what the problem was with modernizr so I can find the guilty file this time.</p>
<p>Is it something to do with the encoding for js files? Anyone have any ideas. If I don&#39;t know what the potential problem is I&#39;m going to have to go back to building the project up file by file again and building every time to find the culprit. That takes a loooong time.</p>
<p>Any help would be appreciated. Cheers.</p>

		</section>
		<footer>
			<div class="author">
				&mdash; asked <span title="July 4th 2011, 8:31:21 am">July 4th 2011</span>
				by <span class='authorname'>Darren Wallace</span>
			</div>

			
				<ul class="tags">
					
						<li><span class='tagname'>build</span></li>
					
						<li><span class='tagname'>error</span></li>
					
						<li><span class='tagname'>ios</span></li>
					
				</ul>
			

			<section>
				<h5>0 Comments</h5>
				
			</section>
		</footer>
		<aside class="vote-box">
			<div class="score"><span>0</span> Votes</div>
			<div class="answers"><span>8</span> Answers</div>
		</aside>
	</div>

	<hr>

	<h3>8 Answers</h3>

	
		<ul class="answers">
			
				<li class="answer">
				
					<article id="answer-212126">
				
						<section>
							<p>Ok, I think I&#39;ve found the problem. There was a stray info.plist in the Resources directory. I was defining some custom fonts. The plist should have been in the root directory next to the tiapp.xml.</p>
<p>The real problem here is the lack of info when the build fails. Titanium really need to work on some clearer error messages and it&#39;d save a lot of time.</p>

						</section>
						<footer>
							<div class="author">
								&mdash; answered <span title="July 4th 2011, 9:37:50 am">July 4th 2011</span>
								by <span class='authorname'>Darren Wallace</span><br>
								<a class="icon-bg icon-link" href="question/122000/build-error---fine-in-simulator-wont-build-for-ios-device#answer-212126" rel="permalink">permalink</a>
							</div>

							<h5>1 Comment</h5>
							
								<ul class="comments">
								
									<li class="comment">
										<p><p>I&#39;m sure there are a lot of things that can cause this error. The extra Info.plist in Resources was it for me. It took me a couple hours to fix this… thanks Darren!</p>
</p>
										<div class="author">
											&mdash; commented <span title="August 22nd 2011, 10:23:37 pm">August 22nd 2011</span>
											by <span class='authorname'>Kevin Baker</span>
										</div>
									</li>
								
								</ul>
							
						</footer>
						<aside class="vote-box">
							<div class="score"><span>1</span> Vote</div>
						</aside>
					</article>
				</li>
			
				<li class="answer">
				
					<article id="answer-212309">
				
						<section>
							<p>Today I installed Titanium for the first time and I had the same problem. But I&#39;m a python guy so I managed to solve it (at least in my case).<br>Here is how i solved it. It was quite obnoxious though.<br>Start like this: Open terminal: and type</p>
<pre><code class="hljs">$ <span class="hljs-built_in">which</span> python
</code></pre><p>copy the output you get<br>then type (assuming you have nano installed)</p>
<pre><code class="hljs"><span class="hljs-variable">$ </span>nano <span class="hljs-string">"/Library/Application Support/Titanium/mobilesdk/osx/1.7.1/iphone/builder.py"</span>
</code></pre><p>and change the first line of the file from !&#x2F;usr….blabla to ![the result you got from which python]. Then type ctrl-x and Y (overwrite). ;) happy coding</p>

						</section>
						<footer>
							<div class="author">
								&mdash; answered <span title="July 6th 2011, 9:41:51 am">July 6th 2011</span>
								by <span class='authorname'>luke free</span><br>
								<a class="icon-bg icon-link" href="question/122000/build-error---fine-in-simulator-wont-build-for-ios-device#answer-212309" rel="permalink">permalink</a>
							</div>

							<h5>4 Comments</h5>
							
								<ul class="comments">
								
									<li class="comment">
										<p><pre><code class="hljs">[INFO] Performing clean build
[<span class="hljs-keyword">ERROR</span>] 
[<span class="hljs-keyword">ERROR</span>] <span class="hljs-keyword">Error</span>: Traceback (most recent call last):
  <span class="hljs-keyword">File</span> <span class="hljs-string">"/Library/Application Support/Titanium/mobilesdk/osx/1.7.2.v20110628104637/iphone/builder.py"</span>, <span class="hljs-keyword">line</span> 1305, <span class="hljs-keyword">in</span> main
    execute_xcode(<span class="hljs-string">"iphoneos%s"</span> % iphone_version,<span class="hljs-keyword">args</span>,False)
  <span class="hljs-keyword">File</span> <span class="hljs-string">"/Library/Application Support/Titanium/mobilesdk/osx/1.7.2.v20110628104637/iphone/builder.py"</span>, <span class="hljs-keyword">line</span> 1066, <span class="hljs-keyword">in</span> execute_xcode
    output = <span class="hljs-keyword">run</span>.<span class="hljs-keyword">run</span>(<span class="hljs-keyword">args</span>,False,False,o)
  <span class="hljs-keyword">File</span> <span class="hljs-string">"/Library/Application Support/Titanium/mobilesdk/osx/1.7.2.v20110628104637/iphone/run.py"</span>, <span class="hljs-keyword">line</span> 39, <span class="hljs-keyword">in</span> <span class="hljs-keyword">run</span>
    sys.<span class="hljs-keyword">exit</span>(rc)
SystemExit: 65
</code></pre></p>
										<div class="author">
											&mdash; commented <span title="July 6th 2011, 6:41:43 pm">July 6th 2011</span>
											by <span class='authorname'>Andrew Mussey</span>
										</div>
									</li>
								
									<li class="comment">
										<p><p>Then type </p>
<pre><code class="hljs"><span class="hljs-title">nano</span> <span class="hljs-string">"/Library/Application Support/Titanium/mobilesdk/osx/1.7.2.v20110628104637/iphone/run.py"</span>
</code></pre><p>Go to the forth line (after def run(…):) and add</p>
<pre><code class="hljs"><span class="hljs-setting">debug = <span class="hljs-value"><span class="hljs-keyword">True</span></span></span>
</code></pre><p>(with the same indentation of the following lines).<br>Now you&#39;ll get a verbose output which can be more debuggable. What&#39;s your error?</p>
</p>
										<div class="author">
											&mdash; commented <span title="July 6th 2011, 7:15:53 pm">July 6th 2011</span>
											by <span class='authorname'>luke free</span>
										</div>
									</li>
								
									<li class="comment">
										<p><p>**fourth line ;)</p>
</p>
										<div class="author">
											&mdash; commented <span title="July 6th 2011, 7:17:20 pm">July 6th 2011</span>
											by <span class='authorname'>luke free</span>
										</div>
									</li>
								
									<li class="comment">
										<p><p>Just was having this issue. A quick inspection of the build.log in the build folder revealed the issue. In my case it was an ambiguous developer profile. I think this is also worth checking out to help expedite finding the issue.</p>
</p>
										<div class="author">
											&mdash; commented <span title="April 14th 2012, 1:25:01 am">April 14th 2012</span>
											by <span class='authorname'>Alex Khadiwala</span>
										</div>
									</li>
								
								</ul>
							
						</footer>
						<aside class="vote-box">
							<div class="score"><span>1</span> Vote</div>
						</aside>
					</article>
				</li>
			
				<li class="answer">
				
					<article id="answer-212122">
				
						<section>
							<p>It seems to be the same error that we are discussing here:<br>http:&#x2F;&#x2F;developer.appcelerator.com&#x2F;question&#x2F;121882&#x2F;building-issue</p>
<p>However for me it&#39;s even not building for the Simulator.</p>

						</section>
						<footer>
							<div class="author">
								&mdash; answered <span title="July 4th 2011, 8:55:32 am">July 4th 2011</span>
								by <span class='authorname'>Oussama Ghalbzouri</span><br>
								<a class="icon-bg icon-link" href="question/122000/build-error---fine-in-simulator-wont-build-for-ios-device#answer-212122" rel="permalink">permalink</a>
							</div>

							<h5>1 Comment</h5>
							
								<ul class="comments">
								
									<li class="comment">
										<p><p>It certainly looks similar, though the console output is a little different. The thread you mention seems to suggest it&#39;s not a UTF-8 issue, though it&#39;s not conclusive.</p>
<p>The real problem is how vague the console error is. It gives no clue as to what the problem with the build is. Which is very frustrating.</p>
</p>
										<div class="author">
											&mdash; commented <span title="July 4th 2011, 9:11:12 am">July 4th 2011</span>
											by <span class='authorname'>Darren Wallace</span>
										</div>
									</li>
								
								</ul>
							
						</footer>
						<aside class="vote-box">
							<div class="score"><span>0</span> Votes</div>
						</aside>
					</article>
				</li>
			
				<li class="answer">
				
					<article id="answer-212124">
				
						<section>
							<p>I occasionally get this adding code files from an external source and yes, in each case it was because the code was not UTF-8 encoded.  Finding the offending code is a pain but ive seen elsewhere on this site cool script to find and convert them</p>

						</section>
						<footer>
							<div class="author">
								&mdash; answered <span title="July 4th 2011, 9:12:49 am">July 4th 2011</span>
								by <span class='authorname'>Nick Milner</span><br>
								<a class="icon-bg icon-link" href="question/122000/build-error---fine-in-simulator-wont-build-for-ios-device#answer-212124" rel="permalink">permalink</a>
							</div>

							<h5>0 Comments</h5>
							
						</footer>
						<aside class="vote-box">
							<div class="score"><span>0</span> Votes</div>
						</aside>
					</article>
				</li>
			
				<li class="answer">
				
					<article id="answer-212235">
				
						<section>
							<p>I&#39;m still getting issues with this</p>

						</section>
						<footer>
							<div class="author">
								&mdash; answered <span title="July 5th 2011, 2:36:26 pm">July 5th 2011</span>
								by <span class='authorname'>Andrew Mussey</span><br>
								<a class="icon-bg icon-link" href="question/122000/build-error---fine-in-simulator-wont-build-for-ios-device#answer-212235" rel="permalink">permalink</a>
							</div>

							<h5>0 Comments</h5>
							
						</footer>
						<aside class="vote-box">
							<div class="score"><span>0</span> Votes</div>
						</aside>
					</article>
				</li>
			
				<li class="answer">
				
					<article id="answer-212716">
				
						<section>
							<p>I&#39;ve built a handful of apps using Titanium for about a year now, and all of a sudden this morning I start getting this error. My app works fine in the simulator, but now for either no reason or some very small, very buried reason, I&#39;m getting code identical to the lines in the original post.</p>
<p>I&#39;ve combed the forums and tried everything suggested; the python fix above, uninstalling and reinstalling Xcode, and uninstalling and reinstalling Titanium Studio. Although to be honest, I&#39;m not doing a complete uninstall of Titanium Studio, because there doesn&#39;t seem to be ANY INSTRUCTIONS on this site as to how to locate the hidden preference files on Mac OS X.</p>
<p>Very bizarre and frustrating, as I&#39;m trying to fix a bug in an app that Apple just approved for the app store. I&#39;ll be watching this thread.</p>

						</section>
						<footer>
							<div class="author">
								&mdash; answered <span title="July 10th 2011, 3:30:23 pm">July 10th 2011</span>
								by <span class='authorname'>John Lee</span><br>
								<a class="icon-bg icon-link" href="question/122000/build-error---fine-in-simulator-wont-build-for-ios-device#answer-212716" rel="permalink">permalink</a>
							</div>

							<h5>4 Comments</h5>
							
								<ul class="comments">
								
									<li class="comment">
										<p><p>What is the trace error you get by enabling the debug (as described above)?</p>
</p>
										<div class="author">
											&mdash; commented <span title="July 11th 2011, 8:45:15 am">July 11th 2011</span>
											by <span class='authorname'>luke free</span>
										</div>
									</li>
								
									<li class="comment">
										<p><p>I don&#39;t get a trace error after enabling the debug, but here&#39;s the code I get in Terminal that I&#39;m working with:</p>
<hr>
<p>-#&#x2F;usr&#x2F;bin&#x2F;python<br>-# -<em>- coding: utf-8 -</em>-<br>#<br>-# Build and Launch iPhone Application in Simulator or install<br>-# the application on the device via iTunes<br>#</p>
<p>import os, sys, uuid, subprocess, shutil, signal, string, traceback, imp<br>import platform, time, re, run, glob, codecs, hashlib, datetime, plistlib<br>from compiler import Compiler<br>from projector import Projector<br>from xml.dom.minidom import parseString<br>from pbxproj import PBXProj<br>from os.path import join, splitext, split, exists</p>
<p>-# the template_dir is the path where this file lives on disk<br>template_dir = os.path.abspath(os.path.dirname(sys._getframe(0).f_code.co_file$</p>
<p>-# add the parent and the common directory so we can load libraries from those $<br>sys.path.append(os.path.join(template_dir,&#39;..&#x2F;&#39;))<br>sys.path.append(os.path.join(template_dir,&#39;..&#x2F;common&#39;))<br>sys.path.append(os.path.join(template_dir, &#39;..&#x2F;module&#39;))<br>script_ok = False<br>debug = True</p>
<p>from tiapp import *<br>from css import csscompiler<br>import localecompiler<br>from module import ModuleDetector</p>
<p>ignoreFiles = [&#39;.gitignore&#39;, &#39;.cvsignore&#39;]<br>ignoreDirs = [&#39;.git&#39;,&#39;.svn&#39;, &#39;CVS&#39;]</p>
</p>
										<div class="author">
											&mdash; commented <span title="July 11th 2011, 7:58:42 pm">July 11th 2011</span>
											by <span class='authorname'>John Lee</span>
										</div>
									</li>
								
									<li class="comment">
										<p><p>Okay, now Titanium Studio won&#39;t even run the app in the iPhone Simulator! Here&#39;s the error message I get:</p>
<pre><code class="hljs">[<span class="hljs-keyword">ERROR</span>] 
[<span class="hljs-keyword">ERROR</span>] <span class="hljs-keyword">Error</span>: Traceback (most recent call last):
  <span class="hljs-keyword">File</span> <span class="hljs-string">"/Library/Application Support/Titanium/mobilesdk/osx/1.7.1/iphone/builder.py"</span>, <span class="hljs-keyword">line</span> 1141, <span class="hljs-keyword">in</span> main
    execute_xcode(<span class="hljs-string">"iphonesimulator%s"</span> % link_version,[<span class="hljs-string">"GCC_PREPROCESSOR_DEFINITIONS=__LOG__ID__=%s DEPLOYTYPE=development TI_DEVELOPMENT=1 DEBUG=1 TI_VERSION=%s %s"</span> % (log_id,sdk_version,debugstr)],False)
  <span class="hljs-keyword">File</span> <span class="hljs-string">"/Library/Application Support/Titanium/mobilesdk/osx/1.7.1/iphone/builder.py"</span>, <span class="hljs-keyword">line</span> 1059, <span class="hljs-keyword">in</span> execute_xcode
    output = <span class="hljs-keyword">run</span>.<span class="hljs-keyword">run</span>(<span class="hljs-keyword">args</span>,False,False,o)
  <span class="hljs-keyword">File</span> <span class="hljs-string">"/Library/Application Support/Titanium/mobilesdk/osx/1.7.1/iphone/run.py"</span>, <span class="hljs-keyword">line</span> 39, <span class="hljs-keyword">in</span> <span class="hljs-keyword">run</span>
    sys.<span class="hljs-keyword">exit</span>(rc)
SystemExit: 65
</code></pre></p>
										<div class="author">
											&mdash; commented <span title="July 11th 2011, 10:09:37 pm">July 11th 2011</span>
											by <span class='authorname'>John Lee</span>
										</div>
									</li>
								
									<li class="comment">
										<p><p>Please use the code wrapper for the code, otherwise it&#39;s quite unreadable!<br>However I think that you edited the file builder.py instead of the file run.py ;)</p>
</p>
										<div class="author">
											&mdash; commented <span title="July 12th 2011, 7:45:30 am">July 12th 2011</span>
											by <span class='authorname'>luke free</span>
										</div>
									</li>
								
								</ul>
							
						</footer>
						<aside class="vote-box">
							<div class="score"><span>0</span> Votes</div>
						</aside>
					</article>
				</li>
			
				<li class="answer">
				
					<article id="answer-212880">
				
						<section>
							<p>Okay, I finally stumbled across the solution (for my situation, anyway).</p>
<p>I did a Google search for the error and found a pretty healthy forum&#x2F;community on stackoverflow.com dedicated to Appcelerator&#x2F;Titanium development. Someone suggested building the app in Xcode, because the debugger there would throw a more specific error message. That&#39;s what I did, and it seems that my Developer Certificate was duplicated in my System Keychain in addition to being where it is supposed to be, in the Login Keychain.</p>
<p>How did the duplicate certificate write itself to the System Keychain? I have no idea. But once I deleted it in the Keychain Access app, I could continue to deploy apps to my iPhone and iPad again.</p>
<p>Here&#39;s the stackoverflow.com link:<br>http:&#x2F;&#x2F;stackoverflow.com&#x2F;questions&#x2F;5914702&#x2F;appcelerator-ipod-build-problems</p>
<p>Also, thanks for your help and suggestions, Luke. :) (Sorry that I posted the Terminal code unformatted.)</p>

						</section>
						<footer>
							<div class="author">
								&mdash; answered <span title="July 12th 2011, 10:01:41 am">July 12th 2011</span>
								by <span class='authorname'>John Lee</span><br>
								<a class="icon-bg icon-link" href="question/122000/build-error---fine-in-simulator-wont-build-for-ios-device#answer-212880" rel="permalink">permalink</a>
							</div>

							<h5>1 Comment</h5>
							
								<ul class="comments">
								
									<li class="comment">
										<p><p>glad you solved it ;)</p>
</p>
										<div class="author">
											&mdash; commented <span title="July 12th 2011, 10:22:53 am">July 12th 2011</span>
											by <span class='authorname'>luke free</span>
										</div>
									</li>
								
								</ul>
							
						</footer>
						<aside class="vote-box">
							<div class="score"><span>0</span> Votes</div>
						</aside>
					</article>
				</li>
			
				<li class="answer">
				
					<article id="answer-239591">
				
						<section>
							<p>I have created a Titanium Module for PDF Reading. When I integrate this module and build app on device, it fails to be built but it work on simulator very well. And without this module, app works fine on both simulator and device.</p>
<p>You can take the compiled <a href="http:&#x2F;&#x2F;dl.dropbox.com&#x2F;u&#x2F;17595051&#x2F;com.investis.pdfreader-iphone-0.1.zip"><strong>Module</strong> here</a>.</p>
<p>Put the following code in <strong>TiApp.xml</strong>:</p>
<pre><code class="hljs">&lt;<span class="hljs-keyword">module</span> <span class="hljs-keyword">version</span>=<span class="hljs-string">"0.1"</span>&gt;com.investis.pdfreader&lt;/<span class="hljs-keyword">module</span>&gt;
</code></pre><p>Put the following code in the file from where you want the PDF reader module to open the file for you:</p>
<pre><code class="hljs">var pdfreader = <span class="hljs-built_in">require</span>(<span class="hljs-string">'com.investis.pdfreader'</span>);
pdfreader.OpenReader(_filenamewithextension); <span class="hljs-regexp">//</span> _filenamewithextension <span class="hljs-keyword">is</span> the name <span class="hljs-keyword">of</span> the file. This file must be <span class="hljs-keyword">in</span> <span class="hljs-string">"Documents"</span> directory <span class="hljs-keyword">of</span> the app. So, <span class="hljs-keyword">this</span> <span class="hljs-built_in">module</span> <span class="hljs-keyword">is</span> used only <span class="hljs-keyword">for</span> those files which are <span class="hljs-keyword">in</span> documents directory, e.g. downloaded files, etc.
</code></pre><p>Here I have attached <strong><a href="http:&#x2F;&#x2F;dl.dropbox.com&#x2F;u&#x2F;17595051&#x2F;build.log">Build Log</a></strong>.</p>
<p>You can also see <strong><a href="http:&#x2F;&#x2F;dl.dropbox.com&#x2F;u&#x2F;17595051&#x2F;pdfReader.tiff">screenshot</a></strong> from simulator how the Reader looks.</p>
<p>You can also take <strong><a href="http:&#x2F;&#x2F;dl.dropbox.com&#x2F;u&#x2F;17595051&#x2F;app.js">app.js</a></strong>. But remember that the file here, license.pdf must be in <strong>Documents</strong> directory of the app. You can replace your <em>app.js</em> with this attached file.</p>
<p>Here I have also attached <strong><a href="http:&#x2F;&#x2F;dl.dropbox.com&#x2F;u&#x2F;17595051&#x2F;license.pdf">license.pdf</a></strong>.</p>
<p>Please take a try with fresh Titanium Project and help me if anyone has any suggestion.</p>

						</section>
						<footer>
							<div class="author">
								&mdash; answered <span title="May 29th 2012, 9:50:28 am">May 29th 2012</span>
								by <span class='authorname'>Paresh Thakor</span><br>
								<a class="icon-bg icon-link" href="question/122000/build-error---fine-in-simulator-wont-build-for-ios-device#answer-239591" rel="permalink">permalink</a>
							</div>

							<h5>0 Comments</h5>
							
						</footer>
						<aside class="vote-box">
							<div class="score"><span>0</span> Votes</div>
						</aside>
					</article>
				</li>
			
		</ul>
	
</article>

		</div>
		<div class="col-sm-3"></div>
	</div>
	<div class="row"><div class="signoff">The ownership of individual contributions to this community generated content is retained by the authors of their contributions.<br>All trademarks remain the property of the respective owner.</div></div>
</main>


</body>
</html>
