<!doctype html>
<html>
<head>
	<meta http-equiv="X-UA-Compatible" content="IE=Edge,chrome=1">
	<meta http-equiv="Content-Type" content="text/html; charset=UTF-8">
	<meta charset="utf-8">
	
		<title>cant install acs on my windows 64bit » Community Questions &amp; Answers » Appcelerator Developer Center</title>
	
	<meta name="viewport" content="width=device-width,initial-scale=1">
	<link href="../../related/favicon.png" rel="shortcut icon" type="image/png">
	<link href="//fonts.googleapis.com/css?family=Open+Sans:300,400,500,600,700" rel="stylesheet" type="text/css">
	<link href="//d3ilu1xuwhtfe2.cloudfront.net/e8e0ebd/css/style.css" rel="stylesheet" type="text/css">
	<link href="../../related/qa.css" rel="stylesheet" type="text/css">
	<link href="../../related/hybrid.css" rel="stylesheet" type="text/css">
	
	<link href="../../related/overrides.css" rel="stylesheet" type="text/css">
</head>
<body>

<div class='mast'>    <div class='container'>        <div class='row'>            <div class='col-sm-12'>                <div class='masthead'><h1>Titanium Community Questions & Answer Archive</h1><h2>We felt that 6+ years of knowledge should not die so this is the Titanium Community Questions &amp; Answer Archive</h2></div>            </div>        </div>    </div></div>

<main class="container">
	<div class="row">
		<div class="col-sm-12">
			
		</div>
	</div>
	<div class="row">
		<div class="col-sm-12">
			<article class="question-container">
	<div class="question">
		<header>
			<h1>cant install acs on my windows 64bit</h1>
		</header>
		<section>
			<p>i cant install acs even when i run titanium studio as administrator  i tried several times </p>
<p>error log </p>
<p>!SESSION 2013-06-29 21:54:21.935 ———————————————–<br>eclipse.buildId=3.1.1.201306112235<br>java.version=1.7.0_21<br>java.vendor=Oracle Corporation<br>BootLoader constants: OS=win32, ARCH=x86, WS=win32, NL=en_US<br>Command-line arguments:  -os win32 -ws win32 -arch x86</p>
<p>!ENTRY com.appcelerator.titanium.acs.ui 4 0 2013-06-29 21:55:49.405<br>!MESSAGE (Build 3.1.1.201306112235) [ERROR]  Failed to log into Node.ACS<br>!STACK 1<br>org.eclipse.core.runtime.CoreException: Failed to list installed packages for npm.<br>    at com.aptana.js.internal.core.node.NodePackageManager.list(NodePackageManager.java:378)<br>    at com.aptana.js.internal.core.node.NodePackageManager.isInstalled(NodePackageManager.java:433)<br>    at com.appcelerator.titanium.acs.internal.ui.NodeACSStartup$2.run(NodeACSStartup.java:75)<br>    at org.eclipse.core.internal.jobs.Worker.run(Worker.java:54)<br>!SUBENTRY 1 com.aptana.js.core 4 0 2013-06-29 21:55:49.406<br>!MESSAGE Failed to list installed packages for npm.</p>
<p>!ENTRY com.aptana.js.core 4 0 2013-06-29 21:56:16.302<br>!MESSAGE (Build 3.1.1.201306112235) [ERROR]  Failed to install acs.</p>
<p>npm http GET https:&#x2F;&#x2F;registry.npmjs.org&#x2F;acs<br>npm http 304 https:&#x2F;&#x2F;registry.npmjs.org&#x2F;acs<br>npm http GET https:&#x2F;&#x2F;registry.npmjs.org&#x2F;colors&#x2F;0.6.0-1<br>npm http GET https:&#x2F;&#x2F;registry.npmjs.org&#x2F;commander&#x2F;0.6.1<br>npm http GET https:&#x2F;&#x2F;registry.npmjs.org&#x2F;connect&#x2F;2.3.5<br>npm http GET https:&#x2F;&#x2F;registry.npmjs.org&#x2F;connect-mongo&#x2F;0.1.9<br>npm http GET https:&#x2F;&#x2F;registry.npmjs.org&#x2F;ejs&#x2F;0.8.0<br>npm http GET https:&#x2F;&#x2F;registry.npmjs.org&#x2F;express&#x2F;3.0.0<br>npm http GET https:&#x2F;&#x2F;registry.npmjs.org&#x2F;fstream&#x2F;0.1.18<br>npm http GET https:&#x2F;&#x2F;registry.npmjs.org&#x2F;log4js&#x2F;0.5.1<br>npm http GET https:&#x2F;&#x2F;registry.npmjs.org&#x2F;longjohn&#x2F;0.0.3<br>npm http GET https:&#x2F;&#x2F;registry.npmjs.org&#x2F;mkdirp&#x2F;0.3.3<br>npm http GET https:&#x2F;&#x2F;registry.npmjs.org&#x2F;node-uuid&#x2F;1.3.3<br>npm http GET https:&#x2F;&#x2F;registry.npmjs.org&#x2F;pkginfo&#x2F;0.2.2<br>npm http GET https:&#x2F;&#x2F;registry.npmjs.org&#x2F;socket.io&#x2F;0.9.10<br>npm http GET https:&#x2F;&#x2F;registry.npmjs.org&#x2F;tar&#x2F;0.1.13<br>npm http GET https:&#x2F;&#x2F;registry.npmjs.org&#x2F;temp&#x2F;0.4.0<br>npm http GET https:&#x2F;&#x2F;registry.npmjs.org&#x2F;uglify-js&#x2F;1.3.2<br>npm http GET https:&#x2F;&#x2F;github.com&#x2F;appcelerator&#x2F;cocoafish-node-sdk&#x2F;tarball&#x2F;0.1.6<br>npm http GET https:&#x2F;&#x2F;registry.npmjs.org&#x2F;underscore&#x2F;1.3.3<br>npm http GET https:&#x2F;&#x2F;registry.npmjs.org&#x2F;wrench&#x2F;1.3.9<br>npm http GET https:&#x2F;&#x2F;registry.npmjs.org&#x2F;esprima&#x2F;0.9.9<br>npm http GET https:&#x2F;&#x2F;registry.npmjs.org&#x2F;string&#x2F;1.1.0<br>npm http GET https:&#x2F;&#x2F;registry.npmjs.org&#x2F;jade&#x2F;0.28.1<br>npm http GET https:&#x2F;&#x2F;registry.npmjs.org&#x2F;request&#x2F;2.14.0<br>npm http 304 https:&#x2F;&#x2F;registry.npmjs.org&#x2F;commander&#x2F;0.6.1<br>npm http 304 https:&#x2F;&#x2F;registry.npmjs.org&#x2F;connect&#x2F;2.3.5<br>npm http 304 https:&#x2F;&#x2F;registry.npmjs.org&#x2F;connect-mongo&#x2F;0.1.9<br>npm http 304 https:&#x2F;&#x2F;registry.npmjs.org&#x2F;ejs&#x2F;0.8.0<br>npm WARN package.json connect@2.3.5 No README.md file found!<br>npm WARN package.json connect-mongo@0.1.9 No README.md file found!<br>npm http 304 https:&#x2F;&#x2F;registry.npmjs.org&#x2F;colors&#x2F;0.6.0-1<br>npm http 304 https:&#x2F;&#x2F;registry.npmjs.org&#x2F;express&#x2F;3.0.0<br>npm http 304 https:&#x2F;&#x2F;registry.npmjs.org&#x2F;fstream&#x2F;0.1.18<br>npm http 304 https:&#x2F;&#x2F;registry.npmjs.org&#x2F;longjohn&#x2F;0.0.3<br>npm http 304 https:&#x2F;&#x2F;registry.npmjs.org&#x2F;log4js&#x2F;0.5.1<br>npm http 304 https:&#x2F;&#x2F;registry.npmjs.org&#x2F;mkdirp&#x2F;0.3.3<br>npm http 200 https:&#x2F;&#x2F;github.com&#x2F;appcelerator&#x2F;cocoafish-node-sdk&#x2F;tarball&#x2F;0.1.6<br>npm http 304 https:&#x2F;&#x2F;registry.npmjs.org&#x2F;node-uuid&#x2F;1.3.3<br>npm http 304 https:&#x2F;&#x2F;registry.npmjs.org&#x2F;pkginfo&#x2F;0.2.2<br>npm http 304 https:&#x2F;&#x2F;registry.npmjs.org&#x2F;socket.io&#x2F;0.9.10<br>npm http 304 https:&#x2F;&#x2F;registry.npmjs.org&#x2F;tar&#x2F;0.1.13<br>npm http 304 https:&#x2F;&#x2F;registry.npmjs.org&#x2F;temp&#x2F;0.4.0<br>npm http 304 https:&#x2F;&#x2F;registry.npmjs.org&#x2F;uglify-js&#x2F;1.3.2<br>npm http 304 https:&#x2F;&#x2F;registry.npmjs.org&#x2F;underscore&#x2F;1.3.3<br>npm http 304 https:&#x2F;&#x2F;registry.npmjs.org&#x2F;wrench&#x2F;1.3.9<br>npm http 304 https:&#x2F;&#x2F;registry.npmjs.org&#x2F;esprima&#x2F;0.9.9<br>npm http 304 https:&#x2F;&#x2F;registry.npmjs.org&#x2F;string&#x2F;1.1.0<br>npm http 304 https:&#x2F;&#x2F;registry.npmjs.org&#x2F;jade&#x2F;0.28.1<br>npm http 304 https:&#x2F;&#x2F;registry.npmjs.org&#x2F;request&#x2F;2.14.0<br>npm http GET https:&#x2F;&#x2F;registry.npmjs.org&#x2F;mongodb<br>npm http GET https:&#x2F;&#x2F;registry.npmjs.org&#x2F;inherits<br>npm http GET https:&#x2F;&#x2F;registry.npmjs.org&#x2F;graceful-fs<br>npm http GET https:&#x2F;&#x2F;registry.npmjs.org&#x2F;rimraf<br>npm http GET https:&#x2F;&#x2F;registry.npmjs.org&#x2F;block-stream<br>npm http GET https:&#x2F;&#x2F;registry.npmjs.org&#x2F;inherits<br>npm http GET https:&#x2F;&#x2F;registry.npmjs.org&#x2F;connect&#x2F;2.6.0<br>npm http GET https:&#x2F;&#x2F;registry.npmjs.org&#x2F;range-parser&#x2F;0.0.4<br>npm http GET https:&#x2F;&#x2F;registry.npmjs.org&#x2F;cookie&#x2F;0.0.4<br>npm http GET https:&#x2F;&#x2F;registry.npmjs.org&#x2F;crc&#x2F;0.2.0<br>npm http GET https:&#x2F;&#x2F;registry.npmjs.org&#x2F;fresh&#x2F;0.1.0<br>npm http GET https:&#x2F;&#x2F;registry.npmjs.org&#x2F;methods&#x2F;0.0.1<br>npm http GET https:&#x2F;&#x2F;registry.npmjs.org&#x2F;send&#x2F;0.1.0<br>npm http GET https:&#x2F;&#x2F;registry.npmjs.org&#x2F;debug<br>npm http GET https:&#x2F;&#x2F;registry.npmjs.org&#x2F;policyfile&#x2F;0.0.4<br>npm http GET https:&#x2F;&#x2F;registry.npmjs.org&#x2F;socket.io-client&#x2F;0.9.10<br>npm http GET https:&#x2F;&#x2F;registry.npmjs.org&#x2F;redis&#x2F;0.7.2<br>npm http GET https:&#x2F;&#x2F;registry.npmjs.org&#x2F;async&#x2F;0.1.15<br>npm http GET https:&#x2F;&#x2F;registry.npmjs.org&#x2F;coffee-script<br>npm http GET https:&#x2F;&#x2F;registry.npmjs.org&#x2F;qs&#x2F;0.4.2<br>npm http GET https:&#x2F;&#x2F;registry.npmjs.org&#x2F;mime&#x2F;1.2.4<br>npm http GET https:&#x2F;&#x2F;registry.npmjs.org&#x2F;formidable&#x2F;1.0.11<br>npm http GET https:&#x2F;&#x2F;registry.npmjs.org&#x2F;fresh&#x2F;0.0.1<br>npm http GET https:&#x2F;&#x2F;registry.npmjs.org&#x2F;bytes&#x2F;0.0.1<br>npm http 304 https:&#x2F;&#x2F;registry.npmjs.org&#x2F;mongodb<br>npm WARN package.json mongodb@0.9.9-8 No README.md file found!<br>npm http 304 https:&#x2F;&#x2F;registry.npmjs.org&#x2F;inherits<br>npm http GET https:&#x2F;&#x2F;registry.npmjs.org&#x2F;bson&#x2F;0.0.4<br>npm http 304 https:&#x2F;&#x2F;registry.npmjs.org&#x2F;connect&#x2F;2.6.0<br>npm http 304 https:&#x2F;&#x2F;registry.npmjs.org&#x2F;inherits<br>npm http 304 https:&#x2F;&#x2F;registry.npmjs.org&#x2F;graceful-fs<br>npm http 304 https:&#x2F;&#x2F;registry.npmjs.org&#x2F;rimraf<br>npm http 304 https:&#x2F;&#x2F;registry.npmjs.org&#x2F;block-stream<br>npm http 304 https:&#x2F;&#x2F;registry.npmjs.org&#x2F;range-parser&#x2F;0.0.4<br>npm http 304 https:&#x2F;&#x2F;registry.npmjs.org&#x2F;cookie&#x2F;0.0.4<br>npm http 304 https:&#x2F;&#x2F;registry.npmjs.org&#x2F;crc&#x2F;0.2.0<br>npm http 304 https:&#x2F;&#x2F;registry.npmjs.org&#x2F;fresh&#x2F;0.1.0<br>npm http 304 https:&#x2F;&#x2F;registry.npmjs.org&#x2F;methods&#x2F;0.0.1<br>npm WARN package.json methods@0.0.1 No README.md file found!<br>npm http 304 https:&#x2F;&#x2F;registry.npmjs.org&#x2F;send&#x2F;0.1.0<br>npm http 304 https:&#x2F;&#x2F;registry.npmjs.org&#x2F;debug<br>npm http 304 https:&#x2F;&#x2F;registry.npmjs.org&#x2F;policyfile&#x2F;0.0.4<br>npm http 304 https:&#x2F;&#x2F;registry.npmjs.org&#x2F;socket.io-client&#x2F;0.9.10<br>npm http 304 https:&#x2F;&#x2F;registry.npmjs.org&#x2F;redis&#x2F;0.7.2<br>npm http GET https:&#x2F;&#x2F;registry.npmjs.org&#x2F;mime&#x2F;1.2.6<br>npm http 304 https:&#x2F;&#x2F;registry.npmjs.org&#x2F;async&#x2F;0.1.15<br>npm http 304 https:&#x2F;&#x2F;registry.npmjs.org&#x2F;coffee-script<br>npm http 304 https:&#x2F;&#x2F;registry.npmjs.org&#x2F;qs&#x2F;0.4.2<br>npm http 304 https:&#x2F;&#x2F;registry.npmjs.org&#x2F;mime&#x2F;1.2.4<br>npm http 304 https:&#x2F;&#x2F;registry.npmjs.org&#x2F;formidable&#x2F;1.0.11<br>npm http 304 https:&#x2F;&#x2F;registry.npmjs.org&#x2F;bytes&#x2F;0.0.1<br>npm http 304 https:&#x2F;&#x2F;registry.npmjs.org&#x2F;fresh&#x2F;0.0.1<br>npm http 304 https:&#x2F;&#x2F;registry.npmjs.org&#x2F;bson&#x2F;0.0.4<br>npm http 304 https:&#x2F;&#x2F;registry.npmjs.org&#x2F;mime&#x2F;1.2.6<br>npm WARN package.json bson@0.0.4 No README.md file found!<br>npm http GET https:&#x2F;&#x2F;registry.npmjs.org&#x2F;hiredis<br>npm http GET https:&#x2F;&#x2F;registry.npmjs.org&#x2F;pause&#x2F;0.0.1<br>npm http GET https:&#x2F;&#x2F;registry.npmjs.org&#x2F;qs&#x2F;0.5.1<br>npm http GET https:&#x2F;&#x2F;registry.npmjs.org&#x2F;bytes&#x2F;0.1.0<br>npm http GET https:&#x2F;&#x2F;registry.npmjs.org&#x2F;send&#x2F;0.0.4</p>
<p>&gt; bson@0.0.4 install C:\Users\sara\AppData\Roaming\npm\node_modules\acs\node_modules\connect-mongo\node_modules\mongodb\node_modules\bson<br>&gt; node install.js</p>
<p>CreateProcessW: The system cannot find the file specified.<br>npm ERR! error rolling back Error: ENOTEMPTY, rmdir &#39;C:\Users\sara\AppData\Roaming\npm\node_modules\acs\node_modules\socket.io\node_modules\socket.io-client\lib\vendor\web-socket-js\flash-src\com\hurlant\util&#39;<br>npm ERR! error rolling back  acs@1.0.3 { [Error: ENOTEMPTY, rmdir &#39;C:\Users\sara\AppData\Roaming\npm\node_modules\acs\node_modules\socket.io\node_modules\socket.io-client\lib\vendor\web-socket-js\flash-src\com\hurlant\util&#39;]<br>npm ERR! error rolling back   errno: 53,<br>npm ERR! error rolling back   code: &#39;ENOTEMPTY&#39;,<br>npm ERR! error rolling back   path: &#39;C:\Users\sara\AppData\Roaming\npm\node_modules\acs\node_modules\socket.io\node_modules\socket.io-client\lib\vendor\web-socket-js\flash-src\com\hurlant\util&#39; }<br>npm ERR! bson@0.0.4 install: <code>node install.js</code><br>npm ERR! <code>cmd &amp;quot;&amp;#x2F;c&amp;quot; &amp;quot;node install.js&amp;quot;</code> failed with 127<br>npm ERR!<br>npm ERR! Failed at the bson@0.0.4 install script.<br>npm ERR! This is most likely a problem with the bson package,<br>npm ERR! not with npm itself.<br>npm ERR! Tell the author that this fails on your system:<br>npm ERR!     node install.js<br>npm ERR! You can get their info via:<br>npm ERR!     npm owner ls bson<br>npm ERR! There is likely additional logging output above.</p>
<p>npm ERR! System Windows_NT 6.1.7601<br>npm ERR! command &quot;c:\Program Files (x86)\nodejs\\node.exe&quot; &quot;c:\Program Files (x86)\nodejs\node_modules\npm\bin\npm-cli.js&quot; &quot;-g&quot; &quot;install&quot; &quot;acs&quot; &quot;–color&quot; &quot;false&quot;<br>npm ERR! cwd D:\titanum<br>npm ERR! node -v v0.8.22<br>npm ERR! npm -v 1.2.14<br>npm ERR! code ELIFECYCLE<br>npm http 304 https:&#x2F;&#x2F;registry.npmjs.org&#x2F;hiredis<br>npm http 304 https:&#x2F;&#x2F;registry.npmjs.org&#x2F;pause&#x2F;0.0.1<br>npm http 304 https:&#x2F;&#x2F;registry.npmjs.org&#x2F;bytes&#x2F;0.1.0<br>npm http 304 https:&#x2F;&#x2F;registry.npmjs.org&#x2F;send&#x2F;0.0.4<br>npm http 304 https:&#x2F;&#x2F;registry.npmjs.org&#x2F;qs&#x2F;0.5.1<br>npm http GET https:&#x2F;&#x2F;registry.npmjs.org&#x2F;bindings<br>npm http 304 https:&#x2F;&#x2F;registry.npmjs.org&#x2F;bindings</p>
<p>&gt; hiredis@0.1.15 install C:\Users\sara\AppData\Roaming\npm\node_modules\acs\node_modules\socket.io\node_modules\redis\node_modules\hiredis<br>&gt; node-gyp rebuild</p>
<p>CreateProcessW: The system cannot find the file specified.<br>npm WARN optional dep failed, continuing hiredis@0.1.15<br>npm</p>
<p>!ENTRY com.appcelerator.titanium.update 4 4 2013-06-29 21:56:16.309<br>!MESSAGE Error encountered during update<br>!SUBENTRY 1 com.aptana.js.core 4 0 2013-06-29 21:56:16.309<br>!MESSAGE Failed to install acs. Please see the Studio log for more information.<br>!SESSION 2013-06-29 22:02:10.245 ———————————————–<br>eclipse.buildId=3.1.1.201306112235<br>java.version=1.7.0_21<br>java.vendor=Oracle Corporation<br>BootLoader constants: OS=win32, ARCH=x86, WS=win32, NL=en_US<br>Command-line arguments:  -os win32 -ws win32 -arch x86</p>
<p>!ENTRY com.appcelerator.titanium.acs.ui 4 0 2013-06-29 22:03:53.277<br>!MESSAGE (Build 3.1.1.201306112235) [ERROR]  Failed to log into Node.ACS<br>!STACK 1<br>org.eclipse.core.runtime.CoreException: Failed to list installed packages for npm.<br>    at com.aptana.js.internal.core.node.NodePackageManager.list(NodePackageManager.java:378)<br>    at com.aptana.js.internal.core.node.NodePackageManager.isInstalled(NodePackageManager.java:433)<br>    at com.appcelerator.titanium.acs.internal.ui.NodeACSStartup$2.run(NodeACSStartup.java:75)<br>    at org.eclipse.core.internal.jobs.Worker.run(Worker.java:54)<br>!SUBENTRY 1 com.aptana.js.core 4 0 2013-06-29 22:03:53.278<br>!MESSAGE Failed to list installed packages for npm.<br>!SESSION 2013-06-29 22:30:44.444 ———————————————–<br>eclipse.buildId=3.1.1.201306112235<br>java.version=1.7.0_21<br>java.vendor=Oracle Corporation<br>BootLoader constants: OS=win32, ARCH=x86, WS=win32, NL=en_US<br>Command-line arguments:  -os win32 -ws win32 -arch x86</p>
<p>!ENTRY com.appcelerator.titanium.acs.ui 4 0 2013-06-29 22:30:56.727<br>!MESSAGE (Build 3.1.1.201306112235) [ERROR]  Failed to log into Node.ACS<br>!STACK 1<br>org.eclipse.core.runtime.CoreException: Failed to list installed packages for npm.<br>    at com.aptana.js.internal.core.node.NodePackageManager.list(NodePackageManager.java:378)<br>    at com.aptana.js.internal.core.node.NodePackageManager.isInstalled(NodePackageManager.java:433)<br>    at com.appcelerator.titanium.acs.internal.ui.NodeACSStartup$2.run(NodeACSStartup.java:75)<br>    at org.eclipse.core.internal.jobs.Worker.run(Worker.java:54)<br>!SUBENTRY 1 com.aptana.js.core 4 0 2013-06-29 22:30:56.729<br>!MESSAGE Failed to list installed packages for npm.</p>
<p>!ENTRY com.aptana.js.core 4 0 2013-06-29 22:31:26.934<br>!MESSAGE (Build 3.1.1.201306112235) [ERROR]  Failed to install acs.</p>
<p>npm http GET https:&#x2F;&#x2F;registry.npmjs.org&#x2F;acs<br>npm http 304 https:&#x2F;&#x2F;registry.npmjs.org&#x2F;acs<br>npm http GET https:&#x2F;&#x2F;registry.npmjs.org&#x2F;colors&#x2F;0.6.0-1<br>npm http GET https:&#x2F;&#x2F;registry.npmjs.org&#x2F;commander&#x2F;0.6.1<br>npm http GET https:&#x2F;&#x2F;registry.npmjs.org&#x2F;connect&#x2F;2.3.5<br>npm http GET https:&#x2F;&#x2F;registry.npmjs.org&#x2F;ejs&#x2F;0.8.0<br>npm http GET https:&#x2F;&#x2F;registry.npmjs.org&#x2F;connect-mongo&#x2F;0.1.9<br>npm http GET https:&#x2F;&#x2F;registry.npmjs.org&#x2F;express&#x2F;3.0.0<br>npm http GET https:&#x2F;&#x2F;registry.npmjs.org&#x2F;fstream&#x2F;0.1.18<br>npm http GET https:&#x2F;&#x2F;registry.npmjs.org&#x2F;longjohn&#x2F;0.0.3<br>npm http GET https:&#x2F;&#x2F;registry.npmjs.org&#x2F;log4js&#x2F;0.5.1<br>npm http GET https:&#x2F;&#x2F;registry.npmjs.org&#x2F;mkdirp&#x2F;0.3.3<br>npm http GET https:&#x2F;&#x2F;registry.npmjs.org&#x2F;node-uuid&#x2F;1.3.3<br>npm http GET https:&#x2F;&#x2F;registry.npmjs.org&#x2F;pkginfo&#x2F;0.2.2<br>npm http GET https:&#x2F;&#x2F;registry.npmjs.org&#x2F;socket.io&#x2F;0.9.10<br>npm http GET https:&#x2F;&#x2F;registry.npmjs.org&#x2F;tar&#x2F;0.1.13<br>npm http GET https:&#x2F;&#x2F;registry.npmjs.org&#x2F;temp&#x2F;0.4.0<br>npm http GET https:&#x2F;&#x2F;registry.npmjs.org&#x2F;uglify-js&#x2F;1.3.2<br>npm http GET https:&#x2F;&#x2F;registry.npmjs.org&#x2F;underscore&#x2F;1.3.3<br>npm http GET https:&#x2F;&#x2F;registry.npmjs.org&#x2F;wrench&#x2F;1.3.9<br>npm http GET https:&#x2F;&#x2F;registry.npmjs.org&#x2F;esprima&#x2F;0.9.9<br>npm http GET https:&#x2F;&#x2F;registry.npmjs.org&#x2F;string&#x2F;1.1.0<br>npm http GET https:&#x2F;&#x2F;github.com&#x2F;appcelerator&#x2F;cocoafish-node-sdk&#x2F;tarball&#x2F;0.1.6<br>npm http GET https:&#x2F;&#x2F;registry.npmjs.org&#x2F;jade&#x2F;0.28.1<br>npm http GET https:&#x2F;&#x2F;registry.npmjs.org&#x2F;request&#x2F;2.14.0<br>npm http 304 https:&#x2F;&#x2F;registry.npmjs.org&#x2F;colors&#x2F;0.6.0-1<br>npm http 304 https:&#x2F;&#x2F;registry.npmjs.org&#x2F;commander&#x2F;0.6.1<br>npm http 304 https:&#x2F;&#x2F;registry.npmjs.org&#x2F;ejs&#x2F;0.8.0<br>npm http 304 https:&#x2F;&#x2F;registry.npmjs.org&#x2F;connect&#x2F;2.3.5<br>npm WARN package.json connect@2.3.5 No README.md file found!<br>npm http 304 https:&#x2F;&#x2F;registry.npmjs.org&#x2F;connect-mongo&#x2F;0.1.9<br>npm WARN package.json connect-mongo@0.1.9 No README.md file found!<br>npm http 304 https:&#x2F;&#x2F;registry.npmjs.org&#x2F;express&#x2F;3.0.0<br>npm http 304 https:&#x2F;&#x2F;registry.npmjs.org&#x2F;fstream&#x2F;0.1.18<br>npm http 304 https:&#x2F;&#x2F;registry.npmjs.org&#x2F;longjohn&#x2F;0.0.3<br>npm http 304 https:&#x2F;&#x2F;registry.npmjs.org&#x2F;log4js&#x2F;0.5.1<br>npm http 304 https:&#x2F;&#x2F;registry.npmjs.org&#x2F;mkdirp&#x2F;0.3.3<br>npm http 304 https:&#x2F;&#x2F;registry.npmjs.org&#x2F;node-uuid&#x2F;1.3.3<br>npm http 304 https:&#x2F;&#x2F;registry.npmjs.org&#x2F;pkginfo&#x2F;0.2.2<br>npm http 304 https:&#x2F;&#x2F;registry.npmjs.org&#x2F;socket.io&#x2F;0.9.10<br>npm http 200 https:&#x2F;&#x2F;github.com&#x2F;appcelerator&#x2F;cocoafish-node-sdk&#x2F;tarball&#x2F;0.1.6<br>npm http 304 https:&#x2F;&#x2F;registry.npmjs.org&#x2F;tar&#x2F;0.1.13<br>npm http 304 https:&#x2F;&#x2F;registry.npmjs.org&#x2F;temp&#x2F;0.4.0<br>npm http 304 https:&#x2F;&#x2F;registry.npmjs.org&#x2F;uglify-js&#x2F;1.3.2<br>npm http 304 https:&#x2F;&#x2F;registry.npmjs.org&#x2F;underscore&#x2F;1.3.3<br>npm http 304 https:&#x2F;&#x2F;registry.npmjs.org&#x2F;wrench&#x2F;1.3.9<br>npm http 304 https:&#x2F;&#x2F;registry.npmjs.org&#x2F;esprima&#x2F;0.9.9<br>npm http 304 https:&#x2F;&#x2F;registry.npmjs.org&#x2F;string&#x2F;1.1.0<br>npm http 304 https:&#x2F;&#x2F;registry.npmjs.org&#x2F;jade&#x2F;0.28.1<br>npm http 304 https:&#x2F;&#x2F;registry.npmjs.org&#x2F;request&#x2F;2.14.0<br>npm http GET https:&#x2F;&#x2F;registry.npmjs.org&#x2F;mongodb<br>npm http GET https:&#x2F;&#x2F;registry.npmjs.org&#x2F;graceful-fs<br>npm http GET https:&#x2F;&#x2F;registry.npmjs.org&#x2F;rimraf<br>npm http GET https:&#x2F;&#x2F;registry.npmjs.org&#x2F;inherits<br>npm http GET https:&#x2F;&#x2F;registry.npmjs.org&#x2F;connect&#x2F;2.6.0<br>npm http GET https:&#x2F;&#x2F;registry.npmjs.org&#x2F;range-parser&#x2F;0.0.4<br>npm http GET https:&#x2F;&#x2F;registry.npmjs.org&#x2F;cookie&#x2F;0.0.4<br>npm http GET https:&#x2F;&#x2F;registry.npmjs.org&#x2F;crc&#x2F;0.2.0<br>npm http GET https:&#x2F;&#x2F;registry.npmjs.org&#x2F;send&#x2F;0.1.0<br>npm http GET https:&#x2F;&#x2F;registry.npmjs.org&#x2F;methods&#x2F;0.0.1<br>npm http GET https:&#x2F;&#x2F;registry.npmjs.org&#x2F;fresh&#x2F;0.1.0<br>npm http GET https:&#x2F;&#x2F;registry.npmjs.org&#x2F;debug<br>npm http GET https:&#x2F;&#x2F;registry.npmjs.org&#x2F;inherits<br>npm http GET https:&#x2F;&#x2F;registry.npmjs.org&#x2F;block-stream<br>npm http GET https:&#x2F;&#x2F;registry.npmjs.org&#x2F;socket.io-client&#x2F;0.9.10<br>npm http GET https:&#x2F;&#x2F;registry.npmjs.org&#x2F;policyfile&#x2F;0.0.4<br>npm http GET https:&#x2F;&#x2F;registry.npmjs.org&#x2F;redis&#x2F;0.7.2<br>npm http GET https:&#x2F;&#x2F;registry.npmjs.org&#x2F;async&#x2F;0.1.15<br>npm http GET https:&#x2F;&#x2F;registry.npmjs.org&#x2F;coffee-script<br>npm http 304 https:&#x2F;&#x2F;registry.npmjs.org&#x2F;mongodb<br>npm WARN package.json mongodb@0.9.9-8 No README.md file found!<br>npm http GET https:&#x2F;&#x2F;registry.npmjs.org&#x2F;qs&#x2F;0.4.2<br>npm http GET https:&#x2F;&#x2F;registry.npmjs.org&#x2F;mime&#x2F;1.2.4<br>npm http GET https:&#x2F;&#x2F;registry.npmjs.org&#x2F;formidable&#x2F;1.0.11<br>npm http GET https:&#x2F;&#x2F;registry.npmjs.org&#x2F;fresh&#x2F;0.0.1<br>npm http GET https:&#x2F;&#x2F;registry.npmjs.org&#x2F;bytes&#x2F;0.0.1<br>npm http 304 https:&#x2F;&#x2F;registry.npmjs.org&#x2F;range-parser&#x2F;0.0.4<br>npm http 304 https:&#x2F;&#x2F;registry.npmjs.org&#x2F;cookie&#x2F;0.0.4<br>npm http 304 https:&#x2F;&#x2F;registry.npmjs.org&#x2F;rimraf<br>npm http 304 https:&#x2F;&#x2F;registry.npmjs.org&#x2F;graceful-fs<br>npm http 304 https:&#x2F;&#x2F;registry.npmjs.org&#x2F;inherits<br>npm http 304 https:&#x2F;&#x2F;registry.npmjs.org&#x2F;connect&#x2F;2.6.0<br>npm http 304 https:&#x2F;&#x2F;registry.npmjs.org&#x2F;crc&#x2F;0.2.0<br>npm http 304 https:&#x2F;&#x2F;registry.npmjs.org&#x2F;send&#x2F;0.1.0<br>npm http 304 https:&#x2F;&#x2F;registry.npmjs.org&#x2F;methods&#x2F;0.0.1<br>npm WARN package.json methods@0.0.1 No README.md file found!<br>npm http 304 https:&#x2F;&#x2F;registry.npmjs.org&#x2F;fresh&#x2F;0.1.0<br>npm http 304 https:&#x2F;&#x2F;registry.npmjs.org&#x2F;debug<br>npm http 304 https:&#x2F;&#x2F;registry.npmjs.org&#x2F;inherits<br>npm http 304 https:&#x2F;&#x2F;registry.npmjs.org&#x2F;block-stream<br>npm http 304 https:&#x2F;&#x2F;registry.npmjs.org&#x2F;socket.io-client&#x2F;0.9.10<br>npm http 304 https:&#x2F;&#x2F;registry.npmjs.org&#x2F;policyfile&#x2F;0.0.4<br>npm http 304 https:&#x2F;&#x2F;registry.npmjs.org&#x2F;redis&#x2F;0.7.2<br>npm http 304 https:&#x2F;&#x2F;registry.npmjs.org&#x2F;async&#x2F;0.1.15<br>npm http 304 https:&#x2F;&#x2F;registry.npmjs.org&#x2F;coffee-script<br>npm http 304 https:&#x2F;&#x2F;registry.npmjs.org&#x2F;qs&#x2F;0.4.2<br>npm http 304 https:&#x2F;&#x2F;registry.npmjs.org&#x2F;mime&#x2F;1.2.4<br>npm http 304 https:&#x2F;&#x2F;registry.npmjs.org&#x2F;formidable&#x2F;1.0.11<br>npm http 304 https:&#x2F;&#x2F;registry.npmjs.org&#x2F;fresh&#x2F;0.0.1<br>npm http 304 https:&#x2F;&#x2F;registry.npmjs.org&#x2F;bytes&#x2F;0.0.1<br>npm http GET https:&#x2F;&#x2F;registry.npmjs.org&#x2F;mime&#x2F;1.2.6<br>npm http GET https:&#x2F;&#x2F;registry.npmjs.org&#x2F;hiredis<br>npm http GET https:&#x2F;&#x2F;registry.npmjs.org&#x2F;qs&#x2F;0.5.1<br>npm http GET https:&#x2F;&#x2F;registry.npmjs.org&#x2F;bytes&#x2F;0.1.0<br>npm http GET https:&#x2F;&#x2F;registry.npmjs.org&#x2F;send&#x2F;0.0.4<br>npm http GET https:&#x2F;&#x2F;registry.npmjs.org&#x2F;pause&#x2F;0.0.1<br>npm http GET https:&#x2F;&#x2F;registry.npmjs.org&#x2F;bson&#x2F;0.0.4<br>npm http GET https:&#x2F;&#x2F;registry.npmjs.org&#x2F;uglify-js&#x2F;1.2.5<br>npm http GET https:&#x2F;&#x2F;registry.npmjs.org&#x2F;ws<br>npm http GET https:&#x2F;&#x2F;registry.npmjs.org&#x2F;xmlhttprequest&#x2F;1.4.2<br>npm http GET https:&#x2F;&#x2F;registry.npmjs.org&#x2F;active-x-obfuscator&#x2F;0.0.1<br>npm http 304 https:&#x2F;&#x2F;registry.npmjs.org&#x2F;mime&#x2F;1.2.6<br>npm http 304 https:&#x2F;&#x2F;registry.npmjs.org&#x2F;pause&#x2F;0.0.1<br>npm http 304 https:&#x2F;&#x2F;registry.npmjs.org&#x2F;bson&#x2F;0.0.4<br>npm WARN package.json bson@0.0.4 No README.md file found!<br>npm http 304 https:&#x2F;&#x2F;registry.npmjs.org&#x2F;hiredis<br>npm http GET https:&#x2F;&#x2F;registry.npmjs.org&#x2F;bindings</p>
<p>&gt; bson@0.0.4 install C:\Users\sara\AppData\Roaming\npm\node_modules\acs\node_modules\connect-mongo\node_modules\mongodb\node_modules\bson<br>&gt; node install.js</p>
<p>CreateProcessW: The system cannot find the file specified.<br>npm http 304 https:&#x2F;&#x2F;registry.npmjs.org&#x2F;uglify-js&#x2F;1.2.5<br>npm http 304 https:&#x2F;&#x2F;registry.npmjs.org&#x2F;qs&#x2F;0.5.1<br>npm http 304 https:&#x2F;&#x2F;registry.npmjs.org&#x2F;bytes&#x2F;0.1.0<br>npm http 304 https:&#x2F;&#x2F;registry.npmjs.org&#x2F;send&#x2F;0.0.4<br>npm http 304 https:&#x2F;&#x2F;registry.npmjs.org&#x2F;ws<br>npm http 304 https:&#x2F;&#x2F;registry.npmjs.org&#x2F;xmlhttprequest&#x2F;1.4.2<br>npm http 304 https:&#x2F;&#x2F;registry.npmjs.org&#x2F;active-x-obfuscator&#x2F;0.0.1<br>npm http 304 https:&#x2F;&#x2F;registry.npmjs.org&#x2F;bindings<br>npm ERR! Error: ENOENT, lstat &#39;C:\Users\sara\AppData\Roaming\npm\node_modules\acs\node_modules\express\node_modules\connect\node_modules\qs\examples.js&#39;<br>npm ERR! If you need help, you may report this log at:<br>npm ERR!     &lt;http:&#x2F;&#x2F;github.com&#x2F;isaacs&#x2F;npm&#x2F;issues&gt;<br>npm ERR! or email it to:<br>npm ERR!     &lt;npm-@googlegroups.com&gt;</p>
<p>npm ERR! System Windows_NT 6.1.7601<br>npm ERR! command &quot;c:\Program Files (x86)\nodejs\\node.exe&quot; &quot;c:\Program Files (x86)\nodejs\node_modules\npm\bin\npm-cli.js&quot; &quot;-g&quot; &quot;install&quot; &quot;acs&quot; &quot;–color&quot; &quot;false&quot;<br>npm ERR! cwd D:\titanum<br>npm ERR! node -v v0.8.22<br>npm ERR! npm -v 1.2.14<br>npm ERR! path C:\Users\sara\AppData\Roaming\npm\node_modules\acs\node_modules\express\node_modules\connect\node_modules\qs\examples.js<br>npm ERR! fstream_path C:\Users\sara\AppData\Roaming\npm\node_modules\acs\node_modules\express\node_modules\connect\node_modules\qs\examples.js<br>npm ERR! fstream_type File<br>npm ERR! fstream_class FileWriter<br>npm ERR! code ENOENT<br>npm ERR! errno 34<br>npm ERR! fstream_stack c:\Program Files (x86)\nodejs\node_modules\npm\node_modules\fstream\lib\writer.js:284:26<br>npm ERR! fstream_stack Object.oncomplete (fs.js:297:15)<br>npm ERR! Error: ENOENT, lstat &#39;C:\Users\sara\AppData\Roaming\npm\node_modules\acs\node_modules\express\node_modules\connect\node_modules\pause\Readme.md&#39;<br>npm ERR! If you need help, you may report this log at:<br>npm ERR!     &lt;http:&#x2F;&#x2F;github.com&#x2F;isaacs&#x2F;npm&#x2F;issues&gt;<br>npm ERR! or email it to:<br>npm ERR!     &lt;npm-@googlegroups.com&gt;</p>
<p>npm ERR! System Windows_NT 6.1.7601<br>npm ERR! command &quot;c:\Program Files (x86)\nodejs\\node.exe&quot; &quot;c:\Program Files (x86)\nodejs\node_modules\npm\bin\npm-cli.js&quot; &quot;-g&quot; &quot;install&quot; &quot;acs&quot; &quot;–color&quot; &quot;false&quot;<br>npm ERR! cwd D:\titanum<br>npm ERR! node -v v0.8.22<br>npm ERR! npm -v 1.2.14<br>npm ERR! path C:\Users\sara\AppData\Roaming\npm\node_modules\acs\node_modules\express\node_modules\connect\node_modules\pause\Readme.md<br>npm ERR! fstream_path C:\Users\sara\AppData\Roaming\npm\node_modules\acs\node_modules\express\node_modules\connect\node_modules\pause\Readme.md<br>npm ERR! fstream_type File<br>npm ERR! fstream_class FileWriter<br>npm ERR! code ENOENT<br>npm<br>&gt; hiredis@0.1.15 install C:\Users\sara\AppData\Roaming\npm\node_modules\acs\node_modules\socket.io\node_modules\redis\node_modules\hiredis<br>&gt; node-gyp rebuild</p>
<p>CreateProcessW: The system cannot find the file specified.<br> ERR! errno 34<br>npm ERR! fstream_stack c:\Program Files (x86)\nodejs\node_modules\npm\node_modules\fstream\lib\writer.js:284:26<br>npm ERR! fstream_stack Object.oncomplete (fs.js:297:15)<br>npm ERR! error rolling back Error: ENOTEMPTY, rmdir &#39;C:\Users\sara\AppData\Roaming\npm\node_modules\acs\node_modules\express\node_modules\connect\node_modules\send\lib&#39;<br>npm ERR! error rolling back  acs@1.0.3 { [Error: ENOTEMPTY, rmdir &#39;C:\Users\sara\AppData\Roaming\npm\node_modules\acs\node_modules\express\node_modules\connect\node_modules\send\lib&#39;]<br>npm ERR! error rolling back   errno: 53,<br>npm ERR! error rolling back   code: &#39;ENOTEMPTY&#39;,<br>npm ERR! error rolling back   path: &#39;C:\Users\sara\AppData\Roaming\npm\node_modules\acs\node_modules\express\node_modules\connect\node_modules\send\lib&#39; }<br>npm ERR! bson@0.0.4 install: <code>node install.js</code><br>npm ERR! <code>cmd &amp;quot;&amp;#x2F;c&amp;quot; &amp;quot;node install.js&amp;quot;</code> failed with 127<br>npm ERR!<br>npm ERR! Failed at the bson@0.0.4 install script.<br>npm ERR! This is most likely a problem with the bson package,<br>npm ERR! not with npm itself.<br>npm ERR! Tell the author that this fails on your system:<br>npm ERR!     node install.js<br>npm ERR! You can get their info via:<br>npm ERR!     npm owner ls bson<br>npm ERR! There is likely additional logging output above.</p>
<p>npm ERR! System Windows_NT 6.1.7601<br>npm ERR! command &quot;c:\Program Files (x86)\nodejs\\node.exe&quot; &quot;c:\Program Files (x86)\nodejs\node_modules\npm\bin\npm-cli.js&quot; &quot;-g&quot; &quot;install&quot; &quot;acs&quot; &quot;–color&quot; &quot;false&quot;<br>npm ERR! cwd D:\titanum<br>npm ERR! node -v v0.8.22<br>npm ERR! npm -v 1.2.14<br>npm ERR! code ELIFECYCLE<br>npm ERR! Error: ENOENT, lstat &#39;C:\Users\sara\AppData\Roaming\npm\node_modules\acs\node_modules\express\node_modules\connect\node_modules\send\lib\send.js&#39;<br>npm ERR! If you need help, you may report this log at:<br>npm ERR!     &lt;http:&#x2F;&#x2F;github.com&#x2F;isaacs&#x2F;npm&#x2F;issues&gt;<br>npm ERR! or email it to:<br>npm ERR!     &lt;npm-@googlegroups.com&gt;</p>
<p>npm ERR! System Windows_NT 6.1.7601<br>npm ERR! command &quot;c:\Program Files (x86)\nodejs\\node.exe&quot; &quot;c:\Program Files (x86)\nodejs\node_modules\npm\bin\npm-cli.js&quot; &quot;-g&quot; &quot;install&quot; &quot;acs&quot; &quot;–color&quot; &quot;false&quot;<br>npm ERR! cwd D:\titanum<br>npm ERR! node -v v0.8.22<br>npm ERR! npm -v 1.2.14<br>npm ERR! path C:\Users\sara\AppData\Roaming\npm\node_modules\acs\node_modules\express\node_modules\connect\node_modules\send\lib\send.js<br>npm ERR! fstream_path C:\Users\sara\AppData\Roaming\npm\node_modules\acs\node_modules\express\node_modules\connect\node_modules\send\lib\send.js<br>npm ERR! fstream_type File<br>npm ERR! fstream_class FileWriter<br>npm ERR! code ENOENT<br>npm ERR! errno 34<br>npm ERR! fstream_stack c:\Program Files (x86)\nodejs\node_modules\npm\node_modules\fstream\lib\writer.js:284:26<br>npm ERR! fstream_stack Object.oncomplete (fs.js:297:15)<br>npm ERR! error rolling back Error: ENOTEMPTY, rmdir &#39;C:\Users\sara\AppData\Roaming\npm\node_modules\acs\node_modules\express\node_modules\connect\node_modules\formidable\lib&#39;<br>npm ERR! error rolling back  connect@2.6.0 { [Error: ENOTEMPTY, rmdir &#39;C:\Users\sara\AppData\Roaming\npm\node_modules\acs\node_modules\express\node_modules\connect\node_modules\formidable\lib&#39;]<br>npm ERR! error rolling back   errno: 53,<br>npm ERR! error rolling back   code: &#39;ENOTEMPTY&#39;,<br>npm ERR! error rolling back   path: &#39;C:\Users\sara\AppData\Roaming\npm\node_modules\acs\node_modules\express\node_modules\connect\node_modules\formidable\lib&#39; }<br>npm ERR! Error: ENOENT, lstat &#39;C:\Users\sara\AppData\Roaming\npm\node_modules\acs\node_modules\express\node_modules\connect\node_modules\formidable\lib\multipart_parser.js&#39;<br>npm ERR! If you need help, you may report this log at:<br>npm ERR!     &lt;http:&#x2F;&#x2F;github.com&#x2F;isaacs&#x2F;npm&#x2F;issues&gt;<br>npm ERR! or email it to:<br>npm ERR!     &lt;npm-@googlegroups.com&gt;</p>
<p>npm ERR! System Windows_NT 6.1.7601<br>npm ERR! command &quot;c:\Program Files (x86)\nodejs\\node.exe&quot; &quot;c:\Program Files (x86)\nodejs\node_modules\npm\bin\npm-cli.js&quot; &quot;-g&quot; &quot;install&quot; &quot;acs&quot; &quot;–color&quot; &quot;false&quot;<br>npm ERR! cwd D:\titanum<br>npm ERR! node -v v0.8.22<br>npm ERR! npm -v 1.2.14<br>npm ERR! path C:\Users\sara\AppData\Roaming\npm\node_modules\acs\node_modules\express\node_modules\connect\node_modules\formidable\lib\multipart_parser.js<br>npm ERR! fstream_path C:\Users\sara\AppData\Roaming\npm\node_modules\acs\node_modules\express\node_modules\connect\node_modules\formidable\lib\multipart_parser.js<br>npm ERR! fstream_type File<br>npm ERR! fstream_class FileWriter<br>npm ERR! code ENOENT<br>npm ERR! errno 34<br>npm ERR! fstream_stack c:\Program Files (x86)\nodejs\node_modules\npm\node_modules\fstream\lib\writer.js:284:26<br>npm ERR! fstream_stack Object.oncomplete (fs.js:297:15)<br>npm WARN optional dep failed, continuing hiredis@0.1.15<br>npm http GET https:&#x2F;&#x2F;registry.npmjs.org&#x2F;zeparser&#x2F;0.0.5<br>npm http GET https:&#x2F;&#x2F;registry.npmjs.org&#x2F;tinycolor<br>npm http GET https:&#x2F;&#x2F;registry.npmjs.org&#x2F;options<br>npm http 304 https:&#x2F;&#x2F;registry.npmjs.org&#x2F;zeparser&#x2F;0.0.5<br>npm http 304 https:&#x2F;&#x2F;registry.npmjs.org&#x2F;options<br>npm http 304 https:&#x2F;&#x2F;registry.npmjs.org&#x2F;tinycolor</p>
<p>&gt; ws@0.4.27 install C:\Users\sara\AppData\Roaming\npm\node_modules\acs\node_modules\socket.io\node_modules\socket.io-client\node_modules\ws<br>&gt; (node-gyp rebuild 2&gt; builderror.log) || (exit 0)</p>
<p>CreateProcessW: The system cannot find the file specified.<br>npm ERR! error rolling back Error: ENOTEMPTY, rmdir &#39;C:\Users\sara\AppData\Roaming\npm\node_modules\acs\node_modules\socket.io\node_modules\socket.io-client\node_modules\active-x-obfuscator\node_modules\zeparser&#39;<br>npm ERR! error rolling back  socket.io-client@0.9.10 { [Error: ENOTEMPTY, rmdir &#39;C:\Users\sara\AppData\Roaming\npm\node_modules\acs\node_modules\socket.io\node_modules\socket.io-client\node_modules\active-x-obfuscator\node_modules\zeparser&#39;]<br>npm ERR! error rolling back   errno: 53,<br>npm ERR! error rolling back   code: &#39;ENOTEMPTY&#39;,<br>npm ERR! error rolling back   path: &#39;C:\Users\sara\AppData\Roaming\npm\node_modules\acs\node_modules\socket.io\node_modules\socket.io-client\node_modules\active-x-obfuscator\node_modules\zeparser&#39; }<br>npm ERR! error rolling back Error: EPERM, rmdir &#39;C:\Users\sara\AppData\Roaming\npm\node_modules\acs\node_modules\socket.io\node_modules\socket.io-client\node_modules\active-x-obfuscator\node_modules\zeparser\benchmark.html&#39;<br>npm ERR! error rolling back  socket.io@0.9.10 { [Error: EPERM, rmdir &#39;C:\Users\sara\AppData\Roaming\npm\node_modules\acs\node_modules\socket.io\node_modules\socket.io-client\node_modules\active-x-obfuscator\node_modules\zeparser\benchmark.html&#39;]<br>npm ERR! error rolling back   errno: 50,<br>npm ERR! error rolling back   code: &#39;EPERM&#39;,<br>npm ERR! error rolling back   path: &#39;C:\Users\sara\AppData\Roaming\npm\node_modules\acs\node_modules\socket.io\node_modules\socket.io-client\node_modules\active-x-obfuscator\node_modules\zeparser\benchmark.html&#39; }<br>npm ERR! Error: ENOENT, lstat &#39;C:\Users\sara\AppData\Roaming\npm\node_modules\acs\node_modules\socket.io\node_modules\socket.io-client\node_modules\active-x-obfuscator\node_modules\zeparser\benchmark.html&#39;<br>npm ERR! If you need help, you may report this log at:<br>npm ERR!     &lt;http:&#x2F;&#x2F;github.com&#x2F;isaacs&#x2F;npm&#x2F;issues&gt;<br>npm ERR! or email it to:<br>npm ERR!     &lt;npm-@googlegroups.com&gt;</p>
<p>npm ERR! System Windows_NT 6.1.7601<br>npm ERR! command &quot;c:\Program Files (x86)\nodejs\\node.exe&quot; &quot;c:\Program Files (x86)\nodejs\node_modules\npm\bin\npm-cli.js&quot; &quot;-g&quot; &quot;install&quot; &quot;acs&quot; &quot;–color&quot; &quot;false&quot;<br>npm ERR! cwd D:\titanum<br>npm ERR! node -v v0.8.22<br>npm ERR! npm -v 1.2.14<br>npm ERR! path C:\Users\sara\AppData\Roaming\npm\node_modules\acs\node_modules\socket.io\node_modules\socket.io-client\node_modules\active-x-obfuscator\node_modules\zeparser\benchmark.html<br>npm ERR! fstream_path C:\Users\sara\AppData\Roaming\npm\node_modules\acs\node_modules\socket.io\node_modules\socket.io-client\node_modules\active-x-obfuscator\node_modules\zeparser\benchmark.html<br>npm ERR! fstream_type File<br>npm ERR! fstream_class FileWriter<br>npm ERR! code ENOENT<br>npm ERR! errno 34<br>npm ERR! fstream_stack c:\Program Files (x86)\nodejs\node_modules\npm\node_modules\fstream\lib\writer.js:284:26<br>npm ERR! fstream_stack Object.oncomplete (fs.js:297:15)<br>npm</p>
<p>!ENTRY com.appcelerator.titanium.update 4 4 2013-06-29 22:31:26.938<br>!MESSAGE Error encountered during update<br>!SUBENTRY 1 com.aptana.js.core 4 0 2013-06-29 22:31:26.939<br>!MESSAGE Failed to install acs. Please see the Studio log for more information.<br>!SESSION 2013-06-29 22:32:35.366 ———————————————–<br>eclipse.buildId=3.1.1.201306112235<br>java.version=1.7.0_21<br>java.vendor=Oracle Corporation<br>BootLoader constants: OS=win32, ARCH=x86, WS=win32, NL=en_US<br>Command-line arguments:  -os win32 -ws win32 -arch x86</p>
<p>!ENTRY com.appcelerator.titanium.acs.ui 4 0 2013-06-29 22:32:49.446<br>!MESSAGE (Build 3.1.1.201306112235) [ERROR]  Failed to log into Node.ACS<br>!STACK 1<br>org.eclipse.core.runtime.CoreException: Failed to list installed packages for npm.<br>    at com.aptana.js.internal.core.node.NodePackageManager.list(NodePackageManager.java:378)<br>    at com.aptana.js.internal.core.node.NodePackageManager.isInstalled(NodePackageManager.java:433)<br>    at com.appcelerator.titanium.acs.internal.ui.NodeACSStartup$2.run(NodeACSStartup.java:75)<br>    at org.eclipse.core.internal.jobs.Worker.run(Worker.java:54)<br>!SUBENTRY 1 com.aptana.js.core 4 0 2013-06-29 22:32:49.448<br>!MESSAGE Failed to list installed packages for npm.</p>
<p>!ENTRY com.aptana.js.core 4 0 2013-06-29 22:33:11.116<br>!MESSAGE (Build 3.1.1.201306112235) [ERROR]  Failed to install acs.</p>
<p>npm http GET https:&#x2F;&#x2F;registry.npmjs.org&#x2F;acs<br>npm http 304 https:&#x2F;&#x2F;registry.npmjs.org&#x2F;acs<br>npm http GET https:&#x2F;&#x2F;registry.npmjs.org&#x2F;colors&#x2F;0.6.0-1<br>npm http GET https:&#x2F;&#x2F;registry.npmjs.org&#x2F;commander&#x2F;0.6.1<br>npm http GET https:&#x2F;&#x2F;registry.npmjs.org&#x2F;connect&#x2F;2.3.5<br>npm http GET https:&#x2F;&#x2F;registry.npmjs.org&#x2F;connect-mongo&#x2F;0.1.9<br>npm http GET https:&#x2F;&#x2F;registry.npmjs.org&#x2F;ejs&#x2F;0.8.0<br>npm http GET https:&#x2F;&#x2F;registry.npmjs.org&#x2F;express&#x2F;3.0.0<br>npm http GET https:&#x2F;&#x2F;registry.npmjs.org&#x2F;fstream&#x2F;0.1.18<br>npm http GET https:&#x2F;&#x2F;registry.npmjs.org&#x2F;log4js&#x2F;0.5.1<br>npm http GET https:&#x2F;&#x2F;registry.npmjs.org&#x2F;longjohn&#x2F;0.0.3<br>npm http GET https:&#x2F;&#x2F;registry.npmjs.org&#x2F;mkdirp&#x2F;0.3.3<br>npm http GET https:&#x2F;&#x2F;registry.npmjs.org&#x2F;node-uuid&#x2F;1.3.3<br>npm http GET https:&#x2F;&#x2F;registry.npmjs.org&#x2F;pkginfo&#x2F;0.2.2<br>npm http GET https:&#x2F;&#x2F;registry.npmjs.org&#x2F;socket.io&#x2F;0.9.10<br>npm http GET https:&#x2F;&#x2F;registry.npmjs.org&#x2F;tar&#x2F;0.1.13<br>npm http GET https:&#x2F;&#x2F;registry.npmjs.org&#x2F;temp&#x2F;0.4.0<br>npm http GET https:&#x2F;&#x2F;github.com&#x2F;appcelerator&#x2F;cocoafish-node-sdk&#x2F;tarball&#x2F;0.1.6<br>npm http GET https:&#x2F;&#x2F;registry.npmjs.org&#x2F;uglify-js&#x2F;1.3.2<br>npm http GET https:&#x2F;&#x2F;registry.npmjs.org&#x2F;underscore&#x2F;1.3.3<br>npm http GET https:&#x2F;&#x2F;registry.npmjs.org&#x2F;wrench&#x2F;1.3.9<br>npm http GET https:&#x2F;&#x2F;registry.npmjs.org&#x2F;esprima&#x2F;0.9.9<br>npm http GET https:&#x2F;&#x2F;registry.npmjs.org&#x2F;string&#x2F;1.1.0<br>npm http GET https:&#x2F;&#x2F;registry.npmjs.org&#x2F;jade&#x2F;0.28.1<br>npm http GET https:&#x2F;&#x2F;registry.npmjs.org&#x2F;request&#x2F;2.14.0<br>npm http 304 https:&#x2F;&#x2F;registry.npmjs.org&#x2F;colors&#x2F;0.6.0-1<br>npm http 304 https:&#x2F;&#x2F;registry.npmjs.org&#x2F;connect&#x2F;2.3.5<br>npm WARN package.json connect@2.3.5 No README.md file found!<br>npm http 304 https:&#x2F;&#x2F;registry.npmjs.org&#x2F;ejs&#x2F;0.8.0<br>npm http 304 https:&#x2F;&#x2F;registry.npmjs.org&#x2F;commander&#x2F;0.6.1<br>npm http 304 https:&#x2F;&#x2F;registry.npmjs.org&#x2F;connect-mongo&#x2F;0.1.9<br>npm WARN package.json connect-mongo@0.1.9 No README.md file found!<br>npm http 200 https:&#x2F;&#x2F;github.com&#x2F;appcelerator&#x2F;cocoafish-node-sdk&#x2F;tarball&#x2F;0.1.6<br>npm http 304 https:&#x2F;&#x2F;registry.npmjs.org&#x2F;express&#x2F;3.0.0<br>npm http 304 https:&#x2F;&#x2F;registry.npmjs.org&#x2F;fstream&#x2F;0.1.18<br>npm http 304 https:&#x2F;&#x2F;registry.npmjs.org&#x2F;log4js&#x2F;0.5.1<br>npm http 304 https:&#x2F;&#x2F;registry.npmjs.org&#x2F;longjohn&#x2F;0.0.3<br>npm http 304 https:&#x2F;&#x2F;registry.npmjs.org&#x2F;mkdirp&#x2F;0.3.3<br>npm http 304 https:&#x2F;&#x2F;registry.npmjs.org&#x2F;node-uuid&#x2F;1.3.3<br>npm http 304 https:&#x2F;&#x2F;registry.npmjs.org&#x2F;pkginfo&#x2F;0.2.2<br>npm http 304 https:&#x2F;&#x2F;registry.npmjs.org&#x2F;socket.io&#x2F;0.9.10<br>npm http 304 https:&#x2F;&#x2F;registry.npmjs.org&#x2F;tar&#x2F;0.1.13<br>npm http 304 https:&#x2F;&#x2F;registry.npmjs.org&#x2F;temp&#x2F;0.4.0<br>npm http 304 https:&#x2F;&#x2F;registry.npmjs.org&#x2F;uglify-js&#x2F;1.3.2<br>npm http 304 https:&#x2F;&#x2F;registry.npmjs.org&#x2F;underscore&#x2F;1.3.3<br>npm http 304 https:&#x2F;&#x2F;registry.npmjs.org&#x2F;wrench&#x2F;1.3.9<br>npm http 304 https:&#x2F;&#x2F;registry.npmjs.org&#x2F;esprima&#x2F;0.9.9<br>npm http 304 https:&#x2F;&#x2F;registry.npmjs.org&#x2F;string&#x2F;1.1.0<br>npm http 304 https:&#x2F;&#x2F;registry.npmjs.org&#x2F;jade&#x2F;0.28.1<br>npm http 304 https:&#x2F;&#x2F;registry.npmjs.org&#x2F;request&#x2F;2.14.0<br>npm http GET https:&#x2F;&#x2F;registry.npmjs.org&#x2F;mongodb<br>npm http GET https:&#x2F;&#x2F;registry.npmjs.org&#x2F;rimraf<br>npm http GET https:&#x2F;&#x2F;registry.npmjs.org&#x2F;inherits<br>npm http GET https:&#x2F;&#x2F;registry.npmjs.org&#x2F;graceful-fs<br>npm http GET https:&#x2F;&#x2F;registry.npmjs.org&#x2F;connect&#x2F;2.6.0<br>npm http GET https:&#x2F;&#x2F;registry.npmjs.org&#x2F;range-parser&#x2F;0.0.4<br>npm http GET https:&#x2F;&#x2F;registry.npmjs.org&#x2F;block-stream<br>npm http GET https:&#x2F;&#x2F;registry.npmjs.org&#x2F;inherits<br>npm http GET https:&#x2F;&#x2F;registry.npmjs.org&#x2F;cookie&#x2F;0.0.4<br>npm http GET https:&#x2F;&#x2F;registry.npmjs.org&#x2F;crc&#x2F;0.2.0<br>npm http GET https:&#x2F;&#x2F;registry.npmjs.org&#x2F;fresh&#x2F;0.1.0<br>npm http GET https:&#x2F;&#x2F;registry.npmjs.org&#x2F;methods&#x2F;0.0.1<br>npm http GET https:&#x2F;&#x2F;registry.npmjs.org&#x2F;send&#x2F;0.1.0<br>npm http GET https:&#x2F;&#x2F;registry.npmjs.org&#x2F;debug<br>npm http GET https:&#x2F;&#x2F;registry.npmjs.org&#x2F;socket.io-client&#x2F;0.9.10<br>npm http GET https:&#x2F;&#x2F;registry.npmjs.org&#x2F;policyfile&#x2F;0.0.4<br>npm http GET https:&#x2F;&#x2F;registry.npmjs.org&#x2F;redis&#x2F;0.7.2<br>npm http GET https:&#x2F;&#x2F;registry.npmjs.org&#x2F;async&#x2F;0.1.15<br>npm http GET https:&#x2F;&#x2F;registry.npmjs.org&#x2F;coffee-script<br>npm http GET https:&#x2F;&#x2F;registry.npmjs.org&#x2F;qs&#x2F;0.4.2<br>npm http GET https:&#x2F;&#x2F;registry.npmjs.org&#x2F;mime&#x2F;1.2.4<br>npm http GET https:&#x2F;&#x2F;registry.npmjs.org&#x2F;formidable&#x2F;1.0.11<br>npm http GET https:&#x2F;&#x2F;registry.npmjs.org&#x2F;fresh&#x2F;0.0.1<br>npm http GET https:&#x2F;&#x2F;registry.npmjs.org&#x2F;bytes&#x2F;0.0.1<br>npm http 304 https:&#x2F;&#x2F;registry.npmjs.org&#x2F;mongodb<br>npm WARN package.json mongodb@0.9.9-8 No README.md file found!<br>npm http 304 https:&#x2F;&#x2F;registry.npmjs.org&#x2F;range-parser&#x2F;0.0.4<br>npm http GET https:&#x2F;&#x2F;registry.npmjs.org&#x2F;bson&#x2F;0.0.4<br>npm http 304 https:&#x2F;&#x2F;registry.npmjs.org&#x2F;graceful-fs<br>npm http 304 https:&#x2F;&#x2F;registry.npmjs.org&#x2F;block-stream<br>npm http 304 https:&#x2F;&#x2F;registry.npmjs.org&#x2F;rimraf<br>npm http 304 https:&#x2F;&#x2F;registry.npmjs.org&#x2F;inherits<br>npm http 304 https:&#x2F;&#x2F;registry.npmjs.org&#x2F;connect&#x2F;2.6.0<br>npm http 304 https:&#x2F;&#x2F;registry.npmjs.org&#x2F;inherits<br>npm http 304 https:&#x2F;&#x2F;registry.npmjs.org&#x2F;cookie&#x2F;0.0.4<br>npm http 304 https:&#x2F;&#x2F;registry.npmjs.org&#x2F;crc&#x2F;0.2.0<br>npm http 304 https:&#x2F;&#x2F;registry.npmjs.org&#x2F;fresh&#x2F;0.1.0<br>npm http 304 https:&#x2F;&#x2F;registry.npmjs.org&#x2F;methods&#x2F;0.0.1<br>npm WARN package.json methods@0.0.1 No README.md file found!<br>npm http 304 https:&#x2F;&#x2F;registry.npmjs.org&#x2F;send&#x2F;0.1.0<br>npm http 304 https:&#x2F;&#x2F;registry.npmjs.org&#x2F;debug<br>npm http 304 https:&#x2F;&#x2F;registry.npmjs.org&#x2F;socket.io-client&#x2F;0.9.10<br>npm http 304 https:&#x2F;&#x2F;registry.npmjs.org&#x2F;policyfile&#x2F;0.0.4<br>npm http 304 https:&#x2F;&#x2F;registry.npmjs.org&#x2F;redis&#x2F;0.7.2<br>npm http GET https:&#x2F;&#x2F;registry.npmjs.org&#x2F;mime&#x2F;1.2.6<br>npm http 304 https:&#x2F;&#x2F;registry.npmjs.org&#x2F;async&#x2F;0.1.15<br>npm http 304 https:&#x2F;&#x2F;registry.npmjs.org&#x2F;coffee-script<br>npm http 304 https:&#x2F;&#x2F;registry.npmjs.org&#x2F;qs&#x2F;0.4.2<br>npm http 304 https:&#x2F;&#x2F;registry.npmjs.org&#x2F;mime&#x2F;1.2.4<br>npm http 304 https:&#x2F;&#x2F;registry.npmjs.org&#x2F;formidable&#x2F;1.0.11<br>npm http 304 https:&#x2F;&#x2F;registry.npmjs.org&#x2F;fresh&#x2F;0.0.1<br>npm http 304 https:&#x2F;&#x2F;registry.npmjs.org&#x2F;bytes&#x2F;0.0.1<br>npm http 304 https:&#x2F;&#x2F;registry.npmjs.org&#x2F;bson&#x2F;0.0.4<br>npm http 304 https:&#x2F;&#x2F;registry.npmjs.org&#x2F;mime&#x2F;1.2.6<br>npm WARN package.json bson@0.0.4 No README.md file found!<br>npm http GET https:&#x2F;&#x2F;registry.npmjs.org&#x2F;hiredis<br>npm http GET https:&#x2F;&#x2F;registry.npmjs.org&#x2F;qs&#x2F;0.5.1<br>npm http GET https:&#x2F;&#x2F;registry.npmjs.org&#x2F;bytes&#x2F;0.1.0<br>npm http GET https:&#x2F;&#x2F;registry.npmjs.org&#x2F;send&#x2F;0.0.4<br>npm http GET https:&#x2F;&#x2F;registry.npmjs.org&#x2F;pause&#x2F;0.0.1</p>
<p>&gt; bson@0.0.4 install C:\Users\sara\AppData\Roaming\npm\node_modules\acs\node_modules\connect-mongo\node_modules\mongodb\node_modules\bson<br>&gt; node install.js</p>
<p>CreateProcessW: The system cannot find the file specified.<br>npm ERR! error rolling back Error: ENOTEMPTY, rmdir &#39;C:\Users\sara\AppData\Roaming\npm\node_modules\acs\node_modules\socket.io\node_modules\socket.io-client\lib\vendor\web-socket-js\flash-src\com\hurlant\crypto\tls&#39;<br>npm ERR! error rolling back  acs@1.0.3 { [Error: ENOTEMPTY, rmdir &#39;C:\Users\sara\AppData\Roaming\npm\node_modules\acs\node_modules\socket.io\node_modules\socket.io-client\lib\vendor\web-socket-js\flash-src\com\hurlant\crypto\tls&#39;]<br>npm ERR! error rolling back   errno: 53,<br>npm ERR! error rolling back   code: &#39;ENOTEMPTY&#39;,<br>npm ERR! error rolling back   path: &#39;C:\Users\sara\AppData\Roaming\npm\node_modules\acs\node_modules\socket.io\node_modules\socket.io-client\lib\vendor\web-socket-js\flash-src\com\hurlant\crypto\tls&#39; }<br>npm ERR! bson@0.0.4 install: <code>node install.js</code><br>npm ERR! <code>cmd &amp;quot;&amp;#x2F;c&amp;quot; &amp;quot;node install.js&amp;quot;</code> failed with 127<br>npm ERR!<br>npm ERR! Failed at the bson@0.0.4 install script.<br>npm ERR! This is most likely a problem with the bson package,<br>npm ERR! not with npm itself.<br>npm ERR! Tell the author that this fails on your system:<br>npm ERR!     node install.js<br>npm ERR! You can get their info via:<br>npm ERR!     npm owner ls bson<br>npm ERR! There is likely additional logging output above.</p>
<p>npm ERR! System Windows_NT 6.1.7601<br>npm ERR! command &quot;c:\Program Files (x86)\nodejs\\node.exe&quot; &quot;c:\Program Files (x86)\nodejs\node_modules\npm\bin\npm-cli.js&quot; &quot;-g&quot; &quot;install&quot; &quot;acs&quot; &quot;–color&quot; &quot;false&quot;<br>npm ERR! cwd D:\titanum<br>npm ERR! node -v v0.8.22<br>npm ERR! npm -v 1.2.14<br>npm ERR! code ELIFECYCLE<br>npm ERR! Error: ENOENT, lstat &#39;C:\Users\sara\AppData\Roaming\npm\node_modules\acs\node_modules\socket.io\node_modules\socket.io-client\lib\vendor\web-socket-js\flash-src\com\hurlant\crypto\tls\TLSSocket.as&#39;<br>npm ERR! If you need help, you may report this log at:<br>npm ERR!     &lt;http:&#x2F;&#x2F;github.com&#x2F;isaacs&#x2F;npm&#x2F;issues&gt;<br>npm ERR! or email it to:<br>npm ERR!     &lt;npm-@googlegroups.com&gt;</p>
<p>npm ERR! System Windows_NT 6.1.7601<br>npm ERR! command &quot;c:\Program Files (x86)\nodejs\\node.exe&quot; &quot;c:\Program Files (x86)\nodejs\node_modules\npm\bin\npm-cli.js&quot; &quot;-g&quot; &quot;install&quot; &quot;acs&quot; &quot;–color&quot; &quot;false&quot;<br>npm ERR! cwd D:\titanum<br>npm ERR! node -v v0.8.22<br>npm ERR! npm -v 1.2.14<br>npm ERR! path C:\Users\sara\AppData\Roaming\npm\node_modules\acs\node_modules\socket.io\node_modules\socket.io-client\lib\vendor\web-socket-js\flash-src\com\hurlant\crypto\tls\TLSSocket.as<br>npm ERR! fstream_path C:\Users\sara\AppData\Roaming\npm\node_modules\acs\node_modules\socket.io\node_modules\socket.io-client\lib\vendor\web-socket-js\flash-src\com\hurlant\crypto\tls\TLSSocket.as<br>npm ERR! fstream_type File<br>npm ERR! fstream_class FileWriter<br>npm ERR! code ENOENT<br>npm ERR! errno 34<br>npm ERR! fstream_stack c:\Program Files (x86)\nodejs\node_modules\npm\node_modules\fstream\lib\writer.js:284:26<br>npm ERR! fstream_stack Object.oncomplete (fs.js:297:15)<br>npm http 304 https:&#x2F;&#x2F;registry.npmjs.org&#x2F;hiredis<br>npm http GET https:&#x2F;&#x2F;registry.npmjs.org&#x2F;bindings<br>npm http 304 https:&#x2F;&#x2F;registry.npmjs.org&#x2F;qs&#x2F;0.5.1<br>npm http 304 https:&#x2F;&#x2F;registry.npmjs.org&#x2F;bytes&#x2F;0.1.0<br>npm http 304 https:&#x2F;&#x2F;registry.npmjs.org&#x2F;send&#x2F;0.0.4<br>npm http 304 https:&#x2F;&#x2F;registry.npmjs.org&#x2F;pause&#x2F;0.0.1<br>npm http 304 https:&#x2F;&#x2F;registry.npmjs.org&#x2F;bindings</p>
<p>&gt; hiredis@0.1.15 install C:\Users\sara\AppData\Roaming\npm\node_modules\acs\node_modules\socket.io\node_modules\redis\node_modules\hiredis<br>&gt; node-gyp rebuild</p>
<p>CreateProcessW: The system cannot find the file specified.<br>npm WARN optional dep failed, continuing hiredis@0.1.15</p>
<p>!ENTRY com.appcelerator.titanium.update 4 4 2013-06-29 22:33:11.122<br>!MESSAGE Error encountered during update<br>!SUBENTRY 1 com.aptana.js.core 4 0 2013-06-29 22:33:11.122<br>!MESSAGE Failed to install acs. Please see the Studio log for more information.<br>!SESSION 2013-06-29 22:34:18.991 ———————————————–<br>eclipse.buildId=3.1.1.201306112235<br>java.version=1.7.0_21<br>java.vendor=Oracle Corporation<br>BootLoader constants: OS=win32, ARCH=x86, WS=win32, NL=en_US<br>Command-line arguments:  -os win32 -ws win32 -arch x86</p>
<p>!ENTRY com.appcelerator.titanium.acs.ui 4 0 2013-06-29 22:34:28.004<br>!MESSAGE (Build 3.1.1.201306112235) [ERROR]  Failed to log into Node.ACS<br>!STACK 1<br>org.eclipse.core.runtime.CoreException: Failed to list installed packages for npm.<br>    at com.aptana.js.internal.core.node.NodePackageManager.list(NodePackageManager.java:378)<br>    at com.aptana.js.internal.core.node.NodePackageManager.isInstalled(NodePackageManager.java:433)<br>    at com.appcelerator.titanium.acs.internal.ui.NodeACSStartup$2.run(NodeACSStartup.java:75)<br>    at org.eclipse.core.internal.jobs.Worker.run(Worker.java:54)<br>!SUBENTRY 1 com.aptana.js.core 4 0 2013-06-29 22:34:28.005<br>!MESSAGE Failed to list installed packages for npm.</p>
<p>!ENTRY com.aptana.js.core 4 0 2013-06-29 22:34:56.420<br>!MESSAGE (Build 3.1.1.201306112235) [ERROR]  Failed to install acs.</p>
<p>npm http GET https:&#x2F;&#x2F;registry.npmjs.org&#x2F;acs<br>npm http 304 https:&#x2F;&#x2F;registry.npmjs.org&#x2F;acs<br>npm http GET https:&#x2F;&#x2F;registry.npmjs.org&#x2F;colors&#x2F;0.6.0-1<br>npm http GET https:&#x2F;&#x2F;registry.npmjs.org&#x2F;commander&#x2F;0.6.1<br>npm http GET https:&#x2F;&#x2F;registry.npmjs.org&#x2F;connect&#x2F;2.3.5<br>npm http GET https:&#x2F;&#x2F;registry.npmjs.org&#x2F;connect-mongo&#x2F;0.1.9<br>npm http GET https:&#x2F;&#x2F;registry.npmjs.org&#x2F;ejs&#x2F;0.8.0<br>npm http GET https:&#x2F;&#x2F;registry.npmjs.org&#x2F;express&#x2F;3.0.0<br>npm http GET https:&#x2F;&#x2F;registry.npmjs.org&#x2F;fstream&#x2F;0.1.18<br>npm http GET https:&#x2F;&#x2F;registry.npmjs.org&#x2F;log4js&#x2F;0.5.1<br>npm http GET https:&#x2F;&#x2F;registry.npmjs.org&#x2F;longjohn&#x2F;0.0.3<br>npm http GET https:&#x2F;&#x2F;registry.npmjs.org&#x2F;mkdirp&#x2F;0.3.3<br>npm http GET https:&#x2F;&#x2F;registry.npmjs.org&#x2F;node-uuid&#x2F;1.3.3<br>npm http GET https:&#x2F;&#x2F;registry.npmjs.org&#x2F;pkginfo&#x2F;0.2.2<br>npm http GET https:&#x2F;&#x2F;registry.npmjs.org&#x2F;socket.io&#x2F;0.9.10<br>npm http GET https:&#x2F;&#x2F;registry.npmjs.org&#x2F;tar&#x2F;0.1.13<br>npm http GET https:&#x2F;&#x2F;registry.npmjs.org&#x2F;temp&#x2F;0.4.0<br>npm http GET https:&#x2F;&#x2F;github.com&#x2F;appcelerator&#x2F;cocoafish-node-sdk&#x2F;tarball&#x2F;0.1.6<br>npm http GET https:&#x2F;&#x2F;registry.npmjs.org&#x2F;uglify-js&#x2F;1.3.2<br>npm http GET https:&#x2F;&#x2F;registry.npmjs.org&#x2F;underscore&#x2F;1.3.3<br>npm http GET https:&#x2F;&#x2F;registry.npmjs.org&#x2F;wrench&#x2F;1.3.9<br>npm http GET https:&#x2F;&#x2F;registry.npmjs.org&#x2F;esprima&#x2F;0.9.9<br>npm http GET https:&#x2F;&#x2F;registry.npmjs.org&#x2F;string&#x2F;1.1.0<br>npm http GET https:&#x2F;&#x2F;registry.npmjs.org&#x2F;jade&#x2F;0.28.1<br>npm http GET https:&#x2F;&#x2F;registry.npmjs.org&#x2F;request&#x2F;2.14.0<br>npm http 304 https:&#x2F;&#x2F;registry.npmjs.org&#x2F;commander&#x2F;0.6.1<br>npm http 304 https:&#x2F;&#x2F;registry.npmjs.org&#x2F;connect-mongo&#x2F;0.1.9<br>npm WARN package.json connect-mongo@0.1.9 No README.md file found!<br>npm http 304 https:&#x2F;&#x2F;registry.npmjs.org&#x2F;connect&#x2F;2.3.5<br>npm WARN package.json connect@2.3.5 No README.md file found!<br>npm http 304 https:&#x2F;&#x2F;registry.npmjs.org&#x2F;colors&#x2F;0.6.0-1<br>npm http 304 https:&#x2F;&#x2F;registry.npmjs.org&#x2F;ejs&#x2F;0.8.0<br>npm http 304 https:&#x2F;&#x2F;registry.npmjs.org&#x2F;express&#x2F;3.0.0<br>npm http 200 https:&#x2F;&#x2F;github.com&#x2F;appcelerator&#x2F;cocoafish-node-sdk&#x2F;tarball&#x2F;0.1.6<br>npm http 304 https:&#x2F;&#x2F;registry.npmjs.org&#x2F;fstream&#x2F;0.1.18<br>npm http 304 https:&#x2F;&#x2F;registry.npmjs.org&#x2F;log4js&#x2F;0.5.1<br>npm http 304 https:&#x2F;&#x2F;registry.npmjs.org&#x2F;longjohn&#x2F;0.0.3<br>npm http 304 https:&#x2F;&#x2F;registry.npmjs.org&#x2F;mkdirp&#x2F;0.3.3<br>npm http 304 https:&#x2F;&#x2F;registry.npmjs.org&#x2F;node-uuid&#x2F;1.3.3<br>npm http 304 https:&#x2F;&#x2F;registry.npmjs.org&#x2F;pkginfo&#x2F;0.2.2<br>npm http 304 https:&#x2F;&#x2F;registry.npmjs.org&#x2F;socket.io&#x2F;0.9.10<br>npm http 304 https:&#x2F;&#x2F;registry.npmjs.org&#x2F;tar&#x2F;0.1.13<br>npm http 304 https:&#x2F;&#x2F;registry.npmjs.org&#x2F;temp&#x2F;0.4.0<br>npm http 304 https:&#x2F;&#x2F;registry.npmjs.org&#x2F;uglify-js&#x2F;1.3.2<br>npm http 304 https:&#x2F;&#x2F;registry.npmjs.org&#x2F;underscore&#x2F;1.3.3<br>npm http 304 https:&#x2F;&#x2F;registry.npmjs.org&#x2F;wrench&#x2F;1.3.9<br>npm http 304 https:&#x2F;&#x2F;registry.npmjs.org&#x2F;esprima&#x2F;0.9.9<br>npm http 304 https:&#x2F;&#x2F;registry.npmjs.org&#x2F;string&#x2F;1.1.0<br>npm http 304 https:&#x2F;&#x2F;registry.npmjs.org&#x2F;jade&#x2F;0.28.1<br>npm http 304 https:&#x2F;&#x2F;registry.npmjs.org&#x2F;request&#x2F;2.14.0<br>npm http GET https:&#x2F;&#x2F;registry.npmjs.org&#x2F;mongodb<br>npm http GET https:&#x2F;&#x2F;registry.npmjs.org&#x2F;rimraf<br>npm http GET https:&#x2F;&#x2F;registry.npmjs.org&#x2F;graceful-fs<br>npm http GET https:&#x2F;&#x2F;registry.npmjs.org&#x2F;inherits<br>npm http GET https:&#x2F;&#x2F;registry.npmjs.org&#x2F;inherits<br>npm http GET https:&#x2F;&#x2F;registry.npmjs.org&#x2F;block-stream<br>npm http GET https:&#x2F;&#x2F;registry.npmjs.org&#x2F;connect&#x2F;2.6.0<br>npm http GET https:&#x2F;&#x2F;registry.npmjs.org&#x2F;range-parser&#x2F;0.0.4<br>npm http GET https:&#x2F;&#x2F;registry.npmjs.org&#x2F;cookie&#x2F;0.0.4<br>npm http GET https:&#x2F;&#x2F;registry.npmjs.org&#x2F;crc&#x2F;0.2.0<br>npm http GET https:&#x2F;&#x2F;registry.npmjs.org&#x2F;fresh&#x2F;0.1.0<br>npm http GET https:&#x2F;&#x2F;registry.npmjs.org&#x2F;methods&#x2F;0.0.1<br>npm http GET https:&#x2F;&#x2F;registry.npmjs.org&#x2F;send&#x2F;0.1.0<br>npm http GET https:&#x2F;&#x2F;registry.npmjs.org&#x2F;debug<br>npm http GET https:&#x2F;&#x2F;registry.npmjs.org&#x2F;socket.io-client&#x2F;0.9.10<br>npm http GET https:&#x2F;&#x2F;registry.npmjs.org&#x2F;policyfile&#x2F;0.0.4<br>npm http GET https:&#x2F;&#x2F;registry.npmjs.org&#x2F;redis&#x2F;0.7.2<br>npm http GET https:&#x2F;&#x2F;registry.npmjs.org&#x2F;async&#x2F;0.1.15<br>npm http GET https:&#x2F;&#x2F;registry.npmjs.org&#x2F;coffee-script<br>npm http GET https:&#x2F;&#x2F;registry.npmjs.org&#x2F;qs&#x2F;0.4.2<br>npm http GET https:&#x2F;&#x2F;registry.npmjs.org&#x2F;mime&#x2F;1.2.4<br>npm http GET https:&#x2F;&#x2F;registry.npmjs.org&#x2F;formidable&#x2F;1.0.11<br>npm http GET https:&#x2F;&#x2F;registry.npmjs.org&#x2F;fresh&#x2F;0.0.1<br>npm http GET https:&#x2F;&#x2F;registry.npmjs.org&#x2F;bytes&#x2F;0.0.1<br>npm http 304 https:&#x2F;&#x2F;registry.npmjs.org&#x2F;mongodb<br>npm WARN package.json mongodb@0.9.9-8 No README.md file found!<br>npm http 304 https:&#x2F;&#x2F;registry.npmjs.org&#x2F;block-stream<br>npm http GET https:&#x2F;&#x2F;registry.npmjs.org&#x2F;bson&#x2F;0.0.4<br>npm http 304 https:&#x2F;&#x2F;registry.npmjs.org&#x2F;graceful-fs<br>npm http 304 https:&#x2F;&#x2F;registry.npmjs.org&#x2F;connect&#x2F;2.6.0<br>npm http 304 https:&#x2F;&#x2F;registry.npmjs.org&#x2F;rimraf<br>npm http 304 https:&#x2F;&#x2F;registry.npmjs.org&#x2F;inherits<br>npm http 304 https:&#x2F;&#x2F;registry.npmjs.org&#x2F;inherits<br>npm http 304 https:&#x2F;&#x2F;registry.npmjs.org&#x2F;range-parser&#x2F;0.0.4<br>npm http 304 https:&#x2F;&#x2F;registry.npmjs.org&#x2F;cookie&#x2F;0.0.4<br>npm http 304 https:&#x2F;&#x2F;registry.npmjs.org&#x2F;crc&#x2F;0.2.0<br>npm http 304 https:&#x2F;&#x2F;registry.npmjs.org&#x2F;fresh&#x2F;0.1.0<br>npm http 304 https:&#x2F;&#x2F;registry.npmjs.org&#x2F;methods&#x2F;0.0.1<br>npm WARN package.json methods@0.0.1 No README.md file found!<br>npm http 304 https:&#x2F;&#x2F;registry.npmjs.org&#x2F;send&#x2F;0.1.0<br>npm http 304 https:&#x2F;&#x2F;registry.npmjs.org&#x2F;debug<br>npm http 304 https:&#x2F;&#x2F;registry.npmjs.org&#x2F;socket.io-client&#x2F;0.9.10<br>npm http 304 https:&#x2F;&#x2F;registry.npmjs.org&#x2F;policyfile&#x2F;0.0.4<br>npm http 304 https:&#x2F;&#x2F;registry.npmjs.org&#x2F;redis&#x2F;0.7.2<br>npm http 304 https:&#x2F;&#x2F;registry.npmjs.org&#x2F;async&#x2F;0.1.15<br>npm http 304 https:&#x2F;&#x2F;registry.npmjs.org&#x2F;coffee-script<br>npm http 304 https:&#x2F;&#x2F;registry.npmjs.org&#x2F;qs&#x2F;0.4.2<br>npm http 304 https:&#x2F;&#x2F;registry.npmjs.org&#x2F;mime&#x2F;1.2.4<br>npm http 304 https:&#x2F;&#x2F;registry.npmjs.org&#x2F;formidable&#x2F;1.0.11<br>npm http 304 https:&#x2F;&#x2F;registry.npmjs.org&#x2F;fresh&#x2F;0.0.1<br>npm http 304 https:&#x2F;&#x2F;registry.npmjs.org&#x2F;bytes&#x2F;0.0.1<br>npm http 304 https:&#x2F;&#x2F;registry.npmjs.org&#x2F;bson&#x2F;0.0.4<br>npm WARN package.json bson@0.0.4 No README.md file found!<br>npm http GET https:&#x2F;&#x2F;registry.npmjs.org&#x2F;mime&#x2F;1.2.6<br>npm http GET https:&#x2F;&#x2F;registry.npmjs.org&#x2F;hiredis</p>
<p>&gt; bson@0.0.4 install C:\Users\sara\AppData\Roaming\npm\node_modules\acs\node_modules\connect-mongo\node_modules\mongodb\node_modules\bson<br>&gt; node install.js</p>
<p>CreateProcessW: The system cannot find the file specified.<br>npm http GET https:&#x2F;&#x2F;registry.npmjs.org&#x2F;qs&#x2F;0.5.1<br>npm http GET https:&#x2F;&#x2F;registry.npmjs.org&#x2F;bytes&#x2F;0.1.0<br>npm http GET https:&#x2F;&#x2F;registry.npmjs.org&#x2F;send&#x2F;0.0.4<br>npm http GET https:&#x2F;&#x2F;registry.npmjs.org&#x2F;pause&#x2F;0.0.1<br>npm ERR! EEXIST, mkdir &#39;C:\Users\sara\AppData\Roaming\npm\node_modules\acs\node_modules\socket.io\node_modules\socket.io-client\lib\vendor\web-socket-js\flash-src\com\hurlant\crypto\symmetric&#39;<br>File exists: C:\Users\sara\AppData\Roaming\npm\node_modules\acs\node_modules\socket.io\node_modules\socket.io-client\lib\vendor\web-socket-js\flash-src\com\hurlant\crypto\symmetric<br>Move it away, and try again. </p>
<p>npm ERR! System Windows_NT 6.1.7601<br>npm ERR! command &quot;c:\Program Files (x86)\nodejs\\node.exe&quot; &quot;c:\Program Files (x86)\nodejs\node_modules\npm\bin\npm-cli.js&quot; &quot;-g&quot; &quot;install&quot; &quot;acs&quot; &quot;–color&quot; &quot;false&quot;<br>npm ERR! cwd D:\titanum<br>npm ERR! node -v v0.8.22<br>npm ERR! npm -v 1.2.14<br>npm ERR! path C:\Users\sara\AppData\Roaming\npm\node_modules\acs\node_modules\socket.io\node_modules\socket.io-client\lib\vendor\web-socket-js\flash-src\com\hurlant\crypto\symmetric<br>npm ERR! fstream_path C:\Users\sara\AppData\Roaming\npm\node_modules\acs\node_modules\socket.io\node_modules\socket.io-client\lib\vendor\web-socket-js\flash-src\com\hurlant\crypto\symmetric\SimpleIVMode.as<br>npm ERR! fstream_type File<br>npm ERR! fstream_class FileWriter<br>npm ERR! code EEXIST<br>npm ERR! errno 47<br>npm ERR! fstream_stack c:\Program Files (x86)\nodejs\node_modules\npm\node_modules\fstream\lib\writer.js:171:23<br>npm ERR! fstream_stack c:\Program Files (x86)\nodejs\node_modules\npm\node_modules\mkdirp\index.js:37:53<br>npm ERR! fstream_stack Object.oncomplete (fs.js:297:15)<br>npm ERR! bson@0.0.4 install: <code>node install.js</code><br>npm ERR! <code>cmd &amp;quot;&amp;#x2F;c&amp;quot; &amp;quot;node install.js&amp;quot;</code> failed with 127<br>npm ERR!<br>npm ERR! Failed at the bson@0.0.4 install script.<br>npm ERR! This is most likely a problem with the bson package,<br>npm ERR! not with npm itself.<br>npm ERR! Tell the author that this fails on your system:<br>npm ERR!     node install.js<br>npm ERR! You can get their info via:<br>npm ERR!     npm owner ls bson<br>npm ERR! There is likely additional logging output above.</p>
<p>npm ERR! System Windows_NT 6.1.7601<br>npm ERR! command &quot;c:\Program Files (x86)\nodejs\\node.exe&quot; &quot;c:\Program Files (x86)\nodejs\node_modules\npm\bin\npm-cli.js&quot; &quot;-g&quot; &quot;install&quot; &quot;acs&quot; &quot;–color&quot; &quot;false&quot;<br>npm ERR! cwd D:\titanum<br>npm ERR! node -v v0.8.22<br>npm ERR! npm -v 1.2.14<br>npm ERR! code ELIFECYCLE<br>npm http 304 https:&#x2F;&#x2F;registry.npmjs.org&#x2F;mime&#x2F;1.2.6<br>npm http 304 https:&#x2F;&#x2F;registry.npmjs.org&#x2F;pause&#x2F;0.0.1<br>npm http 304 https:&#x2F;&#x2F;registry.npmjs.org&#x2F;hiredis<br>npm http GET https:&#x2F;&#x2F;registry.npmjs.org&#x2F;bindings<br>npm http 304 https:&#x2F;&#x2F;registry.npmjs.org&#x2F;send&#x2F;0.0.4<br>npm http 304 https:&#x2F;&#x2F;registry.npmjs.org&#x2F;qs&#x2F;0.5.1<br>npm http 304 https:&#x2F;&#x2F;registry.npmjs.org&#x2F;bytes&#x2F;0.1.0<br>npm http 304 https:&#x2F;&#x2F;registry.npmjs.org&#x2F;bindings</p>
<p>&gt; hiredis@0.1.15 install C:\Users\sara\AppData\Roaming\npm\node_modules\acs\node_modules\socket.io\node_modules\redis\node_modules\hiredis<br>&gt; node-gyp rebuild</p>
<p>CreateProcessW: The system cannot find the file specified.<br>npm WARN optional dep failed, continuing hiredis@0.1.15<br>npm</p>
<p>!ENTRY com.appcelerator.titanium.update 4 4 2013-06-29 22:34:56.424<br>!MESSAGE Error encountered during update<br>!SUBENTRY 1 com.aptana.js.core 4 0 2013-06-29 22:34:56.424<br>!MESSAGE Failed to install acs. Please see the Studio log for more information.<br>!SESSION 2013-06-29 22:40:46.402 ———————————————–<br>eclipse.buildId=3.1.1.201306112235<br>java.version=1.7.0_21<br>java.vendor=Oracle Corporation<br>BootLoader constants: OS=win32, ARCH=x86, WS=win32, NL=en_US<br>Command-line arguments:  -os win32 -ws win32 -arch x86</p>
<p>!ENTRY com.appcelerator.titanium.alloy.ui 4 0 2013-06-29 22:40:53.607<br>!MESSAGE (Build 3.1.1.201306112235) [ERROR]  Failed to add Alloy project templates<br>!STACK 1<br>org.eclipse.core.runtime.CoreException: &#39;node&#39; is not recognized as an internal or external command,<br>operable program or batch file.</p>
<pre><code class="hljs">at com<span class="hljs-class">.appcelerator</span><span class="hljs-class">.titanium</span><span class="hljs-class">.alloy</span><span class="hljs-class">.internal</span><span class="hljs-class">.ui</span><span class="hljs-class">.AlloyTemplateInstaller</span><span class="hljs-class">.getTemplatesWithNewCommand</span>(AlloyTemplateInstaller<span class="hljs-class">.java</span>:<span class="hljs-number">292</span>)
at com<span class="hljs-class">.appcelerator</span><span class="hljs-class">.titanium</span><span class="hljs-class">.alloy</span><span class="hljs-class">.internal</span><span class="hljs-class">.ui</span><span class="hljs-class">.AlloyTemplateInstaller</span><span class="hljs-class">.getTemplates</span>(AlloyTemplateInstaller<span class="hljs-class">.java</span>:<span class="hljs-number">269</span>)
at com<span class="hljs-class">.appcelerator</span><span class="hljs-class">.titanium</span><span class="hljs-class">.alloy</span><span class="hljs-class">.internal</span><span class="hljs-class">.ui</span><span class="hljs-class">.AlloyTemplateInstaller</span><span class="hljs-class">.access</span>$<span class="hljs-number">0</span>(AlloyTemplateInstaller<span class="hljs-class">.java</span>:<span class="hljs-number">267</span>)
at com<span class="hljs-class">.appcelerator</span><span class="hljs-class">.titanium</span><span class="hljs-class">.alloy</span><span class="hljs-class">.internal</span><span class="hljs-class">.ui</span><span class="hljs-class">.AlloyTemplateInstaller</span>$<span class="hljs-number">1</span>.<span class="hljs-function"><span class="hljs-title">run</span><span class="hljs-params">(AlloyTemplateInstaller.java:<span class="hljs-number">161</span>)</span></span>
at org<span class="hljs-class">.eclipse</span><span class="hljs-class">.core</span><span class="hljs-class">.internal</span><span class="hljs-class">.jobs</span><span class="hljs-class">.Worker</span><span class="hljs-class">.run</span>(Worker<span class="hljs-class">.java</span>:<span class="hljs-number">54</span>)
</code></pre><p>!SUBENTRY 1 com.aptana.core 4 1 2013-06-29 22:40:53.609<br>!MESSAGE &#39;node&#39; is not recognized as an internal or external command,<br>operable program or batch file.</p>
<p>!ENTRY com.appcelerator.titanium.acs.ui 4 0 2013-06-29 22:40:55.453<br>!MESSAGE (Build 3.1.1.201306112235) [ERROR]  Failed to log into Node.ACS<br>!STACK 1<br>org.eclipse.core.runtime.CoreException: Failed to list installed packages for npm.<br>    at com.aptana.js.internal.core.node.NodePackageManager.list(NodePackageManager.java:378)<br>    at com.aptana.js.internal.core.node.NodePackageManager.isInstalled(NodePackageManager.java:433)<br>    at com.appcelerator.titanium.acs.internal.ui.NodeACSStartup$2.run(NodeACSStartup.java:75)<br>    at org.eclipse.core.internal.jobs.Worker.run(Worker.java:54)<br>!SUBENTRY 1 com.aptana.js.core 4 0 2013-06-29 22:40:55.453<br>!MESSAGE Failed to list installed packages for npm.</p>
<p>!ENTRY com.aptana.js.core 4 0 2013-06-29 22:41:16.934<br>!MESSAGE (Build 3.1.1.201306112235) [ERROR]  Failed to install acs.</p>
<p>npm http GET https:&#x2F;&#x2F;registry.npmjs.org&#x2F;acs<br>npm http 304 https:&#x2F;&#x2F;registry.npmjs.org&#x2F;acs<br>npm http GET https:&#x2F;&#x2F;registry.npmjs.org&#x2F;colors&#x2F;0.6.0-1<br>npm http GET https:&#x2F;&#x2F;registry.npmjs.org&#x2F;commander&#x2F;0.6.1<br>npm http GET https:&#x2F;&#x2F;registry.npmjs.org&#x2F;connect&#x2F;2.3.5<br>npm http GET https:&#x2F;&#x2F;registry.npmjs.org&#x2F;connect-mongo&#x2F;0.1.9<br>npm http GET https:&#x2F;&#x2F;registry.npmjs.org&#x2F;ejs&#x2F;0.8.0<br>npm http GET https:&#x2F;&#x2F;registry.npmjs.org&#x2F;express&#x2F;3.0.0<br>npm http GET https:&#x2F;&#x2F;registry.npmjs.org&#x2F;fstream&#x2F;0.1.18<br>npm http GET https:&#x2F;&#x2F;registry.npmjs.org&#x2F;log4js&#x2F;0.5.1<br>npm http GET https:&#x2F;&#x2F;registry.npmjs.org&#x2F;longjohn&#x2F;0.0.3<br>npm http GET https:&#x2F;&#x2F;registry.npmjs.org&#x2F;mkdirp&#x2F;0.3.3<br>npm http GET https:&#x2F;&#x2F;registry.npmjs.org&#x2F;node-uuid&#x2F;1.3.3<br>npm http GET https:&#x2F;&#x2F;registry.npmjs.org&#x2F;pkginfo&#x2F;0.2.2<br>npm http GET https:&#x2F;&#x2F;registry.npmjs.org&#x2F;socket.io&#x2F;0.9.10<br>npm http GET https:&#x2F;&#x2F;registry.npmjs.org&#x2F;tar&#x2F;0.1.13<br>npm http GET https:&#x2F;&#x2F;registry.npmjs.org&#x2F;temp&#x2F;0.4.0<br>npm http GET https:&#x2F;&#x2F;github.com&#x2F;appcelerator&#x2F;cocoafish-node-sdk&#x2F;tarball&#x2F;0.1.6<br>npm http GET https:&#x2F;&#x2F;registry.npmjs.org&#x2F;uglify-js&#x2F;1.3.2<br>npm http GET https:&#x2F;&#x2F;registry.npmjs.org&#x2F;underscore&#x2F;1.3.3<br>npm http GET https:&#x2F;&#x2F;registry.npmjs.org&#x2F;wrench&#x2F;1.3.9<br>npm http GET https:&#x2F;&#x2F;registry.npmjs.org&#x2F;esprima&#x2F;0.9.9<br>npm http GET https:&#x2F;&#x2F;registry.npmjs.org&#x2F;string&#x2F;1.1.0<br>npm http GET https:&#x2F;&#x2F;registry.npmjs.org&#x2F;jade&#x2F;0.28.1<br>npm http GET https:&#x2F;&#x2F;registry.npmjs.org&#x2F;request&#x2F;2.14.0<br>npm http 304 https:&#x2F;&#x2F;registry.npmjs.org&#x2F;commander&#x2F;0.6.1<br>npm http 304 https:&#x2F;&#x2F;registry.npmjs.org&#x2F;connect-mongo&#x2F;0.1.9<br>npm WARN package.json connect-mongo@0.1.9 No README.md file found!<br>npm http 304 https:&#x2F;&#x2F;registry.npmjs.org&#x2F;ejs&#x2F;0.8.0<br>npm http 304 https:&#x2F;&#x2F;registry.npmjs.org&#x2F;colors&#x2F;0.6.0-1<br>npm http 304 https:&#x2F;&#x2F;registry.npmjs.org&#x2F;connect&#x2F;2.3.5<br>npm WARN package.json connect@2.3.5 No README.md file found!<br>npm http 304 https:&#x2F;&#x2F;registry.npmjs.org&#x2F;express&#x2F;3.0.0<br>npm http 304 https:&#x2F;&#x2F;registry.npmjs.org&#x2F;fstream&#x2F;0.1.18<br>npm http 304 https:&#x2F;&#x2F;registry.npmjs.org&#x2F;log4js&#x2F;0.5.1<br>npm http 304 https:&#x2F;&#x2F;registry.npmjs.org&#x2F;longjohn&#x2F;0.0.3<br>npm http 304 https:&#x2F;&#x2F;registry.npmjs.org&#x2F;mkdirp&#x2F;0.3.3<br>npm http 304 https:&#x2F;&#x2F;registry.npmjs.org&#x2F;node-uuid&#x2F;1.3.3<br>npm http 200 https:&#x2F;&#x2F;github.com&#x2F;appcelerator&#x2F;cocoafish-node-sdk&#x2F;tarball&#x2F;0.1.6<br>npm http 304 https:&#x2F;&#x2F;registry.npmjs.org&#x2F;pkginfo&#x2F;0.2.2<br>npm http 304 https:&#x2F;&#x2F;registry.npmjs.org&#x2F;socket.io&#x2F;0.9.10<br>npm http 304 https:&#x2F;&#x2F;registry.npmjs.org&#x2F;tar&#x2F;0.1.13<br>npm http 304 https:&#x2F;&#x2F;registry.npmjs.org&#x2F;temp&#x2F;0.4.0<br>npm http 304 https:&#x2F;&#x2F;registry.npmjs.org&#x2F;uglify-js&#x2F;1.3.2<br>npm http 304 https:&#x2F;&#x2F;registry.npmjs.org&#x2F;underscore&#x2F;1.3.3<br>npm http 304 https:&#x2F;&#x2F;registry.npmjs.org&#x2F;wrench&#x2F;1.3.9<br>npm http 304 https:&#x2F;&#x2F;registry.npmjs.org&#x2F;esprima&#x2F;0.9.9<br>npm http 304 https:&#x2F;&#x2F;registry.npmjs.org&#x2F;string&#x2F;1.1.0<br>npm http 304 https:&#x2F;&#x2F;registry.npmjs.org&#x2F;jade&#x2F;0.28.1<br>npm http 304 https:&#x2F;&#x2F;registry.npmjs.org&#x2F;request&#x2F;2.14.0<br>npm http GET https:&#x2F;&#x2F;registry.npmjs.org&#x2F;mongodb<br>npm http GET https:&#x2F;&#x2F;registry.npmjs.org&#x2F;rimraf<br>npm http GET https:&#x2F;&#x2F;registry.npmjs.org&#x2F;graceful-fs<br>npm http GET https:&#x2F;&#x2F;registry.npmjs.org&#x2F;inherits<br>npm http GET https:&#x2F;&#x2F;registry.npmjs.org&#x2F;connect&#x2F;2.6.0<br>npm http GET https:&#x2F;&#x2F;registry.npmjs.org&#x2F;range-parser&#x2F;0.0.4<br>npm http GET https:&#x2F;&#x2F;registry.npmjs.org&#x2F;cookie&#x2F;0.0.4<br>npm http GET https:&#x2F;&#x2F;registry.npmjs.org&#x2F;crc&#x2F;0.2.0<br>npm http GET https:&#x2F;&#x2F;registry.npmjs.org&#x2F;fresh&#x2F;0.1.0<br>npm http GET https:&#x2F;&#x2F;registry.npmjs.org&#x2F;methods&#x2F;0.0.1<br>npm http GET https:&#x2F;&#x2F;registry.npmjs.org&#x2F;send&#x2F;0.1.0<br>npm http GET https:&#x2F;&#x2F;registry.npmjs.org&#x2F;debug<br>npm http GET https:&#x2F;&#x2F;registry.npmjs.org&#x2F;inherits<br>npm http GET https:&#x2F;&#x2F;registry.npmjs.org&#x2F;block-stream<br>npm http GET https:&#x2F;&#x2F;registry.npmjs.org&#x2F;socket.io-client&#x2F;0.9.10<br>npm http GET https:&#x2F;&#x2F;registry.npmjs.org&#x2F;policyfile&#x2F;0.0.4<br>npm http GET https:&#x2F;&#x2F;registry.npmjs.org&#x2F;redis&#x2F;0.7.2<br>npm http GET https:&#x2F;&#x2F;registry.npmjs.org&#x2F;async&#x2F;0.1.15<br>npm http GET https:&#x2F;&#x2F;registry.npmjs.org&#x2F;coffee-script<br>npm http GET https:&#x2F;&#x2F;registry.npmjs.org&#x2F;qs&#x2F;0.4.2<br>npm http GET https:&#x2F;&#x2F;registry.npmjs.org&#x2F;mime&#x2F;1.2.4<br>npm http GET https:&#x2F;&#x2F;registry.npmjs.org&#x2F;formidable&#x2F;1.0.11<br>npm http GET https:&#x2F;&#x2F;registry.npmjs.org&#x2F;fresh&#x2F;0.0.1<br>npm http GET https:&#x2F;&#x2F;registry.npmjs.org&#x2F;bytes&#x2F;0.0.1<br>npm http 304 https:&#x2F;&#x2F;registry.npmjs.org&#x2F;mongodb<br>npm WARN package.json mongodb@0.9.9-8 No README.md file found!<br>npm http 304 https:&#x2F;&#x2F;registry.npmjs.org&#x2F;range-parser&#x2F;0.0.4<br>npm http 304 https:&#x2F;&#x2F;registry.npmjs.org&#x2F;cookie&#x2F;0.0.4<br>npm http 304 https:&#x2F;&#x2F;registry.npmjs.org&#x2F;rimraf<br>npm http 304 https:&#x2F;&#x2F;registry.npmjs.org&#x2F;inherits<br>npm http 304 https:&#x2F;&#x2F;registry.npmjs.org&#x2F;graceful-fs<br>npm http 304 https:&#x2F;&#x2F;registry.npmjs.org&#x2F;crc&#x2F;0.2.0<br>npm http 304 https:&#x2F;&#x2F;registry.npmjs.org&#x2F;connect&#x2F;2.6.0<br>npm http 304 https:&#x2F;&#x2F;registry.npmjs.org&#x2F;fresh&#x2F;0.1.0<br>npm http 304 https:&#x2F;&#x2F;registry.npmjs.org&#x2F;methods&#x2F;0.0.1<br>npm WARN package.json methods@0.0.1 No README.md file found!<br>npm http 304 https:&#x2F;&#x2F;registry.npmjs.org&#x2F;send&#x2F;0.1.0<br>npm http GET https:&#x2F;&#x2F;registry.npmjs.org&#x2F;bson&#x2F;0.0.4<br>npm http 304 https:&#x2F;&#x2F;registry.npmjs.org&#x2F;debug<br>npm http 304 https:&#x2F;&#x2F;registry.npmjs.org&#x2F;block-stream<br>npm http 304 https:&#x2F;&#x2F;registry.npmjs.org&#x2F;inherits<br>npm http 304 https:&#x2F;&#x2F;registry.npmjs.org&#x2F;socket.io-client&#x2F;0.9.10<br>npm http 304 https:&#x2F;&#x2F;registry.npmjs.org&#x2F;policyfile&#x2F;0.0.4<br>npm http GET https:&#x2F;&#x2F;registry.npmjs.org&#x2F;mime&#x2F;1.2.6<br>npm http 304 https:&#x2F;&#x2F;registry.npmjs.org&#x2F;redis&#x2F;0.7.2<br>npm http 304 https:&#x2F;&#x2F;registry.npmjs.org&#x2F;async&#x2F;0.1.15<br>npm http 304 https:&#x2F;&#x2F;registry.npmjs.org&#x2F;coffee-script<br>npm http 304 https:&#x2F;&#x2F;registry.npmjs.org&#x2F;qs&#x2F;0.4.2<br>npm http 304 https:&#x2F;&#x2F;registry.npmjs.org&#x2F;mime&#x2F;1.2.4<br>npm http 304 https:&#x2F;&#x2F;registry.npmjs.org&#x2F;formidable&#x2F;1.0.11<br>npm http 304 https:&#x2F;&#x2F;registry.npmjs.org&#x2F;fresh&#x2F;0.0.1<br>npm http 304 https:&#x2F;&#x2F;registry.npmjs.org&#x2F;bytes&#x2F;0.0.1<br>npm http 304 https:&#x2F;&#x2F;registry.npmjs.org&#x2F;bson&#x2F;0.0.4<br>npm WARN package.json bson@0.0.4 No README.md file found!<br>npm http 304 https:&#x2F;&#x2F;registry.npmjs.org&#x2F;mime&#x2F;1.2.6<br>npm http GET https:&#x2F;&#x2F;registry.npmjs.org&#x2F;hiredis<br>npm http GET https:&#x2F;&#x2F;registry.npmjs.org&#x2F;qs&#x2F;0.5.1<br>npm http GET https:&#x2F;&#x2F;registry.npmjs.org&#x2F;send&#x2F;0.0.4<br>npm http GET https:&#x2F;&#x2F;registry.npmjs.org&#x2F;bytes&#x2F;0.1.0<br>npm http GET https:&#x2F;&#x2F;registry.npmjs.org&#x2F;pause&#x2F;0.0.1</p>
<p>&gt; bson@0.0.4 install C:\Users\sara\AppData\Roaming\npm\node_modules\acs\node_modules\connect-mongo\node_modules\mongodb\node_modules\bson<br>&gt; node install.js</p>
<p>CreateProcessW: The system cannot find the file specified.<br>npm ERR! error rolling back Error: ENOTEMPTY, rmdir &#39;C:\Users\sara\AppData\Roaming\npm\node_modules\acs\node_modules\socket.io\node_modules\socket.io-client\lib\vendor\web-socket-js\flash-src\com\hurlant\crypto\hash&#39;<br>npm ERR! error rolling back  acs@1.0.3 { [Error: ENOTEMPTY, rmdir &#39;C:\Users\sara\AppData\Roaming\npm\node_modules\acs\node_modules\socket.io\node_modules\socket.io-client\lib\vendor\web-socket-js\flash-src\com\hurlant\crypto\hash&#39;]<br>npm ERR! error rolling back   errno: 53,<br>npm ERR! error rolling back   code: &#39;ENOTEMPTY&#39;,<br>npm ERR! error rolling back   path: &#39;C:\Users\sara\AppData\Roaming\npm\node_modules\acs\node_modules\socket.io\node_modules\socket.io-client\lib\vendor\web-socket-js\flash-src\com\hurlant\crypto\hash&#39; }<br>npm ERR! bson@0.0.4 install: <code>node install.js</code><br>npm ERR! <code>cmd &amp;quot;&amp;#x2F;c&amp;quot; &amp;quot;node install.js&amp;quot;</code> failed with 127<br>npm ERR!<br>npm ERR! Failed at the bson@0.0.4 install script.<br>npm ERR! This is most likely a problem with the bson package,<br>npm ERR! not with npm itself.<br>npm ERR! Tell the author that this fails on your system:<br>npm ERR!     node install.js<br>npm ERR! You can get their info via:<br>npm ERR!     npm owner ls bson<br>npm ERR! There is likely additional logging output above.</p>
<p>npm ERR! System Windows_NT 6.1.7601<br>npm ERR! command &quot;C:\Program Files (x86)\nodejs\\node.exe&quot; &quot;C:\Program Files (x86)\nodejs\node_modules\npm\bin\npm-cli.js&quot; &quot;-g&quot; &quot;install&quot; &quot;acs&quot; &quot;–color&quot; &quot;false&quot;<br>npm ERR! cwd D:\titanum<br>npm ERR! node -v v0.8.22<br>npm ERR! npm -v 1.2.14<br>npm ERR! code ELIFECYCLE<br>npm http 304 https:&#x2F;&#x2F;registry.npmjs.org&#x2F;hiredis<br>npm http 304 https:&#x2F;&#x2F;registry.npmjs.org&#x2F;qs&#x2F;0.5.1<br>npm http 304 https:&#x2F;&#x2F;registry.npmjs.org&#x2F;send&#x2F;0.0.4<br>npm http 304 https:&#x2F;&#x2F;registry.npmjs.org&#x2F;bytes&#x2F;0.1.0<br>npm http 304 https:&#x2F;&#x2F;registry.npmjs.org&#x2F;pause&#x2F;0.0.1<br>npm http GET https:&#x2F;&#x2F;registry.npmjs.org&#x2F;bindings<br>npm http 304 https:&#x2F;&#x2F;registry.npmjs.org&#x2F;bindings</p>
<p>&gt; hiredis@0.1.15 install C:\Users\sara\AppData\Roaming\npm\node_modules\acs\node_modules\socket.io\node_modules\redis\node_modules\hiredis<br>&gt; node-gyp rebuild</p>
<p>CreateProcessW: The system cannot find the file specified.<br>npm WARN optional dep failed, continuing hiredis@0.1.15<br>npm</p>
<p>!ENTRY com.appcelerator.titanium.update 4 4 2013-06-29 22:41:16.938<br>!MESSAGE Error encountered during update<br>!SUBENTRY 1 com.aptana.js.core 4 0 2013-06-29 22:41:16.938<br>!MESSAGE Failed to install acs. Please see the Studio log for more information.<br>!SESSION 2013-06-29 22:43:52.790 ———————————————–<br>eclipse.buildId=3.1.1.201306112235<br>java.version=1.7.0_21<br>java.vendor=Oracle Corporation<br>BootLoader constants: OS=win32, ARCH=x86, WS=win32, NL=en_US<br>Command-line arguments:  -os win32 -ws win32 -arch x86</p>
<p>!ENTRY com.appcelerator.titanium.acs.ui 4 0 2013-06-29 22:46:13.146<br>!MESSAGE (Build 3.1.1.201306112235) [ERROR]  Failed to log into Node.ACS<br>!STACK 1<br>org.eclipse.core.runtime.CoreException: Failed to list installed packages for npm.<br>    at com.aptana.js.internal.core.node.NodePackageManager.list(NodePackageManager.java:378)<br>    at com.aptana.js.internal.core.node.NodePackageManager.isInstalled(NodePackageManager.java:433)<br>    at com.appcelerator.titanium.acs.internal.ui.NodeACSStartup$2.run(NodeACSStartup.java:75)<br>    at org.eclipse.core.internal.jobs.Worker.run(Worker.java:54)<br>!SUBENTRY 1 com.aptana.js.core 4 0 2013-06-29 22:46:13.147<br>!MESSAGE Failed to list installed packages for npm.<br>!SESSION 2013-06-29 22:47:11.393 ———————————————–<br>eclipse.buildId=3.1.1.201306112235<br>java.version=1.7.0_21<br>java.vendor=Oracle Corporation<br>BootLoader constants: OS=win32, ARCH=x86, WS=win32, NL=en_US<br>Command-line arguments:  -os win32 -ws win32 -arch x86</p>
<p>!ENTRY com.appcelerator.titanium.acs.ui 4 0 2013-06-29 22:47:20.984<br>!MESSAGE (Build 3.1.1.201306112235) [ERROR]  Failed to log into Node.ACS<br>!STACK 1<br>org.eclipse.core.runtime.CoreException: Failed to list installed packages for npm.<br>    at com.aptana.js.internal.core.node.NodePackageManager.list(NodePackageManager.java:378)<br>    at com.aptana.js.internal.core.node.NodePackageManager.isInstalled(NodePackageManager.java:433)<br>    at com.appcelerator.titanium.acs.internal.ui.NodeACSStartup$2.run(NodeACSStartup.java:75)<br>    at org.eclipse.core.internal.jobs.Worker.run(Worker.java:54)<br>!SUBENTRY 1 com.aptana.js.core 4 0 2013-06-29 22:47:20.986<br>!MESSAGE Failed to list installed packages for npm.</p>
<p>!ENTRY com.aptana.js.core 4 0 2013-06-29 22:51:29.346<br>!MESSAGE (Build 3.1.1.201306112235) [ERROR]  Failed to install acs.</p>
<p>npm http GET https:&#x2F;&#x2F;registry.npmjs.org&#x2F;acs<br>npm http 304 https:&#x2F;&#x2F;registry.npmjs.org&#x2F;acs<br>npm http GET https:&#x2F;&#x2F;registry.npmjs.org&#x2F;colors&#x2F;0.6.0-1<br>npm http GET https:&#x2F;&#x2F;registry.npmjs.org&#x2F;commander&#x2F;0.6.1<br>npm http GET https:&#x2F;&#x2F;registry.npmjs.org&#x2F;connect&#x2F;2.3.5<br>npm http GET https:&#x2F;&#x2F;registry.npmjs.org&#x2F;connect-mongo&#x2F;0.1.9<br>npm http GET https:&#x2F;&#x2F;registry.npmjs.org&#x2F;ejs&#x2F;0.8.0<br>npm http GET https:&#x2F;&#x2F;registry.npmjs.org&#x2F;express&#x2F;3.0.0<br>npm http GET https:&#x2F;&#x2F;registry.npmjs.org&#x2F;fstream&#x2F;0.1.18<br>npm http GET https:&#x2F;&#x2F;registry.npmjs.org&#x2F;log4js&#x2F;0.5.1<br>npm http GET https:&#x2F;&#x2F;registry.npmjs.org&#x2F;longjohn&#x2F;0.0.3<br>npm http GET https:&#x2F;&#x2F;registry.npmjs.org&#x2F;mkdirp&#x2F;0.3.3<br>npm http GET https:&#x2F;&#x2F;registry.npmjs.org&#x2F;node-uuid&#x2F;1.3.3<br>npm http GET https:&#x2F;&#x2F;registry.npmjs.org&#x2F;pkginfo&#x2F;0.2.2<br>npm http GET https:&#x2F;&#x2F;registry.npmjs.org&#x2F;tar&#x2F;0.1.13<br>npm http GET https:&#x2F;&#x2F;registry.npmjs.org&#x2F;socket.io&#x2F;0.9.10<br>npm http GET https:&#x2F;&#x2F;registry.npmjs.org&#x2F;temp&#x2F;0.4.0<br>npm http GET https:&#x2F;&#x2F;registry.npmjs.org&#x2F;uglify-js&#x2F;1.3.2<br>npm http GET https:&#x2F;&#x2F;registry.npmjs.org&#x2F;underscore&#x2F;1.3.3<br>npm http GET https:&#x2F;&#x2F;registry.npmjs.org&#x2F;wrench&#x2F;1.3.9<br>npm http GET https:&#x2F;&#x2F;registry.npmjs.org&#x2F;esprima&#x2F;0.9.9<br>npm http GET https:&#x2F;&#x2F;registry.npmjs.org&#x2F;string&#x2F;1.1.0<br>npm http GET https:&#x2F;&#x2F;registry.npmjs.org&#x2F;jade&#x2F;0.28.1<br>npm http GET https:&#x2F;&#x2F;registry.npmjs.org&#x2F;request&#x2F;2.14.0<br>npm http GET https:&#x2F;&#x2F;github.com&#x2F;appcelerator&#x2F;cocoafish-node-sdk&#x2F;tarball&#x2F;0.1.6<br>npm http 304 https:&#x2F;&#x2F;registry.npmjs.org&#x2F;commander&#x2F;0.6.1<br>npm http 304 https:&#x2F;&#x2F;registry.npmjs.org&#x2F;colors&#x2F;0.6.0-1<br>npm http 304 https:&#x2F;&#x2F;registry.npmjs.org&#x2F;connect-mongo&#x2F;0.1.9<br>npm WARN package.json connect-mongo@0.1.9 No README.md file found!<br>npm http 304 https:&#x2F;&#x2F;registry.npmjs.org&#x2F;connect&#x2F;2.3.5<br>npm http 304 https:&#x2F;&#x2F;registry.npmjs.org&#x2F;ejs&#x2F;0.8.0<br>npm WARN package.json connect@2.3.5 No README.md file found!<br>npm http 304 https:&#x2F;&#x2F;registry.npmjs.org&#x2F;express&#x2F;3.0.0<br>npm http 304 https:&#x2F;&#x2F;registry.npmjs.org&#x2F;fstream&#x2F;0.1.18<br>npm http 304 https:&#x2F;&#x2F;registry.npmjs.org&#x2F;log4js&#x2F;0.5.1<br>npm http 304 https:&#x2F;&#x2F;registry.npmjs.org&#x2F;longjohn&#x2F;0.0.3<br>npm http 304 https:&#x2F;&#x2F;registry.npmjs.org&#x2F;mkdirp&#x2F;0.3.3<br>npm http 200 https:&#x2F;&#x2F;github.com&#x2F;appcelerator&#x2F;cocoafish-node-sdk&#x2F;tarball&#x2F;0.1.6<br>npm http 304 https:&#x2F;&#x2F;registry.npmjs.org&#x2F;node-uuid&#x2F;1.3.3<br>npm http 304 https:&#x2F;&#x2F;registry.npmjs.org&#x2F;pkginfo&#x2F;0.2.2<br>npm http 304 https:&#x2F;&#x2F;regis</p>

		</section>
		<footer>
			<div class="author">
				&mdash; asked <span title="June 30th 2013, 12:37:53 pm">June 30th 2013</span>
				by <span class='authorname'>sarah osama</span>
			</div>

			
				<ul class="tags">
					
						<li><span class='tagname'>acs</span></li>
					
						<li><span class='tagname'>error</span></li>
					
						<li><span class='tagname'>install</span></li>
					
						<li><span class='tagname'>update</span></li>
					
						<li><span class='tagname'>windows</span></li>
					
				</ul>
			

			<section>
				<h5>3 Comments</h5>
				
					<ul class="comments">
					
						<li class="comment">
							<div><p>wow! :-D</p>
<p>Did you already tried the solution from <a href="http:&#x2F;&#x2F;developer.appcelerator.com&#x2F;question&#x2F;151447&#x2F;failed-to-install-acs-please-see-the-studio-log-for-more-information">here</a>?</p>
</div>
							<div class="author">
								&mdash; commented <span title="June 30th 2013, 1:32:33 pm">June 30th 2013</span>
								by <span class='authorname'>Manuel Lehner</span>
							</div>
						</li>
					
						<li class="comment">
							<div><p>Install bson by itself. Check other solution <a href="http:&#x2F;&#x2F;stackoverflow.com&#x2F;questions&#x2F;14100027&#x2F;cant-install-js-bson">here</a>. (in short: is an issue with your path)</p>
</div>
							<div class="author">
								&mdash; commented <span title="July 1st 2013, 4:45:37 am">July 1st 2013</span>
								by <span class='authorname'>Mauro Parra</span>
							</div>
						</li>
					
						<li class="comment">
							<div><p>thank you Manuel Lehner for your comment yes i tried that solution and it did&#39;t work<br>thank you so much mauro parra it is installed finally :)<br>i added c:\windows\system32 to path system variable</p>
</div>
							<div class="author">
								&mdash; commented <span title="July 2nd 2013, 1:41:30 pm">July 2nd 2013</span>
								by <span class='authorname'>sarah osama</span>
							</div>
						</li>
					
					</ul>
				
			</section>
		</footer>
		<aside class="vote-box">
			<div class="score"><span>0</span> Votes</div>
			<div class="answers"><span>0</span> Answers</div>
		</aside>
	</div>

	<hr>

	<h3>0 Answers</h3>

	
</article>

		</div>
		<div class="col-sm-3"></div>
	</div>
	<div class="row"><div class="signoff">The ownership of individual contributions to this community generated content is retained by the authors of their contributions.<br>All trademarks remain the property of the respective owner.</div></div>
</main>


</body>
</html>
