<!doctype html>
<html>
<head>
	<meta http-equiv="X-UA-Compatible" content="IE=Edge,chrome=1">
	<meta http-equiv="Content-Type" content="text/html; charset=UTF-8">
	<meta charset="utf-8">
	
		<title>error occured while compling in android enulator Â» Community Questions &amp; Answers </title>
	
	<meta name="viewport" content="width=device-width,initial-scale=1">
	<link href="../../related/favicon.png" rel="shortcut icon" type="image/png">
	<link href="//fonts.googleapis.com/css?family=Open+Sans:300,400,500,600,700" rel="stylesheet" type="text/css">
	<link href="//d3ilu1xuwhtfe2.cloudfront.net/e8e0ebd/css/style.css" rel="stylesheet" type="text/css">
	<link href="../../related/qa.css" rel="stylesheet" type="text/css">
	<link href="../../related/hybrid.css" rel="stylesheet" type="text/css">
	
	<link href="../../related/overrides.css" rel="stylesheet" type="text/css">
</head>
<body>

<div class='mast'>    <div class='container'>        <div class='row'>            <div class='col-sm-12'>                <div class='masthead'><h1>Titanium Community Questions & Answer Archive</h1><h2>We felt that 6+ years of knowledge should not die so this is the Titanium Community Questions &amp; Answer Archive</h2></div>            </div>        </div>    </div></div>

<main class="container">
	<div class="row">
		<div class="col-sm-12">
			
		</div>
	</div>
	<div class="row">
		<div class="col-sm-12">
			<article class="question-container">
	<div class="question">
		<header>
			<h1>error occured while compling in android enulator</h1>
		</header>
		<section>
			<p>hi i have got an error in my project , in ios it&#39;s compling fine while coming to android it showing error like  can any one guide me how to rectify these issue</p>
<hr>
<p>[ERROR] Exception occured while building Android project:<br>[ERROR] Traceback (most recent call last):<br>[ERROR]   File &quot;&#x2F;Users&#x2F;crayond&#x2F;Library&#x2F;Application Support&#x2F;Titanium&#x2F;mobilesdk&#x2F;osx&#x2F;3.1.1.GA&#x2F;android&#x2F;builder.py&quot;, line 2579, in &lt;module&gt;<br>[ERROR]     builder.build_and_run(False, avd_id, debugger_host=debugger_host, profiler_host=profiler_host)<br>[ERROR]   File &quot;&#x2F;Users&#x2F;crayond&#x2F;Library&#x2F;Application Support&#x2F;Titanium&#x2F;mobilesdk&#x2F;osx&#x2F;3.1.1.GA&#x2F;android&#x2F;builder.py&quot;, line 2315, in build_and_run<br>[ERROR]     self.manifest_changed = self.generate_android_manifest(compiler)<br>[ERROR]   File &quot;&#x2F;Users&#x2F;crayond&#x2F;Library&#x2F;Application Support&#x2F;Titanium&#x2F;mobilesdk&#x2F;osx&#x2F;3.1.1.GA&#x2F;android&#x2F;builder.py&quot;, line 1158, in generate_android_manifest<br>[ERROR]     shutil.copy(icon_path, dest_icon)<br>[ERROR]   File &quot;&#x2F;System&#x2F;Library&#x2F;Frameworks&#x2F;Python.framework&#x2F;Versions&#x2F;2.7&#x2F;lib&#x2F;python2.7&#x2F;shutil.py&quot;, line 116, in copy<br>[ERROR]   File &quot;&#x2F;System&#x2F;Library&#x2F;Frameworks&#x2F;Python.framework&#x2F;Versions&#x2F;2.7&#x2F;lib&#x2F;python2.7&#x2F;shutil.py&quot;, line 81, in copyfile<br>[ERROR] IOError: [Errno 2] No such file or directory: u&#39;&#x2F;Users&#x2F;crayond&#x2F;Documents&#x2F;Titanium_Studio_Workspace&#x2F;customersbegin&#x2F;build&#x2F;android&#x2F;bin&#x2F;assets&#x2F;Resources&#x2F;a.png&#39;<br>[ERROR] :  Build process exited with code 1<br>[ERROR] :  Project failed to build after 5s 363ms</p>

		</section>
		<footer>
			<div class="author">
				&mdash; asked <span title="October 3rd 2013, 12:33:01 pm">October 3rd 2013</span>
				by <span class='authorname'>narasimha reddy</span>
			</div>

			
				<ul class="tags">
					
						<li><span class='tagname'>alloy</span></li>
					
						<li><span class='tagname'>android</span></li>
					
				</ul>
			

			<section>
				<h5>0 Comments</h5>
				
			</section>
		</footer>
		<aside class="vote-box">
			<div class="score"><span>0</span> Votes</div>
			<div class="answers"><span>1</span> Answer</div>
		</aside>
	</div>

	<hr>

	<h3>1 Answer</h3>

	
		<ul class="answers">
			
				<li class="answer">
				
					<article id="answer-269577">
				
						<section>
							<p>Hi narasimha reddy,</p>
<p>I think which version you built this project that version is corrupted change the titanium sdk version (i.e: 3.1.1, 3.1.3) in tiapp.xml file and run it again.If it not works change you android sdk it can also be corrupted. And follow <a href="http:&#x2F;&#x2F;docs.appcelerator.com&#x2F;titanium&#x2F;latest&#x2F;#!&#x2F;guide&#x2F;Software_Locations_and_Environment_Variables">this link</a> for setting environment variable.</p>
<p>Thanks</p>

						</section>
						<footer>
							<div class="author">
								&mdash; answered <span title="October 4th 2013, 12:35:08 am">October 4th 2013</span>
								by <span class='authorname'>Motiur Rahman</span><br>
								<a class="icon-bg icon-link" href="question/158001/error-occured-while-compling-in-android-enulator#answer-269577" rel="permalink">permalink</a>
							</div>

							<h5>0 Comments</h5>
							
						</footer>
						<aside class="vote-box">
							<div class="score"><span>0</span> Votes</div>
						</aside>
					</article>
				</li>
			
		</ul>
	
</article>

		</div>
		<div class="col-sm-3"></div>
	</div>
	<div class="row"><div class="signoff">The ownership of individual contributions to this community generated content is retained by the authors of their contributions.<br>All trademarks remain the property of the respective owner.</div></div>
</main>


</body>
</html>
