<!doctype html>
<html>
<head>
	<meta http-equiv="X-UA-Compatible" content="IE=Edge,chrome=1">
	<meta http-equiv="Content-Type" content="text/html; charset=UTF-8">
	<meta charset="utf-8">
	
		<title>Updating my Titanium Studio/Linux ElementaryOS » Community Questions &amp; Answers » Appcelerator Developer Center</title>
	
	<meta name="viewport" content="width=device-width,initial-scale=1">
	<link href="../../related/favicon.png" rel="shortcut icon" type="image/png">
	<link href="//fonts.googleapis.com/css?family=Open+Sans:300,400,500,600,700" rel="stylesheet" type="text/css">
	<link href="//d3ilu1xuwhtfe2.cloudfront.net/e8e0ebd/css/style.css" rel="stylesheet" type="text/css">
	<link href="../../related/qa.css" rel="stylesheet" type="text/css">
	<link href="../../related/hybrid.css" rel="stylesheet" type="text/css">
	
	<link href="../../related/overrides.css" rel="stylesheet" type="text/css">
</head>
<body>

<div class='mast'>    <div class='container'>        <div class='row'>            <div class='col-sm-12'>                <div class='masthead'><h1>Titanium Community Questions & Answer Archive</h1><h2>We felt that 6+ years of knowledge should not die so this is the Titanium Community Questions &amp; Answer Archive</h2></div>            </div>        </div>    </div></div>

<main class="container">
	<div class="row">
		<div class="col-sm-12">
			
		</div>
	</div>
	<div class="row">
		<div class="col-sm-12">
			<article class="question-container">
	<div class="question">
		<header>
			<h1>Updating my Titanium Studio/Linux ElementaryOS</h1>
		</header>
		<section>
			<p>Error encountered during update<br>Cannot install Node on platforms other than Windows or Mac.</p>
<p>Got that error while updating the Alloy and the studio</p>
<p>!SESSION 2013-12-16 18:17:52.851 ———————————————–<br>eclipse.buildId=3.1.3.201309132423<br>java.version=1.7.0_45<br>java.vendor=Oracle Corporation<br>BootLoader constants: OS=linux, ARCH=x86_64, WS=gtk, NL=en_US<br>Command-line arguments:  -os linux -ws gtk -arch x86_64</p>
<p>!ENTRY org.eclipse.osgi 2 1 2013-12-16 18:21:58.060<br>!MESSAGE NLS missing message: MobileSDKConfigurationProcessor_errorUpdatingAndroid in: com.appcelerator.titanium.mobile.ui.portal.processor.messages</p>
<p>!ENTRY org.eclipse.osgi 2 1 2013-12-16 18:21:58.319<br>!MESSAGE NLS missing message: MobileSDKConfigurationProcessor_noUpdateRequired in: com.appcelerator.titanium.mobile.ui.portal.processor.messages</p>
<p>!ENTRY org.eclipse.osgi 2 1 2013-12-16 18:21:58.319<br>!MESSAGE NLS missing message: MobileSDKConfigurationProcessor_updatingAndroid in: com.appcelerator.titanium.mobile.ui.portal.processor.messages</p>
<p>!ENTRY org.eclipse.osgi 2 1 2013-12-16 18:21:58.319<br>!MESSAGE NLS missing message: MobileSDKConfigurationProcessor_failedToUpdate in: com.appcelerator.titanium.mobile.ui.portal.processor.messages<br>!SESSION 2013-12-16 21:14:36.775 ———————————————–<br>eclipse.buildId=3.1.3.201309132423<br>java.version=1.7.0_45<br>java.vendor=Oracle Corporation<br>BootLoader constants: OS=linux, ARCH=x86_64, WS=gtk, NL=en_US<br>Command-line arguments:  -os linux -ws gtk -arch x86_64</p>
<p>!ENTRY org.eclipse.osgi 2 1 2013-12-16 21:15:38.685<br>!MESSAGE NLS missing message: BasicProjectCreationPage_crossPlatformWarningAndroid in: com.appcelerator.titanium.ui.wizard.messages</p>
<p>!ENTRY org.eclipse.osgi 2 1 2013-12-16 21:15:38.688<br>!MESSAGE NLS missing message: BasicProjectCreationPage_crossPlatformWarningIOS in: com.appcelerator.titanium.ui.wizard.messages</p>
<p>!ENTRY com.appcelerator.titanium.ui 4 0 2013-12-16 21:16:00.017<br>!MESSAGE (Build 3.1.3.201309132423) [ERROR]  Read timed out<br>!STACK 0<br>java.net.SocketTimeoutException: Read timed out<br>    at java.net.SocketInputStream.socketRead0(Native Method)<br>    at java.net.SocketInputStream.read(SocketInputStream.java:152)<br>    at java.net.SocketInputStream.read(SocketInputStream.java:122)<br>    at java.io.BufferedInputStream.fill(BufferedInputStream.java:235)<br>    at java.io.BufferedInputStream.read1(BufferedInputStream.java:275)<br>    at java.io.BufferedInputStream.read(BufferedInputStream.java:334)<br>    at sun.net.www.http.HttpClient.parseHTTPHeader(HttpClient.java:687)<br>    at sun.net.www.http.HttpClient.parseHTTP(HttpClient.java:633)<br>    at sun.net.www.protocol.http.HttpURLConnection.getInputStream(HttpURLConnection.java:1323)<br>    at java.net.HttpURLConnection.getResponseCode(HttpURLConnection.java:468)<br>    at com.appcelerator.titanium.mobile.ui.portal.processor.MobileSDKConfigurationHelper.resolveSDKRequirementsUrl(MobileSDKConfigurationHelper.java:388)<br>    at com.appcelerator.titanium.mobile.ui.portal.processor.MobileSDKConfigurationHelper.getSDKRequirementsJSONURL(MobileSDKConfigurationHelper.java:342)<br>    at com.appcelerator.titanium.mobile.ui.portal.processor.MobileSDKConfigurationHelper.readRemoteSDKRequirements(MobileSDKConfigurationHelper.java:435)<br>    at com.appcelerator.titanium.mobile.ui.portal.processor.MobileSDKConfigurationHelper.getLatestSDKInfo(MobileSDKConfigurationHelper.java:305)<br>    at com.appcelerator.titanium.mobile.ui.portal.processor.MobileSDKConfigurationHelper.getVersionInfo(MobileSDKConfigurationHelper.java:112)<br>    at com.appcelerator.titanium.mobile.ui.portal.processor.MobileSDKConfigurationProcessor.computeStatus(MobileSDKConfigurationProcessor.java:98)<br>    at com.aptana.configurations.processor.AbstractConfigurationProcessor.getStatus(AbstractConfigurationProcessor.java:154)<br>    at com.appcelerator.titanium.mobile.ui.portal.actionController.MobileSDKActionController$1.run(MobileSDKActionController.java:128)<br>    at org.eclipse.core.internal.jobs.Worker.run(Worker.java:54)<br>!SESSION 2013-12-16 22:46:05.101 ———————————————–<br>eclipse.buildId=3.1.3.201309132423<br>java.version=1.7.0_45<br>java.vendor=Oracle Corporation<br>BootLoader constants: OS=linux, ARCH=x86_64, WS=gtk, NL=en_US<br>Command-line arguments:  -os linux -ws gtk -arch x86_64</p>
<p>!ENTRY com.appcelerator.titanium.update 4 4 2013-12-16 22:46:40.526<br>!MESSAGE Error encountered during update<br>!SUBENTRY 1 com.aptana.js.core 4 0 2013-12-16 22:46:40.526<br>!MESSAGE Cannot install Node on platforms other than Windows or Mac.<br>!SUBENTRY 1 com.aptana.js.core 4 0 2013-12-16 22:46:40.526<br>!MESSAGE NPM is not installed.<br>!SUBENTRY 1 com.aptana.js.core 4 0 2013-12-16 22:46:40.526<br>!MESSAGE NPM is not installed.<br>!SUBENTRY 1 com.aptana.js.core 4 0 2013-12-16 22:46:40.526<br>!MESSAGE NPM is not installed.</p>
<p>!ENTRY com.aptana.js.core 4 0 2013-12-16 22:50:47.932<br>!MESSAGE (Build 3.1.3.201309132423) [ERROR]  Failed to install titanium.</p>
<p>[sudo] password for essamhassan: npm http GET https:&#x2F;&#x2F;registry.npmjs.org&#x2F;titanium<br>npm http 200 https:&#x2F;&#x2F;registry.npmjs.org&#x2F;titanium<br>npm http GET https:&#x2F;&#x2F;registry.npmjs.org&#x2F;titanium&#x2F;-&#x2F;titanium-3.0.10.tgz<br>npm http 200 https:&#x2F;&#x2F;registry.npmjs.org&#x2F;titanium&#x2F;-&#x2F;titanium-3.0.10.tgz<br>npm http GET https:&#x2F;&#x2F;registry.npmjs.org&#x2F;async<br>npm http GET https:&#x2F;&#x2F;registry.npmjs.org&#x2F;colors<br>npm http GET https:&#x2F;&#x2F;registry.npmjs.org&#x2F;longjohn<br>npm http GET https:&#x2F;&#x2F;registry.npmjs.org&#x2F;node-appc<br>npm http GET https:&#x2F;&#x2F;registry.npmjs.org&#x2F;prompt<br>npm http GET https:&#x2F;&#x2F;registry.npmjs.org&#x2F;request<br>npm http GET https:&#x2F;&#x2F;registry.npmjs.org&#x2F;revalidator<br>npm http GET https:&#x2F;&#x2F;registry.npmjs.org&#x2F;semver<br>npm http GET https:&#x2F;&#x2F;registry.npmjs.org&#x2F;sprintf<br>npm http GET https:&#x2F;&#x2F;registry.npmjs.org&#x2F;temp&#x2F;0.4.0<br>npm http GET https:&#x2F;&#x2F;registry.npmjs.org&#x2F;winston<br>npm http GET https:&#x2F;&#x2F;registry.npmjs.org&#x2F;wrench<br>npm http 200 https:&#x2F;&#x2F;registry.npmjs.org&#x2F;colors<br>npm http GET https:&#x2F;&#x2F;registry.npmjs.org&#x2F;colors&#x2F;-&#x2F;colors-0.6.2.tgz<br>npm http 200 https:&#x2F;&#x2F;registry.npmjs.org&#x2F;longjohn<br>npm http GET https:&#x2F;&#x2F;registry.npmjs.org&#x2F;longjohn&#x2F;-&#x2F;longjohn-0.2.2.tgz<br>npm http 200 https:&#x2F;&#x2F;registry.npmjs.org&#x2F;revalidator<br>npm http GET https:&#x2F;&#x2F;registry.npmjs.org&#x2F;revalidator&#x2F;-&#x2F;revalidator-0.1.6.tgz<br>npm http 200 https:&#x2F;&#x2F;registry.npmjs.org&#x2F;node-appc<br>npm http GET https:&#x2F;&#x2F;registry.npmjs.org&#x2F;node-appc&#x2F;-&#x2F;node-appc-0.1.9.tgz<br>npm http 200 https:&#x2F;&#x2F;registry.npmjs.org&#x2F;sprintf<br>npm http GET https:&#x2F;&#x2F;registry.npmjs.org&#x2F;sprintf&#x2F;-&#x2F;sprintf-0.1.3.tgz<br>npm http 200 https:&#x2F;&#x2F;registry.npmjs.org&#x2F;temp&#x2F;0.4.0<br>npm http GET https:&#x2F;&#x2F;registry.npmjs.org&#x2F;temp&#x2F;-&#x2F;temp-0.4.0.tgz<br>npm http 200 https:&#x2F;&#x2F;registry.npmjs.org&#x2F;semver<br>npm http GET https:&#x2F;&#x2F;registry.npmjs.org&#x2F;semver&#x2F;-&#x2F;semver-2.2.1.tgz<br>npm http 200 https:&#x2F;&#x2F;registry.npmjs.org&#x2F;wrench<br>npm http GET https:&#x2F;&#x2F;registry.npmjs.org&#x2F;wrench&#x2F;-&#x2F;wrench-1.3.9.tgz<br>npm http 200 https:&#x2F;&#x2F;registry.npmjs.org&#x2F;colors&#x2F;-&#x2F;colors-0.6.2.tgz<br>npm http 200 https:&#x2F;&#x2F;registry.npmjs.org&#x2F;longjohn&#x2F;-&#x2F;longjohn-0.2.2.tgz<br>npm http 200 https:&#x2F;&#x2F;registry.npmjs.org&#x2F;revalidator&#x2F;-&#x2F;revalidator-0.1.6.tgz<br>npm http 200 https:&#x2F;&#x2F;registry.npmjs.org&#x2F;node-appc&#x2F;-&#x2F;node-appc-0.1.9.tgz<br>npm http 200 https:&#x2F;&#x2F;registry.npmjs.org&#x2F;prompt<br>npm http GET https:&#x2F;&#x2F;registry.npmjs.org&#x2F;prompt&#x2F;-&#x2F;prompt-0.2.12.tgz<br>npm http 200 https:&#x2F;&#x2F;registry.npmjs.org&#x2F;sprintf&#x2F;-&#x2F;sprintf-0.1.3.tgz<br>npm http 200 https:&#x2F;&#x2F;registry.npmjs.org&#x2F;temp&#x2F;-&#x2F;temp-0.4.0.tgz<br>npm http 200 https:&#x2F;&#x2F;registry.npmjs.org&#x2F;semver&#x2F;-&#x2F;semver-2.2.1.tgz<br>npm http 200 https:&#x2F;&#x2F;registry.npmjs.org&#x2F;wrench&#x2F;-&#x2F;wrench-1.3.9.tgz<br>npm http 200 https:&#x2F;&#x2F;registry.npmjs.org&#x2F;prompt&#x2F;-&#x2F;prompt-0.2.12.tgz<br>npm http 200 https:&#x2F;&#x2F;registry.npmjs.org&#x2F;winston<br>npm http GET https:&#x2F;&#x2F;registry.npmjs.org&#x2F;winston&#x2F;-&#x2F;winston-0.6.2.tgz<br>npm http 200 https:&#x2F;&#x2F;registry.npmjs.org&#x2F;winston&#x2F;-&#x2F;winston-0.6.2.tgz<br>npm http 200 https:&#x2F;&#x2F;registry.npmjs.org&#x2F;request<br>npm http GET https:&#x2F;&#x2F;registry.npmjs.org&#x2F;request&#x2F;-&#x2F;request-2.9.203.tgz<br>npm http 200 https:&#x2F;&#x2F;registry.npmjs.org&#x2F;async<br>npm http GET https:&#x2F;&#x2F;registry.npmjs.org&#x2F;async&#x2F;-&#x2F;async-0.1.22.tgz<br>npm http 200 https:&#x2F;&#x2F;registry.npmjs.org&#x2F;request&#x2F;-&#x2F;request-2.9.203.tgz<br>npm http 200 https:&#x2F;&#x2F;registry.npmjs.org&#x2F;async&#x2F;-&#x2F;async-0.1.22.tgz<br>npm http GET https:&#x2F;&#x2F;registry.npmjs.org&#x2F;pkginfo<br>npm http GET https:&#x2F;&#x2F;registry.npmjs.org&#x2F;read<br>npm http GET https:&#x2F;&#x2F;registry.npmjs.org&#x2F;utile<br>npm http GET https:&#x2F;&#x2F;registry.npmjs.org&#x2F;cycle<br>npm http GET https:&#x2F;&#x2F;registry.npmjs.org&#x2F;eyes<br>npm http GET https:&#x2F;&#x2F;registry.npmjs.org&#x2F;pkginfo<br>npm http GET https:&#x2F;&#x2F;registry.npmjs.org&#x2F;stack-trace<br>npm http GET https:&#x2F;&#x2F;registry.npmjs.org&#x2F;node-uuid<br>npm http GET https:&#x2F;&#x2F;registry.npmjs.org&#x2F;uglify-js<br>npm http GET https:&#x2F;&#x2F;registry.npmjs.org&#x2F;xmldom&#x2F;0.1.11<br>npm http 200 https:&#x2F;&#x2F;registry.npmjs.org&#x2F;read<br>npm ERR! error installing prompt@0.2.12<br>npm ERR! error installing titanium@3.0.10</p>
<p>npm ERR! Error: No compatible version found: read@&#39;&gt;=1.0.0- &lt;1.1.0-&#39;<br>npm ERR! Valid install targets:<br>npm ERR! [&quot;0.0.1&quot;,&quot;0.0.2&quot;,&quot;0.0.3&quot;,&quot;0.1.0&quot;,&quot;0.1.1&quot;]<br>npm ERR!     at installTargetsError (&#x2F;usr&#x2F;share&#x2F;npm&#x2F;lib&#x2F;cache.js:488:10)<br>npm ERR!     at next_ (&#x2F;usr&#x2F;share&#x2F;npm&#x2F;lib&#x2F;cache.js:438:17)<br>npm ERR!     at next (&#x2F;usr&#x2F;share&#x2F;npm&#x2F;lib&#x2F;cache.js:415:44)<br>npm ERR!     at &#x2F;usr&#x2F;share&#x2F;npm&#x2F;lib&#x2F;cache.js:408:5<br>npm ERR!     at saved (&#x2F;usr&#x2F;share&#x2F;npm&#x2F;lib&#x2F;utils&#x2F;npm-registry-client&#x2F;get.js:147:7)<br>npm ERR!     at Object.oncomplete (&#x2F;usr&#x2F;lib&#x2F;nodejs&#x2F;graceful-fs.js:230:7)<br>npm ERR! You may report this log at:<br>npm ERR!     &lt;http:&#x2F;&#x2F;bugs.debian.org&#x2F;npm&gt;<br>npm ERR! or use<br>npm ERR!     reportbug –attach &#x2F;home&#x2F;essamhassan&#x2F;npm-debug.log npm<br>npm ERR!<br>npm ERR! System Linux 3.8.0-34-generic<br>npm ERR! command &quot;node&quot; &quot;&#x2F;usr&#x2F;bin&#x2F;npm&quot; &quot;-g&quot; &quot;install&quot; &quot;titanium&quot; &quot;–color&quot; &quot;false&quot;<br>npm ERR! cwd &#x2F;home&#x2F;essamhassan<br>npm ERR! node -v v0.6.12<br>npm ERR! npm -v 1.1.4<br>npm ERR! message No compatible version found: read@&#39;&gt;=1.0.0- &lt;1.1.0-&#39;<br>npm ERR! message Valid install targets:<br>npm ERR! message [&quot;0.0.1&quot;,&quot;0.0.2&quot;,&quot;0.0.3&quot;,&quot;0.1.0&quot;,&quot;0.1.1&quot;]<br>npm ERR!<br>npm ERR! Additional logging details can be found in:<br>npm ERR!     &#x2F;home&#x2F;essamhassan&#x2F;npm-debug.log<br>npm not ok</p>
<p>!ENTRY com.aptana.js.core 4 0 2013-12-16 22:59:19.503<br>!MESSAGE (Build 3.1.3.201309132423) [ERROR]  Failed to install alloy.</p>
<p>[sudo] password for essamhassan: npm http GET https:&#x2F;&#x2F;registry.npmjs.org&#x2F;alloy<br>npm http 304 https:&#x2F;&#x2F;registry.npmjs.org&#x2F;alloy<br>npm http GET https:&#x2F;&#x2F;registry.npmjs.org&#x2F;alloy&#x2F;-&#x2F;alloy-1.1.3.tgz<br>npm http 200 https:&#x2F;&#x2F;registry.npmjs.org&#x2F;alloy&#x2F;-&#x2F;alloy-1.1.3.tgz<br>npm http GET https:&#x2F;&#x2F;registry.npmjs.org&#x2F;xmldom&#x2F;0.1.13<br>npm http GET https:&#x2F;&#x2F;registry.npmjs.org&#x2F;stripcolorcodes&#x2F;0.1.0<br>npm http GET https:&#x2F;&#x2F;registry.npmjs.org&#x2F;jsonlint&#x2F;1.5.1<br>npm http GET https:&#x2F;&#x2F;registry.npmjs.org&#x2F;uglify-js&#x2F;2.2.5<br>npm http GET https:&#x2F;&#x2F;registry.npmjs.org&#x2F;source-map&#x2F;0.1.9<br>npm http GET https:&#x2F;&#x2F;registry.npmjs.org&#x2F;jake&#x2F;0.5.9<br>npm http GET https:&#x2F;&#x2F;registry.npmjs.org&#x2F;colors&#x2F;0.6.0-1<br>npm http GET https:&#x2F;&#x2F;registry.npmjs.org&#x2F;pkginfo&#x2F;0.2.2<br>npm http GET https:&#x2F;&#x2F;registry.npmjs.org&#x2F;commander&#x2F;0.6.1<br>npm http GET https:&#x2F;&#x2F;registry.npmjs.org&#x2F;wrench&#x2F;1.3.9<br>npm http 200 https:&#x2F;&#x2F;registry.npmjs.org&#x2F;source-map&#x2F;0.1.9<br>npm http GET https:&#x2F;&#x2F;registry.npmjs.org&#x2F;source-map&#x2F;-&#x2F;source-map-0.1.9.tgz<br>npm http 200 https:&#x2F;&#x2F;registry.npmjs.org&#x2F;jake&#x2F;0.5.9<br>npm http GET https:&#x2F;&#x2F;registry.npmjs.org&#x2F;jake&#x2F;-&#x2F;jake-0.5.9.tgz<br>npm http 304 https:&#x2F;&#x2F;registry.npmjs.org&#x2F;colors&#x2F;0.6.0-1<br>npm http 304 https:&#x2F;&#x2F;registry.npmjs.org&#x2F;pkginfo&#x2F;0.2.2<br>npm http 304 https:&#x2F;&#x2F;registry.npmjs.org&#x2F;commander&#x2F;0.6.1<br>npm http 304 https:&#x2F;&#x2F;registry.npmjs.org&#x2F;wrench&#x2F;1.3.9<br>npm http 200 https:&#x2F;&#x2F;registry.npmjs.org&#x2F;source-map&#x2F;-&#x2F;source-map-0.1.9.tgz<br>npm http 200 https:&#x2F;&#x2F;registry.npmjs.org&#x2F;jake&#x2F;-&#x2F;jake-0.5.9.tgz<br>npm http 200 https:&#x2F;&#x2F;registry.npmjs.org&#x2F;stripcolorcodes&#x2F;0.1.0<br>npm http GET https:&#x2F;&#x2F;registry.npmjs.org&#x2F;stripcolorcodes&#x2F;-&#x2F;stripcolorcodes-0.1.0.tgz<br>npm http 200 https:&#x2F;&#x2F;registry.npmjs.org&#x2F;jsonlint&#x2F;1.5.1<br>npm http GET https:&#x2F;&#x2F;registry.npmjs.org&#x2F;jsonlint&#x2F;-&#x2F;jsonlint-1.5.1.tgz<br>npm http 200 https:&#x2F;&#x2F;registry.npmjs.org&#x2F;xmldom&#x2F;0.1.13<br>npm http GET https:&#x2F;&#x2F;registry.npmjs.org&#x2F;xmldom&#x2F;-&#x2F;xmldom-0.1.13.tgz<br>npm http 200 https:&#x2F;&#x2F;registry.npmjs.org&#x2F;uglify-js&#x2F;2.2.5<br>npm http GET https:&#x2F;&#x2F;registry.npmjs.org&#x2F;uglify-js&#x2F;-&#x2F;uglify-js-2.2.5.tgz<br>npm http 200 https:&#x2F;&#x2F;registry.npmjs.org&#x2F;stripcolorcodes&#x2F;-&#x2F;stripcolorcodes-0.1.0.tgz<br>npm http 200 https:&#x2F;&#x2F;registry.npmjs.org&#x2F;jsonlint&#x2F;-&#x2F;jsonlint-1.5.1.tgz<br>npm http 200 https:&#x2F;&#x2F;registry.npmjs.org&#x2F;xmldom&#x2F;-&#x2F;xmldom-0.1.13.tgz<br>npm http 200 https:&#x2F;&#x2F;registry.npmjs.org&#x2F;uglify-js&#x2F;-&#x2F;uglify-js-2.2.5.tgz<br>npm ERR! error installing alloy@1.1.3<br>npm ERR! error rolling back alloy@1.1.3 Error: UNKNOWN, unknown error &#39;&#x2F;usr&#x2F;local&#x2F;lib&#x2F;node_modules&#x2F;alloy&#39;</p>
<p>npm ERR! Unsupported<br>npm ERR! Not compatible with your version of node&#x2F;npm: source-map@0.1.9<br>npm ERR! Required: {&quot;node&quot;:&quot;&gt;=0.8.0&quot;}<br>npm ERR! Actual:   {&quot;npm&quot;:&quot;1.1.4&quot;,&quot;node&quot;:&quot;0.6.12&quot;}<br>npm ERR!<br>npm ERR! System Linux 3.8.0-34-generic<br>npm ERR! command &quot;node&quot; &quot;&#x2F;usr&#x2F;bin&#x2F;npm&quot; &quot;-g&quot; &quot;install&quot; &quot;alloy&quot; &quot;–color&quot; &quot;false&quot;<br>npm ERR! cwd &#x2F;home&#x2F;essamhassan<br>npm ERR! node -v v0.6.12<br>npm ERR! npm -v 1.1.4<br>npm ERR! code ENOTSUP<br>npm ERR! message Unsupported<br>npm ERR! errno {}<br>npm http GET https:&#x2F;&#x2F;registry.npmjs.org&#x2F;utilities<br>npm http GET https:&#x2F;&#x2F;registry.npmjs.org&#x2F;minimatch<br>npm http GET https:&#x2F;&#x2F;registry.npmjs.org&#x2F;JSV<br>npm http GET https:&#x2F;&#x2F;registry.npmjs.org&#x2F;nomnom<br>npm http GET https:&#x2F;&#x2F;registry.npmjs.org&#x2F;optimist<br>npm ERR!<br>npm ERR! Additional logging details can be found in:<br>npm ERR!     &#x2F;home&#x2F;essamhassan&#x2F;npm-debug.log<br>npm not ok</p>
<p>!ENTRY com.appcelerator.titanium.update 4 4 2013-12-16 22:59:19.806<br>!MESSAGE Error encountered during update<br>!SUBENTRY 1 com.aptana.js.core 4 0 2013-12-16 22:59:19.806<br>!MESSAGE Cannot install Node on platforms other than Windows or Mac.<br>!SUBENTRY 1 com.aptana.js.core 4 0 2013-12-16 22:59:19.806<br>!MESSAGE Failed to install titanium. Please see the Studio log for more information.<br>!SUBENTRY 1 com.aptana.js.core 4 0 2013-12-16 22:59:19.807<br>!MESSAGE Failed to install alloy. Please see the Studio log for more information.</p>

		</section>
		<footer>
			<div class="author">
				&mdash; asked <span title="December 16th 2013, 7:03:28 pm">December 16th 2013</span>
				by <span class='authorname'>Essam Hassan</span>
			</div>

			
				<ul class="tags">
					
						<li><span class='tagname'>alloy</span></li>
					
						<li><span class='tagname'>application</span></li>
					
						<li><span class='tagname'>linux</span></li>
					
						<li><span class='tagname'>node</span></li>
					
						<li><span class='tagname'>update</span></li>
					
				</ul>
			

			<section>
				<h5>0 Comments</h5>
				
			</section>
		</footer>
		<aside class="vote-box">
			<div class="score"><span>0</span> Votes</div>
			<div class="answers"><span>0</span> Answers</div>
		</aside>
	</div>

	<hr>

	<h3>0 Answers</h3>

	
</article>

		</div>
		<div class="col-sm-3"></div>
	</div>
	<div class="row"><div class="signoff">The ownership of individual contributions to this community generated content is retained by the authors of their contributions.<br>All trademarks remain the property of the respective owner.</div></div>
</main>


</body>
</html>
