<!doctype html>
<html>
<head>
	<meta http-equiv="X-UA-Compatible" content="IE=Edge,chrome=1">
	<meta http-equiv="Content-Type" content="text/html; charset=UTF-8">
	<meta charset="utf-8">
	
		<title>unable to build  app after including module » Community Questions &amp; Answers </title>
	
	<meta name="viewport" content="width=device-width,initial-scale=1">
	<link href="../../related/favicon.png" rel="shortcut icon" type="image/png">
	<link href="//fonts.googleapis.com/css?family=Open+Sans:300,400,500,600,700" rel="stylesheet" type="text/css">
	<link href="//d3ilu1xuwhtfe2.cloudfront.net/e8e0ebd/css/style.css" rel="stylesheet" type="text/css">
	<link href="../../related/qa.css" rel="stylesheet" type="text/css">
	<link href="../../related/hybrid.css" rel="stylesheet" type="text/css">
	
	<link href="../../related/overrides.css" rel="stylesheet" type="text/css">
</head>
<body>

<div class='mast'>    <div class='container'>        <div class='row'>            <div class='col-sm-12'>                <div class='masthead'><h1>Titanium Community Questions & Answer Archive</h1><h2>We felt that 6+ years of knowledge should not die so this is the Titanium Community Questions &amp; Answer Archive</h2></div>            </div>        </div>    </div></div>

<main class="container">
	<div class="row">
		<div class="col-sm-12">
			
		</div>
	</div>
	<div class="row">
		<div class="col-sm-12">
			<article class="question-container">
	<div class="question">
		<header>
			<h1>unable to build  app after including module</h1>
		</header>
		<section>
			<p>hi,<br>i am able to create a module,i am using is map module for v2 google map which i downloaded from titaniummarket and included zip file in my project.<br>in index.js i have the following code:<br>var MapModule = require(&#39;ti.map&#39;); var win = Titanium.UI.createWindow();<br>var mountainView = MapModule.createAnnotation({ latitude:37.390749, longitude:-122.081651, title:&quot;Appcelerator Headquarters&quot;, subtitle:&#39;Mountain View, CA&#39;, pincolor:MapModule.ANNOTATION_RED, myid:1 &#x2F;&#x2F; Custom property to uniquely identify this annotation. });<br>var mapview = MapModule.createView({ mapType: MapModule.NORMAL_TYPE, region: {latitude:33.74511, longitude:-84.38993, latitudeDelta:0.01, longitudeDelta:0.01}, animate:true, regionFit:true, userLocation:true, annotations:[mountainView] });<br>win.add(mapview); &#x2F;&#x2F; Handle click events on any annotations on this map. mapview.addEventListener(&#39;click&#39;, function(evt) { Ti.API.info(&quot;Annotation &quot; + evt.title + &quot; clicked, id: &quot; + evt.annotation.myid); }); win.open();<br>when i am trying to build this project i am getting following errors: [INFO] logfile = D:\Titanium_Studio_Workspace_alloy\mapsdemo\build.log [INFO] Building mapsdemo for Android … one moment [INFO] plugin=C:\Users\am804550\AppData\Roaming\Titanium\plugins\ti.alloy\1.0\plugin.py [INFO] Detected compiler plugin: ti.alloy&#x2F;1.0 [ERROR] Application Installer abnormal process termination. Process exit value was 1 [INFO] alloy app found at D:\Titanium_Studio_Workspace_alloy\mapsdemo\app [INFO] Executing Alloy compile: [INFO] alloy.cmd compile D:\Titanium_Studio_Workspace<em>alloy\mapsdemo\app –no-colors –config platform=android,version=8,simtype=none,devicefamily=none,deploytype=development, .<strong> .</strong><br><em>__</em></em> | | | | <strong>_<em> .. </em> \ | | | | &#x2F; _ &lt; | | &#x2F; </strong> | || |( &lt;<em>&gt; )__</em> | (<strong><strong> &#x2F;</strong></strong>&#x2F;<strong><strong>&#x2F;</strong></strong>&#x2F;&#x2F; <em>__</em>| \&#x2F; \&#x2F; [ERROR] TypeError: Cannot read property &#39;nodeName&#39; of null at Object.exports.XML.getAlloyFromFile (C:\Users\am804550\AppData\Roaming\npm\node_modules\alloy\Alloy\utils.js:78:14) at parseAlloyComponent (C:\Users\am804550\AppData\Roaming\npm\node_modules\alloy\Alloy\commands\compile\index.js:331:24) at module.exports.alloyJs (C:\Users\am804550\AppData\Roaming\npm\node_modules\alloy\Alloy\commands\compile\index.js:192:5) at Array.forEach (native) at Function.T.each.T.forEach (C:\Users\am804550\AppData\Roaming\npm\node_modules\alloy\Alloy\lib\alloy\underscore.js:5:625) at C:\Users\am804550\AppData\Roaming\npm\node_modules\alloy\Alloy\commands\compile\index.js:182:5 at Array.forEach (native) at Function.T.each.T.forEach (C:\Users\am804550\AppData\Roaming\npm\node_modules\alloy\Alloy\lib\alloy\underscore.js:5:625) at module.exports (C:\Users\am804550\AppData\Roaming\npm\node_modules\alloy\Alloy\commands\compile\index.js:180:4) at Object.&lt;anonymous&gt; (C:\Users\am804550\AppData\Roaming\npm\node_modules\alloy\Alloy\alloy.js:87:46) at Module._compile (module.js:449:26) at Object.Module._extensions..js (module.js:467:10) at Module.load (module.js:356:32) at Function.Module._load (module.js:312:12) at Module.require (module.js:362:17) at require (module.js:378:17) at Object.&lt;anonymous&gt; (C:\Users\am804550\AppData\Roaming\npm\node_modules\alloy\bin\alloy:3:1) at Module._compile (module.js:449:26) at Object.Module._extensions..js (module.js:467:10) at Module.load (module.js:356:32) at Function.Module._load (module.js:312:12) at Module.runMain (module.js:492:10) at process.startup.processNextTick.process._tickCallback (node.js:244:9) [ERROR] Alloy compile failed</p>

		</section>
		<footer>
			<div class="author">
				&mdash; asked <span title="April 17th 2013, 2:48:19 am">April 17th 2013</span>
				by <span class='authorname'>Avinash babu</span>
			</div>

			
				<ul class="tags">
					
						<li><span class='tagname'>alloy</span></li>
					
						<li><span class='tagname'>android</span></li>
					
						<li><span class='tagname'>application</span></li>
					
						<li><span class='tagname'>map</span></li>
					
						<li><span class='tagname'>mapview</span></li>
					
				</ul>
			

			<section>
				<h5>2 Comments</h5>
				
					<ul class="comments">
					
						<li class="comment">
							<div><p>can&#39;t read the above due to lack of formatting</p>
</div>
							<div class="author">
								&mdash; commented <span title="April 17th 2013, 10:54:59 am">April 17th 2013</span>
								by <span class='authorname'>Tony Lukasavage</span>
							</div>
						</li>
					
						<li class="comment">
							<div><p>hi, i am able to create a module,i am using is map module for v2 google map which i downloaded from titaniummarket and included zip file in my project. in index.js </p>
<p>i have the following code:<br>var MapModule = require(&#39;ti.map&#39;);</p>
<p> var win = Titanium.UI.createWindow(); </p>
<p>var mountainView = MapModule.createAnnotation({ latitude:37.390749, longitude:-122.081651, title:&quot;Appcelerator Headquarters&quot;, subtitle:&#39;Mountain View, CA&#39;, pincolor:MapModule.ANNOTATION_RED, myid:1 &#x2F;&#x2F; Custom property to uniquely identify this annotation. }); </p>
<p>var mapview = MapModule.createView({ mapType: MapModule.NORMAL_TYPE, region: {latitude:33.74511, longitude:-84.38993, latitudeDelta:0.01, longitudeDelta:0.01}, animate:true, regionFit:true, userLocation:true, annotations:[mountainView] }); </p>
<p>win.add(mapview); &#x2F;&#x2F; Handle click events on any annotations on this map. </p>
<p>mapview.addEventListener(&#39;click&#39;, function(evt) { Ti.API.info(&quot;Annotation &quot; + evt.title + &quot; clicked, id: &quot; + evt.annotation.myid); }); </p>
<p>win.open(); </p>
<p>when i am trying to build this project i am getting following errors: </p>
<p>[INFO] logfile = D:\Titanium_Studio_Workspace_alloy\mapsdemo\build.log </p>
<p>[INFO] Building mapsdemo for Android … one moment </p>
<p>[INFO] plugin=C:\Users\am804550\AppData\Roaming\Titanium\plugins\ti.alloy\1.0\plugin.py </p>
<p>[INFO] Detected compiler plugin: ti.alloy&#x2F;1.0 [ERROR] Application Installer abnormal process termination. Process exit value was 1 </p>
<p>[INFO] alloy app found at D:\Titanium_Studio_Workspace_alloy\mapsdemo\app </p>
<p>[INFO] Executing Alloy compile: </p>
<p>[INFO] alloy.cmd compile D:\Titanium_Studio_Workspace<em>alloy\mapsdemo\app –no-colors –config platform=android,version=8,simtype=none,devicefamily=none,deploytype=development, .<strong> .</strong> <em>__</em></em> | | | | <strong>_<em> .. </em> \ | | | | &#x2F; _ &lt; | | &#x2F; </strong> | || |( &lt;<em>&gt; )__</em> | (<strong><strong> &#x2F;</strong></strong>&#x2F;<strong><strong>&#x2F;</strong></strong>&#x2F;&#x2F; <em>__</em>| \&#x2F; \&#x2F; </p>
<p>[ERROR] TypeError: Cannot read property &#39;nodeName&#39; of null at Object.exports.XML.getAlloyFromFile (C:\Users\am804550\AppData\Roaming\npm\node_modules\alloy\Alloy\utils.js:78:14) at parseAlloyComponent (C:\Users\am804550\AppData\Roaming\npm\node_modules\alloy\Alloy\commands\compile\index.js:331:24) at module.exports.alloyJs (C:\Users\am804550\AppData\Roaming\npm\node_modules\alloy\Alloy\commands\compile\index.js:192:5) at Array.forEach (native) at Function.T.each.T.forEach (C:\Users\am804550\AppData\Roaming\npm\node_modules\alloy\Alloy\lib\alloy\underscore.js:5:625) at C:\Users\am804550\AppData\Roaming\npm\node_modules\alloy\Alloy\commands\compile\index.js:182:5 at Array.forEach (native) at Function.T.each.T.forEach (C:\Users\am804550\AppData\Roaming\npm\node_modules\alloy\Alloy\lib\alloy\underscore.js:5:625) at module.exports (C:\Users\am804550\AppData\Roaming\npm\node_modules\alloy\Alloy\commands\compile\index.js:180:4) at Object.&lt;anonymous&gt; (C:\Users\am804550\AppData\Roaming\npm\node_modules\alloy\Alloy\alloy.js:87:46) at Module._compile (module.js:449:26) at Object.Module._extensions..js (module.js:467:10) at Module.load (module.js:356:32) at Function.Module._load (module.js:312:12) at Module.require (module.js:362:17) at require (module.js:378:17) at Object.&lt;anonymous&gt; (C:\Users\am804550\AppData\Roaming\npm\node_modules\alloy\bin\alloy:3:1) at Module._compile (module.js:449:26) at Object.Module._extensions..js (module.js:467:10) at Module.load (module.js:356:32) at Function.Module._load (module.js:312:12) at Module.runMain (module.js:492:10) at process.startup.processNextTick.process._tickCallback (node.js:244:9) [ERROR] Alloy compile failed</p>
</div>
							<div class="author">
								&mdash; commented <span title="April 17th 2013, 11:32:10 am">April 17th 2013</span>
								by <span class='authorname'>Avinash babu</span>
							</div>
						</li>
					
					</ul>
				
			</section>
		</footer>
		<aside class="vote-box">
			<div class="score"><span>0</span> Votes</div>
			<div class="answers"><span>2</span> Answers</div>
		</aside>
	</div>

	<hr>

	<h3>2 Answers</h3>

	
		<ul class="answers">
			
				<li class="answer">
				
					<article id="answer-260875">
				
						<section>
							<p>Hello,</p>
<p>did you added<br>Alloy.Globals.Map = require(‘ti.map’);</p>
<p>in alloy.js? </p>
<p>Best,</p>
<p>Mauro</p>

						</section>
						<footer>
							<div class="author">
								&mdash; answered <span title="April 17th 2013, 3:17:53 am">April 17th 2013</span>
								by <span class='authorname'>Mauro Parra</span><br>
								<a class="icon-bg icon-link" href="question/151064/unable-to-build-app-after-including-module#answer-260875" rel="permalink">permalink</a>
							</div>

							<h5>1 Comment</h5>
							
								<ul class="comments">
								
									<li class="comment">
										<p><p>i added</p>
</p>
										<div class="author">
											&mdash; commented <span title="April 17th 2013, 3:42:18 am">April 17th 2013</span>
											by <span class='authorname'>Avinash babu</span>
										</div>
									</li>
								
								</ul>
							
						</footer>
						<aside class="vote-box">
							<div class="score"><span>0</span> Votes</div>
						</aside>
					</article>
				</li>
			
				<li class="answer">
				
					<article id="answer-260918">
				
						<section>
							<p>Wait, your code makes it appear as though you aren&#39;t really building an Alloy app. Do you have an index.xml? I looks like the parser is choking on the fact that you don&#39;t have a critical file present.</p>

						</section>
						<footer>
							<div class="author">
								&mdash; answered <span title="April 17th 2013, 11:44:07 am">April 17th 2013</span>
								by <span class='authorname'>Tony Lukasavage</span><br>
								<a class="icon-bg icon-link" href="question/151064/unable-to-build-app-after-including-module#answer-260918" rel="permalink">permalink</a>
							</div>

							<h5>2 Comments</h5>
							
								<ul class="comments">
								
									<li class="comment">
										<p><p>i have index.xml</p>
</p>
										<div class="author">
											&mdash; commented <span title="April 17th 2013, 1:30:06 pm">April 17th 2013</span>
											by <span class='authorname'>Avinash babu</span>
										</div>
									</li>
								
									<li class="comment">
										<p><p>Can you please show a test case then that exhibits the error, and please use the syntax highlighting markdown so that it&#39;s readable?</p>
</p>
										<div class="author">
											&mdash; commented <span title="April 17th 2013, 1:36:38 pm">April 17th 2013</span>
											by <span class='authorname'>Tony Lukasavage</span>
										</div>
									</li>
								
								</ul>
							
						</footer>
						<aside class="vote-box">
							<div class="score"><span>0</span> Votes</div>
						</aside>
					</article>
				</li>
			
		</ul>
	
</article>

		</div>
		<div class="col-sm-3"></div>
	</div>
	<div class="row"><div class="signoff">The ownership of individual contributions to this community generated content is retained by the authors of their contributions.<br>All trademarks remain the property of the respective owner.</div></div>
</main>


</body>
</html>
