<!doctype html>
<html>
<head>
	<meta http-equiv="X-UA-Compatible" content="IE=Edge,chrome=1">
	<meta http-equiv="Content-Type" content="text/html; charset=UTF-8">
	<meta charset="utf-8">
	
		<title>Titanium SDK 3.1.0 [ERROR] TypeError: argument of type &#39;NoneType&#39; is not iterable on building android app » Community Questions &amp; Answers </title>
	
	<meta name="viewport" content="width=device-width,initial-scale=1">
	<link href="../../related/favicon.png" rel="shortcut icon" type="image/png">
	<link href="//fonts.googleapis.com/css?family=Open+Sans:300,400,500,600,700" rel="stylesheet" type="text/css">
	<link href="//d3ilu1xuwhtfe2.cloudfront.net/e8e0ebd/css/style.css" rel="stylesheet" type="text/css">
	<link href="../../related/qa.css" rel="stylesheet" type="text/css">
	<link href="../../related/hybrid.css" rel="stylesheet" type="text/css">
	
	<link href="../../related/overrides.css" rel="stylesheet" type="text/css">
</head>
<body>

<div class='mast'>    <div class='container'>        <div class='row'>            <div class='col-sm-12'>                <div class='masthead'><h1>Titanium Community Questions & Answer Archive</h1><h2>We felt that 6+ years of knowledge should not die so this is the Titanium Community Questions &amp; Answer Archive</h2></div>            </div>        </div>    </div></div>

<main class="container">
	<div class="row">
		<div class="col-sm-12">
			
		</div>
	</div>
	<div class="row">
		<div class="col-sm-12">
			<article class="question-container">
	<div class="question">
		<header>
			<h1>Titanium SDK 3.1.0 [ERROR] TypeError: argument of type &#39;NoneType&#39; is not iterable on building android app</h1>
		</header>
		<section>
			<p>Hi,</p>
<p>I´m trying to run an android app with Alloy framework and got this error:</p>
<pre><code class="hljs">[TRACE] Writing out AndroidManifest.xml
[ERROR] Exception occured while building Android project:
[ERROR] Traceback (most recent <span class="hljs-operator"><span class="hljs-keyword">call</span> <span class="hljs-keyword">last</span>):
[<span class="hljs-keyword">ERROR</span>]   <span class="hljs-keyword">File</span> <span class="hljs-string">"C:\Users\Paulo\AppData\Roaming\Titanium\mobilesdk\win32\3.1.0.GA\android\builder.py"</span>, line <span class="hljs-number">2528</span>, <span class="hljs-keyword">in</span> &lt;<span class="hljs-keyword">module</span>&gt;
[<span class="hljs-keyword">ERROR</span>]     builder.build_and_run(<span class="hljs-literal">False</span>, avd_id, debugger_host=debugger_host, profiler_host=profiler_host)
[<span class="hljs-keyword">ERROR</span>]   <span class="hljs-keyword">File</span> <span class="hljs-string">"C:\Users\Paulo\AppData\Roaming\Titanium\mobilesdk\win32\3.1.0.GA\android\builder.py"</span>, line <span class="hljs-number">2264</span>, <span class="hljs-keyword">in</span> build_and_run
[<span class="hljs-keyword">ERROR</span>]     <span class="hljs-keyword">self</span>.manifest_changed = <span class="hljs-keyword">self</span>.generate_android_manifest(compiler)
[<span class="hljs-keyword">ERROR</span>]   <span class="hljs-keyword">File</span> <span class="hljs-string">"C:\Users\Paulo\AppData\Roaming\Titanium\mobilesdk\win32\3.1.0.GA\android\builder.py"</span>, line <span class="hljs-number">1404</span>, <span class="hljs-keyword">in</span> generate_android_manifest
[<span class="hljs-keyword">ERROR</span>]     <span class="hljs-string">'-I'</span>, <span class="hljs-keyword">self</span>.android_jar], warning_regex=r<span class="hljs-string">'skipping'</span>)
[<span class="hljs-keyword">ERROR</span>]   <span class="hljs-keyword">File</span> <span class="hljs-string">"C:\Users\Paulo\AppData\Roaming\Titanium\mobilesdk\win32\3.1.0.GA\android\run.py"</span>, line <span class="hljs-number">38</span>, <span class="hljs-keyword">in</span> run
[<span class="hljs-keyword">ERROR</span>]     print <span class="hljs-string">"[DEBUG] %s"</span> % subprocess.list2cmdline(args_to_log)
[<span class="hljs-keyword">ERROR</span>]   <span class="hljs-keyword">File</span> <span class="hljs-string">"C:\Users\Paulo\AppData\Local\Titanium Studio\plugins\com.appcelerator.titanium.python.win32_1.0.0.1338515509\python\lib\subprocess.py"</span>, line <span class="hljs-number">580</span>, <span class="hljs-keyword">in</span> list2cmdline
[<span class="hljs-keyword">ERROR</span>]     needquote = (<span class="hljs-string">" "</span> <span class="hljs-keyword">in</span> arg) <span class="hljs-keyword">or</span> (<span class="hljs-string">"\t"</span> <span class="hljs-keyword">in</span> arg) <span class="hljs-keyword">or</span> <span class="hljs-keyword">not</span> arg
[<span class="hljs-keyword">ERROR</span>] TypeError: argument <span class="hljs-keyword">of</span> <span class="hljs-keyword">type</span> <span class="hljs-string">'NoneType'</span> <span class="hljs-keyword">is</span> <span class="hljs-keyword">not</span> iterable
[<span class="hljs-keyword">ERROR</span>] :  <span class="hljs-keyword">Build</span> process exited <span class="hljs-keyword">with</span> code <span class="hljs-number">1</span>
[<span class="hljs-keyword">ERROR</span>] :  <span class="hljs-keyword">Project</span> <span class="hljs-keyword">failed</span> <span class="hljs-keyword">to</span> <span class="hljs-keyword">build</span> <span class="hljs-keyword">after</span> <span class="hljs-number">9</span>s <span class="hljs-number">904</span>ms</span>
</code></pre><p>I found some questions about the same issue for the SDK 1.8.0, but none for the 3.1.0, so here I am.</p>
<p>I&#39;m on Windows 7 32bits and all the android SDK&#39;s are correctly installed and the emulator runs normally.</p>
<p>Can someone help me?</p>
<p>Thank you!</p>

		</section>
		<footer>
			<div class="author">
				&mdash; asked <span title="May 17th 2013, 2:30:05 am">May 17th 2013</span>
				by <span class='authorname'>Paulo Silva</span>
			</div>

			
				<ul class="tags">
					
						<li><span class='tagname'>alloy</span></li>
					
						<li><span class='tagname'>android</span></li>
					
						<li><span class='tagname'>build</span></li>
					
						<li><span class='tagname'>crash</span></li>
					
						<li><span class='tagname'>error</span></li>
					
				</ul>
			

			<section>
				<h5>5 Comments</h5>
				
					<ul class="comments">
					
						<li class="comment">
							<div><p>Since updating the android sdk and titanium yesterday I have been unable to build either. And it results in the same error.</p>
</div>
							<div class="author">
								&mdash; commented <span title="May 17th 2013, 8:14:05 am">May 17th 2013</span>
								by <span class='authorname'>rowan smith</span>
							</div>
						</li>
					
						<li class="comment">
							<div><p>this seems to be a very frustrating bug!</p>
</div>
							<div class="author">
								&mdash; commented <span title="May 17th 2013, 8:32:00 am">May 17th 2013</span>
								by <span class='authorname'>Keith Levi Lumanog</span>
							</div>
						</li>
					
						<li class="comment">
							<div><p>I am also having this exact same issue… any guidance would be appreciated.</p>
</div>
							<div class="author">
								&mdash; commented <span title="May 17th 2013, 9:53:21 am">May 17th 2013</span>
								by <span class='authorname'>Vissu Sri</span>
							</div>
						</li>
					
						<li class="comment">
							<div><p>I&#39;m still having this issue. I&#39;ve done the following with no positive effect:</p>
<ul>
<li>Creating a new project</li>
<li>Deleting and downloading the latest Android SDK&#39;s</li>
</ul>
<p>I&#39;m running OSX with Titanium 3.1.0 GA, Alloy 1.1.2</p>
</div>
							<div class="author">
								&mdash; commented <span title="May 17th 2013, 11:19:27 am">May 17th 2013</span>
								by <span class='authorname'>rowan smith</span>
							</div>
						</li>
					
						<li class="comment">
							<div><p>Thanks all of you guys …. I have spent 7 more sleep less night  .Finally I got your  post and<br>It&#39;s simply cool . working fine !<br>But it need to donate for &quot;Link Shell Extension&quot;  Do you know from where we can download free?</p>
<p>Thanks</p>
</div>
							<div class="author">
								&mdash; commented <span title="May 25th 2013, 8:59:16 pm">May 25th 2013</span>
								by <span class='authorname'>Md. Farid Uddin</span>
							</div>
						</li>
					
					</ul>
				
			</section>
		</footer>
		<aside class="vote-box vote-box-answered">
			<div class="score"><span>32</span> Votes</div>
			<div class="answers"><span>14</span> Answers</div>
		</aside>
	</div>

	<hr>

	<h3>14 Answers</h3>

	
		<ul class="answers">
			
				<li class="answer">
				
					<article class="accepted-answer" id="answer-262917">
						<header>
							<h2><span class="icon-bg icon-check-1"></span>Accepted Answer</h2>
						</header>
				
						<section>
							<p>Seems build tools got moved to another directory with the latest Android SDK update. Created symlinks to aapt and dx in &#x2F;Applications&#x2F;Android-sdk&#x2F;platform-tools:</p>
<p>ln -s &#x2F;Applications&#x2F;Android-sdk&#x2F;build-tools&#x2F;17.0.0&#x2F;aapt aapt<br>ln -s &#x2F;Applications&#x2F;Android-sdk&#x2F;build-tools&#x2F;17.0.0&#x2F;dx dx</p>
<p>This solved it for me (after some digging in their Python code).</p>

						</section>
						<footer>
							<div class="author">
								&mdash; answered <span title="May 17th 2013, 10:46:14 am">May 17th 2013</span>
								by <span class='authorname'>Andrey Chirikba</span><br>
								<a class="icon-bg icon-link" href="question/152497/titanium-sdk-310-error-typeerror-argument-of-type-nonetype-is-not-iterable-on-building-android-app#answer-262917" rel="permalink">permalink</a>
							</div>

							<h5>18 Comments</h5>
							
								<ul class="comments">
								
									<li class="comment">
										<p><p>Should read &quot;Create symlinks&quot;</p>
</p>
										<div class="author">
											&mdash; commented <span title="May 17th 2013, 10:46:53 am">May 17th 2013</span>
											by <span class='authorname'>Andrey Chirikba</span>
										</div>
									</li>
								
									<li class="comment">
										<p><p>works fine</p>
</p>
										<div class="author">
											&mdash; commented <span title="May 17th 2013, 11:29:19 am">May 17th 2013</span>
											by <span class='authorname'>Vissu Sri</span>
										</div>
									</li>
								
									<li class="comment">
										<p><p>Hello, adding Andrey commands worked well.<br>Thank you very much.</p>
</p>
										<div class="author">
											&mdash; commented <span title="May 17th 2013, 12:39:06 pm">May 17th 2013</span>
											by <span class='authorname'>Andrés Ortega</span>
										</div>
									</li>
								
									<li class="comment">
										<p><p>Don&#39;t work for me, seems that in Windows things can be different…</p>
</p>
										<div class="author">
											&mdash; commented <span title="May 17th 2013, 7:57:57 pm">May 17th 2013</span>
											by <span class='authorname'>Paulo Silva</span>
										</div>
									</li>
								
									<li class="comment">
										<p><p>Sorry, actually I didn&#39;t make a real symlink on Windows, now everything works fine!<br>For those in Windows, try this tutorial to make the necessary symlinks mentioneds by Andrey:<br><a href="http:&#x2F;&#x2F;www.howtogeek.com&#x2F;howto&#x2F;16226&#x2F;complete-guide-to-symbolic-links-symlinks-on-windows-or-linux&#x2F;">http:&#x2F;&#x2F;www.howtogeek.com&#x2F;howto&#x2F;16226&#x2F;complete-guide-to-symbolic-links-symlinks-on-windows-or-linux&#x2F;</a></p>
<p>By the way, thank you Andrey and everyone here for the help!</p>
</p>
										<div class="author">
											&mdash; commented <span title="May 17th 2013, 8:43:48 pm">May 17th 2013</span>
											by <span class='authorname'>Paulo Silva</span>
										</div>
									</li>
								
									<li class="comment">
										<p><p>Don&#39;t work for me too..I had to return the version of the android sdk</p>
</p>
										<div class="author">
											&mdash; commented <span title="May 17th 2013, 8:47:51 pm">May 17th 2013</span>
											by <span class='authorname'>Celio Azevedo</span>
										</div>
									</li>
								
									<li class="comment">
										<p><p>Working fine on my Linux Mint machine. Thanks a lot!</p>
</p>
										<div class="author">
											&mdash; commented <span title="May 18th 2013, 5:10:30 am">May 18th 2013</span>
											by <span class='authorname'>Nico Riemer</span>
										</div>
									</li>
								
									<li class="comment">
										<p><p>Worked for me as well. Thanks!</p>
</p>
										<div class="author">
											&mdash; commented <span title="May 21st 2013, 12:33:40 pm">May 21st 2013</span>
											by <span class='authorname'>Matt Daw</span>
										</div>
									</li>
								
									<li class="comment">
										<p><p>thank you!!!!</p>
</p>
										<div class="author">
											&mdash; commented <span title="May 22nd 2013, 12:04:19 am">May 22nd 2013</span>
											by <span class='authorname'>Kien Pham</span>
										</div>
									</li>
								
									<li class="comment">
										<p><p>Thanks Andrey…… It worked.</p>
</p>
										<div class="author">
											&mdash; commented <span title="May 24th 2013, 9:57:31 am">May 24th 2013</span>
											by <span class='authorname'>Atul Hirve</span>
										</div>
									</li>
								
									<li class="comment">
										<p><p>This works for me ….thank you so much..Andrey.</p>
</p>
										<div class="author">
											&mdash; commented <span title="May 29th 2013, 5:43:26 am">May 29th 2013</span>
											by <span class='authorname'>kabindra simkhada</span>
										</div>
									</li>
								
									<li class="comment">
										<p><p>SWEET, worked! You also need to symlink the lib folder in there.</p>
</p>
										<div class="author">
											&mdash; commented <span title="May 30th 2013, 5:17:56 am">May 30th 2013</span>
											by <span class='authorname'>Gazihan Alankus</span>
										</div>
									</li>
								
									<li class="comment">
										<p><p>I just want to say that you guys rock! I have been working on this issue for a couple days now and this got the job done. </p>
<pre><code class="hljs">What took me <span class="hljs-operator">the</span> most <span class="hljs-built_in">time</span> <span class="hljs-built_in">to</span> <span class="hljs-built_in">get</span> this <span class="hljs-built_in">to</span> work was making sure that I was <span class="hljs-operator">in</span> /Applications/Android-sdk/<span class="hljs-built_in">platform</span>-tools <span class="hljs-keyword">before</span> I ran <span class="hljs-operator">the</span> other <span class="hljs-number">2</span> <span class="hljs-keyword">lines</span>. I did have <span class="hljs-built_in">to</span> run <span class="hljs-operator">the</span> <span class="hljs-constant">two</span> <span class="hljs-keyword">lines</span> separately, but <span class="hljs-keyword">it</span> worked <span class="hljs-operator">in</span> <span class="hljs-operator">the</span> <span class="hljs-keyword">end</span>. I had <span class="hljs-built_in">to</span> <span class="hljs-built_in">wait</span> <span class="hljs-operator">a</span> couple <span class="hljs-operator">of</span> minutes <span class="hljs-keyword">for</span> my <span class="hljs-keyword">system</span> <span class="hljs-built_in">to</span> make that link <span class="hljs-operator">and</span> be able <span class="hljs-built_in">to</span> run my emulator again <span class="hljs-operator">with</span> <span class="hljs-keyword">it</span>. 
</code></pre><p>Again, thank you.</p>
</p>
										<div class="author">
											&mdash; commented <span title="June 3rd 2013, 12:58:47 pm">June 3rd 2013</span>
											by <span class='authorname'>Chris Nelson</span>
										</div>
									</li>
								
									<li class="comment">
										<p><p>Thanks Andrey…… It worked like a charm!</p>
</p>
										<div class="author">
											&mdash; commented <span title="June 4th 2013, 5:44:55 pm">June 4th 2013</span>
											by <span class='authorname'>Adriano Paladini</span>
										</div>
									</li>
								
									<li class="comment">
										<p><p>I thank you so much for this … I&#39;ve spent so much time trying to work out what I thought I was doing wrong and judging by similar threads over the same issue one can only imagine how many of our combined man-hours were sacrificed over this.</p>
<p>I sometimes wonder if there is some sort of a conspiracy to weed out the less patient programmers amongst us. If there is anything I can do to help make up some of this lost time I&#39;d like to recomend checking this out: http:&#x2F;&#x2F;docs.appcelerator.com&#x2F;titanium&#x2F;2.0&#x2F;#!&#x2F;guide&#x2F;Speeding_up_Titanium_Mobile_Builds … Many thanks again!</p>
</p>
										<div class="author">
											&mdash; commented <span title="June 8th 2013, 9:54:37 pm">June 8th 2013</span>
											by <span class='authorname'>&#x2F;\&#x2F; ; ) c &#x2F;&lt; ...</span>
										</div>
									</li>
								
									<li class="comment">
										<p><p>great thanks!<br>I&#39;m on windows so i used mklink. I had to add a link to lib&#x2F;dx.jar for it to work. What I dit was<br>1) add folder &#39;lib&#39; to platform-tools folder<br>2) in command line:</p>
<pre><code class="hljs">cd %<span class="hljs-constant">YOUR_ANDROID_DIR</span>%\platform-tools    
mklink aapt.exe ..\build-tools\android-<span class="hljs-number">4.2</span>.<span class="hljs-number">2</span>\aapt.exe
mklink dx.bat ..\build-tools\android-<span class="hljs-number">4.2</span>.<span class="hljs-number">2</span>\dx.bat      
cd <span class="hljs-class"><span class="hljs-keyword">lib</span>                                </span>
mklink dx.bat ..\..\build-tools\android-<span class="hljs-number">4.2</span>.<span class="hljs-number">2</span>\<span class="hljs-class"><span class="hljs-keyword">lib</span>\<span class="hljs-title">dx</span>.<span class="hljs-title">jar</span></span>
</code></pre><p>Hope it helps!</p>
</p>
										<div class="author">
											&mdash; commented <span title="June 10th 2013, 8:39:29 am">June 10th 2013</span>
											by <span class='authorname'>han woolderink</span>
										</div>
									</li>
								
									<li class="comment">
										<p><p>This fixes the same problem on OSX, but dx and aapt are in build-tools&#x2F;android-4.2.2 instaed of build-tools&#x2F;17. Thanks.</p>
</p>
										<div class="author">
											&mdash; commented <span title="June 21st 2013, 7:05:45 pm">June 21st 2013</span>
											by <span class='authorname'>Joe Wright</span>
										</div>
									</li>
								
									<li class="comment">
										<p><p>Thanks. Great.</p>
</p>
										<div class="author">
											&mdash; commented <span title="July 8th 2013, 2:36:59 am">July 8th 2013</span>
											by <span class='authorname'>Yogin Bhungalia</span>
										</div>
									</li>
								
								</ul>
							
						</footer>
						<aside class="vote-box vote-box-answered">
							<div class="score"><span>71</span> Votes</div>
						</aside>
					</article>
				</li>
			
				<li class="answer">
				
					<article id="answer-262952">
				
						<section>
							<p>I simply copied all the files from build-tool&#x2F;17.0.0&#x2F; to platform-tools </p>
<p>This worked for me :)</p>

						</section>
						<footer>
							<div class="author">
								&mdash; answered <span title="May 18th 2013, 6:02:09 am">May 18th 2013</span>
								by <span class='authorname'>Kunal Sagar</span><br>
								<a class="icon-bg icon-link" href="question/152497/titanium-sdk-310-error-typeerror-argument-of-type-nonetype-is-not-iterable-on-building-android-app#answer-262952" rel="permalink">permalink</a>
							</div>

							<h5>12 Comments</h5>
							
								<ul class="comments">
								
									<li class="comment">
										<p><p>Also possible, you would only need to do this every time you update the build tools ;)</p>
</p>
										<div class="author">
											&mdash; commented <span title="May 18th 2013, 6:22:58 am">May 18th 2013</span>
											by <span class='authorname'>Andrey Chirikba</span>
										</div>
									</li>
								
									<li class="comment">
										<p><p>Hi all,<br>I have created two links for aapt and dx from build-tool&#x2F;17.0.0&#x2F; in platform-tools directory</p>
<p>All is ok for me no more erros during compilation :-)</p>
</p>
										<div class="author">
											&mdash; commented <span title="May 19th 2013, 2:04:26 pm">May 19th 2013</span>
											by <span class='authorname'>Jean-Charles KHALIFA</span>
										</div>
									</li>
								
									<li class="comment">
										<p><p>I made same, and working, 10x</p>
</p>
										<div class="author">
											&mdash; commented <span title="May 23rd 2013, 11:00:23 am">May 23rd 2013</span>
											by <span class='authorname'>Florin Colotin</span>
										</div>
									</li>
								
									<li class="comment">
										<p><p>This worked for me.. Thanks Kunal</p>
</p>
										<div class="author">
											&mdash; commented <span title="June 3rd 2013, 5:57:52 am">June 3rd 2013</span>
											by <span class='authorname'>Ruel Luna</span>
										</div>
									</li>
								
									<li class="comment">
										<p><p>Perfect!!!</p>
</p>
										<div class="author">
											&mdash; commented <span title="June 3rd 2013, 11:35:46 am">June 3rd 2013</span>
											by <span class='authorname'>Juan Andres Guillamet Chargue</span>
										</div>
									</li>
								
									<li class="comment">
										<p><p>links didn&#39;t work, but copy all files worked just fine. Thx</p>
</p>
										<div class="author">
											&mdash; commented <span title="June 3rd 2013, 3:22:30 pm">June 3rd 2013</span>
											by <span class='authorname'>Iguatemi Garin</span>
										</div>
									</li>
								
									<li class="comment">
										<p><p>finally! it works thank you!!!!</p>
</p>
										<div class="author">
											&mdash; commented <span title="June 4th 2013, 4:53:39 am">June 4th 2013</span>
											by <span class='authorname'>Kenneth Key</span>
										</div>
									</li>
								
									<li class="comment">
										<p><p>Thanks bro.. it works perfectly for me :D</p>
</p>
										<div class="author">
											&mdash; commented <span title="June 19th 2013, 11:20:20 pm">June 19th 2013</span>
											by <span class='authorname'>Michael Frans</span>
										</div>
									</li>
								
									<li class="comment">
										<p><p>Thanks a lot!  <em>__</em></p>
</p>
										<div class="author">
											&mdash; commented <span title="June 20th 2013, 3:23:53 pm">June 20th 2013</span>
											by <span class='authorname'>Vittorio Sorbera</span>
										</div>
									</li>
								
									<li class="comment">
										<p><p>Bas idea. Better to create symlinks.</p>
</p>
										<div class="author">
											&mdash; commented <span title="July 8th 2013, 2:37:30 am">July 8th 2013</span>
											by <span class='authorname'>Yogin Bhungalia</span>
										</div>
									</li>
								
									<li class="comment">
										<p><p>This worked beautifully for me on mac. Kudos</p>
</p>
										<div class="author">
											&mdash; commented <span title="July 25th 2013, 4:43:31 pm">July 25th 2013</span>
											by <span class='authorname'>Jonathan Malott</span>
										</div>
									</li>
								
									<li class="comment">
										<p><p>worked for me .. THanks ,, thanks alot ,,you saved me ….Only this solution worked.. :)</p>
</p>
										<div class="author">
											&mdash; commented <span title="August 3rd 2013, 11:07:29 am">August 3rd 2013</span>
											by <span class='authorname'>rajiv kumar</span>
										</div>
									</li>
								
								</ul>
							
						</footer>
						<aside class="vote-box">
							<div class="score"><span>25</span> Votes</div>
						</aside>
					</article>
				</li>
			
				<li class="answer">
				
					<article id="answer-263075">
				
						<section>
							<p>I have had the issue described here.  I am running on windows 7 so linking to the missing files was not an option.  My Android SDK is located in c:\android.  So based on Andrey&#39;s post above I copied the following files:</p>
<pre><code class="hljs">C:<span class="hljs-command">\Android</span><span class="hljs-command">\build</span>-tools\17.0.0<span class="hljs-command">\aapt</span>.exe to C:<span class="hljs-command">\Android</span><span class="hljs-command">\platform</span>-tools<span class="hljs-command">\aapt</span>.exe
C:<span class="hljs-command">\Android</span><span class="hljs-command">\build</span>-tools\17.0.0<span class="hljs-command">\dx</span>.bat  to  C:<span class="hljs-command">\Android</span><span class="hljs-command">\platform</span>-tools<span class="hljs-command">\dx</span>.bat
C:<span class="hljs-command">\Android</span><span class="hljs-command">\build</span>-tools\17.0.0<span class="hljs-command">\lib</span>  to  C:<span class="hljs-command">\Android</span><span class="hljs-command">\platform</span>-tools<span class="hljs-command">\lib</span>
</code></pre><p>I then cleaned the project and rebuilt and everything is now working.</p>

						</section>
						<footer>
							<div class="author">
								&mdash; answered <span title="May 21st 2013, 3:43:26 am">May 21st 2013</span>
								by <span class='authorname'>John Comerford</span><br>
								<a class="icon-bg icon-link" href="question/152497/titanium-sdk-310-error-typeerror-argument-of-type-nonetype-is-not-iterable-on-building-android-app#answer-263075" rel="permalink">permalink</a>
							</div>

							<h5>8 Comments</h5>
							
								<ul class="comments">
								
									<li class="comment">
										<p><p>Yes, moving the files work to, but like Andrey said, you gonna need do this again every time you update your Android SDK, so you can follow this link <a href="http:&#x2F;&#x2F;www.howtogeek.com&#x2F;howto&#x2F;16226&#x2F;complete-guide-to-symbolic-links-symlinks-on-windows-or-linux&#x2F;">http:&#x2F;&#x2F;www.howtogeek.com&#x2F;howto&#x2F;16226&#x2F;complete-guide-to-symbolic-links-symlinks-on-windows-or-linux&#x2F;</a> to make syslinks on windows</p>
</p>
										<div class="author">
											&mdash; commented <span title="May 21st 2013, 10:41:02 am">May 21st 2013</span>
											by <span class='authorname'>Paulo Silva</span>
										</div>
									</li>
								
									<li class="comment">
										<p><p>Thanks a lot!!</p>
<p>I had the same problem on my mac, desprately i installed windows in virtualbox and also the same problem, but this solution fixed it for me :-) !!</p>
</p>
										<div class="author">
											&mdash; commented <span title="May 25th 2013, 10:24:37 am">May 25th 2013</span>
											by <span class='authorname'>Erik Eisinga</span>
										</div>
									</li>
								
									<li class="comment">
										<p><p>Hi,<br>I just follow as you mentioned and it works for me.<br>Thanks</p>
</p>
										<div class="author">
											&mdash; commented <span title="June 4th 2013, 1:29:44 am">June 4th 2013</span>
											by <span class='authorname'>Nouman Arshad</span>
										</div>
									</li>
								
									<li class="comment">
										<p><p>Hi, how can i fix this error on MAC?? Thanks</p>
</p>
										<div class="author">
											&mdash; commented <span title="June 13th 2013, 2:42:05 pm">June 13th 2013</span>
											by <span class='authorname'>darren brown</span>
										</div>
									</li>
								
									<li class="comment">
										<p><p>It worked on Windows 7! I did just like John Comerford said. Thanks John!<br>I was not able to start the emulator after the update to 18.0.1.</p>
</p>
										<div class="author">
											&mdash; commented <span title="August 10th 2013, 7:48:02 pm">August 10th 2013</span>
											by <span class='authorname'>Charlie B</span>
										</div>
									</li>
								
									<li class="comment">
										<p><p>great it works for me also. thanx</p>
</p>
										<div class="author">
											&mdash; commented <span title="September 4th 2013, 6:49:13 am">September 4th 2013</span>
											by <span class='authorname'>Nik Viradiya</span>
										</div>
									</li>
								
									<li class="comment">
										<p><p>Also using W7 w Studio 3.1.3 &amp; Android 18 but there is no 17.0.0\build-tools folder under Android ???. What do I do then ?</p>
</p>
										<div class="author">
											&mdash; commented <span title="November 10th 2013, 2:10:23 pm">November 10th 2013</span>
											by <span class='authorname'>John Mohan</span>
										</div>
									</li>
								
									<li class="comment">
										<p><p>[ERROR] :  Build process exited with code 1<br>[ERROR] Application Installer abnormal process termination. Process exit value was 1</p>
<p>Having same issue as others have described.  Environment:</p>
<ul>
<li>I have both Java 32 and 64 bit installed on Win7 machine</li>
<li>Titanium 3.1.3</li>
<li>Android 11 and 19 SDKs in d:\android-sdk</li>
<li>copied the aapt, dx and &#x2F;lib to build tools</li>
</ul>
<p>I also set an env variable the other day to point to android but I don&#39;t see the variable listed when I look at the env variables in system&#x2F;advanced settings</p>
<p>I&#39;m not a &quot;real developer&quot; but trying out Titanium since I&#39;ve read a lot of good things. Man this is frustrating…</p>
<p>Carl</p>
<p>[INFO] :   Alloy compiled in 1.42006s<br>[INFO] :   Alloy compiler completed successfully<br>[INFO] :   Running emulator process: python &quot;C:\Users\Carl\AppData\Roaming\Titanium\mobilesdk\win32\3.1.3.GA\android\builder.py&quot; &quot;emulator&quot; &quot;test1&quot; &quot;D:\android-sdk&quot; &quot;D:\Titanium Studio\test1&quot; &quot;com.test.who&quot; &quot;3&quot; &quot;HVGA&quot; &quot;armeabi-v7a&quot;<br>[INFO] :   Running build process:  python &quot;C:\Users\Carl\AppData\Roaming\Titanium\mobilesdk\win32\3.1.3.GA\android\builder.py&quot; &quot;simulator&quot; &quot;test1&quot; &quot;D:\android-sdk&quot; &quot;D:\Titanium Studio\test1&quot; &quot;com.test.who&quot; &quot;3&quot; &quot;HVGA&quot;<br>[INFO] logfile = D:\Titanium Studio\test1\build.log<br>[ERROR] :  Build process exited with code 1<br>[ERROR] Application Installer abnormal process termination. Process exit value was 1</p>
</p>
										<div class="author">
											&mdash; commented <span title="November 29th 2013, 8:27:07 pm">November 29th 2013</span>
											by <span class='authorname'>Carl Johnson</span>
										</div>
									</li>
								
								</ul>
							
						</footer>
						<aside class="vote-box">
							<div class="score"><span>11</span> Votes</div>
						</aside>
					</article>
				</li>
			
				<li class="answer">
				
					<article id="answer-263366">
				
						<section>
							<p>This bug was fixed in <a href="https:&#x2F;&#x2F;jira.appcelerator.org&#x2F;browse&#x2F;TIMOB-13944">https:&#x2F;&#x2F;jira.appcelerator.org&#x2F;browse&#x2F;TIMOB-13944</a> and will be available with Titanium SDK 3.1.1.GA.</p>

						</section>
						<footer>
							<div class="author">
								&mdash; answered <span title="May 27th 2013, 4:40:50 am">May 27th 2013</span>
								by <span class='authorname'>Chris Barber</span><br>
								<a class="icon-bg icon-link" href="question/152497/titanium-sdk-310-error-typeerror-argument-of-type-nonetype-is-not-iterable-on-building-android-app#answer-263366" rel="permalink">permalink</a>
							</div>

							<h5>3 Comments</h5>
							
								<ul class="comments">
								
									<li class="comment">
										<p><p>how can i fix on MAC??<br>When will 3.1.1 be available??</p>
</p>
										<div class="author">
											&mdash; commented <span title="June 13th 2013, 2:42:57 pm">June 13th 2013</span>
											by <span class='authorname'>darren brown</span>
										</div>
									</li>
								
									<li class="comment">
										<p><p>running Studio 3.1.1 on W7 and still have bug ?</p>
</p>
										<div class="author">
											&mdash; commented <span title="November 7th 2013, 3:58:41 pm">November 7th 2013</span>
											by <span class='authorname'>John Mohan</span>
										</div>
									</li>
								
									<li class="comment">
										<p><p>Not available for sdk 3.1.1 nor 3.1.2 but 3.2+</p>
</p>
										<div class="author">
											&mdash; commented <span title="November 9th 2013, 5:17:02 pm">November 9th 2013</span>
											by <span class='authorname'>John Mohan</span>
										</div>
									</li>
								
								</ul>
							
						</footer>
						<aside class="vote-box">
							<div class="score"><span>4</span> Votes</div>
						</aside>
					</article>
				</li>
			
				<li class="answer">
				
					<article id="answer-263171">
				
						<section>
							<p>I used symlinks under windows, this works to. I guess symlink.exe is available for cli, but I used the Link Shell Extension: http:&#x2F;&#x2F;schinagl.priv.at&#x2F;nt&#x2F;hardlinkshellext&#x2F;hardlinkshellext.html</p>
<p>When installed, just </p>
<ul>
<li>go to build-tools\17.0.0, </li>
<li>select lib, aapt AND dx, </li>
<li>right click and choose &#39;Pick link source&#39;</li>
<li>go to platform-tools</li>
<li>right click in this window</li>
<li>choose drop as -&gt; symbolic link</li>
</ul>

						</section>
						<footer>
							<div class="author">
								&mdash; answered <span title="May 22nd 2013, 11:14:44 am">May 22nd 2013</span>
								by <span class='authorname'>Jelmer Jellema</span><br>
								<a class="icon-bg icon-link" href="question/152497/titanium-sdk-310-error-typeerror-argument-of-type-nonetype-is-not-iterable-on-building-android-app#answer-263171" rel="permalink">permalink</a>
							</div>

							<h5>2 Comments</h5>
							
								<ul class="comments">
								
									<li class="comment">
										<p><p>worked for me! Thanks Jelmer. These problems make the platform lose stability. I lost a day&#39;s work for an Android update. I think I&#39;ll have to stop being lazy and get me to the world of java: P</p>
</p>
										<div class="author">
											&mdash; commented <span title="May 23rd 2013, 12:13:20 pm">May 23rd 2013</span>
											by <span class='authorname'>soporte loco</span>
										</div>
									</li>
								
									<li class="comment">
										<p><p>I had Titanium installed for a while and made my Hello World. But now i suddenly had to fix someone elses project. Took me two days to get the app started in the emulator. Of course Titanium builds &#39;native&#39; apps, but it should have a one click installer (like sencha architect does). I don&#39;t want to wrestle with all the different components. Those are open source, right? Include them!</p>
<p>But well, bit off topic.</p>
</p>
										<div class="author">
											&mdash; commented <span title="May 23rd 2013, 12:23:19 pm">May 23rd 2013</span>
											by <span class='authorname'>Jelmer Jellema</span>
										</div>
									</li>
								
								</ul>
							
						</footer>
						<aside class="vote-box">
							<div class="score"><span>2</span> Votes</div>
						</aside>
					</article>
				</li>
			
				<li class="answer">
				
					<article id="answer-262875">
				
						<section>
							<p>Hello.<br>Yesterday Android actualize it offered updates since then to run any application with the Android emulator does not work and the console shows the following error:</p>
<p>Titanium Command-Line Interface, CLI version 3.1.0, Titanium SDK version 3.1.0.GA<br>Copyright (c) 2012-2013 Appcelerator, Inc. All Rights Reserved.<br>Please report bugs to http:&#x2F;&#x2F;jira.appcelerator.org&#x2F;<br>[INFO]: Running emulator process: python &quot;&#x2F; Users &#x2F; AOH &#x2F; Library &#x2F; Application Support&#x2F;Titanium&#x2F;mobilesdk&#x2F;osx&#x2F;3.1.0.GA&#x2F;android&#x2F;builder.py&quot; &quot;emulator&quot; &quot;gpvComercial&quot; &quot;&#x2F; Users &#x2F; AOH &#x2F; Documents&#x2F;SDK&#x2F;Android&#x2F;adt-bundle-mac-x86_64&#x2F;sdk &quot;&quot; &#x2F; Users &#x2F; AOH &#x2F; Documents &#x2F; Titanium Studio Workspace AOH &#x2F; gpvComercial &quot;&quot; com.appcelerator.gpvComercial &quot;&quot; 12 &quot;&quot; QVGA &quot;&quot; armeabi-v7a &quot;<br>[INFO]: Running build process: python &quot;&#x2F; Users &#x2F; AOH &#x2F; Library &#x2F; Application Support&#x2F;Titanium&#x2F;mobilesdk&#x2F;osx&#x2F;3.1.0.GA&#x2F;android&#x2F;builder.py&quot; &quot;simulator&quot; &quot;gpvComercial&quot; &quot;&#x2F; Users &#x2F; AOH &#x2F; Documents&#x2F;SDK&#x2F;Android&#x2F;adt-bundle-mac-x86_64&#x2F;sdk &quot;&quot; &#x2F; Users &#x2F; AOH &#x2F; Documents &#x2F; Titanium Studio Workspace AOH &#x2F; gpvComercial &quot;&quot; com.appcelerator.gpvComercial &quot;&quot; 12 &quot;&quot; QVGA &quot;<br>[INFO] logfile = &#x2F; Users &#x2F; AOH &#x2F; Documents &#x2F; Titanium Studio Workspace AOH &#x2F; gpvComercial &#x2F; build.log<br>[INFO] Building gpvComercial for Android … one moment<br>[INFO]: Emulator is running<br>[INFO] Titanium SDK version: 3.1.0 (04&#x2F;15&#x2F;13 18:45 57634ef)<br>[INFO] Copying … CommonJS modules<br>[INFO] Copying project resources ..<br>[INFO] Tiapp.xml unchanged, skipping class generation<br>[INFO] Compiling Javascript Resources …<br>[ERROR] Error generating R.java from manifest<br>[ERROR]: Build process exited with code 1<br>[ERROR]: Project failed to build after 959ms</p>
<p>I guess we can not run applications until this situation can be corrected.</p>
<p>How can you go back to the previous situation?.</p>
<p>Greetings.</p>

						</section>
						<footer>
							<div class="author">
								&mdash; answered <span title="May 17th 2013, 6:14:59 am">May 17th 2013</span>
								by <span class='authorname'>Andrés Ortega</span><br>
								<a class="icon-bg icon-link" href="question/152497/titanium-sdk-310-error-typeerror-argument-of-type-nonetype-is-not-iterable-on-building-android-app#answer-262875" rel="permalink">permalink</a>
							</div>

							<h5>1 Comment</h5>
							
								<ul class="comments">
								
									<li class="comment">
										<p><p>I got this &quot;Error generating R.java from manifest&quot; too when runing the project without &quot;clean&quot; it, guess it&#39;s a side effect of the original error.</p>
</p>
										<div class="author">
											&mdash; commented <span title="May 17th 2013, 10:39:22 am">May 17th 2013</span>
											by <span class='authorname'>Paulo Silva</span>
										</div>
									</li>
								
								</ul>
							
						</footer>
						<aside class="vote-box">
							<div class="score"><span>1</span> Vote</div>
						</aside>
					</article>
				</li>
			
				<li class="answer">
				
					<article id="answer-263055">
				
						<section>
							<p>I have the same problem friends</p>
<p>WINDOWS 7-</p>
<p>uild_and_run(True, avd_id, device_args=device_args, debugger_host=debugger_host, profiler_host=profiler_host)<br>[ERROR]   File &quot;E:\Users\WRL\AppData\Roaming\Titanium\mobilesdk\win32\3.1.0.GA\android\builder.py&quot;, line 2264, in build_and_run<br>[ERROR]     self.manifest_changed = self.generate_android_manifest(compiler)<br>[ERROR]   File &quot;E:\Users\WRL\AppData\Roaming\Titanium\mobilesdk\win32\3.1.0.GA\android\builder.py&quot;, line 1404, in generate_android_manifest<br>[ERROR]     &#39;-I&#39;, self.android_jar], warning_regex=r&#39;skipping&#39;)<br>[ERROR]   File &quot;E:\Users\WRL\AppData\Roaming\Titanium\mobilesdk\win32\3.1.0.GA\android\run.py&quot;, line 38, in run<br>[ERROR]     print &quot;[DEBUG] %s&quot; % subprocess.list2cmdline(args_to_log)<br>[ERROR]   File &quot;E:\Python27\lib\subprocess.py&quot;, line 587, in list2cmdline<br>[ERROR]     needquote = (&quot; &quot; in arg) or (&quot;\t&quot; in arg) or not arg<br>[ERROR] TypeError: argument of type &#39;NoneType&#39; is not iterable<br>[ERROR] :  Build process exited with code 1<br>[ERROR] :  Project failed to build after 12s 646ms</p>

						</section>
						<footer>
							<div class="author">
								&mdash; answered <span title="May 20th 2013, 10:45:19 pm">May 20th 2013</span>
								by <span class='authorname'>soporte loco</span><br>
								<a class="icon-bg icon-link" href="question/152497/titanium-sdk-310-error-typeerror-argument-of-type-nonetype-is-not-iterable-on-building-android-app#answer-263055" rel="permalink">permalink</a>
							</div>

							<h5>2 Comments</h5>
							
								<ul class="comments">
								
									<li class="comment">
										<p><p>Read my comment on the accepted answer, it should work!</p>
</p>
										<div class="author">
											&mdash; commented <span title="May 21st 2013, 12:25:10 am">May 21st 2013</span>
											by <span class='authorname'>Paulo Silva</span>
										</div>
									</li>
								
									<li class="comment">
										<p><p>I had the same issue on windows 7, I have posted a list of files to copy for windows on this thread</p>
</p>
										<div class="author">
											&mdash; commented <span title="May 21st 2013, 3:46:57 am">May 21st 2013</span>
											by <span class='authorname'>John Comerford</span>
										</div>
									</li>
								
								</ul>
							
						</footer>
						<aside class="vote-box">
							<div class="score"><span>0</span> Votes</div>
						</aside>
					</article>
				</li>
			
				<li class="answer">
				
					<article id="answer-263285">
				
						<section>
							<p>any solution available for windows 8 (Pro 64bit). done all above advices without success. node.0.8.22 was installed, android sdk most ecent ones and all 2.x installed. did test it with .lnk within explorer and also from cli with mklink &#x2F;D to create symlinks as Admin. all no success. will uninstall all now and try it with default installation but without any update… ;-( </p>
<p>To be honest its an absolut nonstarter if I have to struggle for days now to get a bloody simple helo world sample up and running - which I now it was running 4 days ago. It is stated in the starting do to keep you installation always uptodate… thanks … it seems that this is equivalent to play beta tester.</p>
<p>Georg</p>

						</section>
						<footer>
							<div class="author">
								&mdash; answered <span title="May 24th 2013, 11:25:25 am">May 24th 2013</span>
								by <span class='authorname'>Georg Kaefer</span><br>
								<a class="icon-bg icon-link" href="question/152497/titanium-sdk-310-error-typeerror-argument-of-type-nonetype-is-not-iterable-on-building-android-app#answer-263285" rel="permalink">permalink</a>
							</div>

							<h5>1 Comment</h5>
							
								<ul class="comments">
								
									<li class="comment">
										<p><p>ok: the solution for me was: primary the tip of copying the files. symlinks did not work on my win8. AND I had to copy all content of the mentioned directory inclkuding all subdir and overwriting existing files too.</p>
</p>
										<div class="author">
											&mdash; commented <span title="May 25th 2013, 7:01:32 pm">May 25th 2013</span>
											by <span class='authorname'>Georg Kaefer</span>
										</div>
									</li>
								
								</ul>
							
						</footer>
						<aside class="vote-box">
							<div class="score"><span>0</span> Votes</div>
						</aside>
					</article>
				</li>
			
				<li class="answer">
				
					<article id="answer-266009">
				
						<section>
							<p>I am having the same issue with MAC 10.8.4 . I tried all the steps mentioned above but not able to fix the issue.</p>
<pre><code class="hljs">Titanium Command-<span class="hljs-keyword">Line</span> Interface, <span class="hljs-keyword">CLI</span> <span class="hljs-keyword">version</span> 3.1.1, Titanium SDK <span class="hljs-keyword">version</span> 3.0.2.GA
<span class="hljs-keyword">Copyright</span> (c) 2012-2013, Appcelerator, Inc.  All Rights Reserved.
Please <span class="hljs-keyword">report</span> bugs to http:<span class="hljs-comment">//jira.appcelerator.org/</span>
[INFO] logfile = /Volumes/Data/IDE_Workspaces/Titanium_Studio_Workspace/TestApp/build.<span class="hljs-literal">log</span>
[INFO] Building TestApp <span class="hljs-keyword">for</span> Android ... <span class="hljs-keyword">one</span> moment
[INFO] Titanium SDK <span class="hljs-keyword">version</span>: 3.0.2 (02/15/13 19:02 5a77fe7)
[INFO] Waiting <span class="hljs-keyword">for</span> the Android Emulator to become available
[INFO] Fastdev server running, deploying <span class="hljs-keyword">in</span> Fastdev mode
[INFO] Copying CommonJS modules...
[INFO] Copying project resources..
[INFO] Tiapp.xml unchanged, skipping <span class="hljs-keyword">class</span> generation
[INFO] Force including all modules...
[INFO] Compiling Javascript Resources ...
[INFO] Compiling localization files
[<span class="hljs-keyword">ERROR</span>] Exception occured <span class="hljs-keyword">while</span> building Android project:
[<span class="hljs-keyword">ERROR</span>] Traceback (most recent call last):
[<span class="hljs-keyword">ERROR</span>]   <span class="hljs-keyword">File</span> <span class="hljs-string">"/Users/XXX/Library/Application Support/Titanium/mobilesdk/osx/3.0.2.GA/android/builder.py"</span>, <span class="hljs-keyword">line</span> 2392, <span class="hljs-keyword">in</span> &lt;module&gt;
[<span class="hljs-keyword">ERROR</span>]     builder.build_and_run(False, avd_id, debugger_host=debugger_host)
[<span class="hljs-keyword">ERROR</span>]   <span class="hljs-keyword">File</span> <span class="hljs-string">"/Users/XXX/Library/Application Support/Titanium/mobilesdk/osx/3.0.2.GA/android/builder.py"</span>, <span class="hljs-keyword">line</span> 2141, <span class="hljs-keyword">in</span> build_and_run
[<span class="hljs-keyword">ERROR</span>]     self.manifest_changed = self.generate_android_manifest(compiler)
[<span class="hljs-keyword">ERROR</span>]   <span class="hljs-keyword">File</span> <span class="hljs-string">"/Users/XXX/Library/Application Support/Titanium/mobilesdk/osx/3.0.2.GA/android/builder.py"</span>, <span class="hljs-keyword">line</span> 877, <span class="hljs-keyword">in</span> generate_android_manifest
[<span class="hljs-keyword">ERROR</span>]     self.generate_localizations()
[<span class="hljs-keyword">ERROR</span>]   <span class="hljs-keyword">File</span> <span class="hljs-string">"/Users/XXX/Library/Application Support/Titanium/mobilesdk/osx/3.0.2.GA/android/builder.py"</span>, <span class="hljs-keyword">line</span> 1404, <span class="hljs-keyword">in</span> generate_localizations
[<span class="hljs-keyword">ERROR</span>]     doc = parseString(contents.<span class="hljs-keyword">encode</span>(<span class="hljs-string">"utf-8"</span>))
[<span class="hljs-keyword">ERROR</span>]   <span class="hljs-keyword">File</span> <span class="hljs-string">"/System/Library/Frameworks/Python.framework/Versions/2.7/lib/python2.7/xml/dom/minidom.py"</span>, <span class="hljs-keyword">line</span> 1924, <span class="hljs-keyword">in</span> parseString
[<span class="hljs-keyword">ERROR</span>]     <span class="hljs-keyword">return</span> expatbuilder.parseString(string)
[<span class="hljs-keyword">ERROR</span>]   <span class="hljs-keyword">File</span> <span class="hljs-string">"/System/Library/Frameworks/Python.framework/Versions/2.7/lib/python2.7/xml/dom/expatbuilder.py"</span>, <span class="hljs-keyword">line</span> 940, <span class="hljs-keyword">in</span> parseString
[<span class="hljs-keyword">ERROR</span>]     <span class="hljs-keyword">return</span> builder.parseString(string)
[<span class="hljs-keyword">ERROR</span>]   <span class="hljs-keyword">File</span> <span class="hljs-string">"/System/Library/Frameworks/Python.framework/Versions/2.7/lib/python2.7/xml/dom/expatbuilder.py"</span>, <span class="hljs-keyword">line</span> 223, <span class="hljs-keyword">in</span> parseString
[<span class="hljs-keyword">ERROR</span>]     parser.<span class="hljs-keyword">Parse</span>(string, True)
[<span class="hljs-keyword">ERROR</span>] ExpatError: not well-formed (invalid <span class="hljs-keyword">token</span>): <span class="hljs-keyword">line</span> 126, column 122
[<span class="hljs-keyword">ERROR</span>] :  Project failed to build after 26s 826ms
</code></pre><p>Android SDK having folder ANDROID_SDK&#x2F;build-tools&#x2F;android-4.2.2.</p>
<p>Again I tried to created all the Symbolic link to ANDROID_SDK&#x2F;platform-tools&#x2F; , I also tried to copy all the files from android-4.2.2 to platform-tools but none of them was working.</p>
<p>Can any one help me in this.</p>
<p>Thanks a lot in advance.</p>

						</section>
						<footer>
							<div class="author">
								&mdash; answered <span title="July 16th 2013, 11:29:32 pm">July 16th 2013</span>
								by <span class='authorname'>AvtarSingh Suchariya</span><br>
								<a class="icon-bg icon-link" href="question/152497/titanium-sdk-310-error-typeerror-argument-of-type-nonetype-is-not-iterable-on-building-android-app#answer-266009" rel="permalink">permalink</a>
							</div>

							<h5>1 Comment</h5>
							
								<ul class="comments">
								
									<li class="comment">
										<p><p>Resolved the issue. Description of that as following.</p>
<p>The same issue I was facing and resolved. The problem was I added Projct &gt; i18n &gt; en &gt; string.xml file and one of the string contains &amp; sign. I removed and the project was running smoothly.</p>
</p>
										<div class="author">
											&mdash; commented <span title="July 17th 2013, 10:01:43 am">July 17th 2013</span>
											by <span class='authorname'>AvtarSingh Suchariya</span>
										</div>
									</li>
								
								</ul>
							
						</footer>
						<aside class="vote-box">
							<div class="score"><span>0</span> Votes</div>
						</aside>
					</article>
				</li>
			
				<li class="answer">
				
					<article id="answer-271623">
				
						<section>
							<p>For W7 see: http:&#x2F;&#x2F;developer.appcelerator.com&#x2F;question&#x2F;159218&#x2F;python-type-error-w7</p>

						</section>
						<footer>
							<div class="author">
								&mdash; answered <span title="November 21st 2013, 2:25:08 pm">November 21st 2013</span>
								by <span class='authorname'>John Mohan</span><br>
								<a class="icon-bg icon-link" href="question/152497/titanium-sdk-310-error-typeerror-argument-of-type-nonetype-is-not-iterable-on-building-android-app#answer-271623" rel="permalink">permalink</a>
							</div>

							<h5>1 Comment</h5>
							
								<ul class="comments">
								
									<li class="comment">
										<p><p>Paul: Need to copy file to platform-tools on W7 not tools</p>
</p>
										<div class="author">
											&mdash; commented <span title="November 29th 2013, 9:21:00 pm">November 29th 2013</span>
											by <span class='authorname'>John Mohan</span>
										</div>
									</li>
								
								</ul>
							
						</footer>
						<aside class="vote-box">
							<div class="score"><span>0</span> Votes</div>
						</aside>
					</article>
				</li>
			
				<li class="answer">
				
					<article id="answer-271625">
				
						<section>
							<p>For W7 see: http:&#x2F;&#x2F;developer.appcelerator.com&#x2F;question&#x2F;159218&#x2F;python-type-error-w7</p>

						</section>
						<footer>
							<div class="author">
								&mdash; answered <span title="November 21st 2013, 2:43:38 pm">November 21st 2013</span>
								by <span class='authorname'>John Mohan</span><br>
								<a class="icon-bg icon-link" href="question/152497/titanium-sdk-310-error-typeerror-argument-of-type-nonetype-is-not-iterable-on-building-android-app#answer-271625" rel="permalink">permalink</a>
							</div>

							<h5>0 Comments</h5>
							
						</footer>
						<aside class="vote-box">
							<div class="score"><span>0</span> Votes</div>
						</aside>
					</article>
				</li>
			
				<li class="answer">
				
					<article id="answer-267602">
				
						<section>
							<h1 id="compre-um-apple-funciona-muito-bem-">Compre um apple, funciona muito bem.</h1>
<h1 id="minha-dica-">minha dica.</h1>

						</section>
						<footer>
							<div class="author">
								&mdash; answered <span title="August 23rd 2013, 5:31:52 pm">August 23rd 2013</span>
								by <span class='authorname'>Flavio Araujo</span><br>
								<a class="icon-bg icon-link" href="question/152497/titanium-sdk-310-error-typeerror-argument-of-type-nonetype-is-not-iterable-on-building-android-app#answer-267602" rel="permalink">permalink</a>
							</div>

							<h5>0 Comments</h5>
							
						</footer>
						<aside class="vote-box">
							<div class="score"><span>-2</span> Votes</div>
						</aside>
					</article>
				</li>
			
				<li class="answer">
				
					<article id="answer-262876">
				
						<section>
							<p>Hi Paulo,<br>            Can you Check your Node.JS and NMP version, make sure it is 0.8.xx not the latest one. as latest one is not compatible with titanium SDK 3.1.GA and create issue like this.</p>

						</section>
						<footer>
							<div class="author">
								&mdash; answered <span title="May 17th 2013, 6:56:26 am">May 17th 2013</span>
								by <span class='authorname'>Ashish Nigam</span><br>
								<a class="icon-bg icon-link" href="question/152497/titanium-sdk-310-error-typeerror-argument-of-type-nonetype-is-not-iterable-on-building-android-app#answer-262876" rel="permalink">permalink</a>
							</div>

							<h5>1 Comment</h5>
							
								<ul class="comments">
								
									<li class="comment">
										<p><p>node: &#39;0.8.22&#39;<br>  npm: &#39;1.2.14&#39;</p>
</p>
										<div class="author">
											&mdash; commented <span title="May 17th 2013, 8:09:59 pm">May 17th 2013</span>
											by <span class='authorname'>Paulo Silva</span>
										</div>
									</li>
								
								</ul>
							
						</footer>
						<aside class="vote-box">
							<div class="score"><span>-3</span> Votes</div>
						</aside>
					</article>
				</li>
			
				<li class="answer">
				
					<article id="answer-262919">
				
						<section>
							<p>Hello, I am having the same problem yesterday after downloading a new update of android sdk. Already tried everything and so far nothing!!</p>
<p>My boss does not understand! Think it&#39;s my fault!</p>
<p>If someone can please post here! grateful</p>

						</section>
						<footer>
							<div class="author">
								&mdash; answered <span title="May 17th 2013, 11:23:21 am">May 17th 2013</span>
								by <span class='authorname'>Celio Azevedo</span><br>
								<a class="icon-bg icon-link" href="question/152497/titanium-sdk-310-error-typeerror-argument-of-type-nonetype-is-not-iterable-on-building-android-app#answer-262919" rel="permalink">permalink</a>
							</div>

							<h5>9 Comments</h5>
							
								<ul class="comments">
								
									<li class="comment">
										<p><p>See my answer above, it should solve it.</p>
</p>
										<div class="author">
											&mdash; commented <span title="May 17th 2013, 11:27:32 am">May 17th 2013</span>
											by <span class='authorname'>Andrey Chirikba</span>
										</div>
									</li>
								
									<li class="comment">
										<p><p>works fine for me</p>
</p>
										<div class="author">
											&mdash; commented <span title="May 17th 2013, 11:28:06 am">May 17th 2013</span>
											by <span class='authorname'>Vissu Sri</span>
										</div>
									</li>
								
									<li class="comment">
										<p><p>I try but….</p>
<p>Unable to access jarfile Andorid\platform-tools\lib\dx.jar</p>
</p>
										<div class="author">
											&mdash; commented <span title="May 17th 2013, 12:04:26 pm">May 17th 2013</span>
											by <span class='authorname'>Celio Azevedo</span>
										</div>
									</li>
								
									<li class="comment">
										<p><p>try to symlink that as well in the same way</p>
</p>
										<div class="author">
											&mdash; commented <span title="May 17th 2013, 12:17:38 pm">May 17th 2013</span>
											by <span class='authorname'>Andrey Chirikba</span>
										</div>
									</li>
								
									<li class="comment">
										<p><p>but not exists dx.jar</p>
</p>
										<div class="author">
											&mdash; commented <span title="May 17th 2013, 12:38:23 pm">May 17th 2013</span>
											by <span class='authorname'>Celio Azevedo</span>
										</div>
									</li>
								
									<li class="comment">
										<p><p>My one is at &#x2F;Applications&#x2F;Android-sdk&#x2F;build-tools&#x2F;17.0.0&#x2F;lib&#x2F;dx.jar . Symlink it to the location &#x2F;Applications&#x2F;Android-sdk&#x2F;platform-tools&#x2F;lib&#x2F;dx.jar</p>
</p>
										<div class="author">
											&mdash; commented <span title="May 17th 2013, 12:41:20 pm">May 17th 2013</span>
											by <span class='authorname'>Andrey Chirikba</span>
										</div>
									</li>
								
									<li class="comment">
										<p><p>dont work</p>
<p>[ERROR] Exception occured while building Android project:<br>[ERROR] Traceback (most recent call last):<br>[ERROR]   File &quot;C:\Users\Celio Azevedo\AppData\Roaming\Titanium\mobilesdk\win32\3.1.0.GA\android\builder.py&quot;, line 2553, in &lt;module&gt;<br>[ERROR]     builder.build_and_run(True, avd_id, device_args=device_args, debugger_host=debugger_host, profiler_host=profiler_host)<br>[ERROR]   File &quot;C:\Users\Celio Azevedo\AppData\Roaming\Titanium\mobilesdk\win32\3.1.0.GA\android\builder.py&quot;, line 2264, in build_and_run<br>[ERROR]     self.manifest_changed = self.generate_android_manifest(compiler)<br>[ERROR]   File &quot;C:\Users\Celio Azevedo\AppData\Roaming\Titanium\mobilesdk\win32\3.1.0.GA\android\builder.py&quot;, line 1404, in generate_android_manifest<br>[ERROR]     &#39;-I&#39;, self.android_jar], warning_regex=r&#39;skipping&#39;)<br>[ERROR]   File &quot;C:\Users\Celio Azevedo\AppData\Roaming\Titanium\mobilesdk\win32\3.1.0.GA\android\run.py&quot;, line 38, in run<br>[ERROR]     print &quot;[DEBUG] %s&quot; % subprocess.list2cmdline(args_to_log)<br>[ERROR]   File &quot;C:\Users\Celio Azevedo\AppData\Local\Titanium Studio\plugins\com.appcelerator.titanium.python.win32_1.0.0.1338515509\python\lib\subprocess.py&quot;, line 580, in list2cmdline<br>[ERROR]     needquote = (&quot; &quot; in arg) or (&quot;\t&quot; in arg) or not arg<br>[ERROR] TypeError: argument of type &#39;NoneType&#39; is not iterable<br>[ERROR] :  Build process exited with code 1<br>[ERROR] :  Project failed to build after 3s 778ms</p>
</p>
										<div class="author">
											&mdash; commented <span title="May 17th 2013, 1:23:06 pm">May 17th 2013</span>
											by <span class='authorname'>Celio Azevedo</span>
										</div>
									</li>
								
									<li class="comment">
										<p><p>Symlink fix is not working for me either.  The symlinks themselves are working, I can ls each 17.0.0 directory and see the same files.  I tried clean, and making a new project. Any ideas?</p>
</p>
										<div class="author">
											&mdash; commented <span title="June 9th 2013, 12:55:14 am">June 9th 2013</span>
											by <span class='authorname'>J V</span>
										</div>
									</li>
								
									<li class="comment">
										<p><p>It works now by downgrading adk.  I downloaded and re-installed the 21.1 adk from the official download site.  They had past versions available.</p>
</p>
										<div class="author">
											&mdash; commented <span title="June 9th 2013, 3:01:13 am">June 9th 2013</span>
											by <span class='authorname'>J V</span>
										</div>
									</li>
								
								</ul>
							
						</footer>
						<aside class="vote-box">
							<div class="score"><span>-4</span> Votes</div>
						</aside>
					</article>
				</li>
			
		</ul>
	
</article>

		</div>
		<div class="col-sm-3"></div>
	</div>
	<div class="row"><div class="signoff">The ownership of individual contributions to this community generated content is retained by the authors of their contributions.<br>All trademarks remain the property of the respective owner.</div></div>
</main>


</body>
</html>
