<!doctype html>
<html>
<head>
	<meta http-equiv="X-UA-Compatible" content="IE=Edge,chrome=1">
	<meta http-equiv="Content-Type" content="text/html; charset=UTF-8">
	<meta charset="utf-8">
	
		<title>Error running a new alloy project » Community Questions &amp; Answers </title>
	
	<meta name="viewport" content="width=device-width,initial-scale=1">
	<link href="../../related/favicon.png" rel="shortcut icon" type="image/png">
	<link href="//fonts.googleapis.com/css?family=Open+Sans:300,400,500,600,700" rel="stylesheet" type="text/css">
	<link href="//d3ilu1xuwhtfe2.cloudfront.net/e8e0ebd/css/style.css" rel="stylesheet" type="text/css">
	<link href="../../related/qa.css" rel="stylesheet" type="text/css">
	<link href="../../related/hybrid.css" rel="stylesheet" type="text/css">
	
	<link href="../../related/overrides.css" rel="stylesheet" type="text/css">
</head>
<body>

<div class='mast'>    <div class='container'>        <div class='row'>            <div class='col-sm-12'>                <div class='masthead'><h1>Titanium Community Questions & Answer Archive</h1><h2>We felt that 6+ years of knowledge should not die so this is the Titanium Community Questions &amp; Answer Archive</h2></div>            </div>        </div>    </div></div>

<main class="container">
	<div class="row">
		<div class="col-sm-12">
			
		</div>
	</div>
	<div class="row">
		<div class="col-sm-12">
			<article class="question-container">
	<div class="question">
		<header>
			<h1>Error running a new alloy project</h1>
		</header>
		<section>
			<p>I created a new project in Alloy and try to run simulate an iphone, but i get this error:</p>
<p>[ERROR] :  &#x2F;usr&#x2F;local&#x2F;lib&#x2F;node_modules&#x2F;alloy&#x2F;node_modules&#x2F;source-map&#x2F;node_modules&#x2F;amdefine&#x2F;amdefine.js:26<br>[ERROR] :          path = require(&#39;path&#39;),<br>[ERROR] :                 ^<br>[ERROR] :  TypeError: undefined is not a function<br>[ERROR] :      at amdefine (&#x2F;usr&#x2F;local&#x2F;lib&#x2F;node_modules&#x2F;alloy&#x2F;node_modules&#x2F;source-map&#x2F;node_modules&#x2F;amdefine&#x2F;amdefine.js:26:16)<br>[ERROR] :      at Object.&lt;anonymous&gt; (&#x2F;usr&#x2F;local&#x2F;lib&#x2F;node_modules&#x2F;alloy&#x2F;node_modules&#x2F;source-map&#x2F;lib&#x2F;source-map&#x2F;source-map-generator.js:8:37)<br>[ERROR] :      at Module._compile (module.js:456:26)<br>[ERROR] :      at Object.Module._extensions..js (module.js:474:10)<br>[ERROR] :      at Module.load (module.js:356:32)<br>[ERROR] :      at Function.Module._load (module.js:312:12)<br>[ERROR] :      at Module.require (module.js:364:17)<br>[ERROR] :      at require (module.js:380:17)<br>[ERROR] :      at Object.&lt;anonymous&gt; (&#x2F;usr&#x2F;local&#x2F;lib&#x2F;node_modules&#x2F;alloy&#x2F;node_modules&#x2F;source-map&#x2F;lib&#x2F;source-map.js:6:30)<br>[ERROR] :      at Module._compile (module.js:456:26)<br>[ERROR] :      at Object.Module._extensions..js (module.js:474:10)<br>[ERROR] :      at Module.load (module.js:356:32)<br>[ERROR] :      at Function.Module._load (module.js:312:12)<br>[ERROR] :      at Module.require (module.js:364:17)<br>[ERROR] :      at require (module.js:380:17)<br>[ERROR] :      at Object.&lt;anonymous&gt; (&#x2F;usr&#x2F;local&#x2F;lib&#x2F;node_modules&#x2F;alloy&#x2F;node_modules&#x2F;uglify-js&#x2F;tools&#x2F;node.js:9:21)<br>[ERROR] :      at Module._compile (module.js:456:26)<br>[ERROR] :      at Object.Module._extensions..js (module.js:474:10)<br>[ERROR] :      at Module.load (module.js:356:32)<br>[ERROR] :      at Function.Module._load (module.js:312:12)<br>[ERROR] :      at Module.require (module.js:364:17)<br>[ERROR] :      at require (module.js:380:17)<br>[ERROR] :      at Object.&lt;anonymous&gt; (&#x2F;usr&#x2F;local&#x2F;lib&#x2F;node_modules&#x2F;alloy&#x2F;Alloy&#x2F;commands&#x2F;compile&#x2F;index.js:8:13)<br>[ERROR] :      at Module._compile (module.js:456:26)<br>[ERROR] :      at Object.Module._extensions..js (module.js:474:10)<br>[ERROR] :      at Module.load (module.js:356:32)<br>[ERROR] :      at Function.Module._load (module.js:312:12)<br>[ERROR] :      at Module.require (module.js:364:17)<br>[ERROR] :      at require (module.js:380:17)<br>[ERROR] :      at Object.&lt;anonymous&gt; (&#x2F;usr&#x2F;local&#x2F;lib&#x2F;node_modules&#x2F;alloy&#x2F;Alloy&#x2F;alloy.js:86:2)<br>[ERROR] :      at Module._compile (module.js:456:26)<br>[ERROR] :      at Object.Module._extensions..js (module.js:474:10)<br>[ERROR] :      at Module.load (module.js:356:32)<br>[ERROR] :      at Function.Module._load (module.js:312:12)<br>[ERROR] :      at Module.require (module.js:364:17)<br>[ERROR] :      at require (module.js:380:17)<br>[ERROR] :      at Object.&lt;anonymous&gt; (&#x2F;usr&#x2F;local&#x2F;lib&#x2F;node_modules&#x2F;alloy&#x2F;bin&#x2F;alloy:3:1)<br>[ERROR] :      at Module._compile (module.js:456:26)<br>[ERROR] :      at Object.Module._extensions..js (module.js:474:10)<br>[ERROR] :      at Module.load (module.js:356:32)<br>[ERROR] :      at Function.Module._load (module.js:312:12)<br>[ERROR] :      at Function.Module.runMain (module.js:497:10)<br>[ERROR] :      at startup (node.js:119:16)<br>[ERROR] :      at node.js:901:3<br>[ERROR] :  Alloy compiler failed</p>
<p>I have the last versions of titanium, sdk iOS and android</p>
<p>regards</p>

		</section>
		<footer>
			<div class="author">
				&mdash; asked <span title="August 3rd 2013, 2:09:13 pm">August 3rd 2013</span>
				by <span class='authorname'>Oscar Dovalina</span>
			</div>

			
				<ul class="tags">
					
						<li><span class='tagname'>alloy</span></li>
					
				</ul>
			

			<section>
				<h5>0 Comments</h5>
				
			</section>
		</footer>
		<aside class="vote-box">
			<div class="score"><span>1</span> Vote</div>
			<div class="answers"><span>3</span> Answers</div>
		</aside>
	</div>

	<hr>

	<h3>3 Answers</h3>

	
		<ul class="answers">
			
				<li class="answer">
				
					<article id="answer-266802">
				
						<section>
							<p>It sounds like you might have a version of node that isn&#39;t compatible, but it&#39;s hard to tell with the unformatted error log you provided. Can you actually list the versions of the following you are using, rather than just referring to them as latest?</p>
<ul>
<li>Alloy</li>
<li>TiSDK</li>
<li>node.js</li>
<li>iOS SDK</li>
<li>Android SDK</li>
</ul>

						</section>
						<footer>
							<div class="author">
								&mdash; answered <span title="August 5th 2013, 11:44:16 am">August 5th 2013</span>
								by <span class='authorname'>Tony Lukasavage</span><br>
								<a class="icon-bg icon-link" href="question/155606/error-running-a-new-alloy-project.html#answer-266802" rel="permalink">permalink</a>
							</div>

							<h5>1 Comment</h5>
							
								<ul class="comments">
								
									<li class="comment">
										<p><p>I would suggest updating to the latest nodejs (0.10.15 at the time of this writing). Also, can you guys tell if you are <em>both</em> on Windows machines? I can tell from goze&#39;s log that he is, but I don&#39;t know any of the details of Oscar&#39;s machine.</p>
</p>
										<div class="author">
											&mdash; commented <span title="August 6th 2013, 8:55:44 am">August 6th 2013</span>
											by <span class='authorname'>Tony Lukasavage</span>
										</div>
									</li>
								
								</ul>
							
						</footer>
						<aside class="vote-box">
							<div class="score"><span>0</span> Votes</div>
						</aside>
					</article>
				</li>
			
				<li class="answer">
				
					<article id="answer-266855">
				
						<section>
							<p>Hi, my problem seems to be the same as here, so I will not create a duplicate question. I just installed Titanium SDK (3.1.1). This does not seem to be related to Android and IOS SDK since it is a compile error:</p>
<pre><code class="hljs">INFO<span class="hljs-special">]</span> :   Found Alloy app in C:<span class="hljs-command">\.</span>.Workspace<span class="hljs-command">\TwoTabApp</span><span class="hljs-command">\app</span>
<span class="hljs-special">[</span>INFO<span class="hljs-special">]</span> :   Executing Alloy compile: alloy.cmd compile C:<span class="hljs-command">\.</span>.Workspace<span class="hljs-command">\TwoTabApp</span><span class="hljs-command">\app</span> --config platform=android,version=0,simtype=none,devicefamily=none,deploytype=development
<span class="hljs-special">[</span>ERROR<span class="hljs-special">]</span> :  
<span class="hljs-special">[</span>ERROR<span class="hljs-special">]</span> :  C:<span class="hljs-command">\.</span>.AppData<span class="hljs-command">\Roaming</span><span class="hljs-command">\npm</span><span class="hljs-command">\node</span>_modules<span class="hljs-command">\alloy</span><span class="hljs-command">\node</span>_modules<span class="hljs-command">\source</span>-map<span class="hljs-command">\node</span>_modules<span class="hljs-command">\amdefine</span><span class="hljs-command">\amdefine</span>.js:26
<span class="hljs-special">[</span>ERROR<span class="hljs-special">]</span> :          path = require('path'),
<span class="hljs-special">[</span>ERROR<span class="hljs-special">]</span> :                 ^
<span class="hljs-special">[</span>ERROR<span class="hljs-special">]</span> :  TypeError: undefined is not a function
<span class="hljs-special">[</span>ERROR<span class="hljs-special">]</span> :      at amdefine (C:<span class="hljs-command">\.</span>.<span class="hljs-command">\AppData</span><span class="hljs-command">\Roaming</span><span class="hljs-command">\npm</span><span class="hljs-command">\node</span>_modules<span class="hljs-command">\alloy</span><span class="hljs-command">\node</span>_modules<span class="hljs-command">\source</span>-map<span class="hljs-command">\node</span>_modules<span class="hljs-command">\amdefine</span><span class="hljs-command">\amdefine</span>.js:26:16)
<span class="hljs-special">[</span>ERROR<span class="hljs-special">]</span> :      at Object.&lt;anonymous&gt; (C:<span class="hljs-command">\.</span>.<span class="hljs-command">\AppData</span><span class="hljs-command">\Roaming</span><span class="hljs-command">\npm</span><span class="hljs-command">\node</span>_modules<span class="hljs-command">\alloy</span><span class="hljs-command">\node</span>_modules<span class="hljs-command">\source</span>-map<span class="hljs-command">\lib</span><span class="hljs-command">\source</span>-map<span class="hljs-command">\source</span>-map-generator.js:8:37)
<span class="hljs-special">[</span>ERROR<span class="hljs-special">]</span> :      at Module._compile (module.js:456:26)
..
</code></pre><p>is this about node.js (0.10.13) or alloy? Or do I have to set an environment variable or something?</p>

						</section>
						<footer>
							<div class="author">
								&mdash; answered <span title="August 6th 2013, 8:13:27 am">August 6th 2013</span>
								by <span class='authorname'>goze polat</span><br>
								<a class="icon-bg icon-link" href="question/155606/error-running-a-new-alloy-project.html#answer-266855" rel="permalink">permalink</a>
							</div>

							<h5>1 Comment</h5>
							
								<ul class="comments">
								
									<li class="comment">
										<p><p>please use comments to keep this in order. It&#39;s getting very hard to keep these questions in order.</p>
</p>
										<div class="author">
											&mdash; commented <span title="August 6th 2013, 8:53:40 am">August 6th 2013</span>
											by <span class='authorname'>Tony Lukasavage</span>
										</div>
									</li>
								
								</ul>
							
						</footer>
						<aside class="vote-box">
							<div class="score"><span>0</span> Votes</div>
						</aside>
					</article>
				</li>
			
				<li class="answer">
				
					<article id="answer-266881">
				
						<section>
							<p>I solve the problem, just uninstall Titanium and Alloy, delete all the folders related with those including ( &#x2F;usr&#x2F;local&#x2F;bin&#x2F;alloy &amp; titanium) restart the mac and installing all again….</p>
<p>Thanks for your comments</p>

						</section>
						<footer>
							<div class="author">
								&mdash; answered <span title="August 6th 2013, 4:53:42 pm">August 6th 2013</span>
								by <span class='authorname'>Oscar Dovalina</span><br>
								<a class="icon-bg icon-link" href="question/155606/error-running-a-new-alloy-project.html#answer-266881" rel="permalink">permalink</a>
							</div>

							<h5>0 Comments</h5>
							
						</footer>
						<aside class="vote-box">
							<div class="score"><span>0</span> Votes</div>
						</aside>
					</article>
				</li>
			
		</ul>
	
</article>

		</div>
		<div class="col-sm-3"></div>
	</div>
	<div class="row"><div class="signoff">The ownership of individual contributions to this community generated content is retained by the authors of their contributions.<br>All trademarks remain the property of the respective owner.</div></div>
</main>


</body>
</html>
