<!doctype html>
<html>
<head>
	<meta http-equiv="X-UA-Compatible" content="IE=Edge,chrome=1">
	<meta http-equiv="Content-Type" content="text/html; charset=UTF-8">
	<meta charset="utf-8">
	
		<title>When building, receive error: TypeError: Object # has no method &#39;get&#39; » Community Questions &amp; Answers </title>
	
	<meta name="viewport" content="width=device-width,initial-scale=1">
	<link href="../../related/favicon.png" rel="shortcut icon" type="image/png">
	<link href="//fonts.googleapis.com/css?family=Open+Sans:300,400,500,600,700" rel="stylesheet" type="text/css">
	<link href="//d3ilu1xuwhtfe2.cloudfront.net/e8e0ebd/css/style.css" rel="stylesheet" type="text/css">
	<link href="../../related/qa.css" rel="stylesheet" type="text/css">
	<link href="../../related/hybrid.css" rel="stylesheet" type="text/css">
	
	<link href="../../related/overrides.css" rel="stylesheet" type="text/css">
</head>
<body>

<div class='mast'>    <div class='container'>        <div class='row'>            <div class='col-sm-12'>                <div class='masthead'><h1>Titanium Community Questions & Answer Archive</h1><h2>We felt that 6+ years of knowledge should not die so this is the Titanium Community Questions &amp; Answer Archive</h2></div>            </div>        </div>    </div></div>

<main class="container">
	<div class="row">
		<div class="col-sm-12">
			
		</div>
	</div>
	<div class="row">
		<div class="col-sm-12">
			<article class="question-container">
	<div class="question">
		<header>
			<h1>When building, receive error: TypeError: Object # has no method &#39;get&#39;</h1>
		</header>
		<section>
			<p>Hi All.</p>
<p>I&#39;ve been successfully working on a mobile iOS\Android app. I&#39;ve been using a number of the Ti SDK 3.2.0 nightly builds.</p>
<p>I can successfully build using versions upto and including 3.2.0.v20130730132443.</p>
<p>However, when I try using any more recent SDK versions (e.g. 3.2.0.v20130814111647), the CLI build <strong>fails immediately</strong> with the following red text in the console:</p>
<p><strong>[ERROR] :  TypeError: Object #&lt;Object&gt; has no method &#39;get&#39;<br>[ERROR] :      at detectPlugins (C:\Users\Adam\AppData\Roaming\Titanium\mobilesdk\win32\3.2.0.v20130814111647\node_modules\node-appc\lib\tiplugin.js:156:44)<br>[ERROR] :      at exports.detect.async.parallel.project (C:\Users\Adam\AppData\Roaming\Titanium\mobilesdk\win32\3.2.0.v20130814111647\node_modules\node-appc\lib\tiplugin.js:63:4)<br>[ERROR] :      at _parallel (C:\Users\Adam\AppData\Roaming\Titanium\mobilesdk\win32\3.2.0.v20130814111647\node_modules\node-appc\node_modules\async\lib\async.js:521:25)<br>[ERROR] :      at async.each (C:\Users\Adam\AppData\Roaming\Titanium\mobilesdk\win32\3.2.0.v20130814111647\node_modules\node-appc\node_modules\async\lib\async.js:108:13)<br>Builds an existing app or module project.<br>Android Build Options:<br>   -L, –alias &lt;alias&gt;        the alias for the keystore<br>   -A, –android-sdk &lt;path&gt;   the path to the Android SDK<br>   -B, –avd-abi &lt;value&gt;      the abi for the avd<br>   -I, –avd-id &lt;id&gt;          the id for the avd<br>   -S, –avd-skin &lt;skin&gt;      the skin for the avd  [default: HVGA]<br>   -K, –keystore &lt;path&gt;      the location of the keystore file<br>   -O, –output-dir &lt;dir&gt;     the output directory when using dist-playstore<br>   -P, –password &lt;alias&gt;     the password for the keystore<br>[ERROR] :      at Array.forEach (native)<br>[ERROR] :      at _each (C:\Users\Adam\AppData\Roaming\Titanium\mobilesdk\win32\3.2.0.v20130814111647\node_modules\node-appc\node_modules\async\lib\async.js:32:24)<br>[ERROR] :      at async.each (C:\Users\Adam\AppData\Roaming\Titanium\mobilesdk\win32\3.2.0.v20130814111647\node_modules\node-appc\node_modules\async\lib\async.js:107:9)<br>[ERROR] :      at _parallel (C:\Users\Adam\AppData\Roaming\Titanium\mobilesdk\win32\3.2.0.v20130814111647\node_modules\node-appc\node_modules\async\lib\async.js:520:20)<br>[ERROR] :      at async.parallel (C:\Users\Adam\AppData\Roaming\Titanium\mobilesdk\win32\3.2.0.v20130814111647\node_modules\node-appc\node_modules\async\lib\async.js:536:9)<br>[ERROR] :      at Object.detect (C:\Users\Adam\AppData\Roaming\Titanium\mobilesdk\win32\3.2.0.v20130814111647\node_modules\node-appc\lib\tiplugin.js:61:8)<br>[ERROR] :  ———————————————<br>[ERROR] :      at exports.execFile (child_process.js:594:9)<br>[ERROR] :      at exports.exec (child_process.js:481:18)<br>   -T, –target &lt;value&gt;       the target to build for  [emulator, device, dist-playstore]<br>blackberry Build Options:<br>   -D, –debug-token &lt;path&gt;          the path to the debug token bar file<br>   -A, –ip-address &lt;address&gt;        the internet address of the simulator or device<br>   -K, –keystore-password &lt;value&gt;   the password given while registering the application signing keys<br>   -N, –ndk &lt;path&gt;                  the path to the BlackBerry Native Development SDK<br>   -O, –output-dir &lt;path&gt;           the path containing the signed bar file<br>   -P, –password &lt;value&gt;            the password used on the simulator or device<br>[ERROR] :      at exports.detect.async.series.cached (C:\Users\Adam\AppData\Roaming\Titanium\mobilesdk\win32\3.2.0.v20130814111647\node_modules\node-appc\lib\android.js:103:4)<br>[ERROR] :      at async.series.results (C:\Users\Adam\AppData\Roaming\Titanium\mobilesdk\win32\3.2.0.v20130814111647\node_modules\node-appc\node_modules\async\lib\async.js:548:21)<br>[ERROR] :      at _asyncMap (C:\Users\Adam\AppData\Roaming\Titanium\mobilesdk\win32\3.2.0.v20130814111647\node_modules\node-appc\node_modules\async\lib\async.js:224:13)<br>[ERROR] :      at async.eachSeries.iterate (C:\Users\Adam\AppData\Roaming\Titanium\mobilesdk\win32\3.2.0.v20130814111647\node_modules\node-appc\node_modules\async\lib\async.js:131:13)<br>[ERROR] :      at async.eachSeries.iterate (C:\Users\Adam\AppData\Roaming\Titanium\mobilesdk\win32\3.2.0.v20130814111647\node_modules\node-appc\node_modules\async\lib\async.js:142:25)<br>[ERROR] :      at _asyncMap (C:\Users\Adam\AppData\Roaming\Titanium\mobilesdk\win32\3.2.0.v20130814111647\node_modules\node-appc\node_modules\async\lib\async.js:226:17)<br>[ERROR] :  ———————————————<br>[ERROR] :      at exports.execFile (child_process.js:594:9)<br>[ERROR] :      at exports.exec (child_process.js:481:18)<br>[ERROR] :      at exports.detect.async.series.exec.cwd (C:\Users\Adam\AppData\Roaming\Titanium\mobilesdk\win32\3.2.0.v20130814111647\node_modules\node-appc\lib\android.js:90:4)<br>[ERROR] :      at async.series.results (C:\Users\Adam\AppData\Roaming\Titanium\mobilesdk\win32\3.2.0.v20130814111647\node_modules\node-appc\node_modules\async\lib\async.js:548:21)<br>[ERROR] :      at _asyncMap (C:\Users\Adam\AppData\Roaming\Titanium\mobilesdk\win32\3.2.0.v20130814111647\node_modules\node-appc\node_modules\async\lib\async.js:224:13)<br>[ERROR] :      at async.eachSeries.iterate (C:\Users\Adam\AppData\Roaming\Titanium\mobilesdk\win32\3.2.0.v20130814111647\node_modules\node-appc\node_modules\async\lib\async.js:131:13)<br>[ERROR] :      at async.eachSeries.iterate (C:\Users\Adam\AppData\Roaming\Titanium\mobilesdk\win32\3.2.0.v20130814111647\node_modules\node-appc\node_modules\async\lib\async.js:142:25)<br>[ERROR] :      at _asyncMap (C:\Users\Adam\AppData\Roaming\Titanium\mobilesdk\win32\3.2.0.v20130814111647\node_modules\node-appc\node_modules\async\lib\async.js:226:17)</strong></p>
<p>This happens exactly on both my development machines which are Windows 7 (64Bit) and OSX Mountain Lion, whether building for the emulator or device.</p>
<p>Both machines use:</p>
<p><strong>Titanium Studio Build: 3.1.1.201306112235, Alloy: 2.2.0201306112154</strong></p>
<p>I would&#39;ve hoped others had posted a similar issue before now, as I hope this isn&#39;t just isolated to my setup. The fact that this is an issue on both my development machines, and that the OSX has only ever been used for Titanium development (clean install with no issues) suggests it&#39;s an Titanium problem, rather than my setup.</p>
<p>Any help would be greatly appreciated.</p>

		</section>
		<footer>
			<div class="author">
				&mdash; asked <span title="August 15th 2013, 7:58:45 am">August 15th 2013</span>
				by <span class='authorname'>Adam Fennell</span>
			</div>

			
				<ul class="tags">
					
						<li><span class='tagname'>android</span></li>
					
						<li><span class='tagname'>build</span></li>
					
						<li><span class='tagname'>ios</span></li>
					
						<li><span class='tagname'>sdk</span></li>
					
						<li><span class='tagname'>titanium studio</span></li>
					
				</ul>
			

			<section>
				<h5>2 Comments</h5>
				
					<ul class="comments">
					
						<li class="comment">
							<div><p>Can you please report this to <a href="http:&#x2F;&#x2F;jira.appcelerator.org">jira</a>?</p>
</div>
							<div class="author">
								&mdash; commented <span title="August 15th 2013, 4:48:33 pm">August 15th 2013</span>
								by <span class='authorname'>Mauro Parra</span>
							</div>
						</li>
					
						<li class="comment">
							<div><p>I have reported this <a href="https:&#x2F;&#x2F;jira.appcelerator.org&#x2F;browse&#x2F;TC-2754">here</a>.</p>
</div>
							<div class="author">
								&mdash; commented <span title="August 15th 2013, 5:14:16 pm">August 15th 2013</span>
								by <span class='authorname'>Adam Fennell</span>
							</div>
						</li>
					
					</ul>
				
			</section>
		</footer>
		<aside class="vote-box">
			<div class="score"><span>1</span> Vote</div>
			<div class="answers"><span>0</span> Answers</div>
		</aside>
	</div>

	<hr>

	<h3>0 Answers</h3>

	
</article>

		</div>
		<div class="col-sm-3"></div>
	</div>
	<div class="row"><div class="signoff">The ownership of individual contributions to this community generated content is retained by the authors of their contributions.<br>All trademarks remain the property of the respective owner.</div></div>
</main>


</body>
</html>
