<!doctype html>
<html>
<head>
	<meta http-equiv="X-UA-Compatible" content="IE=Edge,chrome=1">
	<meta http-equiv="Content-Type" content="text/html; charset=UTF-8">
	<meta charset="utf-8">
	
		<title>KitchenSink with Titanium Mobile 1.3.0 not working » Community Questions &amp; Answers </title>
	
	<meta name="viewport" content="width=device-width,initial-scale=1">
	<link href="../../related/favicon.png" rel="shortcut icon" type="image/png">
	<link href="//fonts.googleapis.com/css?family=Open+Sans:300,400,500,600,700" rel="stylesheet" type="text/css">
	<link href="//d3ilu1xuwhtfe2.cloudfront.net/e8e0ebd/css/style.css" rel="stylesheet" type="text/css">
	<link href="../../related/qa.css" rel="stylesheet" type="text/css">
	<link href="../../related/hybrid.css" rel="stylesheet" type="text/css">
	
	<link href="../../related/overrides.css" rel="stylesheet" type="text/css">
</head>
<body>

<div class='mast'>    <div class='container'>        <div class='row'>            <div class='col-sm-12'>                <div class='masthead'><h1>Titanium Community Questions & Answer Archive</h1><h2>We felt that 6+ years of knowledge should not die so this is the Titanium Community Questions &amp; Answer Archive</h2></div>            </div>        </div>    </div></div>

<main class="container">
	<div class="row">
		<div class="col-sm-12">
			
		</div>
	</div>
	<div class="row">
		<div class="col-sm-12">
			<article class="question-container">
	<div class="question">
		<header>
			<h1>KitchenSink with Titanium Mobile 1.3.0 not working</h1>
		</header>
		<section>
			<p>Hello,</p>
<p>I just installed Ti Mobile 1.3.0 and downloaded the suitable 1.3.0 KitchenSink demo - but when I start the app (sdk 1.5 - 2.1) the compile works, the app itself starts (splash screen) and then the alert pops up saying the application stopped unexpectedly … :-(</p>
<p>Any hints?</p>
<p>Thanks,<br>Wolfgang</p>

		</section>
		<footer>
			<div class="author">
				&mdash; asked <span title="May 14th 2010, 6:55:40 pm">May 14th 2010</span>
				by <span class='authorname'>Wolfgang Frank</span>
			</div>

			
				<ul class="tags">
					
						<li><span class='tagname'>1.3.0</span></li>
					
						<li><span class='tagname'>android</span></li>
					
						<li><span class='tagname'>kitchensink</span></li>
					
						<li><span class='tagname'>mobile</span></li>
					
				</ul>
			

			<section>
				<h5>0 Comments</h5>
				
			</section>
		</footer>
		<aside class="vote-box">
			<div class="score"><span>6</span> Votes</div>
			<div class="answers"><span>12</span> Answers</div>
		</aside>
	</div>

	<hr>

	<h3>12 Answers</h3>

	
		<ul class="answers">
			
				<li class="answer">
				
					<article id="answer-55611">
				
						<section>
							<p>Hey Wolfgang – would you mind posting your Trace log from developer, and your tiapp.xml on gist or pastie?</p>

						</section>
						<footer>
							<div class="author">
								&mdash; answered <span title="May 14th 2010, 7:49:50 pm">May 14th 2010</span>
								by <span class='authorname'>Marshall Culpepper</span><br>
								<a class="icon-bg icon-link" href="question/25661/kitchensink-with-titanium-mobile-130-not-working#answer-55611" rel="permalink">permalink</a>
							</div>

							<h5>0 Comments</h5>
							
						</footer>
						<aside class="vote-box">
							<div class="score"><span>2</span> Votes</div>
						</aside>
					</article>
				</li>
			
				<li class="answer">
				
					<article id="answer-55591">
				
						<section>
							<p>Creating a new project + a cp -r of the Resources directory from KS into the new dummy project created (for me) a working KS-ipad app.</p>

						</section>
						<footer>
							<div class="author">
								&mdash; answered <span title="May 14th 2010, 7:35:56 pm">May 14th 2010</span>
								by <span class='authorname'>Leslie Rohde</span><br>
								<a class="icon-bg icon-link" href="question/25661/kitchensink-with-titanium-mobile-130-not-working#answer-55591" rel="permalink">permalink</a>
							</div>

							<h5>0 Comments</h5>
							
						</footer>
						<aside class="vote-box">
							<div class="score"><span>1</span> Vote</div>
						</aside>
					</article>
				</li>
			
				<li class="answer">
				
					<article id="answer-55571">
				
						<section>
							<p>Wish I could help … and if I can get as far as you, I&#39;ll try.  I don&#39;t even get the build to complete. :(</p>
<p>build.log shows complaint from ld about missing TiCore.</p>

						</section>
						<footer>
							<div class="author">
								&mdash; answered <span title="May 14th 2010, 7:09:08 pm">May 14th 2010</span>
								by <span class='authorname'>Leslie Rohde</span><br>
								<a class="icon-bg icon-link" href="question/25661/kitchensink-with-titanium-mobile-130-not-working#answer-55571" rel="permalink">permalink</a>
							</div>

							<h5>0 Comments</h5>
							
						</footer>
						<aside class="vote-box">
							<div class="score"><span>0</span> Votes</div>
						</aside>
					</article>
				</li>
			
				<li class="answer">
				
					<article id="answer-55661">
				
						<section>
							<p>I&#39;m having a similar issue.. just downloaded Titantium developer as well as the latest iphone sdk… downloaded, the latest kitchen sink zip for iphone and imported.. tried to launch the project and I&#39;m just getting this error &quot;[ERROR] Build Failed. Please see output for more details&quot;</p>
<p>here is a pastie of the console output: http:&#x2F;&#x2F;pastie.org&#x2F;961026</p>
<p>and tiapp.xml is here: http:&#x2F;&#x2F;pastie.org&#x2F;961029</p>

						</section>
						<footer>
							<div class="author">
								&mdash; answered <span title="May 14th 2010, 8:03:48 pm">May 14th 2010</span>
								by <span class='authorname'>Bradley Joyce</span><br>
								<a class="icon-bg icon-link" href="question/25661/kitchensink-with-titanium-mobile-130-not-working#answer-55661" rel="permalink">permalink</a>
							</div>

							<h5>0 Comments</h5>
							
						</footer>
						<aside class="vote-box">
							<div class="score"><span>0</span> Votes</div>
						</aside>
					</article>
				</li>
			
				<li class="answer">
				
					<article id="answer-55671">
				
						<section>
							<p>Here the same problem, can&#39;t get kitchensink to work nor the Ipad one<br>the compile seems to work but no build.  Someone?</p>
<p>[INFO] Compiling JavaScript…one moment<br>[INFO] No JavaScript errors detected.<br>[INFO] One moment, building …<br>[INFO] Titanium SDK version: 1.3.0<br>[INFO] iPhone Device family: ipad<br>[INFO] iPhone SDK version: 3.2<br>[INFO] Executing XCode build…<br>[INFO] Executing XCode Compiler [toggle output]<br>[INFO] Compile completed in 26.828 seconds<br>[ERROR] Build Failed. Please see output for more details</p>
<p>Where can I find that output?</p>

						</section>
						<footer>
							<div class="author">
								&mdash; answered <span title="May 14th 2010, 8:21:22 pm">May 14th 2010</span>
								by <span class='authorname'>Gert Vanbeckevoort</span><br>
								<a class="icon-bg icon-link" href="question/25661/kitchensink-with-titanium-mobile-130-not-working#answer-55671" rel="permalink">permalink</a>
							</div>

							<h5>0 Comments</h5>
							
						</footer>
						<aside class="vote-box">
							<div class="score"><span>0</span> Votes</div>
						</aside>
					</article>
				</li>
			
				<li class="answer">
				
					<article id="answer-55801">
				
						<section>
							<p>Well, just to add to the ambient noise level, I am able to successfully run the basic KitchenSink 1.3 in the iPhone simulator (lots of syntax errors, but that&#39;s a different issue), but the KitchenSink-iPad project won&#39;t do nuttin&#39; in Ti Dev - the Run Emulator window doesn&#39;t even appear in the tab.</p>
<p>Sigh. I&#39;ve continued on coding and have this big pile o&#39;stuff to test when it&#39;s working again. The pile will just have to get bigger.</p>
<p>-Ron</p>

						</section>
						<footer>
							<div class="author">
								&mdash; answered <span title="May 14th 2010, 10:49:21 pm">May 14th 2010</span>
								by <span class='authorname'>Ron Braithwaite</span><br>
								<a class="icon-bg icon-link" href="question/25661/kitchensink-with-titanium-mobile-130-not-working#answer-55801" rel="permalink">permalink</a>
							</div>

							<h5>0 Comments</h5>
							
						</footer>
						<aside class="vote-box">
							<div class="score"><span>0</span> Votes</div>
						</aside>
					</article>
				</li>
			
				<li class="answer">
				
					<article id="answer-63151">
				
						<section>
							<p>Where is the support for Appcelerator? You folks are beautifying your websites more than helping folks out here!</p>

						</section>
						<footer>
							<div class="author">
								&mdash; answered <span title="May 27th 2010, 3:22:25 am">May 27th 2010</span>
								by <span class='authorname'>Surojit Niyogi</span><br>
								<a class="icon-bg icon-link" href="question/25661/kitchensink-with-titanium-mobile-130-not-working#answer-63151" rel="permalink">permalink</a>
							</div>

							<h5>0 Comments</h5>
							
						</footer>
						<aside class="vote-box">
							<div class="score"><span>0</span> Votes</div>
						</aside>
					</article>
				</li>
			
				<li class="answer">
				
					<article id="answer-63361">
				
						<section>
							<p>Hi Marshall,</p>
<p>I see you asked Wolfgang for the tiapp.xml 2 weeks ago now… Any news? If so it would be nice to get some feedback. I deleted Appcelerator from my machine, Macbook pro with SnowLeopard, reinstalled it downloading the latest from your site, updated to 1.3.0 mobile. Created an iPad app from scratch (with nothing in it). And the emulator doesn&#39;t run. My stack trace is at the following address: http:&#x2F;&#x2F;pastie.org&#x2F;980401</p>
<p>It seems to compile and then just bombs out. Am I missing something here?</p>
<p>Charlie</p>

						</section>
						<footer>
							<div class="author">
								&mdash; answered <span title="May 27th 2010, 4:06:49 pm">May 27th 2010</span>
								by <span class='authorname'>Charlie Roche</span><br>
								<a class="icon-bg icon-link" href="question/25661/kitchensink-with-titanium-mobile-130-not-working#answer-63361" rel="permalink">permalink</a>
							</div>

							<h5>0 Comments</h5>
							
						</footer>
						<aside class="vote-box">
							<div class="score"><span>0</span> Votes</div>
						</aside>
					</article>
				</li>
			
				<li class="answer">
				
					<article id="answer-63681">
				
						<section>
							<p>I had the same problem. In the TiDev console I can see that the actual XCode project contains a path with stale information: …&#x2F;Users&#x2F;kevin&#x2F;… obviously this won&#39;t work for me.</p>
<p>Here&#39;s what I did:</p>
<ol>
<li>$ open KitchenSink&#x2F;build&#x2F;iphone&#x2F;KitchenSing.xcodeproject</li>
<li>readjust build environment settings &#x2F;&#x2F; target platform, SDK version</li>
<li>build and run</li>
</ol>
<p>Voila, app works under 1.3. Even solving that nasty open-app-in-iPad-simulator-although-i-told-you-otherwise. Now you can switch back to TiDev cosole, XCode not  being required any longer</p>
<p>@appcelerator can you check whether you checked in one too many files in github? a grep revealed this output:</p>
<p>.&#x2F;build&#x2F;iphone&#x2F;KitchenSink.xcodeproj&#x2F;kevin.mode1v3:        &lt;string&gt;&#x2F;Users&#x2F;kevin&#x2F;dev&#x2F;appc&#x2F;KitchenSink&#x2F;1.3.x&#x2F;KitchenSink&#x2F;build&#x2F;iphone&#x2F;KitchenSink.xcodeproj&lt;&#x2F;string&gt;</p>

						</section>
						<footer>
							<div class="author">
								&mdash; answered <span title="May 28th 2010, 7:36:49 am">May 28th 2010</span>
								by <span class='authorname'>tom quas</span><br>
								<a class="icon-bg icon-link" href="question/25661/kitchensink-with-titanium-mobile-130-not-working#answer-63681" rel="permalink">permalink</a>
							</div>

							<h5>0 Comments</h5>
							
						</footer>
						<aside class="vote-box">
							<div class="score"><span>0</span> Votes</div>
						</aside>
					</article>
				</li>
			
				<li class="answer">
				
					<article id="answer-67641">
				
						<section>
							<p>I have the same problem here, just installed Titanium 1.3 SDK for iPhone, couldn&#39;t build the kitchen sink.  Said it was missing TiCore library.</p>

						</section>
						<footer>
							<div class="author">
								&mdash; answered <span title="June 6th 2010, 12:55:56 am">June 6th 2010</span>
								by <span class='authorname'>Josh Huston</span><br>
								<a class="icon-bg icon-link" href="question/25661/kitchensink-with-titanium-mobile-130-not-working#answer-67641" rel="permalink">permalink</a>
							</div>

							<h5>0 Comments</h5>
							
						</footer>
						<aside class="vote-box">
							<div class="score"><span>0</span> Votes</div>
						</aside>
					</article>
				</li>
			
				<li class="answer">
				
					<article id="answer-70401">
				
						<section>
							<p>I got the very same problem. Sorry to say but I think I am going to focus at learning xcode instead.</p>

						</section>
						<footer>
							<div class="author">
								&mdash; answered <span title="June 12th 2010, 9:32:27 am">June 12th 2010</span>
								by <span class='authorname'>Thomas Rasmussen</span><br>
								<a class="icon-bg icon-link" href="question/25661/kitchensink-with-titanium-mobile-130-not-working#answer-70401" rel="permalink">permalink</a>
							</div>

							<h5>0 Comments</h5>
							
						</footer>
						<aside class="vote-box">
							<div class="score"><span>0</span> Votes</div>
						</aside>
					</article>
				</li>
			
				<li class="answer">
				
					<article id="answer-92391">
				
						<section>
							<p>here is what i get<br>developer: 1.2.1<br>xcode: 3.2.3<br>Titanium SDK version: 1.4.0</p>
<p>[INFO] Compiling JavaScript…one moment<br>[WARN] JavaScript compiler reported &quot;Extra comma.&quot; at app.js:124<br>[WARN] JavaScript compiler reported &quot;&#39;interval&#39; was used before it was defined.&quot; at examples&#x2F;animation_points.js:44<br>[WARN] JavaScript compiler reported &quot;Missing semicolon.&quot; at examples&#x2F;animation_points.js:47<br>[WARN] JavaScript compiler reported &quot;Expected to see a statement and instead saw a block.&quot; at examples&#x2F;basic_animation.js:39<br>[WARN] JavaScript compiler reported &quot;Stopping, unable to continue. (26% scanned).&quot; at examples&#x2F;basic_animation.js:39<br>[WARN] JavaScript compiler reported &quot;[&#39;from&#39;] is better written in dot notation.&quot; at examples&#x2F;bonjour.js:9<br>[WARN] JavaScript compiler reported &quot;[&#39;data&#39;] is better written in dot notation.&quot; at examples&#x2F;bonjour.js:10<br>[WARN] JavaScript compiler reported &quot;[&#39;rowData&#39;] is better written in dot notation.&quot; at examples&#x2F;bonjour.js:66<br>[WARN] JavaScript compiler reported &quot;[&#39;services&#39;] is better written in dot notation.&quot; at examples&#x2F;bonjour.js:73<br>[WARN] JavaScript compiler reported &quot;[&#39;data&#39;] is better written in dot notation.&quot; at examples&#x2F;bonjour.js:86<br>[WARN] JavaScript compiler reported &quot;Be careful when making functions within a loop. Consider putting the function in a closure.&quot; at examples&#x2F;bonjour.js:88<br>[WARN] JavaScript compiler reported &quot;Missing semicolon.&quot; at examples&#x2F;bonjour.js:101<br>[WARN] JavaScript compiler reported &quot;Expected to see a statement and instead saw a block.&quot; at examples&#x2F;button.js:50<br>[WARN] JavaScript compiler reported &quot;Stopping, unable to continue. (34% scanned).&quot; at examples&#x2F;button.js:50<br>[WARN] JavaScript compiler reported &quot;Extra comma.&quot; at examples&#x2F;camera_basic.js:43<br>[WARN] JavaScript compiler reported &quot;Extra comma.&quot; at examples&#x2F;camera_video.js:26<br>[WARN] JavaScript compiler reported &quot;Extra comma.&quot; at examples&#x2F;camera_video.js:59<br>[WARN] JavaScript compiler reported &quot;Be careful when making functions within a loop. Consider putting the function in a closure.&quot; at examples&#x2F;camera_video.js:82<br>[WARN] JavaScript compiler reported &quot;Missing semicolon.&quot; at examples&#x2F;contacts_groups.js:39<br>[WARN] JavaScript compiler reported &quot;Extra comma.&quot; at examples&#x2F;contacts_groups.js:46<br>[WARN] JavaScript compiler reported &quot;Expected &#39;{&#39; and instead saw &#39;item&#39;.&quot; at examples&#x2F;dashboard.js:15<br>[WARN] JavaScript compiler reported &quot;Missing semicolon.&quot; at examples&#x2F;dashboard.js:54<br>[WARN] JavaScript compiler reported &quot;Missing semicolon.&quot; at examples&#x2F;facebook_query.js:43<br>[WARN] JavaScript compiler reported &quot;&#39;info&#39; was used before it was defined.&quot; at examples&#x2F;contacts_picker.js:14<br>[WARN] JavaScript compiler reported &quot;Extra comma.&quot; at examples&#x2F;contacts_picker.js:29<br>[WARN] JavaScript compiler reported &quot;Extra comma.&quot; at examples&#x2F;contacts_picker.js:55<br>[WARN] JavaScript compiler reported &quot;Missing semicolon.&quot; at examples&#x2F;contacts_picker.js:92<br>[WARN] JavaScript compiler reported &quot;&#39;s4&#39; was used before it was defined.&quot; at examples&#x2F;contacts_picker.js:114<br>[WARN] JavaScript compiler reported &quot;Missing semicolon.&quot; at examples&#x2F;contacts_picker.js:124<br>[WARN] JavaScript compiler reported &quot;Missing semicolon.&quot; at examples&#x2F;contacts_picker.js:129<br>[WARN] JavaScript compiler reported &quot;Missing semicolon.&quot; at examples&#x2F;filesystem.js:40<br>[WARN] JavaScript compiler reported &quot;Missing semicolon.&quot; at examples&#x2F;filesystem.js:61<br>[WARN] JavaScript compiler reported &quot;Missing semicolon.&quot; at examples&#x2F;filesystem.js:62<br>[WARN] JavaScript compiler reported &quot;Extra comma.&quot; at examples&#x2F;contacts_add.js:13<br>[WARN] JavaScript compiler reported &quot;Extra comma.&quot; at examples&#x2F;contacts_add.js:20<br>[WARN] JavaScript compiler reported &quot;Extra comma.&quot; at examples&#x2F;contacts_add.js:34<br>[WARN] JavaScript compiler reported &quot;Extra comma.&quot; at examples&#x2F;contacts_add.js:41<br>[WARN] JavaScript compiler reported &quot;Extra comma.&quot; at examples&#x2F;contacts_add.js:55<br>[WARN] JavaScript compiler reported &quot;Extra comma.&quot; at examples&#x2F;contacts_add.js:62<br>[WARN] JavaScript compiler reported &quot;Extra comma.&quot; at examples&#x2F;contacts_add.js:76<br>[WARN] JavaScript compiler reported &quot;Extra comma.&quot; at examples&#x2F;contacts_add.js:83<br>[WARN] JavaScript compiler reported &quot;Extra comma.&quot; at examples&#x2F;contacts_add.js:97<br>[WARN] JavaScript compiler reported &quot;Extra comma.&quot; at examples&#x2F;contacts_add.js:104<br>[WARN] JavaScript compiler reported &quot;Extra comma.&quot; at examples&#x2F;contacts_add.js:118<br>[WARN] JavaScript compiler reported &quot;Extra comma.&quot; at examples&#x2F;contacts_add.js:125<br>[WARN] JavaScript compiler reported &quot;Extra comma.&quot; at examples&#x2F;horizontal_layout.js:14<br>[WARN] JavaScript compiler reported &quot;Extra comma.&quot; at examples&#x2F;contacts_db.js:28<br>[WARN] JavaScript compiler reported &quot;The body of a for in should be wrapped in an if statement to filter unwanted properties from the prototype.&quot; at examples&#x2F;contacts_db.js:19<br>[WARN] JavaScript compiler reported &quot;Be careful when making functions within a loop. Consider putting the function in a closure.&quot; at examples&#x2F;contacts_db.js:35<br>[WARN] JavaScript compiler reported &quot;Missing semicolon.&quot; at examples&#x2F;contacts_db.js:38<br>[WARN] JavaScript compiler reported &quot;Bad for in variable &#39;v&#39;.&quot; at examples&#x2F;facebook_properties.js:67<br>[WARN] JavaScript compiler reported &quot;Missing semicolon.&quot; at examples&#x2F;geolocation.js:304<br>[WARN] JavaScript compiler reported &quot;Missing semicolon.&quot; at examples&#x2F;geolocation.js:316<br>[WARN] JavaScript compiler reported &quot;Missing semicolon.&quot; at examples&#x2F;geolocation.js:383<br>[WARN] JavaScript compiler reported &quot;Missing semicolon.&quot; at examples&#x2F;json.js:11<br>[WARN] JavaScript compiler reported &quot;Missing semicolon.&quot; at examples&#x2F;json.js:12<br>[WARN] JavaScript compiler reported &quot;&#39;label&#39; was used before it was defined.&quot; at examples&#x2F;options_dialog.js:48<br>[WARN] JavaScript compiler reported &quot;Missing semicolon.&quot; at examples&#x2F;label.js:67<br>[WARN] JavaScript compiler reported &quot;Missing semicolon.&quot; at examples&#x2F;label.js:74<br>[WARN] JavaScript compiler reported &quot;&#39;size&#39; was used before it was defined.&quot; at examples&#x2F;label.js:104<br>[WARN] JavaScript compiler reported &quot;Missing semicolon.&quot; at examples&#x2F;label.js:111<br>[WARN] JavaScript compiler reported &quot;Missing semicolon.&quot; at examples&#x2F;map_view.js:147<br>[WARN] JavaScript compiler reported &quot;Missing semicolon.&quot; at examples&#x2F;map_view.js:270<br>[WARN] JavaScript compiler reported &quot;Missing semicolon.&quot; at examples&#x2F;map_view.js:304<br>[WARN] JavaScript compiler reported &quot;Missing semicolon.&quot; at examples&#x2F;map_view.js:313<br>[WARN] JavaScript compiler reported &quot;Extra comma.&quot; at examples&#x2F;music.js:26<br>[WARN] JavaScript compiler reported &quot;Extra comma.&quot; at examples&#x2F;music.js:112<br>[WARN] JavaScript compiler reported &quot;Extra comma.&quot; at examples&#x2F;music.js:182<br>[WARN] JavaScript compiler reported &quot;Extra comma.&quot; at examples&#x2F;music.js:204<br>[WARN] JavaScript compiler reported &quot;Be careful when making functions within a loop. Consider putting the function in a closure.&quot; at examples&#x2F;music.js:377<br>[WARN] JavaScript compiler reported &quot;Extra comma.&quot; at examples&#x2F;music.js:400<br>[WARN] JavaScript compiler reported &quot;Expected to see a statement and instead saw a block.&quot; at examples&#x2F;orientation.js:34<br>[WARN] JavaScript compiler reported &quot;Stopping, unable to continue. (18% scanned).&quot; at examples&#x2F;orientation.js:34<br>[WARN] JavaScript compiler reported &quot;Missing semicolon.&quot; at examples&#x2F;picker_date3.js:4<br>[WARN] JavaScript compiler reported &quot;Missing semicolon.&quot; at examples&#x2F;picker_date3.js:7<br>[WARN] JavaScript compiler reported &quot;Missing semicolon.&quot; at examples&#x2F;picker_date3.js:9<br>[WARN] JavaScript compiler reported &quot;Missing semicolon.&quot; at examples&#x2F;picker_date3.js:12<br>[WARN] JavaScript compiler reported &quot;Missing semicolon.&quot; at examples&#x2F;map_view2.js:68<br>[WARN] JavaScript compiler reported &quot;Redefinition of &#39;open&#39;.&quot; at examples&#x2F;navgroup.js:5<br>[WARN] JavaScript compiler reported &quot;&#39;modal&#39; was used before it was defined.&quot; at examples&#x2F;navgroup.js:16<br>[WARN] JavaScript compiler reported &quot;Extra comma.&quot; at examples&#x2F;navgroup.js:21<br>[WARN] JavaScript compiler reported &quot;&#39;b&#39; is already defined.&quot; at examples&#x2F;navgroup.js:62<br>[WARN] JavaScript compiler reported &quot;Extra comma.&quot; at examples&#x2F;photo_gallery.js:55<br>[WARN] JavaScript compiler reported &quot;Extra comma.&quot; at examples&#x2F;scroll_views.js:7<br>[WARN] JavaScript compiler reported &quot;Missing semicolon.&quot; at examples&#x2F;scroll_views.js:41<br>[WARN] JavaScript compiler reported &quot;Extra comma.&quot; at examples&#x2F;picker.js:19<br>[WARN] JavaScript compiler reported &quot;Missing semicolon.&quot; at examples&#x2F;picker_date1.js:4<br>[WARN] JavaScript compiler reported &quot;Missing semicolon.&quot; at examples&#x2F;picker_date1.js:7<br>[WARN] JavaScript compiler reported &quot;Missing semicolon.&quot; at examples&#x2F;picker_date1.js:9<br>[WARN] JavaScript compiler reported &quot;Missing semicolon.&quot; at examples&#x2F;picker_date1.js:12<br>[WARN] JavaScript compiler reported &quot;Extra comma.&quot; at examples&#x2F;picker_date1.js:23<br>[WARN] JavaScript compiler reported &quot;Missing semicolon.&quot; at examples&#x2F;picker_date1.js:46<br>[WARN] JavaScript compiler reported &quot;Expected to see a statement and instead saw a block.&quot; at examples&#x2F;platform.js:20<br>[WARN] JavaScript compiler reported &quot;Stopping, unable to continue. (6% scanned).&quot; at examples&#x2F;platform.js:20<br>[WARN] JavaScript compiler reported &quot;Missing semicolon.&quot; at examples&#x2F;scroll_views_basic.js:1<br>[WARN] JavaScript compiler reported &quot;&#39;ind&#39; was used before it was defined.&quot; at examples&#x2F;progress_bar.js:54<br>[WARN] JavaScript compiler reported &quot;&#39;ind2&#39; was used before it was defined.&quot; at examples&#x2F;progress_bar.js:71<br>[WARN] JavaScript compiler reported &quot;&#39;ind3&#39; was used before it was defined.&quot; at examples&#x2F;progress_bar.js:88<br>[WARN] JavaScript compiler reported &quot;&#39;ind4&#39; was used before it was defined.&quot; at examples&#x2F;progress_bar.js:102<br>[WARN] JavaScript compiler reported &quot;Missing semicolon.&quot; at examples&#x2F;scroll_views_many.js:1<br>[WARN] JavaScript compiler reported &quot;Missing semicolon.&quot; at examples&#x2F;scroll_views_many.js:34<br>[WARN] JavaScript compiler reported &quot;Missing semicolon.&quot; at examples&#x2F;scroll_views_many.js:69<br>[WARN] JavaScript compiler reported &quot;Missing semicolon.&quot; at examples&#x2F;scroll_views_many.js:111<br>[WARN] JavaScript compiler reported &quot;Missing semicolon.&quot; at examples&#x2F;scroll_views_many.js:146<br>[WARN] JavaScript compiler reported &quot;Missing semicolon.&quot; at examples&#x2F;screenshot.js:16<br>[WARN] JavaScript compiler reported &quot;Missing semicolon.&quot; at examples&#x2F;scroll_views_scaling.js:1<br>[WARN] JavaScript compiler reported &quot;Extra comma.&quot; at examples&#x2F;scroll_views_scrollable.js:8<br>[WARN] JavaScript compiler reported &quot;Extra comma.&quot; at examples&#x2F;scroll_views_scrollable.js:72<br>[WARN] JavaScript compiler reported &quot;Missing semicolon.&quot; at examples&#x2F;scroll_views_scrollable.js:82<br>[WARN] JavaScript compiler reported &quot;Missing semicolon.&quot; at examples&#x2F;scroll_views_scrollable.js:148<br>[WARN] JavaScript compiler reported &quot;Missing semicolon.&quot; at examples&#x2F;scroll_views_scrollable.js:149<br>[WARN] JavaScript compiler reported &quot;Missing semicolon.&quot; at examples&#x2F;scroll_views_scrollable.js:153<br>[WARN] JavaScript compiler reported &quot;Expected &#39;{&#39; and instead saw &#39;return&#39;.&quot; at examples&#x2F;scroll_views_scrollable.js:167<br>[WARN] JavaScript compiler reported &quot;Missing semicolon.&quot; at examples&#x2F;scroll_views_scrollable.js:169<br>[WARN] JavaScript compiler reported &quot;Expected &#39;{&#39; and instead saw &#39;return&#39;.&quot; at examples&#x2F;scroll_views_scrollable.js:178<br>[WARN] JavaScript compiler reported &quot;Missing semicolon.&quot; at examples&#x2F;scroll_views_scrollable.js:207<br>[WARN] JavaScript compiler reported &quot;Missing semicolon.&quot; at examples&#x2F;scroll_views_tabs.js:1<br>[WARN] JavaScript compiler reported &quot;Extra comma.&quot; at examples&#x2F;scroll_views_tabs.js:32<br>[WARN] JavaScript compiler reported &quot;Bad for in variable &#39;v&#39;.&quot; at examples&#x2F;scroll_views_tabs.js:228<br>[WARN] JavaScript compiler reported &quot;The body of a for in should be wrapped in an if statement to filter unwanted properties from the prototype.&quot; at examples&#x2F;scroll_views_tabs.js:228<br>[WARN] JavaScript compiler reported &quot;Extra comma.&quot; at examples&#x2F;scroll_views_without_clipping.js:98<br>[WARN] JavaScript compiler reported &quot;Extra comma.&quot; at examples&#x2F;scroll_views_without_clipping.js:125<br>[WARN] JavaScript compiler reported &quot;&#39;showTableView&#39; was used before it was defined.&quot; at examples&#x2F;scroll_views_without_clipping.js:142<br>[WARN] JavaScript compiler reported &quot;Extra comma.&quot; at examples&#x2F;searchbar.js:7<br>[WARN] JavaScript compiler reported &quot;Missing semicolon.&quot; at examples&#x2F;searchbar.js:120<br>[WARN] JavaScript compiler reported &quot;Missing semicolon.&quot; at examples&#x2F;searchbar.js:124<br>[WARN] JavaScript compiler reported &quot;Extra comma.&quot; at examples&#x2F;set_timeout.js:11<br>[WARN] JavaScript compiler reported &quot;Missing semicolon.&quot; at examples&#x2F;slider.js:215<br>[WARN] JavaScript compiler reported &quot;Missing semicolon.&quot; at examples&#x2F;soap_client_library.js:97<br>[WARN] JavaScript compiler reported &quot;Missing semicolon.&quot; at examples&#x2F;soap_client_library.js:98<br>[WARN] JavaScript compiler reported &quot;[&#39;from&#39;] is better written in dot notation.&quot; at examples&#x2F;sockets.js:30<br>[WARN] JavaScript compiler reported &quot;[&#39;data&#39;] is better written in dot notation.&quot; at examples&#x2F;sockets.js:30<br>[WARN] JavaScript compiler reported &quot;Expected &#39;{&#39; and instead saw &#39;sound&#39;.&quot; at examples&#x2F;sound_file.js:113<br>[WARN] JavaScript compiler reported &quot;Expected &#39;{&#39; and instead saw &#39;sound&#39;.&quot; at examples&#x2F;sound_file.js:115<br>[WARN] JavaScript compiler reported &quot;&#39;pb&#39; was used before it was defined.&quot; at examples&#x2F;sound_file.js:160<br>[WARN] JavaScript compiler reported &quot;Missing semicolon.&quot; at examples&#x2F;sound_file.js:176<br>[WARN] JavaScript compiler reported &quot;&#39;volumeDown&#39; was used before it was defined.&quot; at examples&#x2F;sound_file_url.js:100<br>[WARN] JavaScript compiler reported &quot;Expected &#39;{&#39; and instead saw &#39;sound&#39;.&quot; at examples&#x2F;sound_file_url.js:112<br>[WARN] JavaScript compiler reported &quot;Expected &#39;{&#39; and instead saw &#39;sound&#39;.&quot; at examples&#x2F;sound_file_url.js:114<br>[WARN] JavaScript compiler reported &quot;&#39;pb&#39; was used before it was defined.&quot; at examples&#x2F;sound_file_url.js:157<br>[WARN] JavaScript compiler reported &quot;Missing semicolon.&quot; at examples&#x2F;sound_file_url.js:173<br>[WARN] JavaScript compiler reported &quot;&#39;volumeDown&#39; was used before it was defined.&quot; at examples&#x2F;sound_local.js:104<br>[WARN] JavaScript compiler reported &quot;Expected &#39;{&#39; and instead saw &#39;sound&#39;.&quot; at examples&#x2F;sound_local.js:116<br>[WARN] JavaScript compiler reported &quot;Expected &#39;{&#39; and instead saw &#39;sound&#39;.&quot; at examples&#x2F;sound_local.js:118<br>[WARN] JavaScript compiler reported &quot;&#39;pb&#39; was used before it was defined.&quot; at examples&#x2F;sound_local.js:203<br>[WARN] JavaScript compiler reported &quot;&#39;b1&#39; was used before it was defined.&quot; at examples&#x2F;sound_record.js:108<br>[WARN] JavaScript compiler reported &quot;&#39;b2&#39; was used before it was defined.&quot; at examples&#x2F;sound_record.js:143<br>[WARN] JavaScript compiler reported &quot;Extra comma.&quot; at examples&#x2F;sound_record.js:183<br>[WARN] JavaScript compiler reported &quot;&#39;volumeDown&#39; was used before it was defined.&quot; at examples&#x2F;sound_remote_url.js:100<br>[WARN] JavaScript compiler reported &quot;Expected &#39;{&#39; and instead saw &#39;sound&#39;.&quot; at examples&#x2F;sound_remote_url.js:112<br>[WARN] JavaScript compiler reported &quot;Expected &#39;{&#39; and instead saw &#39;sound&#39;.&quot; at examples&#x2F;sound_remote_url.js:114<br>[WARN] JavaScript compiler reported &quot;&#39;pb&#39; was used before it was defined.&quot; at examples&#x2F;sound_remote_url.js:159<br>[WARN] JavaScript compiler reported &quot;Extra comma.&quot; at examples&#x2F;sound_remote_url.js:162<br>[WARN] JavaScript compiler reported &quot;Missing semicolon.&quot; at examples&#x2F;sound_remote_url.js:175<br>[WARN] JavaScript compiler reported &quot;Expected &#39;{&#39; and instead saw &#39;count&#39;.&quot; at examples&#x2F;sound_session_mode.js:17<br>[WARN] JavaScript compiler reported &quot;Expected &#39;{&#39; and instead saw &#39;count&#39;.&quot; at examples&#x2F;sound_session_mode.js:17<br>[WARN] JavaScript compiler reported &quot;Missing semicolon.&quot; at examples&#x2F;sound_session_mode.js:17<br>[WARN] JavaScript compiler reported &quot;Missing semicolon.&quot; at examples&#x2F;sound_session_mode.js:20<br>[WARN] JavaScript compiler reported &quot;Missing semicolon.&quot; at examples&#x2F;sound_session_mode.js:21<br>[WARN] JavaScript compiler reported &quot;Expected &#39;{&#39; and instead saw &#39;count&#39;.&quot; at examples&#x2F;sound_session_mode.js:43<br>[WARN] JavaScript compiler reported &quot;Expected &#39;{&#39; and instead saw &#39;count&#39;.&quot; at examples&#x2F;sound_session_mode.js:43<br>[WARN] JavaScript compiler reported &quot;Missing semicolon.&quot; at examples&#x2F;sound_session_mode.js:43<br>[WARN] JavaScript compiler reported &quot;Missing semicolon.&quot; at examples&#x2F;sound_session_mode.js:47<br>[WARN] JavaScript compiler reported &quot;Missing semicolon.&quot; at examples&#x2F;sound_session_mode.js:59<br>[WARN] JavaScript compiler reported &quot;&#39;l&#39; was used before it was defined.&quot; at examples&#x2F;sound_session_mode.js:62<br>[WARN] JavaScript compiler reported &quot;&#39;modeArray&#39; was used before it was defined.&quot; at examples&#x2F;sound_session_mode.js:75<br>[WARN] JavaScript compiler reported &quot;&#39;audio&#39; was used before it was defined.&quot; at examples&#x2F;sound_session_mode.js:83<br>[WARN] JavaScript compiler reported &quot;&#39;sound&#39; was used before it was defined.&quot; at examples&#x2F;sound_session_mode.js:84<br>[WARN] JavaScript compiler reported &quot;Expected to see a statement and instead saw a block.&quot; at examples&#x2F;statusbar.js:38<br>[WARN] JavaScript compiler reported &quot;Stopping, unable to continue. (60% scanned).&quot; at examples&#x2F;statusbar.js:38<br>[WARN] JavaScript compiler reported &quot;The body of a for in should be wrapped in an if statement to filter unwanted properties from the prototype.&quot; at examples&#x2F;suds.js:93<br>[WARN] JavaScript compiler reported &quot;Extra comma.&quot; at examples&#x2F;switch.js:20<br>[WARN] JavaScript compiler reported &quot;Extra comma.&quot; at examples&#x2F;switch.js:88<br>[WARN] JavaScript compiler reported &quot;Missing semicolon.&quot; at examples&#x2F;switch.js:90<br>[WARN] JavaScript compiler reported &quot;Missing semicolon.&quot; at examples&#x2F;switch.js:96<br>[WARN] JavaScript compiler reported &quot;Extra comma.&quot; at examples&#x2F;switch.js:150<br>[WARN] JavaScript compiler reported &quot;Extra comma.&quot; at examples&#x2F;system_buttons.js:16<br>[WARN] JavaScript compiler reported &quot;Extra comma.&quot; at examples&#x2F;system_buttons.js:24<br>[WARN] JavaScript compiler reported &quot;Extra comma.&quot; at examples&#x2F;system_buttons.js:32<br>[WARN] JavaScript compiler reported &quot;Extra comma.&quot; at examples&#x2F;system_buttons.js:40<br>[WARN] JavaScript compiler reported &quot;Extra comma.&quot; at examples&#x2F;system_buttons.js:48<br>[WARN] JavaScript compiler reported &quot;Extra comma.&quot; at examples&#x2F;system_buttons.js:56<br>[WARN] JavaScript compiler reported &quot;Extra comma.&quot; at examples&#x2F;system_buttons.js:64<br>[WARN] JavaScript compiler reported &quot;Extra comma.&quot; at examples&#x2F;system_buttons.js:72<br>[WARN] JavaScript compiler reported &quot;Extra comma.&quot; at examples&#x2F;system_buttons.js:80<br>[WARN] JavaScript compiler reported &quot;Extra comma.&quot; at examples&#x2F;system_buttons.js:88<br>[WARN] JavaScript compiler reported &quot;Extra comma.&quot; at examples&#x2F;system_buttons.js:96<br>[WARN] JavaScript compiler reported &quot;Extra comma.&quot; at examples&#x2F;system_buttons.js:104<br>[WARN] JavaScript compiler reported &quot;Extra comma.&quot; at examples&#x2F;system_buttons.js:112<br>[WARN] JavaScript compiler reported &quot;Extra comma.&quot; at examples&#x2F;system_buttons.js:120<br>[WARN] JavaScript compiler reported &quot;Extra comma.&quot; at examples&#x2F;system_buttons.js:128<br>[WARN] JavaScript compiler reported &quot;Extra comma.&quot; at examples&#x2F;system_buttons.js:136<br>[WARN] JavaScript compiler reported &quot;Extra comma.&quot; at examples&#x2F;system_buttons.js:144<br>[WARN] JavaScript compiler reported &quot;Extra comma.&quot; at examples&#x2F;system_buttons.js:152<br>[WARN] JavaScript compiler reported &quot;Extra comma.&quot; at examples&#x2F;system_buttons.js:160<br>[WARN] JavaScript compiler reported &quot;Extra comma.&quot; at examples&#x2F;system_buttons.js:168<br>[WARN] JavaScript compiler reported &quot;Missing semicolon.&quot; at examples&#x2F;system_buttons.js:172<br>[WARN] JavaScript compiler reported &quot;Extra comma.&quot; at examples&#x2F;system_buttons.js:177<br>[WARN] JavaScript compiler reported &quot;Extra comma.&quot; at examples&#x2F;system_buttons.js:185<br>[WARN] JavaScript compiler reported &quot;Extra comma.&quot; at examples&#x2F;system_buttons.js:193<br>[WARN] JavaScript compiler reported &quot;Extra comma.&quot; at examples&#x2F;system_buttons.js:201<br>[WARN] JavaScript compiler reported &quot;&#39;newtab&#39; is already defined.&quot; at examples&#x2F;tab_groups.js:31<br>[WARN] JavaScript compiler reported &quot;&#39;transform&#39; is already defined.&quot; at examples&#x2F;tab_groups.js:62<br>[WARN] JavaScript compiler reported &quot;&#39;tb1&#39; was used before it was defined.&quot; at examples&#x2F;tabbedbar.js:40<br>[WARN] JavaScript compiler reported &quot;&#39;tb2&#39; was used before it was defined.&quot; at examples&#x2F;tabbedbar.js:74<br>[WARN] JavaScript compiler reported &quot;&#39;tb3&#39; was used before it was defined.&quot; at examples&#x2F;tabbedbar.js:93<br>[WARN] JavaScript compiler reported &quot;&#39;tb4&#39; was used before it was defined.&quot; at examples&#x2F;tabbedbar.js:109<br>[WARN] JavaScript compiler reported &quot;Extra comma.&quot; at examples&#x2F;tabbedbar.js:128<br>[WARN] JavaScript compiler reported &quot;Extra comma.&quot; at examples&#x2F;tabbedbar.js:136<br>[WARN] JavaScript compiler reported &quot;Expected an identifier and instead saw &#39;)&#39;.&quot; at examples&#x2F;table_view_api_controls.js:18<br>[WARN] JavaScript compiler reported &quot;Stopping, unable to continue. (13% scanned).&quot; at examples&#x2F;table_view_api_controls.js:18<br>[WARN] JavaScript compiler reported &quot;Expected an assignment or function call and instead saw an expression.&quot; at examples&#x2F;table_view_api_search.js:18<br>[WARN] JavaScript compiler reported &quot;Missing semicolon.&quot; at examples&#x2F;table_view_api_search.js:18<br>[WARN] JavaScript compiler reported &quot;Missing semicolon.&quot; at examples&#x2F;table_view_composite.js:35<br>[WARN] JavaScript compiler reported &quot;Missing semicolon.&quot; at examples&#x2F;table_view_controls_2.js:23<br>[WARN] JavaScript compiler reported &quot;Extra comma.&quot; at examples&#x2F;table_view_controls_2.js:49<br>[WARN] JavaScript compiler reported &quot;Missing semicolon.&quot; at examples&#x2F;table_view_controls_2.js:53<br>[WARN] JavaScript compiler reported &quot;Missing semicolon.&quot; at examples&#x2F;table_view_controls_2.js:57<br>[WARN] JavaScript compiler reported &quot;&#39;tableView&#39; was used before it was defined.&quot; at examples&#x2F;table_view_controls_2.js:65<br>[WARN] JavaScript compiler reported &quot;Missing semicolon.&quot; at examples&#x2F;table_view_delete.js:3<br>[WARN] JavaScript compiler reported &quot;&#39;cancel&#39; was used before it was defined.&quot; at examples&#x2F;table_view_delete.js:64<br>[WARN] JavaScript compiler reported &quot;&#39;cancel&#39; was used before it was defined.&quot; at examples&#x2F;table_view_delete_2.js:55<br>[WARN] JavaScript compiler reported &quot;&#39;cancel&#39; was used before it was defined.&quot; at examples&#x2F;table_view_delete_3.js:44<br>[WARN] JavaScript compiler reported &quot;&#39;endUpdate&#39; was used before it was defined.&quot; at examples&#x2F;table_view_dynamic_scroll.js:41<br>[WARN] JavaScript compiler reported &quot;Missing semicolon.&quot; at examples&#x2F;table_view_dynamic_scroll.js:55<br>[WARN] JavaScript compiler reported &quot;A leading decimal point can be confused with a dot: &#39;.75&#39;.&quot; at examples&#x2F;table_view_dynamic_scroll.js:76<br>[WARN] JavaScript compiler reported &quot;Extra comma.&quot; at examples&#x2F;table_view_edit_and_move.js:16<br>[WARN] JavaScript compiler reported &quot;&#39;cancel&#39; was used before it was defined.&quot; at examples&#x2F;table_view_edit_and_move.js:42<br>[WARN] JavaScript compiler reported &quot;Missing semicolon.&quot; at examples&#x2F;table_view_empty.js:15<br>[WARN] JavaScript compiler reported &quot;Be careful when making functions within a loop. Consider putting the function in a closure.&quot; at examples&#x2F;table_view_events.js:83<br>[WARN] JavaScript compiler reported &quot;Be careful when making functions within a loop. Consider putting the function in a closure.&quot; at examples&#x2F;table_view_events.js:94<br>[WARN] JavaScript compiler reported &quot;Be careful when making functions within a loop. Consider putting the function in a closure.&quot; at examples&#x2F;table_view_events.js:106<br>[WARN] JavaScript compiler reported &quot;Be careful when making functions within a loop. Consider putting the function in a closure.&quot; at examples&#x2F;table_view_events.js:118<br>[WARN] JavaScript compiler reported &quot;Extra comma.&quot; at examples&#x2F;table_view_footers.js:7<br>[WARN] JavaScript compiler reported &quot;Expected &#39;{&#39; and instead saw &#39;tableview&#39;.&quot; at examples&#x2F;table_view_headers_filter.js:77<br>[WARN] JavaScript compiler reported &quot;Missing semicolon.&quot; at examples&#x2F;table_view_headers_filter.js:77<br>[WARN] JavaScript compiler reported &quot;&#39;index2&#39; was used before it was defined.&quot; at examples&#x2F;table_view_headers_filter.js:105<br>[WARN] JavaScript compiler reported &quot;Expected an assignment or function call and instead saw an expression.&quot; at examples&#x2F;table_view_layout_2.js:13<br>[WARN] JavaScript compiler reported &quot;Missing semicolon.&quot; at examples&#x2F;table_view_layout_2.js:13<br>[WARN] JavaScript compiler reported &quot;Missing semicolon.&quot; at examples&#x2F;table_view_layout_2.js:47<br>[WARN] JavaScript compiler reported &quot;Extra comma.&quot; at examples&#x2F;table_view_layout_2.js:89<br>[WARN] JavaScript compiler reported &quot;Missing semicolon.&quot; at examples&#x2F;table_view_layout_2.js:177<br>[WARN] JavaScript compiler reported &quot;&#39;delete1&#39; was used before it was defined.&quot; at examples&#x2F;table_view_layout_3.js:57<br>[WARN] JavaScript compiler reported &quot;Missing semicolon.&quot; at examples&#x2F;table_view_layout_3.js:102<br>[WARN] JavaScript compiler reported &quot;&#39;delete2&#39; was used before it was defined.&quot; at examples&#x2F;table_view_layout_3.js:128<br>[WARN] JavaScript compiler reported &quot;Be careful when making functions within a loop. Consider putting the function in a closure.&quot; at examples&#x2F;table_view_layout_4.js:96<br>[WARN] JavaScript compiler reported &quot;The body of a for in should be wrapped in an if statement to filter unwanted properties from the prototype.&quot; at examples&#x2F;table_view_layout_5.js:20<br>[WARN] JavaScript compiler reported &quot;&#39;cancel&#39; was used before it was defined.&quot; at examples&#x2F;table_view_move.js:53<br>[WARN] JavaScript compiler reported &quot;Missing &#39;()&#39; invoking a constructor.&quot; at examples&#x2F;table_view_perf.js:20<br>[WARN] JavaScript compiler reported &quot;Missing &#39;()&#39; invoking a constructor.&quot; at examples&#x2F;table_view_perf.js:32<br>[WARN] JavaScript compiler reported &quot;Missing &#39;()&#39; invoking a constructor.&quot; at examples&#x2F;table_view_pull_to_refresh.js:5<br>[WARN] JavaScript compiler reported &quot;Missing semicolon.&quot; at examples&#x2F;table_view_pull_to_refresh.js:36<br>[WARN] JavaScript compiler reported &quot;&#39;endReloading&#39; was used before it was defined.&quot; at examples&#x2F;table_view_pull_to_refresh.js:106<br>[WARN] JavaScript compiler reported &quot;&#39;t&#39; is already defined.&quot; at examples&#x2F;table_view_pull_to_refresh.js:138<br>[WARN] JavaScript compiler reported &quot;Extra comma.&quot; at examples&#x2F;table_view_refresh.js:4<br>[WARN] JavaScript compiler reported &quot;Missing semicolon.&quot; at examples&#x2F;table_view_refresh.js:17<br>[WARN] JavaScript compiler reported &quot;Extra comma.&quot; at examples&#x2F;table_view_refresh.js:23<br>[WARN] JavaScript compiler reported &quot;Missing semicolon.&quot; at examples&#x2F;table_view_refresh.js:31<br>[WARN] JavaScript compiler reported &quot;Missing semicolon.&quot; at examples&#x2F;table_view_row_append.js:22<br>[WARN] JavaScript compiler reported &quot;Missing semicolon.&quot; at examples&#x2F;table_view_row_append.js:40<br>[WARN] JavaScript compiler reported &quot;&#39;data&#39; is already defined.&quot; at examples&#x2F;table_view_row_append.js:46<br>[WARN] JavaScript compiler reported &quot;Expected to see a statement and instead saw a block.&quot; at examples&#x2F;table_view_row_insert.js:34<br>[WARN] JavaScript compiler reported &quot;Stopping, unable to continue. (48% scanned).&quot; at examples&#x2F;table_view_row_insert.js:34<br>[WARN] JavaScript compiler reported &quot;Expected to see a statement and instead saw a block.&quot; at examples&#x2F;table_view_row_update.js:30<br>[WARN] JavaScript compiler reported &quot;Stopping, unable to continue. (44% scanned).&quot; at examples&#x2F;table_view_row_update.js:30<br>[WARN] JavaScript compiler reported &quot;Missing semicolon.&quot; at examples&#x2F;table_view_section_header.js:5<br>[WARN] JavaScript compiler reported &quot;Expected to see a statement and instead saw a block.&quot; at examples&#x2F;table_view_set.js:33<br>[WARN] JavaScript compiler reported &quot;Stopping, unable to continue. (37% scanned).&quot; at examples&#x2F;table_view_set.js:33<br>[WARN] JavaScript compiler reported &quot;Extra comma.&quot; at examples&#x2F;table_view_textfield.js:11<br>[WARN] JavaScript compiler reported &quot;Expected &#39;{&#39; and instead saw &#39;data&#39;.&quot; at examples&#x2F;table_view_textfield.js:40<br>[WARN] JavaScript compiler reported &quot;Expected &#39;{&#39; and instead saw &#39;data&#39;.&quot; at examples&#x2F;table_view_textfield.js:42<br>[WARN] JavaScript compiler reported &quot;Missing semicolon.&quot; at examples&#x2F;table_view_textfield.js:52<br>[WARN] JavaScript compiler reported &quot;Missing semicolon.&quot; at examples&#x2F;table_view_textfield.js:53<br>[WARN] JavaScript compiler reported &quot;Extra comma.&quot; at examples&#x2F;table_view_touch.js:22<br>[WARN] JavaScript compiler reported &quot;Extra comma.&quot; at examples&#x2F;table_views.js:32<br>[WARN] JavaScript compiler reported &quot;Expected to see a statement and instead saw a block.&quot; at examples&#x2F;textfield_therest.js:126<br>[WARN] JavaScript compiler reported &quot;Stopping, unable to continue. (40% scanned).&quot; at examples&#x2F;textfield_therest.js:126<br>[WARN] JavaScript compiler reported &quot;Extra comma.&quot; at examples&#x2F;twitter.js:45<br>[WARN] JavaScript compiler reported &quot;&#39;strtotime&#39; was used before it was defined.&quot; at examples&#x2F;twitter.js:115<br>[WARN] JavaScript compiler reported &quot;&#39;prettyDate&#39; was used before it was defined.&quot; at examples&#x2F;twitter.js:277<br>[WARN] JavaScript compiler reported &quot;Missing radix parameter.&quot; at examples&#x2F;version.js:10<br>[WARN] JavaScript compiler reported &quot;Missing radix parameter.&quot; at examples&#x2F;version.js:11<br>[WARN] JavaScript compiler reported &quot;Missing radix parameter.&quot; at examples&#x2F;version.js:28<br>[WARN] JavaScript compiler reported &quot;Extra comma.&quot; at examples&#x2F;views.js:14<br>[WARN] JavaScript compiler reported &quot;Missing semicolon.&quot; at examples&#x2F;views_zindex.js:87<br>[WARN] JavaScript compiler reported &quot;Function statements cannot be placed in blocks. Use a function expression or move the statement to the top of the outer function.&quot; at examples&#x2F;web_views.js:210<br>[WARN] JavaScript compiler reported &quot;Extra comma.&quot; at examples&#x2F;webview_repaint.js:5<br>[WARN] JavaScript compiler reported &quot;Extra comma.&quot; at examples&#x2F;webview_repaint.js:15<br>[WARN] JavaScript compiler reported &quot;Missing semicolon.&quot; at examples&#x2F;webview_repaint.js:35<br>[WARN] JavaScript compiler reported &quot;Missing semicolon.&quot; at examples&#x2F;window_events.js:260<br>[WARN] JavaScript compiler reported &quot;Extra comma.&quot; at examples&#x2F;window_standalone.js:115<br>[WARN] JavaScript compiler reported &quot;Extra comma.&quot; at examples&#x2F;window_toolbar.js:130<br>[WARN] JavaScript compiler reported &quot;Extra comma.&quot; at examples&#x2F;window_toolbar.js:151<br>[WARN] JavaScript compiler reported &quot;Unescaped &#39;]&#39;.&quot; at examples&#x2F;xhr_cookie.js:109<br>[WARN] JavaScript compiler reported &quot;Missing semicolon.&quot; at examples&#x2F;xhr_filedownload.js:56<br>[WARN] JavaScript compiler reported &quot;Missing semicolon.&quot; at examples&#x2F;xhr_settimeout.js:31<br>[WARN] JavaScript compiler reported &quot;Missing semicolon.&quot; at examples&#x2F;xhr_settimeout.js:46<br>[WARN] JavaScript compiler reported &quot;Missing semicolon.&quot; at examples&#x2F;xhr_settimeout.js:65<br>[WARN] JavaScript compiler reported &quot;&#39;xhr&#39; is already defined.&quot; at examples&#x2F;xhr_settimeout.js:66<br>[WARN] JavaScript compiler reported &quot;&#39;start&#39; is already defined.&quot; at examples&#x2F;xhr_settimeout.js:68<br>[WARN] JavaScript compiler reported &quot;Missing semicolon.&quot; at examples&#x2F;xhr_settimeout.js:79<br>[WARN] JavaScript compiler reported &quot;&#39;notExistIP&#39; is already defined.&quot; at examples&#x2F;xhr_settimeout.js:84<br>[WARN] JavaScript compiler reported &quot;Missing semicolon.&quot; at main_windows&#x2F;base_ui.js:74<br>[INFO] One moment, building …<br>[INFO] Titanium SDK version: 1.4.0<br>[INFO] iPhone Device family: iphone<br>[INFO] iPhone SDK version: 3.2<br>[INFO] Performing clean build<br>[INFO] Detected custom font: comic_zine_ot.otf</p>

						</section>
						<footer>
							<div class="author">
								&mdash; answered <span title="July 29th 2010, 2:02:26 am">July 29th 2010</span>
								by <span class='authorname'>David Schellenberg</span><br>
								<a class="icon-bg icon-link" href="question/25661/kitchensink-with-titanium-mobile-130-not-working#answer-92391" rel="permalink">permalink</a>
							</div>

							<h5>0 Comments</h5>
							
						</footer>
						<aside class="vote-box">
							<div class="score"><span>-1</span> Votes</div>
						</aside>
					</article>
				</li>
			
		</ul>
	
</article>

		</div>
		<div class="col-sm-3"></div>
	</div>
	<div class="row"><div class="signoff">The ownership of individual contributions to this community generated content is retained by the authors of their contributions.<br>All trademarks remain the property of the respective owner.</div></div>
</main>


</body>
</html>
