<!doctype html>
<html>
<head>
	<meta http-equiv="X-UA-Compatible" content="IE=Edge,chrome=1">
	<meta http-equiv="Content-Type" content="text/html; charset=UTF-8">
	<meta charset="utf-8">
	
		<title>Error in building Android Module » Community Questions &amp; Answers » Appcelerator Developer Center</title>
	
	<meta name="viewport" content="width=device-width,initial-scale=1">
	<link href="../../related/favicon.png" rel="shortcut icon" type="image/png">
	<link href="//fonts.googleapis.com/css?family=Open+Sans:300,400,500,600,700" rel="stylesheet" type="text/css">
	<link href="//d3ilu1xuwhtfe2.cloudfront.net/e8e0ebd/css/style.css" rel="stylesheet" type="text/css">
	<link href="../../related/qa.css" rel="stylesheet" type="text/css">
	<link href="../../related/hybrid.css" rel="stylesheet" type="text/css">
	
	<link href="../../related/overrides.css" rel="stylesheet" type="text/css">
</head>
<body>

<div class='mast'>    <div class='container'>        <div class='row'>            <div class='col-sm-12'>                <div class='masthead'><h1>Titanium Community Questions & Answer Archive</h1><h2>We felt that 6+ years of knowledge should not die so this is the Titanium Community Questions &amp; Answer Archive</h2></div>            </div>        </div>    </div></div>

<main class="container">
	<div class="row">
		<div class="col-sm-12">
			
		</div>
	</div>
	<div class="row">
		<div class="col-sm-12">
			<article class="question-container">
	<div class="question">
		<header>
			<h1>Error in building Android Module</h1>
		</header>
		<section>
			<p>When i am running build.xml by ant build, it is giving me the following error:</p>
<p>Buildfile: C:\Users\ACS013\Documents\Titanium_Studio_Workspace\moduledemo\android\build.xml<br>python.set.exec:<br>python.check:<br>     [echo] Testing for Python<br>     [exec] Python 3.4.2<br>init:<br>process.annotations:<br>generate.v8.bindings:<br>     [java] Generating C:\Users\ACS013\Documents\Titanium_Studio_Workspace\moduledemo\android\build\generated\jni\com.demo.ExampleProxy.h<br>     [java] Generating C:\Users\ACS013\Documents\Titanium_Studio_Workspace\moduledemo\android\build\generated\jni\com.demo.ExampleProxy.cpp<br>     [java] Generating C:\Users\ACS013\Documents\Titanium_Studio_Workspace\moduledemo\android\build\generated\jni\com.demo.ModuledemoModule.h<br>     [java] Generating C:\Users\ACS013\Documents\Titanium_Studio_Workspace\moduledemo\android\build\generated\jni\com.demo.ModuledemoModule.cpp<br>     [exec] Traceback (most recent call last):<br>     [exec]   File &quot;C:\ProgramData\Application Data\Titanium\mobilesdk\win32\3.5.0.GA\module\android\bootstrap.py&quot;, line 384, in &lt;module&gt;<br>     [exec]     main()<br>     [exec]   File &quot;C:\ProgramData\Application Data\Titanium\mobilesdk\win32\3.5.0.GA\module\android\bootstrap.py&quot;, line 353, in main<br>     [exec]     from manifest import Manifest<br>     [exec]   File &quot;C:\ProgramData\Application Data\Titanium\mobilesdk\win32\3.5.0.GA\manifest.py&quot;, line 4, in &lt;module&gt;<br>     [exec]     from StringIO import StringIO<br>     [exec] ImportError: No module named &#39;StringIO&#39;<br>generate.bindings:<br>pre.compile:<br>js.compile:<br>ndk.build:<br>     [copy] Copying 7 files to C:\Users\ACS013\AppData\Local\Temp\ACS013\moduledemo-generated<br>     [exec] The system cannot find the path specified.</p>
<p>BUILD FAILED<br>C:\ProgramData\Application Data\Titanium\mobilesdk\win32\3.5.0.GA\module\android\build.xml:326: The following error occurred while executing this line:<br>C:\ProgramData\Application Data\Titanium\mobilesdk\win32\3.5.0.GA\module\android\build.xml:281: exec returned: 1</p>

		</section>
		<footer>
			<div class="author">
				&mdash; asked <span title="February 23rd 2015, 9:17:32 am">February 23rd 2015</span>
				by <span class='authorname'>Naimika Senghani</span>
			</div>

			
				<ul class="tags">
					
						<li><span class='tagname'>android module</span></li>
					
						<li><span class='tagname'>titanium</span></li>
					
				</ul>
			

			<section>
				<h5>0 Comments</h5>
				
			</section>
		</footer>
		<aside class="vote-box">
			<div class="score"><span>0</span> Votes</div>
			<div class="answers"><span>1</span> Answer</div>
		</aside>
	</div>

	<hr>

	<h3>1 Answer</h3>

	
		<ul class="answers">
			
				<li class="answer">
				
					<article id="answer-286065">
				
						<section>
							<p>Best guess: looks like it can&#39;t find the NDK. So, either you don&#39;t have it installed, or you don&#39;t have a properly configured build.properties file.</p>

						</section>
						<footer>
							<div class="author">
								&mdash; answered <span title="February 23rd 2015, 11:58:40 am">February 23rd 2015</span>
								by <span class='authorname'>Shannon Hicks</span><br>
								<a class="icon-bg icon-link" href="question/181042/error-in-building-android-module#answer-286065" rel="permalink">permalink</a>
							</div>

							<h5>2 Comments</h5>
							
								<ul class="comments">
								
									<li class="comment">
										<p><p>Is it necessary to have android ndk revision 9 for android module development?<br>I have installed android ndk revision 10 and it is givivng me the follwoing error:</p>
<p> [echo] Testing for Python<br>     [exec] Python 2.7.8<br>init:<br>pre.docgen:<br>docgen:<br>     [exec] Traceback (most recent call last):<br>     [exec] File &quot;C:\ProgramData\Application Data\Titanium\mobilesdk\win32\3.5.0.GA\module\builder.py&quot;, line 255, in &lt;module&gt;<br>     [exec] main(sys.argv)<br>     [exec] File &quot;C:\ProgramData\Application Data\Titanium\mobilesdk\win32\3.5.0.GA\module\builder.py&quot;, line 194, in main<br>     [exec] android_sdk = AndroidSDK(android_sdk_path)<br>     [exec] File &quot;C:\ProgramData\Application Data\Titanium\mobilesdk\win32\3.5.0.GA\android\androidsdk.py&quot;, line 49, in <strong>init</strong><br>     [exec] self.set_api_level(api_level)<br>     [exec] File &quot;C:\ProgramData\Application Data\Titanium\mobilesdk\win32\3.5.0.GA\android\androidsdk.py&quot;, line 53, in set_api_level<br>post.docgen:<br>check.respackage:</p>
<p>BUILD FAILED<br>C:\ProgramData\Application Data\Titanium\mobilesdk\win32\3.5.0.GA\module\android\build.xml:461: C:\Users\ACS013\Documents\Titanium_Studio_Workspace\moduledemo\android\build\docs does not exist.</p>
</p>
										<div class="author">
											&mdash; commented <span title="February 24th 2015, 7:24:39 am">February 24th 2015</span>
											by <span class='authorname'>Naimika Senghani</span>
										</div>
									</li>
								
									<li class="comment">
										<p><p>That error is exactly what it says. You&#39;re miss a docs folder.</p>
</p>
										<div class="author">
											&mdash; commented <span title="February 24th 2015, 11:08:27 am">February 24th 2015</span>
											by <span class='authorname'>Shannon Hicks</span>
										</div>
									</li>
								
								</ul>
							
						</footer>
						<aside class="vote-box">
							<div class="score"><span>0</span> Votes</div>
						</aside>
					</article>
				</li>
			
		</ul>
	
</article>

		</div>
		<div class="col-sm-3"></div>
	</div>
	<div class="row"><div class="signoff">The ownership of individual contributions to this community generated content is retained by the authors of their contributions.<br>All trademarks remain the property of the respective owner.</div></div>
</main>


</body>
</html>
