<!doctype html>
<html>
<head>
	<meta http-equiv="X-UA-Compatible" content="IE=Edge,chrome=1">
	<meta http-equiv="Content-Type" content="text/html; charset=UTF-8">
	<meta charset="utf-8">
	
		<title>Module Test Project does not run on android emulator » Community Questions &amp; Answers » Appcelerator Developer Center</title>
	
	<meta name="viewport" content="width=device-width,initial-scale=1">
	<link href="../../related/favicon.png" rel="shortcut icon" type="image/png">
	<link href="//fonts.googleapis.com/css?family=Open+Sans:300,400,500,600,700" rel="stylesheet" type="text/css">
	<link href="//d3ilu1xuwhtfe2.cloudfront.net/e8e0ebd/css/style.css" rel="stylesheet" type="text/css">
	<link href="../../related/qa.css" rel="stylesheet" type="text/css">
	<link href="../../related/hybrid.css" rel="stylesheet" type="text/css">
	
	<link href="../../related/overrides.css" rel="stylesheet" type="text/css">
</head>
<body>

<div class='mast'>    <div class='container'>        <div class='row'>            <div class='col-sm-12'>                <div class='masthead'><h1>Titanium Community Questions & Answer Archive</h1><h2>We felt that 6+ years of knowledge should not die so this is the Titanium Community Questions &amp; Answer Archive</h2></div>            </div>        </div>    </div></div>

<main class="container">
	<div class="row">
		<div class="col-sm-12">
			
		</div>
	</div>
	<div class="row">
		<div class="col-sm-12">
			<article class="question-container">
	<div class="question">
		<header>
			<h1>Module Test Project does not run on android emulator</h1>
		</header>
		<section>
			<p>Using the latest SDK and Eclipse, I created a new module project. </p>
<p>I tried to run the test project on the emulator (which is running), using right click on build.xml-&gt;Run as-&gt;the second Ant build-&gt;tick only Run.</p>
<p>The module gets compiled, but nothing gets installed on the Emulator. Eclipse&#39;s log does not show any attempt to run the test project on the emulator.</p>
<p>I tried to restart adb. No change.</p>
<p>What a, I doing wrong?</p>
<p>Thanks!</p>
<p>Yoav.</p>

		</section>
		<footer>
			<div class="author">
				&mdash; asked <span title="October 5th 2012, 5:02:11 am">October 5th 2012</span>
				by <span class='authorname'>Y R</span>
			</div>

			
				<ul class="tags">
					
						<li><span class='tagname'>android</span></li>
					
						<li><span class='tagname'>module</span></li>
					
						<li><span class='tagname'>project</span></li>
					
						<li><span class='tagname'>running</span></li>
					
						<li><span class='tagname'>test</span></li>
					
				</ul>
			

			<section>
				<h5>0 Comments</h5>
				
			</section>
		</footer>
		<aside class="vote-box">
			<div class="score"><span>0</span> Votes</div>
			<div class="answers"><span>2</span> Answers</div>
		</aside>
	</div>

	<hr>

	<h3>2 Answers</h3>

	
		<ul class="answers">
			
				<li class="answer">
				
					<article id="answer-248694">
				
						<section>
							<p>Hi yoav, have you added required jars and path of titanium SDK in build.properties.</p>
<p><a href="http:&#x2F;&#x2F;docs.appcelerator.com&#x2F;titanium&#x2F;2.1&#x2F;index.html#!&#x2F;guide&#x2F;Android_Module_Development_Guide">for more info refer this link</a></p>

						</section>
						<footer>
							<div class="author">
								&mdash; answered <span title="October 5th 2012, 6:47:38 am">October 5th 2012</span>
								by <span class='authorname'>Ashish Nigam</span><br>
								<a class="icon-bg icon-link" href="question/143115/module-test-project-does-not-run-on-android-emulator#answer-248694" rel="permalink">permalink</a>
							</div>

							<h5>3 Comments</h5>
							
								<ul class="comments">
								
									<li class="comment">
										<p><p>Here&#39;s my build.properties:</p>
<p>titanium.platform=C:\Documents and Settings\Yoav\Application Data\Titanium\mobilesdk\win32\2.1.2.GA\android<br>android.platform=C:\Progra~1\Android\android-sdk\platforms\android-8<br>google.apis=C:\Progra~1\Android\android-sdk\add-ons\addon-google_apis-google-8<br>android.ndk=C:\Progra~1\Android\android-ndk-r8b</p>
</p>
										<div class="author">
											&mdash; commented <span title="October 5th 2012, 12:49:00 pm">October 5th 2012</span>
											by <span class='authorname'>Y R</span>
										</div>
									</li>
								
									<li class="comment">
										<p><p>I&#39;ve test it many times. It only compiles the module. I tried using Ant with command line. Same thing.</p>
</p>
										<div class="author">
											&mdash; commented <span title="October 6th 2012, 8:35:04 pm">October 6th 2012</span>
											by <span class='authorname'>Y R</span>
										</div>
									</li>
								
									<li class="comment">
										<p><p>Hi Yoav, at the end when process gets completed you might be seeing this message</p>
<p><strong>adb devices returned 0 devices&#x2F;emulators</strong></p>
<p><strong>Start the emulator made by titanium(recommended)</strong></p>
<p>so if this is the case then start the android emulator prior to using ANT build run only(second option).</p>
</p>
										<div class="author">
											&mdash; commented <span title="October 8th 2012, 3:44:27 am">October 8th 2012</span>
											by <span class='authorname'>Ashish Nigam</span>
										</div>
									</li>
								
								</ul>
							
						</footer>
						<aside class="vote-box">
							<div class="score"><span>0</span> Votes</div>
						</aside>
					</article>
				</li>
			
				<li class="answer">
				
					<article id="answer-248804">
				
						<section>
							<p>Hi Yoav,</p>
<p>Let me give you a quick refresher on Titanium Android Module development to build&#x2F;run&#x2F;install (on device) module. To begin with, there are different targets available in build.xml to perform all the activities required w.r.t module, but we require four main targets to work upon:</p>
<p>a. build (creates distribution file of your module)</p>
<p>b. run.emulator (runs emulator)</p>
<p>c.  run (creates a sample application for your module using example&#x2F;app.js and installs and runs it in emulator)</p>
<p>d. install (creates a sample application for your module using example&#x2F;app.js and installs it on device)</p>
<p><strong>Step 1</strong>: In order to first test your module run the basic target, dist (this target is also default) using build.xml -&gt; Run As -&gt; Ant Build</p>
<p><strong>Step 2</strong>: If this target gets executed without any issue, run run.emulator target to start emulator using build.xml -&gt; Run As -&gt; Ant Build… and selecting run.emulator</p>
<p><strong>Step 3</strong>: After emulator is started, run run target using build.xml -&gt; Run As -&gt; Ant Build… and selecting run</p>
<p><strong>Step 4</strong>: if you are able to see your application and test your application then run the final target after connecting your device to install and test on your device using build.xml -&gt; Run As -&gt; Ant Build… and selecting install</p>
<p>while running these targets do ensure only there targets are selected.</p>
<p>In your case it seems there is some configuration issue in setting up module development environment on Windows machine. It would be helpful if you can provide separate logs of eclipse environment after executing dist and run targets separately.</p>

						</section>
						<footer>
							<div class="author">
								&mdash; answered <span title="October 8th 2012, 4:32:54 am">October 8th 2012</span>
								by <span class='authorname'>Perminder Singh Bhatia</span><br>
								<a class="icon-bg icon-link" href="question/143115/module-test-project-does-not-run-on-android-emulator#answer-248804" rel="permalink">permalink</a>
							</div>

							<h5>1 Comment</h5>
							
								<ul class="comments">
								
									<li class="comment">
										<p><p>Thanks!</p>
<p>I tried installing the Titanium Studio and running the test app on my Mac, and it works perfectly.</p>
<p>Attached are the logs. </p>
<p>Thanks!</p>
<p>Yoav.</p>
<hr>
<h2 id="here-39-s-the-log-for-ant-build-install-">Here&#39;s the log for Ant build … install:</h2>
<p>Buildfile: C:\me\Titanium_Studio_Workspace\testmodule2\build.xml<br>ndk.clean:<br>pre.clean:<br>clean:<br>   [delete] Deleting directory C:\me\Titanium_Studio_Workspace\testmodule2\build\classes<br>   [delete] Deleting directory C:\me\Titanium_Studio_Workspace\testmodule2\dist<br>post.clean:<br>init:<br>    [mkdir] Created dir: C:\me\Titanium_Studio_Workspace\testmodule2\build\classes<br>    [mkdir] Created dir: C:\me\Titanium_Studio_Workspace\testmodule2\dist<br>process.annotations:<br>    [mkdir] Created dir: C:\me\Titanium_Studio_Workspace\testmodule2\build\generated\json<br>    [javac] Compiling 2 source files to C:\me\Titanium_Studio_Workspace\testmodule2\build\classes<br>    [javac] Note: [KrollBindingGen] Running Kroll binding generator.<br>    [javac] Note: [KrollBindingGen] No binding data found, creating new data file: org.appcelerator.titanium.bindings&#x2F;testmodule2.json<br>    [javac] Note: [KrollBindingGen] Found binding for proxy Example<br>    [javac] Note: [KrollBindingGen] Found binding for module Testmodule2<br>    [javac] Note: [KrollBindingGen] Generating JSON: file:&#x2F;C:&#x2F;me&#x2F;Titanium_Studio_Workspace&#x2F;testmodule2&#x2F;build&#x2F;generated&#x2F;json&#x2F;org&#x2F;appcelerator&#x2F;titanium&#x2F;bindings&#x2F;testmodule2.json<br>    [javac] warning: The following options were not recognized by any processor: &#39;[kroll.checkTiContext]&#39;<br>    [javac] Note: C:\me\Titanium_Studio_Workspace\testmodule2\src\com\test\testmodule2\ExampleProxy.java uses or overrides a deprecated API.<br>    [javac] Note: Recompile with -Xlint:deprecation for details.<br>generate.rhino.bindings:<br>     [java] Generating C:\me\Titanium_Studio_Workspace\testmodule2\build\generated\java\com\test\testmodule2\ExampleProxyPrototype.java<br>     [java] Generating C:\me\Titanium_Studio_Workspace\testmodule2\build\generated\java\com\test\testmodule2\Testmodule2ModulePrototype.java<br>     [java] Generating C:\me\Titanium_Studio_Workspace\testmodule2\build\generated\java\testmodule2GeneratedBindings.java<br>generate.rhino.idswitch:<br>     [echo] Generating IDs for C:\me\Titanium_Studio_Workspace\testmodule2\build\generated\java\com\test\testmodule2\ExampleProxyPrototype.java<br>     [echo] Generating IDs for C:\me\Titanium_Studio_Workspace\testmodule2\build\generated\java\com\test\testmodule2\Testmodule2ModulePrototype.java<br>     [echo] Generating IDs for C:\me\Titanium_Studio_Workspace\testmodule2\build\generated\java\testmodule2GeneratedBindings.java<br>generate.v8.bindings:<br>     [java] Generating C:\me\Titanium_Studio_Workspace\testmodule2\build\generated\jni\com.test.testmodule2.ExampleProxy.h<br>     [java] Generating C:\me\Titanium_Studio_Workspace\testmodule2\build\generated\jni\com.test.testmodule2.ExampleProxy.cpp<br>     [java] Generating C:\me\Titanium_Studio_Workspace\testmodule2\build\generated\jni\com.test.testmodule2.Testmodule2Module.h<br>     [java] Generating C:\me\Titanium_Studio_Workspace\testmodule2\build\generated\jni\com.test.testmodule2.Testmodule2Module.cpp<br>generate.bindings:<br>pre.compile:<br>js.compile:<br>ndk.build:<br>     [copy] Copying 1 file to C:\me\Titanium_Studio_Workspace\testmodule2\build\generated<br>     [copy] Copying 1 file to C:\me\Titanium_Studio_Workspace\testmodule2\build\generated\jni<br>    [mkdir] Created dir: C:\DOCUME~1\me\LOCALS~1\Temp\me\testmodule2-generated<br>     [copy] Copying 14 files to C:\DOCUME~1\me\LOCALS~1\Temp\me\testmodule2-generated<br>     [exec] jni&#x2F;Android.mk:24: warning: overriding commands for target <code>C:&amp;#x2F;DOCUME~1&amp;#x2F;me&amp;#x2F;LOCALS~1&amp;#x2F;Temp&amp;#x2F;me&amp;#x2F;testmodule2-generated&amp;#x2F;KrollGeneratedBindings.cpp&amp;#39;
     [exec] jni&amp;#x2F;Android.mk:24: warning: ignoring old commands for target</code>C:&#x2F;DOCUME~1&#x2F;me&#x2F;LOCALS~1&#x2F;Temp&#x2F;me&#x2F;testmodule2-generated&#x2F;KrollGeneratedBindings.cpp&#39;<br>     [exec] jni&#x2F;Android.mk:27: warning: overriding commands for target <code>C:&amp;#x2F;DOCUME~1&amp;#x2F;me&amp;#x2F;LOCALS~1&amp;#x2F;Temp&amp;#x2F;me&amp;#x2F;testmodule2-generated&amp;#x2F;BootstrapJS.cpp&amp;#39;
     [exec] jni&amp;#x2F;Android.mk:27: warning: ignoring old commands for target</code>C:&#x2F;DOCUME~1&#x2F;me&#x2F;LOCALS~1&#x2F;Temp&#x2F;me&#x2F;testmodule2-generated&#x2F;BootstrapJS.cpp&#39;<br>     [exec] jni&#x2F;Android.mk:24: warning: overriding commands for target <code>C:&amp;#x2F;DOCUME~1&amp;#x2F;me&amp;#x2F;LOCALS~1&amp;#x2F;Temp&amp;#x2F;me&amp;#x2F;testmodule2-generated&amp;#x2F;KrollGeneratedBindings.cpp&amp;#39;
     [exec] jni&amp;#x2F;Android.mk:24: warning: ignoring old commands for target</code>C:&#x2F;DOCUME~1&#x2F;me&#x2F;LOCALS~1&#x2F;Temp&#x2F;me&#x2F;testmodule2-generated&#x2F;KrollGeneratedBindings.cpp&#39;<br>     [exec] jni&#x2F;Android.mk:27: warning: overriding commands for target <code>C:&amp;#x2F;DOCUME~1&amp;#x2F;me&amp;#x2F;LOCALS~1&amp;#x2F;Temp&amp;#x2F;me&amp;#x2F;testmodule2-generated&amp;#x2F;BootstrapJS.cpp&amp;#39;
     [exec] jni&amp;#x2F;Android.mk:27: warning: ignoring old commands for target</code>C:&#x2F;DOCUME~1&#x2F;me&#x2F;LOCALS~1&#x2F;Temp&#x2F;me&#x2F;testmodule2-generated&#x2F;BootstrapJS.cpp&#39;<br>     [exec] &quot;Compile++ thumb : com.test.testmodule2 &lt;= com.test.testmodule2.ExampleProxy.cpp<br>     [exec] In file included from jni&#x2F;com.test.testmodule2.ExampleProxy.h:10:0,<br>     [exec]                  from jni&#x2F;com.test.testmodule2.ExampleProxy.cpp:10:<br>     [exec] C:&#x2F;PROGRA~1&#x2F;Android&#x2F;android-ndk-r8b&#x2F;platforms&#x2F;android-3&#x2F;arch-arm&#x2F;usr&#x2F;include&#x2F;jni.h:592:13: note: the mangling of &#39;va_list&#39; has changed in GCC 4.4<br>     [exec] &quot;Compile++ thumb : com.test.testmodule2 &lt;= com.test.testmodule2.Testmodule2Module.cpp<br>     [exec] In file included from jni&#x2F;com.test.testmodule2.Testmodule2Module.h:10:0,<br>     [exec]                  from jni&#x2F;com.test.testmodule2.Testmodule2Module.cpp:10:<br>     [exec] C:&#x2F;PROGRA~1&#x2F;Android&#x2F;android-ndk-r8b&#x2F;platforms&#x2F;android-3&#x2F;arch-arm&#x2F;usr&#x2F;include&#x2F;jni.h:592:13: note: the mangling of &#39;va_list&#39; has changed in GCC 4.4<br>     [exec] gperf -L C++ -E -t &quot;C:&#x2F;DOCUME~1&#x2F;me&#x2F;LOCALS~1&#x2F;Temp&#x2F;me&#x2F;testmodule2-generated&#x2F;KrollGeneratedBindings.gperf&quot; &gt; &quot;C:&#x2F;DOCUME~1&#x2F;me&#x2F;LOCALS~1&#x2F;Temp&#x2F;me&#x2F;testmodule2-generated&#x2F;KrollGeneratedBindings.cpp&quot;<br>     [exec] &quot;C:\Documents and Settings\me\Application Data\Titanium\mobilesdk\win32\2.1.3.GA\python.bat&quot; &quot;C:\Documents and Settings\me\Application Data\Titanium\mobilesdk\win32\2.1.3.GA&#x2F;module&#x2F;android&#x2F;js2c.py&quot; &quot;C:&#x2F;DOCUME~1&#x2F;me&#x2F;LOCALS~1&#x2F;Temp&#x2F;me&#x2F;testmodule2-generated&#x2F;BootstrapJS.cpp&quot; &quot;C:&#x2F;DOCUME~1&#x2F;me&#x2F;LOCALS~1&#x2F;Temp&#x2F;me&#x2F;testmodule2-generated&#x2F;bootstrap.js&quot;<br>     [exec] &quot;Compile++ thumb : com.test.testmodule2 &lt;= Testmodule2Bootstrap.cpp<br>     [exec] In file included from jni&#x2F;..&#x2F;Testmodule2Bootstrap.cpp:9:0:<br>     [exec] C:&#x2F;PROGRA~1&#x2F;Android&#x2F;android-ndk-r8b&#x2F;platforms&#x2F;android-3&#x2F;arch-arm&#x2F;usr&#x2F;include&#x2F;jni.h:592:13: note: the mangling of &#39;va_list&#39; has changed in GCC 4.4<br>     [exec] In file included from jni&#x2F;..&#x2F;Testmodule2Bootstrap.cpp:17:0:<br>     [exec] C:&#x2F;DOCUME~1&#x2F;me&#x2F;LOCALS~1&#x2F;Temp&#x2F;me&#x2F;testmodule2-generated&#x2F;KrollGeneratedBindings.gperf:14:28: warning: declaration &#39;struct titanium::bindings::BindEntry&#39; does not declare anything [enabled by default]<br>     [exec] Prebuilt       : libstlport_shared.so &lt;= &lt;NDK&gt;&#x2F;sources&#x2F;cxx-stl&#x2F;stlport&#x2F;libs&#x2F;armeabi&#x2F;<br>     [exec] SharedLibrary  : libcom.test.testmodule2.so<br>     [exec] Install        : libcom.test.testmodule2.so =&gt; libs&#x2F;armeabi&#x2F;libcom.test.testmodule2.so<br>     [exec] Install        : libstlport_shared.so =&gt; libs&#x2F;armeabi&#x2F;libstlport_shared.so<br>     [exec] &quot;Compile++ thumb : com.test.testmodule2 &lt;= com.test.testmodule2.ExampleProxy.cpp<br>     [exec] In file included from jni&#x2F;com.test.testmodule2.ExampleProxy.h:10:0,<br>     [exec]                  from jni&#x2F;com.test.testmodule2.ExampleProxy.cpp:10:<br>     [exec] C:&#x2F;PROGRA~1&#x2F;Android&#x2F;android-ndk-r8b&#x2F;platforms&#x2F;android-3&#x2F;arch-arm&#x2F;usr&#x2F;include&#x2F;jni.h:592:13: note: the mangling of &#39;va_list&#39; has changed in GCC 4.4<br>     [exec] &quot;Compile++ thumb : com.test.testmodule2 &lt;= com.test.testmodule2.Testmodule2Module.cpp<br>     [exec] In file included from jni&#x2F;com.test.testmodule2.Testmodule2Module.h:10:0,<br>     [exec]                  from jni&#x2F;com.test.testmodule2.Testmodule2Module.cpp:10:<br>     [exec] C:&#x2F;PROGRA~1&#x2F;Android&#x2F;android-ndk-r8b&#x2F;platforms&#x2F;android-3&#x2F;arch-arm&#x2F;usr&#x2F;include&#x2F;jni.h:592:13: note: the mangling of &#39;va_list&#39; has changed in GCC 4.4<br>     [exec] &quot;Compile++ thumb : com.test.testmodule2 &lt;= Testmodule2Bootstrap.cpp<br>     [exec] In file included from jni&#x2F;..&#x2F;Testmodule2Bootstrap.cpp:9:0:<br>     [exec] C:&#x2F;PROGRA~1&#x2F;Android&#x2F;android-ndk-r8b&#x2F;platforms&#x2F;android-3&#x2F;arch-arm&#x2F;usr&#x2F;include&#x2F;jni.h:592:13: note: the mangling of &#39;va_list&#39; has changed in GCC 4.4<br>     [exec] In file included from jni&#x2F;..&#x2F;Testmodule2Bootstrap.cpp:17:0:<br>     [exec] C:&#x2F;DOCUME~1&#x2F;me&#x2F;LOCALS~1&#x2F;Temp&#x2F;me&#x2F;testmodule2-generated&#x2F;KrollGeneratedBindings.gperf:14:28: warning: declaration &#39;struct titanium::bindings::BindEntry&#39; does not declare anything [enabled by default]<br>     [exec] Prebuilt       : libstlport_shared.so &lt;= &lt;NDK&gt;&#x2F;sources&#x2F;cxx-stl&#x2F;stlport&#x2F;libs&#x2F;armeabi-v7a&#x2F;<br>     [exec] SharedLibrary  : libcom.test.testmodule2.so<br>     [exec] Install        : libcom.test.testmodule2.so =&gt; libs&#x2F;armeabi-v7a&#x2F;libcom.test.testmodule2.so<br>     [exec] Install        : libstlport_shared.so =&gt; libs&#x2F;armeabi-v7a&#x2F;libstlport_shared.so<br>     [exec] &quot;Compile++ x86  : com.test.testmodule2 &lt;= com.test.testmodule2.ExampleProxy.cpp<br>     [exec] &quot;Compile++ x86  : com.test.testmodule2 &lt;= com.test.testmodule2.Testmodule2Module.cpp<br>     [exec] &quot;Compile++ x86  : com.test.testmodule2 &lt;= Testmodule2Bootstrap.cpp<br>     [exec] In file included from jni&#x2F;..&#x2F;Testmodule2Bootstrap.cpp:17:0:<br>     [exec] C:&#x2F;DOCUME~1&#x2F;me&#x2F;LOCALS~1&#x2F;Temp&#x2F;me&#x2F;testmodule2-generated&#x2F;KrollGeneratedBindings.gperf:14:28: warning: declaration &#39;struct titanium::bindings::BindEntry&#39; does not declare anything [enabled by default]<br>     [exec] Prebuilt       : libstlport_shared.so &lt;= &lt;NDK&gt;&#x2F;sources&#x2F;cxx-stl&#x2F;stlport&#x2F;libs&#x2F;x86&#x2F;<br>     [exec] SharedLibrary  : libcom.test.testmodule2.so<br>     [exec] Install        : libcom.test.testmodule2.so =&gt; libs&#x2F;x86&#x2F;libcom.test.testmodule2.so<br>     [exec] Install        : libstlport_shared.so =&gt; libs&#x2F;x86&#x2F;libstlport_shared.so<br>     [move] Moving 47 files to C:\me\Titanium_Studio_Workspace\testmodule2\build\generated<br>     [copy] Copying 3 files to C:\me\Titanium_Studio_Workspace\testmodule2\libs<br>ndk.build.local:<br>compile:<br>    [javac] Compiling 4 source files to C:\me\Titanium_Studio_Workspace\testmodule2\build\classes<br>     [copy] Copying 1 file to C:\me\Titanium_Studio_Workspace\testmodule2\build\classes<br>post.compile:<br>pre.dist:<br>dist:<br>      [jar] Building jar: C:\me\Titanium_Studio_Workspace\testmodule2\dist\testmodule2.jar<br>post.jar:<br>pre.docgen:<br>docgen:<br>     [exec] Generating C:\me\Titanium_Studio_Workspace\testmodule2\build\docs\index.html<br>post.docgen:<br>      [zip] Building zip: C:\me\Titanium_Studio_Workspace\testmodule2\dist\com.test.testmodule2-android-0.1.zip<br>libs.check:<br>zip.libs:<br>      [zip] Updating zip: C:\me\Titanium_Studio_Workspace\testmodule2\dist\com.test.testmodule2-android-0.1.zip<br>zip.metadata:<br>post.dist:<br>install:<br>     [exec] [DEBUG] Staging module project at c:\docume~1\me\locals~1\temp\mwgdghlti<br>     [exec] [DEBUG] Buildfile: C:\me\Titanium_Studio_Workspace\testmodule2\build.xml<br>     [exec] [DEBUG] init:<br>     [exec] [DEBUG] process.annotations:<br>     [exec] [DEBUG] generate.rhino.bindings:<br>     [exec] [java] Generating C:\me\Titanium_Studio_Workspace\testmodule2\build\generated\java\com\test\testmodule2\ExampleProxyPrototype.java<br>     [exec] [java] Generating C:\me\Titanium_Studio_Workspace\testmodule2\build\generated\java\com\test\testmodule2\Testmodule2ModulePrototype.java<br>     [exec] [java] Generating C:\me\Titanium_Studio_Workspace\testmodule2\build\generated\java\testmodule2GeneratedBindings.java<br>     [exec] [DEBUG] generate.rhino.idswitch:<br>     [exec] [echo] Generating IDs for C:\me\Titanium_Studio_Workspace\testmodule2\build\generated\java\com\test\testmodule2\ExampleProxyPrototype.java<br>     [exec] [echo] Generating IDs for C:\me\Titanium_Studio_Workspace\testmodule2\build\generated\java\com\test\testmodule2\Testmodule2Bootstrap.java<br>     [exec] [echo] Generating IDs for C:\me\Titanium_Studio_Workspace\testmodule2\build\generated\java\com\test\testmodule2\Testmodule2ModulePrototype.java<br>     [exec] [echo] Generating IDs for C:\me\Titanium_Studio_Workspace\testmodule2\build\generated\java\testmodule2GeneratedBindings.java<br>     [exec] [DEBUG] generate.v8.bindings:<br>     [exec] [java] Generating C:\me\Titanium_Studio_Workspace\testmodule2\build\generated\jni\com.test.testmodule2.ExampleProxy.h<br>     [exec] [java] Generating C:\me\Titanium_Studio_Workspace\testmodule2\build\generated\jni\com.test.testmodule2.ExampleProxy.cpp<br>     [exec] [java] Generating C:\me\Titanium_Studio_Workspace\testmodule2\build\generated\jni\com.test.testmodule2.Testmodule2Module.h<br>     [exec] [java] Generating C:\me\Titanium_Studio_Workspace\testmodule2\build\generated\jni\com.test.testmodule2.Testmodule2Module.cpp<br>     [exec] [DEBUG] generate.bindings:<br>     [exec] [DEBUG] pre.compile:<br>     [exec] [DEBUG] js.compile:<br>     [exec] [DEBUG] ndk.build:<br>     [exec] [mkdir] Created dir: C:\DOCUME~1\me\LOCALS~1\Temp\me\testmodule2-generated<br>     [exec] [copy] Copying 47 files to C:\DOCUME~1\me\LOCALS~1\Temp\me\testmodule2-generated<br>     [exec] [exec] jni&#x2F;Android.mk:24: warning: overriding commands for target <code>C:&amp;#x2F;DOCUME~1&amp;#x2F;me&amp;#x2F;LOCALS~1&amp;#x2F;Temp&amp;#x2F;me&amp;#x2F;testmodule2-generated&amp;#x2F;KrollGeneratedBindings.cpp&amp;#39;
     [exec] [exec] jni&amp;#x2F;Android.mk:24: warning: ignoring old commands for target</code>C:&#x2F;DOCUME~1&#x2F;me&#x2F;LOCALS~1&#x2F;Temp&#x2F;me&#x2F;testmodule2-generated&#x2F;KrollGeneratedBindings.cpp&#39;<br>     [exec] [exec] jni&#x2F;Android.mk:27: warning: overriding commands for target <code>C:&amp;#x2F;DOCUME~1&amp;#x2F;me&amp;#x2F;LOCALS~1&amp;#x2F;Temp&amp;#x2F;me&amp;#x2F;testmodule2-generated&amp;#x2F;BootstrapJS.cpp&amp;#39;
     [exec] [exec] jni&amp;#x2F;Android.mk:27: warning: ignoring old commands for target</code>C:&#x2F;DOCUME~1&#x2F;me&#x2F;LOCALS~1&#x2F;Temp&#x2F;me&#x2F;testmodule2-generated&#x2F;BootstrapJS.cpp&#39;<br>     [exec] [exec] jni&#x2F;Android.mk:24: warning: overriding commands for target <code>C:&amp;#x2F;DOCUME~1&amp;#x2F;me&amp;#x2F;LOCALS~1&amp;#x2F;Temp&amp;#x2F;me&amp;#x2F;testmodule2-generated&amp;#x2F;KrollGeneratedBindings.cpp&amp;#39;
     [exec] [exec] jni&amp;#x2F;Android.mk:24: warning: ignoring old commands for target</code>C:&#x2F;DOCUME~1&#x2F;me&#x2F;LOCALS~1&#x2F;Temp&#x2F;me&#x2F;testmodule2-generated&#x2F;KrollGeneratedBindings.cpp&#39;<br>     [exec] [exec] jni&#x2F;Android.mk:27: warning: overriding commands for target <code>C:&amp;#x2F;DOCUME~1&amp;#x2F;me&amp;#x2F;LOCALS~1&amp;#x2F;Temp&amp;#x2F;me&amp;#x2F;testmodule2-generated&amp;#x2F;BootstrapJS.cpp&amp;#39;
     [exec] [exec] jni&amp;#x2F;Android.mk:27: warning: ignoring old commands for target</code>C:&#x2F;DOCUME~1&#x2F;me&#x2F;LOCALS~1&#x2F;Temp&#x2F;me&#x2F;testmodule2-generated&#x2F;BootstrapJS.cpp&#39;<br>     [exec] [exec] &quot;Compile++ thumb : com.test.testmodule2 &lt;= com.test.testmodule2.ExampleProxy.cpp<br>     [exec] [exec] In file included from jni&#x2F;com.test.testmodule2.ExampleProxy.h:10:0,<br>     [exec] [exec]                  from jni&#x2F;com.test.testmodule2.ExampleProxy.cpp:10:<br>     [exec] [exec] C:&#x2F;PROGRA~1&#x2F;Android&#x2F;android-ndk-r8b&#x2F;platforms&#x2F;android-3&#x2F;arch-arm&#x2F;usr&#x2F;include&#x2F;jni.h:592:13: note: the mangling of &#39;va_list&#39; has changed in GCC 4.4<br>     [exec] [exec] &quot;Compile++ thumb : com.test.testmodule2 &lt;= com.test.testmodule2.Testmodule2Module.cpp<br>     [exec] [exec] In file included from jni&#x2F;com.test.testmodule2.Testmodule2Module.h:10:0,<br>     [exec] [exec]                  from jni&#x2F;com.test.testmodule2.Testmodule2Module.cpp:10:<br>     [exec] [exec] C:&#x2F;PROGRA~1&#x2F;Android&#x2F;android-ndk-r8b&#x2F;platforms&#x2F;android-3&#x2F;arch-arm&#x2F;usr&#x2F;include&#x2F;jni.h:592:13: note: the mangling of &#39;va_list&#39; has changed in GCC 4.4<br>     [exec] [exec] &quot;Compile++ thumb : com.test.testmodule2 &lt;= Testmodule2Bootstrap.cpp<br>     [exec] [exec] In file included from jni&#x2F;..&#x2F;Testmodule2Bootstrap.cpp:9:0:<br>     [exec] [exec] C:&#x2F;PROGRA~1&#x2F;Android&#x2F;android-ndk-r8b&#x2F;platforms&#x2F;android-3&#x2F;arch-arm&#x2F;usr&#x2F;include&#x2F;jni.h:592:13: note: the mangling of &#39;va_list&#39; has changed in GCC 4.4<br>     [exec] [exec] In file included from jni&#x2F;..&#x2F;Testmodule2Bootstrap.cpp:17:0:<br>     [exec] [exec] C:&#x2F;DOCUME~1&#x2F;me&#x2F;LOCALS~1&#x2F;Temp&#x2F;me&#x2F;testmodule2-generated&#x2F;KrollGeneratedBindings.gperf:14:28: warning: declaration &#39;struct titanium::bindings::BindEntry&#39; does not declare anything [enabled by default]<br>     [exec] [exec] SharedLibrary  : libcom.test.testmodule2.so<br>     [exec] [exec] Install        : libcom.test.testmodule2.so =&gt; libs&#x2F;armeabi&#x2F;libcom.test.testmodule2.so<br>     [exec] [exec] Install        : libstlport_shared.so =&gt; libs&#x2F;armeabi&#x2F;libstlport_shared.so<br>     [exec] [exec] &quot;Compile++ thumb : com.test.testmodule2 &lt;= com.test.testmodule2.ExampleProxy.cpp<br>     [exec] [exec] In file included from jni&#x2F;com.test.testmodule2.ExampleProxy.h:10:0,<br>     [exec] [exec]                  from jni&#x2F;com.test.testmodule2.ExampleProxy.cpp:10:<br>     [exec] [exec] C:&#x2F;PROGRA~1&#x2F;Android&#x2F;android-ndk-r8b&#x2F;platforms&#x2F;android-3&#x2F;arch-arm&#x2F;usr&#x2F;include&#x2F;jni.h:592:13: note: the mangling of &#39;va_list&#39; has changed in GCC 4.4<br>     [exec] [exec] &quot;Compile++ thumb : com.test.testmodule2 &lt;= com.test.testmodule2.Testmodule2Module.cpp<br>     [exec] [exec] In file included from jni&#x2F;com.test.testmodule2.Testmodule2Module.h:10:0,<br>     [exec] [exec]                  from jni&#x2F;com.test.testmodule2.Testmodule2Module.cpp:10:<br>     [exec] [exec] C:&#x2F;PROGRA~1&#x2F;Android&#x2F;android-ndk-r8b&#x2F;platforms&#x2F;android-3&#x2F;arch-arm&#x2F;usr&#x2F;include&#x2F;jni.h:592:13: note: the mangling of &#39;va_list&#39; has changed in GCC 4.4<br>     [exec] [exec] &quot;Compile++ thumb : com.test.testmodule2 &lt;= Testmodule2Bootstrap.cpp<br>     [exec] [exec] In file included from jni&#x2F;..&#x2F;Testmodule2Bootstrap.cpp:9:0:<br>     [exec] [exec] C:&#x2F;PROGRA~1&#x2F;Android&#x2F;android-ndk-r8b&#x2F;platforms&#x2F;android-3&#x2F;arch-arm&#x2F;usr&#x2F;include&#x2F;jni.h:592:13: note: the mangling of &#39;va_list&#39; has changed in GCC 4.4<br>     [exec] [exec] In file included from jni&#x2F;..&#x2F;Testmodule2Bootstrap.cpp:17:0:<br>     [exec] [exec] C:&#x2F;DOCUME~1&#x2F;me&#x2F;LOCALS~1&#x2F;Temp&#x2F;me&#x2F;testmodule2-generated&#x2F;KrollGeneratedBindings.gperf:14:28: warning: declaration &#39;struct titanium::bindings::BindEntry&#39; does not declare anything [enabled by default]<br>     [exec] [exec] SharedLibrary  : libcom.test.testmodule2.so<br>     [exec] [exec] Install        : libcom.test.testmodule2.so =&gt; libs&#x2F;armeabi-v7a&#x2F;libcom.test.testmodule2.so<br>     [exec] [exec] Install        : libstlport_shared.so =&gt; libs&#x2F;armeabi-v7a&#x2F;libstlport_shared.so<br>     [exec] [exec] &quot;Compile++ x86  : com.test.testmodule2 &lt;= com.test.testmodule2.ExampleProxy.cpp<br>     [exec] [exec] &quot;Compile++ x86  : com.test.testmodule2 &lt;= com.test.testmodule2.Testmodule2Module.cpp<br>     [exec] [exec] &quot;Compile++ x86  : com.test.testmodule2 &lt;= Testmodule2Bootstrap.cpp<br>     [exec] [exec] In file included from jni&#x2F;..&#x2F;Testmodule2Bootstrap.cpp:17:0:<br>     [exec] [exec] C:&#x2F;DOCUME~1&#x2F;me&#x2F;LOCALS~1&#x2F;Temp&#x2F;me&#x2F;testmodule2-generated&#x2F;KrollGeneratedBindings.gperf:14:28: warning: declaration &#39;struct titanium::bindings::BindEntry&#39; does not declare anything [enabled by default]<br>     [exec] [exec] SharedLibrary  : libcom.test.testmodule2.so<br>     [exec] [exec] Install        : libcom.test.testmodule2.so =&gt; libs&#x2F;x86&#x2F;libcom.test.testmodule2.so<br>     [exec] [exec] Install        : libstlport_shared.so =&gt; libs&#x2F;x86&#x2F;libstlport_shared.so<br>     [exec] [move] Moving 47 files to C:\me\Titanium_Studio_Workspace\testmodule2\build\generated<br>     [exec] [copy] Copying 3 files to C:\me\Titanium_Studio_Workspace\testmodule2\libs<br>     [exec] [DEBUG] ndk.build.local:<br>     [exec] [DEBUG] compile:<br>     [exec] [javac] Compiling 4 source files to C:\me\Titanium_Studio_Workspace\testmodule2\build\classes<br>     [exec] [DEBUG] post.compile:<br>     [exec] [DEBUG] pre.dist:<br>     [exec] [DEBUG] dist:<br>     [exec] [jar] Building jar: C:\me\Titanium_Studio_Workspace\testmodule2\dist\testmodule2.jar<br>     [exec] [DEBUG] post.jar:<br>     [exec] [DEBUG] pre.docgen:<br>     [exec] [DEBUG] docgen:<br>     [exec] [exec] Generating C:\me\Titanium_Studio_Workspace\testmodule2\build\docs\index.html<br>     [exec] [DEBUG] post.docgen:<br>     [exec] [zip] Building zip: C:\me\Titanium_Studio_Workspace\testmodule2\dist\com.test.testmodule2-android-0.1.zip<br>     [exec] [DEBUG] libs.check:<br>     [exec] [DEBUG] zip.libs:<br>     [exec] [zip] Updating zip: C:\me\Titanium_Studio_Workspace\testmodule2\dist\com.test.testmodule2-android-0.1.zip<br>     [exec] [DEBUG] zip.metadata:<br>     [exec] [DEBUG] post.dist:<br>     [exec] [DEBUG] BUILD SUCCESSFUL<br>     [exec] [DEBUG] Total time: 28 seconds<br>     [exec] [DEBUG] Traceback (most recent call last):<br>     [exec] [DEBUG] File &quot;C:\Documents and Settings\me\Application Data\Titanium\mobilesdk\win32\2.1.3.GA\android\builder.py&quot;, line 15, in &lt;module&gt;<br>     [exec] [DEBUG] from compiler import Compiler<br>     [exec] [DEBUG] File &quot;C:\Documents and Settings\me\Application Data\Titanium\mobilesdk\win32\2.1.3.GA\android\compiler.py&quot;, line 14, in &lt;module&gt;<br>     [exec] [DEBUG] from deltafy import Deltafy<br>     [exec] [DEBUG] File &quot;C:\Documents and Settings\me\Application Data\Titanium\mobilesdk\win32\2.1.3.GA\android\deltafy.py&quot;, line 8, in &lt;module&gt;<br>BUILD SUCCESSFUL<br>Total time: 1 minute 41 seconds</p>
<hr>
<h2 id="and-here-39-s-the-log-for-dist-">and here&#39;s the log for dist:</h2>
<p>Buildfile: C:\me\Titanium_Studio_Workspace\testmodule2\build.xml<br>init:<br>process.annotations:<br>generate.rhino.bindings:<br>     [java] Generating C:\me\Titanium_Studio_Workspace\testmodule2\build\generated\java\com\test\testmodule2\ExampleProxyPrototype.java<br>     [java] Generating C:\me\Titanium_Studio_Workspace\testmodule2\build\generated\java\com\test\testmodule2\Testmodule2ModulePrototype.java<br>     [java] Generating C:\me\Titanium_Studio_Workspace\testmodule2\build\generated\java\testmodule2GeneratedBindings.java<br>generate.rhino.idswitch:<br>     [echo] Generating IDs for C:\me\Titanium_Studio_Workspace\testmodule2\build\generated\java\com\test\testmodule2\ExampleProxyPrototype.java<br>     [echo] Generating IDs for C:\me\Titanium_Studio_Workspace\testmodule2\build\generated\java\com\test\testmodule2\Testmodule2Bootstrap.java<br>     [echo] Generating IDs for C:\me\Titanium_Studio_Workspace\testmodule2\build\generated\java\com\test\testmodule2\Testmodule2ModulePrototype.java<br>     [echo] Generating IDs for C:\me\Titanium_Studio_Workspace\testmodule2\build\generated\java\testmodule2GeneratedBindings.java<br>generate.v8.bindings:<br>     [java] Generating C:\me\Titanium_Studio_Workspace\testmodule2\build\generated\jni\com.test.testmodule2.ExampleProxy.h<br>     [java] Generating C:\me\Titanium_Studio_Workspace\testmodule2\build\generated\jni\com.test.testmodule2.ExampleProxy.cpp<br>     [java] Generating C:\me\Titanium_Studio_Workspace\testmodule2\build\generated\jni\com.test.testmodule2.Testmodule2Module.h<br>     [java] Generating C:\me\Titanium_Studio_Workspace\testmodule2\build\generated\jni\com.test.testmodule2.Testmodule2Module.cpp<br>generate.bindings:<br>pre.compile:<br>js.compile:<br>ndk.build:<br>    [mkdir] Created dir: C:\DOCUME~1\me\LOCALS~1\Temp\me\testmodule2-generated<br>     [copy] Copying 47 files to C:\DOCUME~1\me\LOCALS~1\Temp\me\testmodule2-generated<br>     [exec] jni&#x2F;Android.mk:24: warning: overriding commands for target <code>C:&amp;#x2F;DOCUME~1&amp;#x2F;me&amp;#x2F;LOCALS~1&amp;#x2F;Temp&amp;#x2F;me&amp;#x2F;testmodule2-generated&amp;#x2F;KrollGeneratedBindings.cpp&amp;#39;
     [exec] jni&amp;#x2F;Android.mk:24: warning: ignoring old commands for target</code>C:&#x2F;DOCUME~1&#x2F;me&#x2F;LOCALS~1&#x2F;Temp&#x2F;me&#x2F;testmodule2-generated&#x2F;KrollGeneratedBindings.cpp&#39;<br>     [exec] jni&#x2F;Android.mk:27: warning: overriding commands for target <code>C:&amp;#x2F;DOCUME~1&amp;#x2F;me&amp;#x2F;LOCALS~1&amp;#x2F;Temp&amp;#x2F;me&amp;#x2F;testmodule2-generated&amp;#x2F;BootstrapJS.cpp&amp;#39;
     [exec] jni&amp;#x2F;Android.mk:27: warning: ignoring old commands for target</code>C:&#x2F;DOCUME~1&#x2F;me&#x2F;LOCALS~1&#x2F;Temp&#x2F;me&#x2F;testmodule2-generated&#x2F;BootstrapJS.cpp&#39;<br>     [exec] jni&#x2F;Android.mk:24: warning: overriding commands for target <code>C:&amp;#x2F;DOCUME~1&amp;#x2F;me&amp;#x2F;LOCALS~1&amp;#x2F;Temp&amp;#x2F;me&amp;#x2F;testmodule2-generated&amp;#x2F;KrollGeneratedBindings.cpp&amp;#39;
     [exec] jni&amp;#x2F;Android.mk:24: warning: ignoring old commands for target</code>C:&#x2F;DOCUME~1&#x2F;me&#x2F;LOCALS~1&#x2F;Temp&#x2F;me&#x2F;testmodule2-generated&#x2F;KrollGeneratedBindings.cpp&#39;<br>     [exec] jni&#x2F;Android.mk:27: warning: overriding commands for target <code>C:&amp;#x2F;DOCUME~1&amp;#x2F;me&amp;#x2F;LOCALS~1&amp;#x2F;Temp&amp;#x2F;me&amp;#x2F;testmodule2-generated&amp;#x2F;BootstrapJS.cpp&amp;#39;
     [exec] jni&amp;#x2F;Android.mk:27: warning: ignoring old commands for target</code>C:&#x2F;DOCUME~1&#x2F;me&#x2F;LOCALS~1&#x2F;Temp&#x2F;me&#x2F;testmodule2-generated&#x2F;BootstrapJS.cpp&#39;<br>     [exec] &quot;Compile++ thumb : com.test.testmodule2 &lt;= com.test.testmodule2.ExampleProxy.cpp<br>     [exec] In file included from jni&#x2F;com.test.testmodule2.ExampleProxy.h:10:0,<br>     [exec]                  from jni&#x2F;com.test.testmodule2.ExampleProxy.cpp:10:<br>     [exec] C:&#x2F;PROGRA~1&#x2F;Android&#x2F;android-ndk-r8b&#x2F;platforms&#x2F;android-3&#x2F;arch-arm&#x2F;usr&#x2F;include&#x2F;jni.h:592:13: note: the mangling of &#39;va_list&#39; has changed in GCC 4.4<br>     [exec] &quot;Compile++ thumb : com.test.testmodule2 &lt;= com.test.testmodule2.Testmodule2Module.cpp<br>     [exec] In file included from jni&#x2F;com.test.testmodule2.Testmodule2Module.h:10:0,<br>     [exec]                  from jni&#x2F;com.test.testmodule2.Testmodule2Module.cpp:10:<br>     [exec] C:&#x2F;PROGRA~1&#x2F;Android&#x2F;android-ndk-r8b&#x2F;platforms&#x2F;android-3&#x2F;arch-arm&#x2F;usr&#x2F;include&#x2F;jni.h:592:13: note: the mangling of &#39;va_list&#39; has changed in GCC 4.4<br>     [exec] &quot;Compile++ thumb : com.test.testmodule2 &lt;= Testmodule2Bootstrap.cpp<br>     [exec] In file included from jni&#x2F;..&#x2F;Testmodule2Bootstrap.cpp:9:0:<br>     [exec] C:&#x2F;PROGRA~1&#x2F;Android&#x2F;android-ndk-r8b&#x2F;platforms&#x2F;android-3&#x2F;arch-arm&#x2F;usr&#x2F;include&#x2F;jni.h:592:13: note: the mangling of &#39;va_list&#39; has changed in GCC 4.4<br>     [exec] In file included from jni&#x2F;..&#x2F;Testmodule2Bootstrap.cpp:17:0:<br>     [exec] C:&#x2F;DOCUME~1&#x2F;me&#x2F;LOCALS~1&#x2F;Temp&#x2F;me&#x2F;testmodule2-generated&#x2F;KrollGeneratedBindings.gperf:14:28: warning: declaration &#39;struct titanium::bindings::BindEntry&#39; does not declare anything [enabled by default]<br>     [exec] SharedLibrary  : libcom.test.testmodule2.so<br>     [exec] Install        : libcom.test.testmodule2.so =&gt; libs&#x2F;armeabi&#x2F;libcom.test.testmodule2.so<br>     [exec] Install        : libstlport_shared.so =&gt; libs&#x2F;armeabi&#x2F;libstlport_shared.so<br>     [exec] &quot;Compile++ thumb : com.test.testmodule2 &lt;= com.test.testmodule2.ExampleProxy.cpp<br>     [exec] In file included from jni&#x2F;com.test.testmodule2.ExampleProxy.h:10:0,<br>     [exec]                  from jni&#x2F;com.test.testmodule2.ExampleProxy.cpp:10:<br>     [exec] C:&#x2F;PROGRA~1&#x2F;Android&#x2F;android-ndk-r8b&#x2F;platforms&#x2F;android-3&#x2F;arch-arm&#x2F;usr&#x2F;include&#x2F;jni.h:592:13: note: the mangling of &#39;va_list&#39; has changed in GCC 4.4<br>     [exec] &quot;Compile++ thumb : com.test.testmodule2 &lt;= com.test.testmodule2.Testmodule2Module.cpp<br>     [exec] In file included from jni&#x2F;com.test.testmodule2.Testmodule2Module.h:10:0,<br>     [exec]                  from jni&#x2F;com.test.testmodule2.Testmodule2Module.cpp:10:<br>     [exec] C:&#x2F;PROGRA~1&#x2F;Android&#x2F;android-ndk-r8b&#x2F;platforms&#x2F;android-3&#x2F;arch-arm&#x2F;usr&#x2F;include&#x2F;jni.h:592:13: note: the mangling of &#39;va_list&#39; has changed in GCC 4.4<br>     [exec] &quot;Compile++ thumb : com.test.testmodule2 &lt;= Testmodule2Bootstrap.cpp<br>     [exec] In file included from jni&#x2F;..&#x2F;Testmodule2Bootstrap.cpp:9:0:<br>     [exec] C:&#x2F;PROGRA~1&#x2F;Android&#x2F;android-ndk-r8b&#x2F;platforms&#x2F;android-3&#x2F;arch-arm&#x2F;usr&#x2F;include&#x2F;jni.h:592:13: note: the mangling of &#39;va_list&#39; has changed in GCC 4.4<br>     [exec] In file included from jni&#x2F;..&#x2F;Testmodule2Bootstrap.cpp:17:0:<br>     [exec] C:&#x2F;DOCUME~1&#x2F;me&#x2F;LOCALS~1&#x2F;Temp&#x2F;me&#x2F;testmodule2-generated&#x2F;KrollGeneratedBindings.gperf:14:28: warning: declaration &#39;struct titanium::bindings::BindEntry&#39; does not declare anything [enabled by default]<br>     [exec] SharedLibrary  : libcom.test.testmodule2.so<br>     [exec] Install        : libcom.test.testmodule2.so =&gt; libs&#x2F;armeabi-v7a&#x2F;libcom.test.testmodule2.so<br>     [exec] Install        : libstlport_shared.so =&gt; libs&#x2F;armeabi-v7a&#x2F;libstlport_shared.so<br>     [exec] &quot;Compile++ x86  : com.test.testmodule2 &lt;= com.test.testmodule2.ExampleProxy.cpp<br>     [exec] &quot;Compile++ x86  : com.test.testmodule2 &lt;= com.test.testmodule2.Testmodule2Module.cpp<br>     [exec] &quot;Compile++ x86  : com.test.testmodule2 &lt;= Testmodule2Bootstrap.cpp<br>     [exec] In file included from jni&#x2F;..&#x2F;Testmodule2Bootstrap.cpp:17:0:<br>     [exec] C:&#x2F;DOCUME~1&#x2F;me&#x2F;LOCALS~1&#x2F;Temp&#x2F;me&#x2F;testmodule2-generated&#x2F;KrollGeneratedBindings.gperf:14:28: warning: declaration &#39;struct titanium::bindings::BindEntry&#39; does not declare anything [enabled by default]<br>     [exec] SharedLibrary  : libcom.test.testmodule2.so<br>     [exec] Install        : libcom.test.testmodule2.so =&gt; libs&#x2F;x86&#x2F;libcom.test.testmodule2.so<br>     [exec] Install        : libstlport_shared.so =&gt; libs&#x2F;x86&#x2F;libstlport_shared.so<br>     [move] Moving 47 files to C:\me\Titanium_Studio_Workspace\testmodule2\build\generated<br>     [copy] Copying 3 files to C:\me\Titanium_Studio_Workspace\testmodule2\libs<br>ndk.build.local:<br>compile:<br>    [javac] Compiling 4 source files to C:\me\Titanium_Studio_Workspace\testmodule2\build\classes<br>post.compile:<br>pre.dist:<br>dist:<br>      [jar] Building jar: C:\me\Titanium_Studio_Workspace\testmodule2\dist\testmodule2.jar<br>post.jar:<br>pre.docgen:<br>docgen:<br>     [exec] Generating C:\me\Titanium_Studio_Workspace\testmodule2\build\docs\index.html<br>post.docgen:<br>      [zip] Building zip: C:\me\Titanium_Studio_Workspace\testmodule2\dist\com.test.testmodule2-android-0.1.zip<br>libs.check:<br>zip.libs:<br>      [zip] Updating zip: C:\me\Titanium_Studio_Workspace\testmodule2\dist\com.test.testmodule2-android-0.1.zip<br>zip.metadata:<br>post.dist:<br>BUILD SUCCESSFUL<br>Total time: 43 seconds</p>
<hr>
<h2 id="and-here-39-s-the-log-for-run-emulator-">and here&#39;s the log for run emulator:</h2>
<p>Buildfile: C:\me\Titanium_Studio_Workspace\testmodule2\build.xml<br>ndk.clean:<br>pre.clean:<br>clean:<br>   [delete] Deleting directory C:\me\Titanium_Studio_Workspace\testmodule2\build\classes<br>   [delete] Deleting directory C:\me\Titanium_Studio_Workspace\testmodule2\dist<br>post.clean:<br>init:<br>    [mkdir] Created dir: C:\me\Titanium_Studio_Workspace\testmodule2\build\classes<br>    [mkdir] Created dir: C:\me\Titanium_Studio_Workspace\testmodule2\dist<br>process.annotations:<br>    [mkdir] Created dir: C:\me\Titanium_Studio_Workspace\testmodule2\build\generated\json<br>    [javac] Compiling 2 source files to C:\me\Titanium_Studio_Workspace\testmodule2\build\classes<br>    [javac] Note: [KrollBindingGen] Running Kroll binding generator.<br>    [javac] Note: [KrollBindingGen] No binding data found, creating new data file: org.appcelerator.titanium.bindings&#x2F;testmodule2.json<br>    [javac] Note: [KrollBindingGen] Found binding for proxy Example<br>    [javac] Note: [KrollBindingGen] Found binding for module Testmodule2<br>    [javac] Note: [KrollBindingGen] Generating JSON: file:&#x2F;C:&#x2F;me&#x2F;Titanium_Studio_Workspace&#x2F;testmodule2&#x2F;build&#x2F;generated&#x2F;json&#x2F;org&#x2F;appcelerator&#x2F;titanium&#x2F;bindings&#x2F;testmodule2.json<br>    [javac] warning: The following options were not recognized by any processor: &#39;[kroll.checkTiContext]&#39;<br>    [javac] Note: C:\me\Titanium_Studio_Workspace\testmodule2\src\com\test\testmodule2\ExampleProxy.java uses or overrides a deprecated API.<br>    [javac] Note: Recompile with -Xlint:deprecation for details.<br>generate.rhino.bindings:<br>     [java] Generating C:\me\Titanium_Studio_Workspace\testmodule2\build\generated\java\com\test\testmodule2\ExampleProxyPrototype.java<br>     [java] Generating C:\me\Titanium_Studio_Workspace\testmodule2\build\generated\java\com\test\testmodule2\Testmodule2ModulePrototype.java<br>     [java] Generating C:\me\Titanium_Studio_Workspace\testmodule2\build\generated\java\testmodule2GeneratedBindings.java<br>generate.rhino.idswitch:<br>     [echo] Generating IDs for C:\me\Titanium_Studio_Workspace\testmodule2\build\generated\java\com\test\testmodule2\ExampleProxyPrototype.java<br>     [echo] Generating IDs for C:\me\Titanium_Studio_Workspace\testmodule2\build\generated\java\com\test\testmodule2\Testmodule2ModulePrototype.java<br>     [echo] Generating IDs for C:\me\Titanium_Studio_Workspace\testmodule2\build\generated\java\testmodule2GeneratedBindings.java<br>generate.v8.bindings:<br>     [java] Generating C:\me\Titanium_Studio_Workspace\testmodule2\build\generated\jni\com.test.testmodule2.ExampleProxy.h<br>     [java] Generating C:\me\Titanium_Studio_Workspace\testmodule2\build\generated\jni\com.test.testmodule2.ExampleProxy.cpp<br>     [java] Generating C:\me\Titanium_Studio_Workspace\testmodule2\build\generated\jni\com.test.testmodule2.Testmodule2Module.h<br>     [java] Generating C:\me\Titanium_Studio_Workspace\testmodule2\build\generated\jni\com.test.testmodule2.Testmodule2Module.cpp<br>generate.bindings:<br>pre.compile:<br>js.compile:<br>ndk.build:<br>     [copy] Copying 1 file to C:\me\Titanium_Studio_Workspace\testmodule2\build\generated<br>     [copy] Copying 1 file to C:\me\Titanium_Studio_Workspace\testmodule2\build\generated\jni<br>    [mkdir] Created dir: C:\DOCUME~1\me\LOCALS~1\Temp\me\testmodule2-generated<br>     [copy] Copying 14 files to C:\DOCUME~1\me\LOCALS~1\Temp\me\testmodule2-generated<br>     [exec] jni&#x2F;Android.mk:24: warning: overriding commands for target <code>C:&amp;#x2F;DOCUME~1&amp;#x2F;me&amp;#x2F;LOCALS~1&amp;#x2F;Temp&amp;#x2F;me&amp;#x2F;testmodule2-generated&amp;#x2F;KrollGeneratedBindings.cpp&amp;#39;
     [exec] jni&amp;#x2F;Android.mk:24: warning: ignoring old commands for target</code>C:&#x2F;DOCUME~1&#x2F;me&#x2F;LOCALS~1&#x2F;Temp&#x2F;me&#x2F;testmodule2-generated&#x2F;KrollGeneratedBindings.cpp&#39;<br>     [exec] jni&#x2F;Android.mk:27: warning: overriding commands for target <code>C:&amp;#x2F;DOCUME~1&amp;#x2F;me&amp;#x2F;LOCALS~1&amp;#x2F;Temp&amp;#x2F;me&amp;#x2F;testmodule2-generated&amp;#x2F;BootstrapJS.cpp&amp;#39;
     [exec] jni&amp;#x2F;Android.mk:27: warning: ignoring old commands for target</code>C:&#x2F;DOCUME~1&#x2F;me&#x2F;LOCALS~1&#x2F;Temp&#x2F;me&#x2F;testmodule2-generated&#x2F;BootstrapJS.cpp&#39;<br>     [exec] jni&#x2F;Android.mk:24: warning: overriding commands for target <code>C:&amp;#x2F;DOCUME~1&amp;#x2F;me&amp;#x2F;LOCALS~1&amp;#x2F;Temp&amp;#x2F;me&amp;#x2F;testmodule2-generated&amp;#x2F;KrollGeneratedBindings.cpp&amp;#39;
     [exec] jni&amp;#x2F;Android.mk:24: warning: ignoring old commands for target</code>C:&#x2F;DOCUME~1&#x2F;me&#x2F;LOCALS~1&#x2F;Temp&#x2F;me&#x2F;testmodule2-generated&#x2F;KrollGeneratedBindings.cpp&#39;<br>     [exec] jni&#x2F;Android.mk:27: warning: overriding commands for target <code>C:&amp;#x2F;DOCUME~1&amp;#x2F;me&amp;#x2F;LOCALS~1&amp;#x2F;Temp&amp;#x2F;me&amp;#x2F;testmodule2-generated&amp;#x2F;BootstrapJS.cpp&amp;#39;
     [exec] jni&amp;#x2F;Android.mk:27: warning: ignoring old commands for target</code>C:&#x2F;DOCUME~1&#x2F;me&#x2F;LOCALS~1&#x2F;Temp&#x2F;me&#x2F;testmodule2-generated&#x2F;BootstrapJS.cpp&#39;<br>     [exec] &quot;Compile++ thumb : com.test.testmodule2 &lt;= com.test.testmodule2.ExampleProxy.cpp<br>     [exec] In file included from jni&#x2F;com.test.testmodule2.ExampleProxy.h:10:0,<br>     [exec]                  from jni&#x2F;com.test.testmodule2.ExampleProxy.cpp:10:<br>     [exec] C:&#x2F;PROGRA~1&#x2F;Android&#x2F;android-ndk-r8b&#x2F;platforms&#x2F;android-3&#x2F;arch-arm&#x2F;usr&#x2F;include&#x2F;jni.h:592:13: note: the mangling of &#39;va_list&#39; has changed in GCC 4.4<br>     [exec] &quot;Compile++ thumb : com.test.testmodule2 &lt;= com.test.testmodule2.Testmodule2Module.cpp<br>     [exec] In file included from jni&#x2F;com.test.testmodule2.Testmodule2Module.h:10:0,<br>     [exec]                  from jni&#x2F;com.test.testmodule2.Testmodule2Module.cpp:10:<br>     [exec] C:&#x2F;PROGRA~1&#x2F;Android&#x2F;android-ndk-r8b&#x2F;platforms&#x2F;android-3&#x2F;arch-arm&#x2F;usr&#x2F;include&#x2F;jni.h:592:13: note: the mangling of &#39;va_list&#39; has changed in GCC 4.4<br>     [exec] gperf -L C++ -E -t &quot;C:&#x2F;DOCUME~1&#x2F;me&#x2F;LOCALS~1&#x2F;Temp&#x2F;me&#x2F;testmodule2-generated&#x2F;KrollGeneratedBindings.gperf&quot; &gt; &quot;C:&#x2F;DOCUME~1&#x2F;me&#x2F;LOCALS~1&#x2F;Temp&#x2F;me&#x2F;testmodule2-generated&#x2F;KrollGeneratedBindings.cpp&quot;<br>     [exec] &quot;C:\Documents and Settings\me\Application Data\Titanium\mobilesdk\win32\2.1.3.GA\python.bat&quot; &quot;C:\Documents and Settings\me\Application Data\Titanium\mobilesdk\win32\2.1.3.GA&#x2F;module&#x2F;android&#x2F;js2c.py&quot; &quot;C:&#x2F;DOCUME~1&#x2F;me&#x2F;LOCALS~1&#x2F;Temp&#x2F;me&#x2F;testmodule2-generated&#x2F;BootstrapJS.cpp&quot; &quot;C:&#x2F;DOCUME~1&#x2F;me&#x2F;LOCALS~1&#x2F;Temp&#x2F;me&#x2F;testmodule2-generated&#x2F;bootstrap.js&quot;<br>     [exec] &quot;Compile++ thumb : com.test.testmodule2 &lt;= Testmodule2Bootstrap.cpp<br>     [exec] In file included from jni&#x2F;..&#x2F;Testmodule2Bootstrap.cpp:9:0:<br>     [exec] C:&#x2F;PROGRA~1&#x2F;Android&#x2F;android-ndk-r8b&#x2F;platforms&#x2F;android-3&#x2F;arch-arm&#x2F;usr&#x2F;include&#x2F;jni.h:592:13: note: the mangling of &#39;va_list&#39; has changed in GCC 4.4<br>     [exec] In file included from jni&#x2F;..&#x2F;Testmodule2Bootstrap.cpp:17:0:<br>     [exec] C:&#x2F;DOCUME~1&#x2F;me&#x2F;LOCALS~1&#x2F;Temp&#x2F;me&#x2F;testmodule2-generated&#x2F;KrollGeneratedBindings.gperf:14:28: warning: declaration &#39;struct titanium::bindings::BindEntry&#39; does not declare anything [enabled by default]<br>     [exec] Prebuilt       : libstlport_shared.so &lt;= &lt;NDK&gt;&#x2F;sources&#x2F;cxx-stl&#x2F;stlport&#x2F;libs&#x2F;armeabi&#x2F;<br>     [exec] SharedLibrary  : libcom.test.testmodule2.so<br>     [exec] Install        : libcom.test.testmodule2.so =&gt; libs&#x2F;armeabi&#x2F;libcom.test.testmodule2.so<br>     [exec] Install        : libstlport_shared.so =&gt; libs&#x2F;armeabi&#x2F;libstlport_shared.so<br>     [exec] &quot;Compile++ thumb : com.test.testmodule2 &lt;= com.test.testmodule2.ExampleProxy.cpp<br>     [exec] In file included from jni&#x2F;com.test.testmodule2.ExampleProxy.h:10:0,<br>     [exec]                  from jni&#x2F;com.test.testmodule2.ExampleProxy.cpp:10:<br>     [exec] C:&#x2F;PROGRA~1&#x2F;Android&#x2F;android-ndk-r8b&#x2F;platforms&#x2F;android-3&#x2F;arch-arm&#x2F;usr&#x2F;include&#x2F;jni.h:592:13: note: the mangling of &#39;va_list&#39; has changed in GCC 4.4<br>     [exec] &quot;Compile++ thumb : com.test.testmodule2 &lt;= com.test.testmodule2.Testmodule2Module.cpp<br>     [exec] In file included from jni&#x2F;com.test.testmodule2.Testmodule2Module.h:10:0,<br>     [exec]                  from jni&#x2F;com.test.testmodule2.Testmodule2Module.cpp:10:<br>     [exec] C:&#x2F;PROGRA~1&#x2F;Android&#x2F;android-ndk-r8b&#x2F;platforms&#x2F;android-3&#x2F;arch-arm&#x2F;usr&#x2F;include&#x2F;jni.h:592:13: note: the mangling of &#39;va_list&#39; has changed in GCC 4.4<br>     [exec] &quot;Compile++ thumb : com.test.testmodule2 &lt;= Testmodule2Bootstrap.cpp<br>     [exec] In file included from jni&#x2F;..&#x2F;Testmodule2Bootstrap.cpp:9:0:<br>     [exec] C:&#x2F;PROGRA~1&#x2F;Android&#x2F;android-ndk-r8b&#x2F;platforms&#x2F;android-3&#x2F;arch-arm&#x2F;usr&#x2F;include&#x2F;jni.h:592:13: note: the mangling of &#39;va_list&#39; has changed in GCC 4.4<br>     [exec] In file included from jni&#x2F;..&#x2F;Testmodule2Bootstrap.cpp:17:0:<br>     [exec] C:&#x2F;DOCUME~1&#x2F;me&#x2F;LOCALS~1&#x2F;Temp&#x2F;me&#x2F;testmodule2-generated&#x2F;KrollGeneratedBindings.gperf:14:28: warning: declaration &#39;struct titanium::bindings::BindEntry&#39; does not declare anything [enabled by default]<br>     [exec] Prebuilt       : libstlport_shared.so &lt;= &lt;NDK&gt;&#x2F;sources&#x2F;cxx-stl&#x2F;stlport&#x2F;libs&#x2F;armeabi-v7a&#x2F;<br>     [exec] SharedLibrary  : libcom.test.testmodule2.so<br>     [exec] Install        : libcom.test.testmodule2.so =&gt; libs&#x2F;armeabi-v7a&#x2F;libcom.test.testmodule2.so<br>     [exec] Install        : libstlport_shared.so =&gt; libs&#x2F;armeabi-v7a&#x2F;libstlport_shared.so<br>     [exec] &quot;Compile++ x86  : com.test.testmodule2 &lt;= com.test.testmodule2.ExampleProxy.cpp<br>     [exec] &quot;Compile++ x86  : com.test.testmodule2 &lt;= com.test.testmodule2.Testmodule2Module.cpp<br>     [exec] &quot;Compile++ x86  : com.test.testmodule2 &lt;= Testmodule2Bootstrap.cpp<br>     [exec] In file included from jni&#x2F;..&#x2F;Testmodule2Bootstrap.cpp:17:0:<br>     [exec] C:&#x2F;DOCUME~1&#x2F;me&#x2F;LOCALS~1&#x2F;Temp&#x2F;me&#x2F;testmodule2-generated&#x2F;KrollGeneratedBindings.gperf:14:28: warning: declaration &#39;struct titanium::bindings::BindEntry&#39; does not declare anything [enabled by default]<br>     [exec] Prebuilt       : libstlport_shared.so &lt;= &lt;NDK&gt;&#x2F;sources&#x2F;cxx-stl&#x2F;stlport&#x2F;libs&#x2F;x86&#x2F;<br>     [exec] SharedLibrary  : libcom.test.testmodule2.so<br>     [exec] Install        : libcom.test.testmodule2.so =&gt; libs&#x2F;x86&#x2F;libcom.test.testmodule2.so<br>     [exec] Install        : libstlport_shared.so =&gt; libs&#x2F;x86&#x2F;libstlport_shared.so<br>     [move] Moving 46 files to C:\me\Titanium_Studio_Workspace\testmodule2\build\generated<br>     [copy] Copying 3 files to C:\me\Titanium_Studio_Workspace\testmodule2\libs<br>ndk.build.local:<br>compile:<br>    [javac] Compiling 4 source files to C:\me\Titanium_Studio_Workspace\testmodule2\build\classes<br>     [copy] Copying 1 file to C:\me\Titanium_Studio_Workspace\testmodule2\build\classes<br>post.compile:<br>pre.dist:<br>dist:<br>      [jar] Building jar: C:\me\Titanium_Studio_Workspace\testmodule2\dist\testmodule2.jar<br>post.jar:<br>pre.docgen:<br>docgen:<br>     [exec] Generating C:\me\Titanium_Studio_Workspace\testmodule2\build\docs\index.html<br>post.docgen:<br>      [zip] Building zip: C:\me\Titanium_Studio_Workspace\testmodule2\dist\com.test.testmodule2-android-0.1.zip<br>libs.check:<br>zip.libs:<br>      [zip] Updating zip: C:\me\Titanium_Studio_Workspace\testmodule2\dist\com.test.testmodule2-android-0.1.zip<br>zip.metadata:<br>post.dist:<br>run.emulator:<br>     [exec] [DEBUG] Staging module project at c:\docume~1\me\locals~1\temp\mx9fq7vti<br>     [exec] [DEBUG] Buildfile: C:\me\Titanium_Studio_Workspace\testmodule2\build.xml<br>     [exec] [DEBUG] init:<br>     [exec] [DEBUG] process.annotations:<br>     [exec] [DEBUG] generate.rhino.bindings:<br>     [exec] [java] Generating C:\me\Titanium_Studio_Workspace\testmodule2\build\generated\java\com\test\testmodule2\ExampleProxyPrototype.java<br>     [exec] [java] Generating C:\me\Titanium_Studio_Workspace\testmodule2\build\generated\java\com\test\testmodule2\Testmodule2ModulePrototype.java<br>     [exec] [java] Generating C:\me\Titanium_Studio_Workspace\testmodule2\build\generated\java\testmodule2GeneratedBindings.java<br>     [exec] [DEBUG] generate.rhino.idswitch:<br>     [exec] [echo] Generating IDs for C:\me\Titanium_Studio_Workspace\testmodule2\build\generated\java\com\test\testmodule2\ExampleProxyPrototype.java<br>     [exec] [echo] Generating IDs for C:\me\Titanium_Studio_Workspace\testmodule2\build\generated\java\com\test\testmodule2\Testmodule2Bootstrap.java<br>     [exec] [echo] Generating IDs for C:\me\Titanium_Studio_Workspace\testmodule2\build\generated\java\com\test\testmodule2\Testmodule2ModulePrototype.java<br>     [exec] [echo] Generating IDs for C:\me\Titanium_Studio_Workspace\testmodule2\build\generated\java\testmodule2GeneratedBindings.java<br>     [exec] [DEBUG] generate.v8.bindings:<br>     [exec] [java] Generating C:\me\Titanium_Studio_Workspace\testmodule2\build\generated\jni\com.test.testmodule2.ExampleProxy.h<br>     [exec] [java] Generating C:\me\Titanium_Studio_Workspace\testmodule2\build\generated\jni\com.test.testmodule2.ExampleProxy.cpp<br>     [exec] [java] Generating C:\me\Titanium_Studio_Workspace\testmodule2\build\generated\jni\com.test.testmodule2.Testmodule2Module.h<br>     [exec] [java] Generating C:\me\Titanium_Studio_Workspace\testmodule2\build\generated\jni\com.test.testmodule2.Testmodule2Module.cpp<br>     [exec] [DEBUG] generate.bindings:<br>     [exec] [DEBUG] pre.compile:<br>     [exec] [DEBUG] js.compile:<br>     [exec] [DEBUG] ndk.build:<br>     [exec] [mkdir] Created dir: C:\DOCUME~1\me\LOCALS~1\Temp\me\testmodule2-generated<br>     [exec] [copy] Copying 46 files to C:\DOCUME~1\me\LOCALS~1\Temp\me\testmodule2-generated<br>     [exec] [exec] jni&#x2F;Android.mk:24: warning: overriding commands for target <code>C:&amp;#x2F;DOCUME~1&amp;#x2F;me&amp;#x2F;LOCALS~1&amp;#x2F;Temp&amp;#x2F;me&amp;#x2F;testmodule2-generated&amp;#x2F;KrollGeneratedBindings.cpp&amp;#39;
     [exec] [exec] jni&amp;#x2F;Android.mk:24: warning: ignoring old commands for target</code>C:&#x2F;DOCUME~1&#x2F;me&#x2F;LOCALS~1&#x2F;Temp&#x2F;me&#x2F;testmodule2-generated&#x2F;KrollGeneratedBindings.cpp&#39;<br>     [exec] [exec] jni&#x2F;Android.mk:27: warning: overriding commands for target <code>C:&amp;#x2F;DOCUME~1&amp;#x2F;me&amp;#x2F;LOCALS~1&amp;#x2F;Temp&amp;#x2F;me&amp;#x2F;testmodule2-generated&amp;#x2F;BootstrapJS.cpp&amp;#39;
     [exec] [exec] jni&amp;#x2F;Android.mk:27: warning: ignoring old commands for target</code>C:&#x2F;DOCUME~1&#x2F;me&#x2F;LOCALS~1&#x2F;Temp&#x2F;me&#x2F;testmodule2-generated&#x2F;BootstrapJS.cpp&#39;<br>     [exec] [exec] jni&#x2F;Android.mk:24: warning: overriding commands for target <code>C:&amp;#x2F;DOCUME~1&amp;#x2F;me&amp;#x2F;LOCALS~1&amp;#x2F;Temp&amp;#x2F;me&amp;#x2F;testmodule2-generated&amp;#x2F;KrollGeneratedBindings.cpp&amp;#39;
     [exec] [exec] jni&amp;#x2F;Android.mk:24: warning: ignoring old commands for target</code>C:&#x2F;DOCUME~1&#x2F;me&#x2F;LOCALS~1&#x2F;Temp&#x2F;me&#x2F;testmodule2-generated&#x2F;KrollGeneratedBindings.cpp&#39;<br>     [exec] [exec] jni&#x2F;Android.mk:27: warning: overriding commands for target <code>C:&amp;#x2F;DOCUME~1&amp;#x2F;me&amp;#x2F;LOCALS~1&amp;#x2F;Temp&amp;#x2F;me&amp;#x2F;testmodule2-generated&amp;#x2F;BootstrapJS.cpp&amp;#39;
     [exec] [exec] jni&amp;#x2F;Android.mk:27: warning: ignoring old commands for target</code>C:&#x2F;DOCUME~1&#x2F;me&#x2F;LOCALS~1&#x2F;Temp&#x2F;me&#x2F;testmodule2-generated&#x2F;BootstrapJS.cpp&#39;<br>     [exec] [exec] &quot;Compile++ thumb : com.test.testmodule2 &lt;= com.test.testmodule2.ExampleProxy.cpp<br>     [exec] [exec] In file included from jni&#x2F;com.test.testmodule2.ExampleProxy.h:10:0,<br>     [exec] [exec]                  from jni&#x2F;com.test.testmodule2.ExampleProxy.cpp:10:<br>     [exec] [exec] C:&#x2F;PROGRA~1&#x2F;Android&#x2F;android-ndk-r8b&#x2F;platforms&#x2F;android-3&#x2F;arch-arm&#x2F;usr&#x2F;include&#x2F;jni.h:592:13: note: the mangling of &#39;va_list&#39; has changed in GCC 4.4<br>     [exec] [exec] &quot;Compile++ thumb : com.test.testmodule2 &lt;= com.test.testmodule2.Testmodule2Module.cpp<br>     [exec] [exec] In file included from jni&#x2F;com.test.testmodule2.Testmodule2Module.h:10:0,<br>     [exec] [exec]                  from jni&#x2F;com.test.testmodule2.Testmodule2Module.cpp:10:<br>     [exec] [exec] C:&#x2F;PROGRA~1&#x2F;Android&#x2F;android-ndk-r8b&#x2F;platforms&#x2F;android-3&#x2F;arch-arm&#x2F;usr&#x2F;include&#x2F;jni.h:592:13: note: the mangling of &#39;va_list&#39; has changed in GCC 4.4<br>     [exec] [exec] &quot;Compile++ thumb : com.test.testmodule2 &lt;= Testmodule2Bootstrap.cpp<br>     [exec] [exec] In file included from jni&#x2F;..&#x2F;Testmodule2Bootstrap.cpp:9:0:<br>     [exec] [exec] C:&#x2F;PROGRA~1&#x2F;Android&#x2F;android-ndk-r8b&#x2F;platforms&#x2F;android-3&#x2F;arch-arm&#x2F;usr&#x2F;include&#x2F;jni.h:592:13: note: the mangling of &#39;va_list&#39; has changed in GCC 4.4<br>     [exec] [exec] In file included from jni&#x2F;..&#x2F;Testmodule2Bootstrap.cpp:17:0:<br>     [exec] [exec] C:&#x2F;DOCUME~1&#x2F;me&#x2F;LOCALS~1&#x2F;Temp&#x2F;me&#x2F;testmodule2-generated&#x2F;KrollGeneratedBindings.gperf:14:28: warning: declaration &#39;struct titanium::bindings::BindEntry&#39; does not declare anything [enabled by default]<br>     [exec] [exec] SharedLibrary  : libcom.test.testmodule2.so<br>     [exec] [exec] Install        : libcom.test.testmodule2.so =&gt; libs&#x2F;armeabi&#x2F;libcom.test.testmodule2.so<br>     [exec] [exec] Install        : libstlport_shared.so =&gt; libs&#x2F;armeabi&#x2F;libstlport_shared.so<br>     [exec] [exec] &quot;Compile++ thumb : com.test.testmodule2 &lt;= com.test.testmodule2.ExampleProxy.cpp<br>     [exec] [exec] In file included from jni&#x2F;com.test.testmodule2.ExampleProxy.h:10:0,<br>     [exec] [exec]                  from jni&#x2F;com.test.testmodule2.ExampleProxy.cpp:10:<br>     [exec] [exec] C:&#x2F;PROGRA~1&#x2F;Android&#x2F;android-ndk-r8b&#x2F;platforms&#x2F;android-3&#x2F;arch-arm&#x2F;usr&#x2F;include&#x2F;jni.h:592:13: note: the mangling of &#39;va_list&#39; has changed in GCC 4.4<br>     [exec] [exec] &quot;Compile++ thumb : com.test.testmodule2 &lt;= com.test.testmodule2.Testmodule2Module.cpp<br>     [exec] [exec] In file included from jni&#x2F;com.test.testmodule2.Testmodule2Module.h:10:0,<br>     [exec] [exec]                  from jni&#x2F;com.test.testmodule2.Testmodule2Module.cpp:10:<br>     [exec] [exec] C:&#x2F;PROGRA~1&#x2F;Android&#x2F;android-ndk-r8b&#x2F;platforms&#x2F;android-3&#x2F;arch-arm&#x2F;usr&#x2F;include&#x2F;jni.h:592:13: note: the mangling of &#39;va_list&#39; has changed in GCC 4.4<br>     [exec] [exec] &quot;Compile++ thumb : com.test.testmodule2 &lt;= Testmodule2Bootstrap.cpp<br>     [exec] [exec] In file included from jni&#x2F;..&#x2F;Testmodule2Bootstrap.cpp:9:0:<br>     [exec] [exec] C:&#x2F;PROGRA~1&#x2F;Android&#x2F;android-ndk-r8b&#x2F;platforms&#x2F;android-3&#x2F;arch-arm&#x2F;usr&#x2F;include&#x2F;jni.h:592:13: note: the mangling of &#39;va_list&#39; has changed in GCC 4.4<br>     [exec] [exec] In file included from jni&#x2F;..&#x2F;Testmodule2Bootstrap.cpp:17:0:<br>     [exec] [exec] C:&#x2F;DOCUME~1&#x2F;me&#x2F;LOCALS~1&#x2F;Temp&#x2F;me&#x2F;testmodule2-generated&#x2F;KrollGeneratedBindings.gperf:14:28: warning: declaration &#39;struct titanium::bindings::BindEntry&#39; does not declare anything [enabled by default]<br>     [exec] [exec] SharedLibrary  : libcom.test.testmodule2.so<br>     [exec] [exec] Install        : libcom.test.testmodule2.so =&gt; libs&#x2F;armeabi-v7a&#x2F;libcom.test.testmodule2.so<br>     [exec] [exec] Install        : libstlport_shared.so =&gt; libs&#x2F;armeabi-v7a&#x2F;libstlport_shared.so<br>     [exec] [exec] &quot;Compile++ x86  : com.test.testmodule2 &lt;= com.test.testmodule2.ExampleProxy.cpp<br>     [exec] [exec] &quot;Compile++ x86  : com.test.testmodule2 &lt;= com.test.testmodule2.Testmodule2Module.cpp<br>     [exec] [exec] &quot;Compile++ x86  : com.test.testmodule2 &lt;= Testmodule2Bootstrap.cpp<br>     [exec] [exec] In file included from jni&#x2F;..&#x2F;Testmodule2Bootstrap.cpp:17:0:<br>     [exec] [exec] C:&#x2F;DOCUME~1&#x2F;me&#x2F;LOCALS~1&#x2F;Temp&#x2F;me&#x2F;testmodule2-generated&#x2F;KrollGeneratedBindings.gperf:14:28: warning: declaration &#39;struct titanium::bindings::BindEntry&#39; does not declare anything [enabled by default]<br>     [exec] [exec] SharedLibrary  : libcom.test.testmodule2.so<br>     [exec] [exec] Install        : libcom.test.testmodule2.so =&gt; libs&#x2F;x86&#x2F;libcom.test.testmodule2.so<br>     [exec] [exec] Install        : libstlport_shared.so =&gt; libs&#x2F;x86&#x2F;libstlport_shared.so<br>     [exec] [move] Moving 46 files to C:\me\Titanium_Studio_Workspace\testmodule2\build\generated<br>     [exec] [copy] Copying 3 files to C:\me\Titanium_Studio_Workspace\testmodule2\libs<br>     [exec] [DEBUG] ndk.build.local:<br>     [exec] [DEBUG] compile:<br>     [exec] [javac] Compiling 4 source files to C:\me\Titanium_Studio_Workspace\testmodule2\build\classes<br>     [exec] [DEBUG] post.compile:<br>     [exec] [DEBUG] pre.dist:<br>     [exec] [DEBUG] dist:<br>     [exec] [jar] Building jar: C:\me\Titanium_Studio_Workspace\testmodule2\dist\testmodule2.jar<br>     [exec] [DEBUG] post.jar:<br>     [exec] [DEBUG] pre.docgen:<br>     [exec] [DEBUG] docgen:<br>     [exec] [exec] Generating C:\me\Titanium_Studio_Workspace\testmodule2\build\docs\index.html<br>     [exec] [DEBUG] post.docgen:<br>     [exec] [zip] Building zip: C:\me\Titanium_Studio_Workspace\testmodule2\dist\com.test.testmodule2-android-0.1.zip<br>     [exec] [DEBUG] libs.check:<br>     [exec] [DEBUG] zip.libs:<br>     [exec] [zip] Updating zip: C:\me\Titanium_Studio_Workspace\testmodule2\dist\com.test.testmodule2-android-0.1.zip<br>     [exec] [DEBUG] zip.metadata:<br>     [exec] [DEBUG] post.dist:<br>     [exec] [DEBUG] BUILD SUCCESSFUL<br>     [exec] [DEBUG] Total time: 15 seconds<br>     [exec] [DEBUG] Traceback (most recent call last):<br>     [exec] [DEBUG] File &quot;C:\Documents and Settings\me\Application Data\Titanium\mobilesdk\win32\2.1.3.GA\android\builder.py&quot;, line 15, in &lt;module&gt;<br>     [exec] [DEBUG] from compiler import Compiler<br>     [exec] [DEBUG] File &quot;C:\Documents and Settings\me\Application Data\Titanium\mobilesdk\win32\2.1.3.GA\android\compiler.py&quot;, line 14, in &lt;module&gt;<br>     [exec] [DEBUG] from deltafy import Deltafy<br>     [exec] [DEBUG] File &quot;C:\Documents and Settings\me\Application Data\Titanium\mobilesdk\win32\2.1.3.GA\android\deltafy.py&quot;, line 8, in &lt;module&gt;<br>BUILD SUCCESSFUL<br>Total time: 35 seconds</p>
</p>
										<div class="author">
											&mdash; commented <span title="October 11th 2012, 1:26:40 pm">October 11th 2012</span>
											by <span class='authorname'>Y R</span>
										</div>
									</li>
								
								</ul>
							
						</footer>
						<aside class="vote-box">
							<div class="score"><span>0</span> Votes</div>
						</aside>
					</article>
				</li>
			
		</ul>
	
</article>

		</div>
		<div class="col-sm-3"></div>
	</div>
	<div class="row"><div class="signoff">The ownership of individual contributions to this community generated content is retained by the authors of their contributions.<br>All trademarks remain the property of the respective owner.</div></div>
</main>


</body>
</html>
