<!doctype html>
<html>
<head>
	<meta http-equiv="X-UA-Compatible" content="IE=Edge,chrome=1">
	<meta http-equiv="Content-Type" content="text/html; charset=UTF-8">
	<meta charset="utf-8">
	
		<title>Titanium Error: [ERROR] Exception occured while building Android project, [ERROR] Traceback (most recent call last)  .... » Community Questions &amp; Answers » Appcelerator Developer Center</title>
	
	<meta name="viewport" content="width=device-width,initial-scale=1">
	<link href="../../related/favicon.png" rel="shortcut icon" type="image/png">
	<link href="//fonts.googleapis.com/css?family=Open+Sans:300,400,500,600,700" rel="stylesheet" type="text/css">
	<link href="//d3ilu1xuwhtfe2.cloudfront.net/e8e0ebd/css/style.css" rel="stylesheet" type="text/css">
	<link href="../../related/qa.css" rel="stylesheet" type="text/css">
	<link href="../../related/hybrid.css" rel="stylesheet" type="text/css">
	
	<link href="../../related/overrides.css" rel="stylesheet" type="text/css">
</head>
<body>

<div class='mast'>    <div class='container'>        <div class='row'>            <div class='col-sm-12'>                <div class='masthead'><h1>Titanium Community Questions & Answer Archive</h1><h2>We felt that 6+ years of knowledge should not die so this is the Titanium Community Questions &amp; Answer Archive</h2></div>            </div>        </div>    </div></div>

<main class="container">
	<div class="row">
		<div class="col-sm-12">
			
		</div>
	</div>
	<div class="row">
		<div class="col-sm-12">
			<article class="question-container">
	<div class="question">
		<header>
			<h1>Titanium Error: [ERROR] Exception occured while building Android project, [ERROR] Traceback (most recent call last)  ....</h1>
		</header>
		<section>
			<p>[ERROR] Exception occured while building Android project:</p>
<p>[ERROR] Traceback (most recent call last):</p>
<p>[ERROR]   File &quot;C:\Users\AdminYC\AppData\Roaming\Titanium\mobilesdk\win32\3.1.0.GA\android\builder.py&quot;, line 2553, in &lt;module&gt;</p>
<p>[ERROR]     builder.build_and_run(True, avd_id, device_args=device_args, debugger_host=debugger_host, profiler_host=profiler_host)</p>
<p>ERROR]   File &quot;C:\Users\AdminYC\AppData\Roaming\Titanium\mobilesdk\win32\3.1.0.GA\android\builder.py&quot;, line 2264, in build_and_run</p>
<p>[ERROR]     self.manifest_changed = self.generate_android_manifest(compiler)</p>
<p>[ERROR]   File &quot;C:\Users\AdminYC\AppData\Roaming\Titanium\mobilesdk\win32\3.1.0.GA\android\builder.py&quot;, line 1404, in generate_android_manifest</p>
<p>[ERROR]     &#39;-I&#39;, self.android_jar], warning_regex=r&#39;skipping&#39;)</p>
<p>[ERROR]   File &quot;C:\Users\AdminYC\AppData\Roaming\Titanium\mobilesdk\win32\3.1.0.GA\android\run.py&quot;, line 38, in run</p>
<p>[ERROR]     print &quot;[DEBUG] %s&quot; % subprocess.list2cmdline(args_to_log)</p>
<p>[ERROR]   File &quot;D:\Useful\Titanium Studio\plugins\com.appcelerator.titanium.python.win32_1.0.0.1338515509\python\lib\subprocess.py&quot;, line 580, in list2cmdline</p>
<p>[ERROR]     needquote = (&quot; &quot; in arg) or (&quot;\t&quot; in arg) or not arg</p>
<p>[ERROR] TypeError: argument of type &#39;NoneType&#39; is not iterable</p>
<p>[ERROR] :  Build process exited with code 1</p>
<p>[ERROR] :  Project failed to build after 10s 937ms</p>
<p>I use: </p>
<p>App: mobile<br>Platform: Android<br>Device: Tablet Archos 80G<br>Titanium SDK 3.1.0</p>

		</section>
		<footer>
			<div class="author">
				&mdash; asked <span title="May 22nd 2013, 1:44:44 pm">May 22nd 2013</span>
				by <span class='authorname'>Florin Colotin</span>
			</div>

			
				<ul class="tags">
					
						<li><span class='tagname'>building error</span></li>
					
						<li><span class='tagname'>titanium error</span></li>
					
						<li><span class='tagname'>traceback</span></li>
					
				</ul>
			

			<section>
				<h5>1 Comment</h5>
				
					<ul class="comments">
					
						<li class="comment">
							<div><p>Does this happen when building for device? For emulator?</p>
</div>
							<div class="author">
								&mdash; commented <span title="May 22nd 2013, 4:57:42 pm">May 22nd 2013</span>
								by <span class='authorname'>Mauro Parra</span>
							</div>
						</li>
					
					</ul>
				
			</section>
		</footer>
		<aside class="vote-box">
			<div class="score"><span>1</span> Vote</div>
			<div class="answers"><span>2</span> Answers</div>
		</aside>
	</div>

	<hr>

	<h3>2 Answers</h3>

	
		<ul class="answers">
			
				<li class="answer">
				
					<article id="answer-263219">
				
						<section>
							<p>Good news! This bug has been fixed! Here&#39;s the ticket: <a href="https:&#x2F;&#x2F;jira.appcelerator.org&#x2F;browse&#x2F;TIMOB-13944">https:&#x2F;&#x2F;jira.appcelerator.org&#x2F;browse&#x2F;TIMOB-13944</a>. It will be available in Titanium SDK 3.1.1.GA.</p>
<p>You can test drive a 3_1_X continuous integration (CI) build if you&#39;d like to check it out. Note that CI builds are not recommended for production use. You can download it from <a href="http:&#x2F;&#x2F;builds.appcelerator.com&#x2F;#3_1_X">http:&#x2F;&#x2F;builds.appcelerator.com&#x2F;#3_1_X</a> or run the following at the command line:</p>
<pre><code class="hljs">ti sdk <span class="hljs-operator"><span class="hljs-keyword">install</span> <span class="hljs-comment">--branch 3_1_X</span></span>
</code></pre>
						</section>
						<footer>
							<div class="author">
								&mdash; answered <span title="May 23rd 2013, 5:15:05 am">May 23rd 2013</span>
								by <span class='authorname'>Chris Barber</span><br>
								<a class="icon-bg icon-link" href="question/152721/titanium-error-error-exception-occured-while-building-android-project-error-traceback-most-recent-call-last-#answer-263219" rel="permalink">permalink</a>
							</div>

							<h5>9 Comments</h5>
							
								<ul class="comments">
								
									<li class="comment">
										<p><p>yes,  good news</p>
</p>
										<div class="author">
											&mdash; commented <span title="May 23rd 2013, 6:30:02 am">May 23rd 2013</span>
											by <span class='authorname'>Florin Colotin</span>
										</div>
									</li>
								
									<li class="comment">
										<p><p>with this &quot;ti sdk install –branch 3_1_X&quot; not working.</p>
<p>Error:</p>
<p>[ERROR] :  Build process exited with code 1<br>[ERROR] :  Project failed to build after 596ms</p>
</p>
										<div class="author">
											&mdash; commented <span title="May 23rd 2013, 6:50:46 am">May 23rd 2013</span>
											by <span class='authorname'>Florin Colotin</span>
										</div>
									</li>
								
									<li class="comment">
										<p><p>You need to update the &lt;sdk-version&gt; in the tiapp.xml to the 3.1.1.v2013xxxxxxx that was just installed with the &quot;ti sdk&quot; command.</p>
</p>
										<div class="author">
											&mdash; commented <span title="May 23rd 2013, 11:19:06 am">May 23rd 2013</span>
											by <span class='authorname'>Chris Barber</span>
										</div>
									</li>
								
									<li class="comment">
										<p><p>I changed between more sdk versions and the problem persists.</p>
<p>Finaly I found a ticked with a recommandation: to copy all content from: &#x2F;Android-sdk&#x2F;build-tools&#x2F;17.0.0&#x2F; to the &#x2F;Android-sdk&#x2F;platform-tools&#x2F; folder , and working.</p>
<p>Thank&#39;s</p>
</p>
										<div class="author">
											&mdash; commented <span title="May 23rd 2013, 11:48:55 am">May 23rd 2013</span>
											by <span class='authorname'>Florin Colotin</span>
										</div>
									</li>
								
									<li class="comment">
										<p><p>Hmm, that&#39;s what TIMOB-13944 was intended to fix. Not sure why you needed to copy files if you&#39;re using a 3.1.1 CI build, but I&#39;m glad it&#39;s now working for you. :)</p>
</p>
										<div class="author">
											&mdash; commented <span title="May 23rd 2013, 3:00:21 pm">May 23rd 2013</span>
											by <span class='authorname'>Chris Barber</span>
										</div>
									</li>
								
									<li class="comment">
										<p><p>Thank you, Chris! Your answer and reading http:&#x2F;&#x2F;docs.appcelerator.com&#x2F;titanium&#x2F;latest&#x2F;#!&#x2F;guide&#x2F;Installing_Titanium_SDK_Continuous_Builds helped me!</p>
</p>
										<div class="author">
											&mdash; commented <span title="June 13th 2013, 1:30:09 pm">June 13th 2013</span>
											by <span class='authorname'>Rumyana Handzhiyska</span>
										</div>
									</li>
								
									<li class="comment">
										<p><p>You all say this bug is closed in 3.1.1, but I got this in 3.1.2, Please help me out ??</p>
<pre><code class="hljs"><span class="hljs-special">[</span>ERROR<span class="hljs-special">]</span> Exception occured while building Android project:
<span class="hljs-special">[</span>ERROR<span class="hljs-special">]</span> Traceback (most recent call last):
<span class="hljs-special">[</span>ERROR<span class="hljs-special">]</span>   File "C:<span class="hljs-command">\Users</span><span class="hljs-command">\akotamraju</span><span class="hljs-command">\AppData</span><span class="hljs-command">\Roaming</span><span class="hljs-command">\Titanium</span><span class="hljs-command">\mobilesdk</span><span class="hljs-command">\win</span>32\3.1.2.GA<span class="hljs-command">\android</span><span class="hljs-command">\builder</span>.py", line 2596, in &lt;module&gt;
<span class="hljs-special">[</span>ERROR<span class="hljs-special">]</span>     builder.build_and_run(False, avd_id, debugger_host=debugger_host, profiler_host=profiler_host)
<span class="hljs-special">[</span>ERROR<span class="hljs-special">]</span>   File "C:<span class="hljs-command">\Users</span><span class="hljs-command">\akotamraju</span><span class="hljs-command">\AppData</span><span class="hljs-command">\Roaming</span><span class="hljs-command">\Titanium</span><span class="hljs-command">\mobilesdk</span><span class="hljs-command">\win</span>32\3.1.2.GA<span class="hljs-command">\android</span><span class="hljs-command">\builder</span>.py", line 2314, in build_and_run
<span class="hljs-special">[</span>ERROR<span class="hljs-special">]</span>     self.manifest_changed = self.generate_android_manifest(compiler)
<span class="hljs-special">[</span>ERROR<span class="hljs-special">]</span>   File "C:<span class="hljs-command">\Users</span><span class="hljs-command">\akotamraju</span><span class="hljs-command">\AppData</span><span class="hljs-command">\Roaming</span><span class="hljs-command">\Titanium</span><span class="hljs-command">\mobilesdk</span><span class="hljs-command">\win</span>32\3.1.2.GA<span class="hljs-command">\android</span><span class="hljs-command">\builder</span>.py", line 975, in generate_android_manifest
<span class="hljs-special">[</span>ERROR<span class="hljs-special">]</span>     self.generate_localizations()
<span class="hljs-special">[</span>ERROR<span class="hljs-special">]</span>   File "C:<span class="hljs-command">\Users</span><span class="hljs-command">\akotamraju</span><span class="hljs-command">\AppData</span><span class="hljs-command">\Roaming</span><span class="hljs-command">\Titanium</span><span class="hljs-command">\mobilesdk</span><span class="hljs-command">\win</span>32\3.1.2.GA<span class="hljs-command">\android</span><span class="hljs-command">\builder</span>.py", line 1501, in generate_localizations
<span class="hljs-special">[</span>ERROR<span class="hljs-special">]</span>     doc = parseString(contents.encode("utf-8"))
<span class="hljs-special">[</span>ERROR<span class="hljs-special">]</span>   File "C:<span class="hljs-command">\Users</span><span class="hljs-command">\akotamraju</span><span class="hljs-command">\AppData</span><span class="hljs-command">\Local</span><span class="hljs-command">\Titanium</span> Studio<span class="hljs-command">\plugins</span><span class="hljs-command">\com</span>.appcelerator.titanium.python.win32_1.0.0.1338515509<span class="hljs-command">\python</span><span class="hljs-command">\lib</span><span class="hljs-command">\xml</span><span class="hljs-command">\dom</span><span class="hljs-command">\minidom</span>.py", line 1921, in parseString
<span class="hljs-special">[</span>ERROR<span class="hljs-special">]</span>     return expatbuilder.parseString(string)
<span class="hljs-special">[</span>ERROR<span class="hljs-special">]</span>   File "C:<span class="hljs-command">\Users</span><span class="hljs-command">\akotamraju</span><span class="hljs-command">\AppData</span><span class="hljs-command">\Local</span><span class="hljs-command">\Titanium</span> Studio<span class="hljs-command">\plugins</span><span class="hljs-command">\com</span>.appcelerator.titanium.python.win32_1.0.0.1338515509<span class="hljs-command">\python</span><span class="hljs-command">\lib</span><span class="hljs-command">\xml</span><span class="hljs-command">\dom</span><span class="hljs-command">\expatbuilder</span>.py", line 940, in parseString
<span class="hljs-special">[</span>ERROR<span class="hljs-special">]</span>     return builder.parseString(string)
<span class="hljs-special">[</span>ERROR<span class="hljs-special">]</span>   File "C:<span class="hljs-command">\Users</span><span class="hljs-command">\akotamraju</span><span class="hljs-command">\AppData</span><span class="hljs-command">\Local</span><span class="hljs-command">\Titanium</span> Studio<span class="hljs-command">\plugins</span><span class="hljs-command">\com</span>.appcelerator.titanium.python.win32_1.0.0.1338515509<span class="hljs-command">\python</span><span class="hljs-command">\lib</span><span class="hljs-command">\xml</span><span class="hljs-command">\dom</span><span class="hljs-command">\expatbuilder</span>.py", line 223, in parseString
<span class="hljs-special">[</span>ERROR<span class="hljs-special">]</span>     parser.Parse(string, True)
<span class="hljs-special">[</span>ERROR<span class="hljs-special">]</span> ExpatError: undefined entity: line 5, column 49
<span class="hljs-special">[</span>ERROR<span class="hljs-special">]</span> :  Build process exited with code 1
<span class="hljs-special">[</span>ERROR<span class="hljs-special">]</span> Application Installer abnormal process termination. Process exit value was 1
</code></pre></p>
										<div class="author">
											&mdash; commented <span title="August 29th 2013, 7:27:50 am">August 29th 2013</span>
											by <span class='authorname'>Aditya Kotamraju</span>
										</div>
									</li>
								
									<li class="comment">
										<p><p>Forgot to tell you was running on latest Android SDK tools version and  latest ADT..!</p>
</p>
										<div class="author">
											&mdash; commented <span title="August 29th 2013, 7:31:01 am">August 29th 2013</span>
											by <span class='authorname'>Aditya Kotamraju</span>
										</div>
									</li>
								
									<li class="comment">
										<p><p>Finally I solved the issue and its just because of a symbol that is present in <code>strings.xml</code> which is causing the crash while building files regarding localization.</p>
</p>
										<div class="author">
											&mdash; commented <span title="September 2nd 2013, 4:28:11 am">September 2nd 2013</span>
											by <span class='authorname'>Aditya Kotamraju</span>
										</div>
									</li>
								
								</ul>
							
						</footer>
						<aside class="vote-box">
							<div class="score"><span>3</span> Votes</div>
						</aside>
					</article>
				</li>
			
				<li class="answer">
				
					<article id="answer-264867">
				
						<section>
							<p>Change your Titanium SDK version to 3.1.1 G.A.<br>This bug is solve in Titanium SDK 3.1.1. </p>
<p><strong>Steps:</strong></p>
<p>1: Explore the Project and open the file <em>TiApp.xml</em>.</p>
<p>2: Go to Build Properties section.</p>
<p>3: Change the Titanium SDK version using dropdown and save.</p>
<p>4: Clean Project and run.</p>
<p>I hope this will work for you.</p>

						</section>
						<footer>
							<div class="author">
								&mdash; answered <span title="June 26th 2013, 4:15:40 am">June 26th 2013</span>
								by <span class='authorname'>Ashish Dwivedi</span><br>
								<a class="icon-bg icon-link" href="question/152721/titanium-error-error-exception-occured-while-building-android-project-error-traceback-most-recent-call-last-#answer-264867" rel="permalink">permalink</a>
							</div>

							<h5>0 Comments</h5>
							
						</footer>
						<aside class="vote-box">
							<div class="score"><span>0</span> Votes</div>
						</aside>
					</article>
				</li>
			
		</ul>
	
</article>

		</div>
		<div class="col-sm-3"></div>
	</div>
	<div class="row"><div class="signoff">The ownership of individual contributions to this community generated content is retained by the authors of their contributions.<br>All trademarks remain the property of the respective owner.</div></div>
</main>


</body>
</html>
