<!doctype html>
<html>
<head>
	<meta http-equiv="X-UA-Compatible" content="IE=Edge,chrome=1">
	<meta http-equiv="Content-Type" content="text/html; charset=UTF-8">
	<meta charset="utf-8">
	
		<title>titanium module ant build error + python error » Community Questions &amp; Answers </title>
	
	<meta name="viewport" content="width=device-width,initial-scale=1">
	<link href="../../related/favicon.png" rel="shortcut icon" type="image/png">
	<link href="//fonts.googleapis.com/css?family=Open+Sans:300,400,500,600,700" rel="stylesheet" type="text/css">
	<link href="//d3ilu1xuwhtfe2.cloudfront.net/e8e0ebd/css/style.css" rel="stylesheet" type="text/css">
	<link href="../../related/qa.css" rel="stylesheet" type="text/css">
	<link href="../../related/hybrid.css" rel="stylesheet" type="text/css">
	
	<link href="../../related/overrides.css" rel="stylesheet" type="text/css">
</head>
<body>

<div class='mast'>    <div class='container'>        <div class='row'>            <div class='col-sm-12'>                <div class='masthead'><h1>Titanium Community Questions & Answer Archive</h1><h2>We felt that 6+ years of knowledge should not die so this is the Titanium Community Questions &amp; Answer Archive</h2></div>            </div>        </div>    </div></div>

<main class="container">
	<div class="row">
		<div class="col-sm-12">
			
		</div>
	</div>
	<div class="row">
		<div class="col-sm-12">
			<article class="question-container">
	<div class="question">
		<header>
			<h1>titanium module ant build error + python error</h1>
		</header>
		<section>
			<p>Hi </p>
<p> I have created one sample module project with titanium appceletor 3.0 documents while build time I&#39;m faceing  this error please provide some details about this one.</p>
<p>$ ant<br>Buildfile: E:\My_Demo_titanium_examples\TESTING\build.xml</p>
<p>python.set.exec:</p>
<p>python.check:<br>     [echo] Testing for Python<br>     [exec] Error: No python executable could be found on your system</p>
<p>init:</p>
<p>process.annotations:</p>
<p>generate.rhino.bindings:<br>     [java] Generating E:\My_Demo_titanium_examples\TESTING\build\generated\java\com\treselle\test\TestingMod<br>ulePrototype.java<br>     [java] Generating E:\My_Demo_titanium_examples\TESTING\build\generated\java\com\treselle\test\ExamplePro<br>xyPrototype.java<br>     [java] Generating E:\My_Demo_titanium_examples\TESTING\build\generated\java\TESTINGGeneratedBindings.jav<br>a</p>
<p>generate.rhino.idswitch:<br>     [echo] Generating IDs for E:\My_Demo_titanium_examples\TESTING\build\generated\java\TESTINGGeneratedBind<br>ings.java<br>     [echo] Generating IDs for E:\My_Demo_titanium_examples\TESTING\build\generated\java\com\treselle\test\Ex<br>ampleProxyPrototype.java<br>     [echo] Generating IDs for E:\My_Demo_titanium_examples\TESTING\build\generated\java\com\treselle\test\Te<br>stingModulePrototype.java</p>
<p>generate.v8.bindings:<br>     [java] Generating E:\My_Demo_titanium_examples\TESTING\build\generated\jni\com.treselle.test.TestingModu<br>le.h<br>     [java] Generating E:\My_Demo_titanium_examples\TESTING\build\generated\jni\com.treselle.test.TestingModu<br>le.cpp<br>     [java] Generating E:\My_Demo_titanium_examples\TESTING\build\generated\jni\com.treselle.test.ExampleProx<br>y.h<br>     [java] Generating E:\My_Demo_titanium_examples\TESTING\build\generated\jni\com.treselle.test.ExampleProx<br>y.cpp<br>     [exec] Error: No python executable could be found on your system</p>
<p>generate.bindings:</p>
<p>pre.compile:</p>
<p>js.compile:</p>
<p>ndk.build:<br>    [mkdir] Created dir: C:\DOCUME~1\prakash\LOCALS~1\Temp\prakash\testing-generated<br>     [copy] Copying 10 files to C:\DOCUME~1\prakash\LOCALS~1\Temp\prakash\testing-generated</p>
<p>BUILD FAILED<br>C:\Documents and Settings\prakash\Application Data\Titanium\mobilesdk\win32\3.0.0.GA\module\android\build.xml<br>:371: The following error occurred while executing this line:<br>C:\Documents and Settings\prakash\Application Data\Titanium\mobilesdk\win32\3.0.0.GA\module\android\build.xml<br>:326: Execute failed: java.io.IOException: Cannot run program &quot;C:\Program Files\Appcelerator\android-ndk-r8d\<br>platforms\android-8\ndk-build.cmd&quot; (in directory &quot;C:\DOCUME~1\prakash\LOCALS~1\Temp\prakash\testing-generated<br>&quot;): CreateProcess error=2, The system cannot find the file specified<br>        at java.lang.ProcessBuilder.start(ProcessBuilder.java:460)<br>        at java.lang.Runtime.exec(Runtime.java:593)<br>        at org.apache.tools.ant.taskdefs.Execute$Java13CommandLauncher.exec(Execute.java:862)<br>        at org.apache.tools.ant.taskdefs.Execute.launch(Execute.java:481)<br>        at org.apache.tools.ant.taskdefs.Execute.execute(Execute.java:495)<br>        at org.apache.tools.ant.taskdefs.ExecTask.runExecute(ExecTask.java:631)<br>        at org.apache.tools.ant.taskdefs.ExecTask.runExec(ExecTask.java:672)<br>        at org.apache.tools.ant.taskdefs.ExecTask.execute(ExecTask.java:498)<br>        at org.apache.tools.ant.UnknownElement.execute(UnknownElement.java:291)<br>        at sun.reflect.GeneratedMethodAccessor4.invoke(Unknown Source)<br>        at sun.reflect.DelegatingMethodAccessorImpl.invoke(DelegatingMethodAccessorImpl.java:25)<br>        at java.lang.reflect.Method.invoke(Method.java:597)<br>        at org.apache.tools.ant.dispatch.DispatchUtils.execute(DispatchUtils.java:106)<br>        at org.apache.tools.ant.Task.perform(Task.java:348)<br>        at org.apache.tools.ant.taskdefs.Sequential.execute(Sequential.java:68)<br>        at org.apache.tools.ant.UnknownElement.execute(UnknownElement.java:291)<br>        at sun.reflect.GeneratedMethodAccessor4.invoke(Unknown Source)<br>        at sun.reflect.DelegatingMethodAccessorImpl.invoke(DelegatingMethodAccessorImpl.java:25)<br>        at java.lang.reflect.Method.invoke(Method.java:597)<br>        at org.apache.tools.ant.dispatch.DispatchUtils.execute(DispatchUtils.java:106)<br>        at org.apache.tools.ant.Task.perform(Task.java:348)<br>        at org.apache.tools.ant.taskdefs.MacroInstance.execute(MacroInstance.java:398)<br>        at org.apache.tools.ant.UnknownElement.execute(UnknownElement.java:291)<br>        at sun.reflect.GeneratedMethodAccessor4.invoke(Unknown Source)<br>        at sun.reflect.DelegatingMethodAccessorImpl.invoke(DelegatingMethodAccessorImpl.java:25)<br>        at java.lang.reflect.Method.invoke(Method.java:597)<br>        at org.apache.tools.ant.dispatch.DispatchUtils.execute(DispatchUtils.java:106)<br>        at org.apache.tools.ant.Task.perform(Task.java:348)<br>        at org.apache.tools.ant.Target.execute(Target.java:390)<br>        at org.apache.tools.ant.Target.performTasks(Target.java:411)<br>        at org.apache.tools.ant.Project.executeSortedTargets(Project.java:1399)<br>        at org.apache.tools.ant.Project.executeTarget(Project.java:1368)<br>        at org.apache.tools.ant.helper.DefaultExecutor.executeTargets(DefaultExecutor.java:41)<br>        at org.apache.tools.ant.Project.executeTargets(Project.java:1251)<br>        at org.apache.tools.ant.Main.runBuild(Main.java:809)<br>        at org.apache.tools.ant.Main.startAnt(Main.java:217)<br>        at org.apache.tools.ant.launch.Launcher.run(Launcher.java:280)<br>        at org.apache.tools.ant.launch.Launcher.main(Launcher.java:109)<br>Caused by: java.io.IOException: CreateProcess error=2, The system cannot find the file specified<br>        at java.lang.ProcessImpl.create(Native Method)<br>        at java.lang.ProcessImpl.&lt;init&gt;(ProcessImpl.java:81)<br>        at java.lang.ProcessImpl.start(ProcessImpl.java:30)<br>        at java.lang.ProcessBuilder.start(ProcessBuilder.java:453)<br>        … 37 more</p>
<p>Total time: 8 seconds</p>

		</section>
		<footer>
			<div class="author">
				&mdash; asked <span title="January 25th 2013, 10:14:09 am">January 25th 2013</span>
				by <span class='authorname'>selvam A</span>
			</div>

			
				<ul class="tags">
					
						<li><span class='tagname'>android</span></li>
					
						<li><span class='tagname'>python</span></li>
					
						<li><span class='tagname'>titanium</span></li>
					
						<li><span class='tagname'>titanium module</span></li>
					
				</ul>
			

			<section>
				<h5>2 Comments</h5>
				
					<ul class="comments">
					
						<li class="comment">
							<div><p>is your problem resolved?</p>
</div>
							<div class="author">
								&mdash; commented <span title="January 28th 2013, 4:12:19 am">January 28th 2013</span>
								by <span class='authorname'>Ashish Nigam</span>
							</div>
						</li>
					
						<li class="comment">
							<div><p>Hi  i created one sample titanium module project using titanium studio3.0 .</p>
<p> In this studio i referred  android ndk , sdk path and titanium sdk path. after that i give exact path in project build.properties file.<br>during this build time i faced many error ..finally in installed python and execute from command line its working fine. after i build my application i got same error this was headache for me ..if anybody faced this type error please provide some  solution to my question.</p>
<p>titanium studio. 3.0<br>python 2.7.x<br>android ndk\platform8<br>android sdk\platform8</p>
<h1 id="build-properties-">build.properties.</h1>
<p>titanium.platform=C:\Documents and Settings\prakash\Application Data\Titanium\mobilesdk\win32\3.0.0.GA\android</p>
<p>android.platform=C:\Program Files\android-sdk-windows\platforms\android-8</p>
<p>android.ndk=C:\Program Files\Appcelerator\android-ndk-r8d\platforms\android-8</p>
<p>google.apis=C:\Program Files\android-sdk-windows\add-ons\addon-google_apis-google-8</p>
<h1 id="console-error-">Console Error:</h1>
<p>$ ant<br>Buildfile: E:\My_Demo_titanium_examples\CustomModule\build.xml</p>
<p>python.set.exec:</p>
<p>python.check:<br>     [echo] Testing for Python</p>
<pre><code class="hljs"> <span class="hljs-attr_selector">[exec]</span> <span class="hljs-tag">The</span> <span class="hljs-tag">system</span> <span class="hljs-tag">cannot</span> <span class="hljs-tag">find</span> <span class="hljs-tag">the</span> <span class="hljs-tag">path</span> <span class="hljs-tag">specified</span>.

 <span class="hljs-attr_selector">[exec]</span> <span class="hljs-tag">Python</span> 2<span class="hljs-class">.7</span><span class="hljs-class">.3</span>
</code></pre><p>init:<br>    [mkdir] Created dir: E:\My_Demo_titanium_examples\CustomModule\build\classes</p>
<pre><code class="hljs"><span class="hljs-special">[</span>mkdir<span class="hljs-special">]</span> Created dir: E:<span class="hljs-command">\My</span>_Demo_titanium_examples<span class="hljs-command">\CustomModule</span><span class="hljs-command">\build</span><span class="hljs-command">\generated</span>

<span class="hljs-special">[</span>mkdir<span class="hljs-special">]</span> Created dir: E:<span class="hljs-command">\My</span>_Demo_titanium_examples<span class="hljs-command">\CustomModule</span><span class="hljs-command">\dist</span>
</code></pre><p>process.annotations:<br>    [mkdir] Created dir: E:\My_Demo_titanium_examples\CustomModule\build\generated\json<br>    [javac] Compiling 2 source files to E:\My_Demo_titanium_examples\CustomModule\build\c<br>lasses<br>    [javac] Note: [KrollBindingGen] Running Kroll binding generator.<br>    [javac] Note: [KrollBindingGen] No binding data found, creating new data file: org.ap<br>pcelerator.titanium.bindings&#x2F;CustomModule.json<br>    [javac] Note: [KrollBindingGen] Found binding for module Custommodule<br>    [javac] Note: [KrollBindingGen] Found binding for proxy Example<br>    [javac] Note: [KrollBindingGen] Generating JSON: file:&#x2F;E:&#x2F;My_Demo_titanium_examples&#x2F;C<br>ustomModule&#x2F;build&#x2F;generated&#x2F;json&#x2F;org&#x2F;appcelerator&#x2F;titanium&#x2F;bindings&#x2F;CustomModule.json<br>    [javac] warning: The following options were not recognized by any processor: &#39;[kroll.<br>checkTiContext]&#39;<br>    [javac] Note: E:\My_Demo_titanium_examples\CustomModule\src\com\treselle\customchange<br>\ExampleProxy.java uses or overrides a deprecated API.<br>    [javac] Note: Recompile with -Xlint:deprecation for details.</p>
<p>generate.rhino.bindings:<br>     [java] Generating E:\My_Demo_titanium_examples\CustomModule\build\generated\java\com<br>\treselle\customchange\CustommoduleModulePrototype.java<br>     [java] Generating E:\My_Demo_titanium_examples\CustomModule\build\generated\java\com<br>\treselle\customchange\ExampleProxyPrototype.java<br>     [java] Generating E:\My_Demo_titanium_examples\CustomModule\build\generated\java\Cus<br>tomModuleGeneratedBindings.java<br>generate.rhino.idswitch:<br>     [echo] Generating IDs for E:\My_Demo_titanium_examples\CustomModule\build\generated\<br>java\CustomModuleGeneratedBindings.java<br>     [echo] Generating IDs for E:\My_Demo_titanium_examples\CustomModule\build\generated\<br>java\com\treselle\customchange\CustommoduleModulePrototype.java<br>     [echo] Generating IDs for E:\My_Demo_titanium_examples\CustomModule\build\generated\<br>java\com\treselle\customchange\ExampleProxyPrototype.java</p>
<p>generate.v8.bindings:<br>     [java] Generating E:\My_Demo_titanium_examples\CustomModule\build\generated\jni\com.<br>treselle.customchange.CustommoduleModule.h<br>     [java] Generating E:\My_Demo_titanium_examples\CustomModule\build\generated\jni\com.<br>treselle.customchange.CustommoduleModule.cpp<br>     [java] Generating E:\My_Demo_titanium_examples\CustomModule\build\generated\jni\com.<br>treselle.customchange.ExampleProxy.h<br>     [java] Generating E:\My_Demo_titanium_examples\CustomModule\build\generated\jni\com.<br>treselle.customchange.ExampleProxy.cpp</p>
<pre><code class="hljs"> [exec] The system cannot <span class="hljs-built_in">find</span> the <span class="hljs-built_in">path</span> specified.
</code></pre><p>generate.bindings:</p>
<p>pre.compile:</p>
<p>js.compile:</p>
<p>ndk.build:<br>     [copy] Copying 1 file to E:\My_Demo_titanium_examples\CustomModule\build\generated<br>     [copy] Copying 1 file to E:\My_Demo_titanium_examples\CustomModule\build\generated\j<br>ni<br>    [mkdir] Created dir: C:\DOCUME~1\prakash\LOCALS~1\Temp\prakash\custommodule-generated<br>     [copy] Copying 14 files to C:\DOCUME~1\prakash\LOCALS~1\Temp\prakash\custommodule-ge<br>nerated</p>
<p>BUILD FAILED</p>
<p>C:\Documents and Settings\prakash\Application Data\Titanium\mobilesdk\win32\3.0.0.GA\modu<br>le\android\build.xml:371: </p>
<p>The following error occurred while executing this line:<br>C:\Documents and Settings\prakash\Application Data\Titanium\mobilesdk\win32\3.0.0.GA\modu<br>le\android\build.xml:326: </p>
<p>Execute failed: java.io.IOException: Cannot run program &quot;C:\Pro<br>gram Files\Appcelerator\android-ndk-r8d\platforms\android-8\ndk-build.cmd&quot; (in directory<br>&quot;C:\DOCUME~1\prakash\LOCALS~1\Temp\prakash\custommodule-generated&quot;): </p>
<p>CreateProcess error=2, The system cannot find the file specified<br>        at java.lang.ProcessBuilder.start(ProcessBuilder.java:460)<br>        at java.lang.Runtime.exec(Runtime.java:593)<br>        at org.apache.tools.ant.taskdefs.Execute$Java13CommandLauncher.exec(Execute.java:<br>862)<br>        at org.apache.tools.ant.taskdefs.Execute.launch(Execute.java:481)<br>        at org.apache.tools.ant.taskdefs.Execute.execute(Execute.java:495)<br>        at org.apache.tools.ant.taskdefs.ExecTask.runExecute(ExecTask.java:631)<br>        at org.apache.tools.ant.taskdefs.ExecTask.runExec(ExecTask.java:672)<br>        at org.apache.tools.ant.taskdefs.ExecTask.execute(ExecTask.java:498)<br>        at org.apache.tools.ant.UnknownElement.execute(UnknownElement.java:291)<br>        at sun.reflect.GeneratedMethodAccessor4.invoke(Unknown Source)<br>        at sun.reflect.DelegatingMethodAccessorImpl.invoke(DelegatingMethodAccessorImpl.j<br>ava:25)<br>        at java.lang.reflect.Method.invoke(Method.java:597)<br>        at org.apache.tools.ant.dispatch.DispatchUtils.execute(DispatchUtils.java:106)<br>        at org.apache.tools.ant.Task.perform(Task.java:348)<br>        at org.apache.tools.ant.taskdefs.Sequential.execute(Sequential.java:68)<br>        at org.apache.tools.ant.UnknownElement.execute(UnknownElement.java:291)<br>        at sun.reflect.GeneratedMethodAccessor4.invoke(Unknown Source)<br>        at sun.reflect.DelegatingMethodAccessorImpl.invoke(DelegatingMethodAccessorI<br>ava:25)<br>        at java.lang.reflect.Method.invoke(Method.java:597)<br>        at org.apache.tools.ant.dispatch.DispatchUtils.execute(DispatchUtils.java:10<br>        at org.apache.tools.ant.Task.perform(Task.java:348)<br>        at org.apache.tools.ant.taskdefs.MacroInstance.execute(MacroInstance.java:39<br>        at org.apache.tools.ant.UnknownElement.execute(UnknownElement.java:291)<br>        at sun.reflect.GeneratedMethodAccessor4.invoke(Unknown Source)<br>        at sun.reflect.DelegatingMethodAccessorImpl.invoke(DelegatingMethodAccessorI<br>ava:25)<br>        at java.lang.reflect.Method.invoke(Method.java:597)<br>        at org.apache.tools.ant.dispatch.DispatchUtils.execute(DispatchUtils.java:10<br>        at org.apache.tools.ant.Task.perform(Task.java:348)<br>        at org.apache.tools.ant.Target.execute(Target.java:390)<br>        at org.apache.tools.ant.Target.performTasks(Target.java:411)<br>        at org.apache.tools.ant.Project.executeSortedTargets(Project.java:1399)<br>        at org.apache.tools.ant.Project.executeTarget(Project.java:1368)<br>        at org.apache.tools.ant.helper.DefaultExecutor.executeTargets(DefaultExecuto<br>a:41)<br>        at org.apache.tools.ant.Project.executeTargets(Project.java:1251)<br>        at org.apache.tools.ant.Main.runBuild(Main.java:809)<br>        at org.apache.tools.ant.Main.startAnt(Main.java:217)<br>        at org.apache.tools.ant.launch.Launcher.run(Launcher.java:280)<br>        at org.apache.tools.ant.launch.Launcher.main(Launcher.java:109)<br>Caused by: java.io.IOException: CreateProcess error=2, The system cannot find the fi<br>ecified<br>        at java.lang.ProcessImpl.create(Native Method)<br>        at java.lang.ProcessImpl.&lt;init&gt;(ProcessImpl.java:81)<br>        at java.lang.ProcessImpl.start(ProcessImpl.java:30)<br>        at java.lang.ProcessBuilder.start(ProcessBuilder.java:453)<br>        … 37 more</p>
<p>Total time: 13 seconds</p>
</div>
							<div class="author">
								&mdash; commented <span title="January 28th 2013, 11:22:07 am">January 28th 2013</span>
								by <span class='authorname'>selvam A</span>
							</div>
						</li>
					
					</ul>
				
			</section>
		</footer>
		<aside class="vote-box">
			<div class="score"><span>0</span> Votes</div>
			<div class="answers"><span>4</span> Answers</div>
		</aside>
	</div>

	<hr>

	<h3>4 Answers</h3>

	
		<ul class="answers">
			
				<li class="answer">
				
					<article id="answer-255344">
				
						<section>
							<p>Well, on your first few lines, you have:</p>
<pre><code class="hljs"><span class="hljs-keyword">python</span>.check: [echo] Testing <span class="hljs-keyword">for</span> Python [<span class="hljs-keyword">exec</span>] Error: No <span class="hljs-keyword">python</span> executable could be found on your <span class="hljs-keyword">system</span>
</code></pre><p>You <strong>need</strong> Python in order to build modules correctly. So you must install it. If it is installed, make sure it is present in your build path. </p>
<p>One simple way to check is to launch a Command Prompt and type <code>python</code>. It should be a recognizable command. If not, you need to adjust this setting.</p>

						</section>
						<footer>
							<div class="author">
								&mdash; answered <span title="January 25th 2013, 10:25:03 am">January 25th 2013</span>
								by <span class='authorname'>Christian Brousseau</span><br>
								<a class="icon-bg icon-link" href="question/147392/titanium-module-ant-build-error--python-error#answer-255344" rel="permalink">permalink</a>
							</div>

							<h5>0 Comments</h5>
							
						</footer>
						<aside class="vote-box">
							<div class="score"><span>0</span> Votes</div>
						</aside>
					</article>
				</li>
			
				<li class="answer">
				
					<article id="answer-255345">
				
						<section>
							<p><code>I&amp;#39;m faceing this error please provide some details about this one.</code></p>
<p>Well, not to be too technical…</p>
<p><code>[exec] Error: No python executable could be found on your system</code></p>
<p>But the python executable couldnt be found by the script.</p>

						</section>
						<footer>
							<div class="author">
								&mdash; answered <span title="January 25th 2013, 10:26:41 am">January 25th 2013</span>
								by <span class='authorname'>Stephen Feather</span><br>
								<a class="icon-bg icon-link" href="question/147392/titanium-module-ant-build-error--python-error#answer-255345" rel="permalink">permalink</a>
							</div>

							<h5>1 Comment</h5>
							
								<ul class="comments">
								
									<li class="comment">
										<p><p>the python hack that installs with TiStudio that lets you build your mobile projects is kind of locked in a little Titanium box.</p>
<p><a href="http:&#x2F;&#x2F;docs.appcelerator.com&#x2F;titanium&#x2F;latest&#x2F;#!&#x2F;guide&#x2F;Android_Module_Development_Guide">http:&#x2F;&#x2F;docs.appcelerator.com&#x2F;titanium&#x2F;latest&#x2F;#!&#x2F;guide&#x2F;Android_Module_Development_Guide</a></p>
<p><a href="http:&#x2F;&#x2F;docs.appcelerator.com&#x2F;titanium&#x2F;latest&#x2F;#!&#x2F;guide&#x2F;Installing_Titanium_Advanced_Tools">http:&#x2F;&#x2F;docs.appcelerator.com&#x2F;titanium&#x2F;latest&#x2F;#!&#x2F;guide&#x2F;Installing_Titanium_Advanced_Tools</a></p>
</p>
										<div class="author">
											&mdash; commented <span title="January 25th 2013, 10:29:40 am">January 25th 2013</span>
											by <span class='authorname'>Stephen Feather</span>
										</div>
									</li>
								
								</ul>
							
						</footer>
						<aside class="vote-box">
							<div class="score"><span>0</span> Votes</div>
						</aside>
					</article>
				</li>
			
				<li class="answer">
				
					<article id="answer-255620">
				
						<section>
							<p>Hi finally  I solved this problem based on android ndk path only this problem came for me</p>
<p>before I have build.properties file  like this</p>
<p>android.ndk=C:\Program Files\Appcelerator\android-ndk-r8d\platforms\android-8</p>
<p>after I changed  build.properties file like this</p>
<p>android.ndk=C:\Program Files\Appcelerator\android-ndk-r8d</p>
<p>now working fine  i got jar and zip file in my root dist folder.</p>

						</section>
						<footer>
							<div class="author">
								&mdash; answered <span title="January 29th 2013, 5:38:59 am">January 29th 2013</span>
								by <span class='authorname'>selvam A</span><br>
								<a class="icon-bg icon-link" href="question/147392/titanium-module-ant-build-error--python-error#answer-255620" rel="permalink">permalink</a>
							</div>

							<h5>0 Comments</h5>
							
						</footer>
						<aside class="vote-box">
							<div class="score"><span>0</span> Votes</div>
						</aside>
					</article>
				</li>
			
				<li class="answer">
				
					<article id="answer-255346">
				
						<section>
							<p>install python 2.7.x not 3.x. python 2.7.x is working fine with titanium.</p>

						</section>
						<footer>
							<div class="author">
								&mdash; answered <span title="January 25th 2013, 10:27:37 am">January 25th 2013</span>
								by <span class='authorname'>Ashish Nigam</span><br>
								<a class="icon-bg icon-link" href="question/147392/titanium-module-ant-build-error--python-error#answer-255346" rel="permalink">permalink</a>
							</div>

							<h5>5 Comments</h5>
							
								<ul class="comments">
								
									<li class="comment">
										<p><p>after installation set the path in system environment variable.</p>
</p>
										<div class="author">
											&mdash; commented <span title="January 25th 2013, 10:28:59 am">January 25th 2013</span>
											by <span class='authorname'>Ashish Nigam</span>
										</div>
									</li>
								
									<li class="comment">
										<p><p>is your problem resolved?</p>
</p>
										<div class="author">
											&mdash; commented <span title="January 28th 2013, 4:12:26 am">January 28th 2013</span>
											by <span class='authorname'>Ashish Nigam</span>
										</div>
									</li>
								
									<li class="comment">
										<p><p>Hi download python 2.7x and installed after installation i set the environment variable like this<br>variable name: PYTHONHOME<br>variable value : C:\Python27\python.exe</p>
<p>after setting system variable  ..i put %PYTHONHOME%   IN system path.. </p>
<p>after that i build the application i got same error .. please tell me i missed anything   this configuration?</p>
</p>
										<div class="author">
											&mdash; commented <span title="January 28th 2013, 5:05:22 am">January 28th 2013</span>
											by <span class='authorname'>selvam A</span>
										</div>
									</li>
								
									<li class="comment">
										<p><p>i got this error after build my applications&gt;</p>
<p>$ ant<br>Buildfile: E:\My_Demo_titanium_examples\SelvamTest\build.xml</p>
<p>python.set.exec:</p>
<p>python.check:<br>     [echo] Testing for Python</p>
<pre><code class="hljs"> <span class="hljs-attr_selector">[exec]</span> <span class="hljs-tag">The</span> <span class="hljs-tag">system</span> <span class="hljs-tag">cannot</span> <span class="hljs-tag">find</span> <span class="hljs-tag">the</span> <span class="hljs-tag">path</span> <span class="hljs-tag">specified</span>.

 <span class="hljs-attr_selector">[exec]</span> <span class="hljs-tag">Python</span> 2<span class="hljs-class">.7</span><span class="hljs-class">.3</span>
</code></pre><p>init:</p>
<p>process.annotations:</p>
<p>generate.rhino.bindings:<br>     [java] Generating E:\My_Demo_titanium_examples\SelvamTest\build\generated\java\com\treselle\testing\Selva<br>mtestModulePrototype.java<br>     [java] Generating E:\My_Demo_titanium_examples\SelvamTest\build\generated\java\com\treselle\testing\Examp<br>leProxyPrototype.java<br>     [java] Generating E:\My_Demo_titanium_examples\SelvamTest\build\generated\java\SelvamTestGeneratedBinding<br>s.java</p>
<p>generate.rhino.idswitch:<br>     [echo] Generating IDs for E:\My_Demo_titanium_examples\SelvamTest\build\generated\java\SelvamTestGenerate<br>dBindings.java<br>     [echo] Generating IDs for E:\My_Demo_titanium_examples\SelvamTest\build\generated\java\com\treselle\testi<br>ng\ExampleProxyPrototype.java<br>     [echo] Generating IDs for E:\My_Demo_titanium_examples\SelvamTest\build\generated\java\com\treselle\testi<br>ng\SelvamtestBootstrap.java<br>     [echo] Generating IDs for E:\My_Demo_titanium_examples\SelvamTest\build\generated\java\com\treselle\testi<br>ng\SelvamtestModulePrototype.java</p>
<p>generate.v8.bindings:<br>     [java] Generating E:\My_Demo_titanium_examples\SelvamTest\build\generated\jni\com.treselle.testing.Selvam<br>testModule.h<br>     [java] Generating E:\My_Demo_titanium_examples\SelvamTest\build\generated\jni\com.treselle.testing.Selvam<br>testModule.cpp<br>     [java] Generating E:\My_Demo_titanium_examples\SelvamTest\build\generated\jni\com.treselle.testing.Exampl<br>eProxy.h<br>     [java] Generating E:\My_Demo_titanium_examples\SelvamTest\build\generated\jni\com.treselle.testing.Exampl<br>eProxy.cpp<br>     [exec] The system cannot find the path specified.</p>
<p>generate.bindings:</p>
<p>pre.compile:</p>
<p>js.compile:</p>
<p>ndk.build:<br>     [copy] Copying 14 files to C:\DOCUME~1\prakash\LOCALS~1\Temp\prakash\selvamtest-generated</p>
<p>BUILD FAILED<br>C:\Documents and Settings\prakash\Application Data\Titanium\mobilesdk\win32\3.0.0.GA\module\android\build.xml:<br>371: The following error occurred while executing this line:<br>C:\Documents and Settings\prakash\Application Data\Titanium\mobilesdk\win32\3.0.0.GA\module\android\build.xml:<br>326: Execute failed: java.io.IOException: Cannot run program &quot;C:\Program Files\Appcelerator\android-ndk-r8d\pl<br>atforms\android-8\ndk-build.cmd&quot; (in directory &quot;C:\DOCUME~1\prakash\LOCALS~1\Temp\prakash\selvamtest-generated<br>&quot;): CreateProcess error=2, The system cannot find the file specified<br>        at java.lang.ProcessBuilder.start(ProcessBuilder.java:460)<br>        at java.lang.Runtime.exec(Runtime.java:593)<br>        at org.apache.tools.ant.taskdefs.Execute$Java13CommandLauncher.exec(Execute.java:862)<br>        at org.apache.tools.ant.taskdefs.Execute.launch(Execute.java:481)<br>        at org.apache.tools.ant.taskdefs.Execute.execute(Execute.java:495)<br>        at org.apache.tools.ant.taskdefs.ExecTask.runExecute(ExecTask.java:631)<br>        at org.apache.tools.ant.taskdefs.ExecTask.runExec(ExecTask.java:672)<br>        at org.apache.tools.ant.taskdefs.ExecTask.execute(ExecTask.java:498)<br>        at org.apache.tools.ant.UnknownElement.execute(UnknownElement.java:291)<br>        at sun.reflect.GeneratedMethodAccessor4.invoke(Unknown Source)<br>        at sun.reflect.DelegatingMethodAccessorImpl.invoke(DelegatingMethodAccessorImpl.java:25)<br>        at java.lang.reflect.Method.invoke(Method.java:597)<br>        at org.apache.tools.ant.dispatch.DispatchUtils.execute(DispatchUtils.java:106)<br>        at org.apache.tools.ant.Task.perform(Task.java:348)<br>        at org.apache.tools.ant.taskdefs.Sequential.execute(Sequential.java:68)<br>        at org.apache.tools.ant.UnknownElement.execute(UnknownElement.java:291)<br>        at sun.reflect.GeneratedMethodAccessor4.invoke(Unknown Source)<br>        at sun.reflect.DelegatingMethodAccessorImpl.invoke(DelegatingMethodAccessorImpl.java:25)<br>        at java.lang.reflect.Method.invoke(Method.java:597)<br>        at org.apache.tools.ant.dispatch.DispatchUtils.execute(DispatchUtils.java:106)<br>        at org.apache.tools.ant.Task.perform(Task.java:348)<br>        at org.apache.tools.ant.taskdefs.MacroInstance.execute(MacroInstance.java:398)<br>        at org.apache.tools.ant.UnknownElement.execute(UnknownElement.java:291)<br>        at sun.reflect.GeneratedMethodAccessor4.invoke(Unknown Source)<br>        at sun.reflect.DelegatingMethodAccessorImpl.invoke(DelegatingMethodAccessorImpl.java:25)<br>        at java.lang.reflect.Method.invoke(Method.java:597)<br>        at org.apache.tools.ant.dispatch.DispatchUtils.execute(DispatchUtils.java:106)<br>        at org.apache.tools.ant.Task.perform(Task.java:348)<br>        at org.apache.tools.ant.Target.execute(Target.java:390)<br>        at org.apache.tools.ant.Target.performTasks(Target.java:411)<br>        at org.apache.tools.ant.Project.executeSortedTargets(Project.java:1399)<br>        at org.apache.tools.ant.Project.executeTarget(Project.java:1368)<br>        at org.apache.tools.ant.helper.DefaultExecutor.executeTargets(DefaultExecutor.java:41)<br>        at org.apache.tools.ant.Project.executeTargets(Project.java:1251)<br>        at org.apache.tools.ant.Main.runBuild(Main.java:809)<br>        at org.apache.tools.ant.Main.startAnt(Main.java:217)<br>        at org.apache.tools.ant.launch.Launcher.run(Launcher.java:280)<br>        at org.apache.tools.ant.launch.Launcher.main(Launcher.java:109)<br>Caused by: java.io.IOException: CreateProcess error=2, The system cannot find the file specified<br>        at java.lang.ProcessImpl.create(Native Method)<br>        at java.lang.ProcessImpl.&lt;init&gt;(ProcessImpl.java:81)<br>        at java.lang.ProcessImpl.start(ProcessImpl.java:30)<br>        at java.lang.ProcessBuilder.start(ProcessBuilder.java:453)<br>        … 37 more</p>
<p>Total time: 10 seconds</p>
</p>
										<div class="author">
											&mdash; commented <span title="January 28th 2013, 9:35:41 am">January 28th 2013</span>
											by <span class='authorname'>selvam A</span>
										</div>
									</li>
								
									<li class="comment">
										<p><p>do not use additional PYTHONHOME variable, as i used direct python folder directory path and it works.</p>
<p>so just set <strong>C:\Python27\</strong> to system variable, <strong>SYSTEM variable</strong> for all the user not yours only.</p>
</p>
										<div class="author">
											&mdash; commented <span title="January 28th 2013, 9:50:56 am">January 28th 2013</span>
											by <span class='authorname'>Ashish Nigam</span>
										</div>
									</li>
								
								</ul>
							
						</footer>
						<aside class="vote-box">
							<div class="score"><span>-1</span> Votes</div>
						</aside>
					</article>
				</li>
			
		</ul>
	
</article>

		</div>
		<div class="col-sm-3"></div>
	</div>
	<div class="row"><div class="signoff">The ownership of individual contributions to this community generated content is retained by the authors of their contributions.<br>All trademarks remain the property of the respective owner.</div></div>
</main>


</body>
</html>
