<!doctype html>
<html>
<head>
	<meta http-equiv="X-UA-Compatible" content="IE=Edge,chrome=1">
	<meta http-equiv="Content-Type" content="text/html; charset=UTF-8">
	<meta charset="utf-8">
	
		<title>Ti 1.7.2 Build Error » Community Questions &amp; Answers </title>
	
	<meta name="viewport" content="width=device-width,initial-scale=1">
	<link href="../../related/favicon.png" rel="shortcut icon" type="image/png">
	<link href="//fonts.googleapis.com/css?family=Open+Sans:300,400,500,600,700" rel="stylesheet" type="text/css">
	<link href="//d3ilu1xuwhtfe2.cloudfront.net/e8e0ebd/css/style.css" rel="stylesheet" type="text/css">
	<link href="../../related/qa.css" rel="stylesheet" type="text/css">
	<link href="../../related/hybrid.css" rel="stylesheet" type="text/css">
	
	<link href="../../related/overrides.css" rel="stylesheet" type="text/css">
</head>
<body>

<div class='mast'>    <div class='container'>        <div class='row'>            <div class='col-sm-12'>                <div class='masthead'><h1>Titanium Community Questions & Answer Archive</h1><h2>We felt that 6+ years of knowledge should not die so this is the Titanium Community Questions &amp; Answer Archive</h2></div>            </div>        </div>    </div></div>

<main class="container">
	<div class="row">
		<div class="col-sm-12">
			
		</div>
	</div>
	<div class="row">
		<div class="col-sm-12">
			<article class="question-container">
	<div class="question">
		<header>
			<h1>Ti 1.7.2 Build Error</h1>
		</header>
		<section>
			<p>I get the following build error every time I attempt to build with 1.7.2. Everything works great in 1.7.1. I&#39;ve tried all 4.x iOS SDKs. </p>
<pre><code class="hljs">[<span class="hljs-keyword">ERROR</span>] <span class="hljs-keyword">Error</span>: Traceback (most recent call last):
  <span class="hljs-keyword">File</span> <span class="hljs-string">"/Library/Application Support/Titanium/mobilesdk/osx/1.7.2/iphone/builder.py"</span>, <span class="hljs-keyword">line</span> 1148, <span class="hljs-keyword">in</span> main
    execute_xcode(<span class="hljs-string">"iphonesimulator%s"</span> % link_version,[<span class="hljs-string">"GCC_PREPROCESSOR_DEFINITIONS=__LOG__ID__=%s DEPLOYTYPE=development TI_DEVELOPMENT=1 DEBUG=1 TI_VERSION=%s %s"</span> % (log_id,sdk_version,debugstr)],False)
  <span class="hljs-keyword">File</span> <span class="hljs-string">"/Library/Application Support/Titanium/mobilesdk/osx/1.7.2/iphone/builder.py"</span>, <span class="hljs-keyword">line</span> 1066, <span class="hljs-keyword">in</span> execute_xcode
    output = <span class="hljs-keyword">run</span>.<span class="hljs-keyword">run</span>(<span class="hljs-keyword">args</span>,False,False,o)
  <span class="hljs-keyword">File</span> <span class="hljs-string">"/Library/Application Support/Titanium/mobilesdk/osx/1.7.2/iphone/run.py"</span>, <span class="hljs-keyword">line</span> 39, <span class="hljs-keyword">in</span> <span class="hljs-keyword">run</span>
    sys.<span class="hljs-keyword">exit</span>(rc)
SystemExit: 65
</code></pre><p>Any ideas as to why 1.7.2 won&#39;t build?</p>

		</section>
		<footer>
			<div class="author">
				&mdash; asked <span title="July 24th 2011, 12:58:14 pm">July 24th 2011</span>
				by <span class='authorname'>Kenneth Lewis</span>
			</div>

			
				<ul class="tags">
					
						<li><span class='tagname'>1.7.2</span></li>
					
						<li><span class='tagname'>bug</span></li>
					
						<li><span class='tagname'>iphone</span></li>
					
						<li><span class='tagname'>titanium</span></li>
					
				</ul>
			

			<section>
				<h5>1 Comment</h5>
				
					<ul class="comments">
					
						<li class="comment">
							<div><p>I have exact the same problem. Code runs fine on android~ and iOS emulators but won&#39;t install on device.</p>
<pre><code class="hljs">Errors <span class="hljs-keyword">in</span> build.<span class="hljs-string">log:</span>
CreateUniversalBinary build<span class="hljs-regexp">/Debug-iphoneos/</span>Scholenwijzer.app/Scholenwijzer normal <span class="hljs-string">"armv7 armv6"</span>
    cd <span class="hljs-regexp">/Users/</span>okneib<span class="hljs-regexp">/Titanium/</span>Scholenwijzer<span class="hljs-regexp">/build/</span>iphone
    setenv PATH <span class="hljs-string">"/Developer/Platforms/iPhoneOS.platform/Developer/usr/bin:/Developer/usr/bin:/usr/bin:/bin:/usr/sbin:/sbin"</span>
    <span class="hljs-regexp">/usr/</span>bin<span class="hljs-regexp">/lipo -create /</span>Users<span class="hljs-regexp">/okneib/</span>Titanium<span class="hljs-regexp">/Scholenwijzer/</span>build<span class="hljs-regexp">/iphone/</span>build<span class="hljs-regexp">/Scholenwijzer.build/</span>Debug-iphoneos<span class="hljs-regexp">/Scholenwijzer-universal.build/</span>Objects-normal<span class="hljs-regexp">/armv7/</span>Scholenwijzer <span class="hljs-regexp">/Users/</span>okneib<span class="hljs-regexp">/Titanium/</span>Scholenwijzer<span class="hljs-regexp">/build/</span>iphone<span class="hljs-regexp">/build/</span>Scholenwijzer.build<span class="hljs-regexp">/Debug-iphoneos/</span>Scholenwijzer-universal.build<span class="hljs-regexp">/Objects-normal/</span>armv6<span class="hljs-regexp">/Scholenwijzer -output /</span>Users<span class="hljs-regexp">/okneib/</span>Titanium<span class="hljs-regexp">/Scholenwijzer/</span>build<span class="hljs-regexp">/iphone/</span>build<span class="hljs-regexp">/Debug-iphoneos/</span>Scholenwijzer.app/Scholenwijzer
<span class="hljs-regexp">/usr/</span>bin<span class="hljs-regexp">/lipo: can't create output file: /</span>Users<span class="hljs-regexp">/okneib/</span>Titanium<span class="hljs-regexp">/Scholenwijzer/</span>build<span class="hljs-regexp">/iphone/</span>build<span class="hljs-regexp">/Debug-iphoneos/</span>Scholenwijzer.app/Scholenwijzer (Is a directory)
Command <span class="hljs-regexp">/usr/</span>bin/lipo failed with exit code <span class="hljs-number">1</span>


** BUILD FAILED **


The following build commands <span class="hljs-string">failed:</span>
    CreateUniversalBinary build<span class="hljs-regexp">/Debug-iphoneos/</span>Scholenwijzer.app/Scholenwijzer normal <span class="hljs-string">"armv7 armv6"</span>
(<span class="hljs-number">1</span> failure)
EXIT CODE <span class="hljs-string">WAS:</span> <span class="hljs-number">65</span>

Exception detected <span class="hljs-keyword">in</span> <span class="hljs-string">script:</span>
Traceback (most recent call last):
  File <span class="hljs-string">"/Users/okneib/Library/Application Support/Titanium/mobilesdk/osx/1.7.2/iphone/builder.py"</span>, line <span class="hljs-number">1305</span>, <span class="hljs-keyword">in</span> main
    execute_xcode(<span class="hljs-string">"iphoneos%s"</span> % iphone_version,args,False)
  File <span class="hljs-string">"/Users/okneib/Library/Application Support/Titanium/mobilesdk/osx/1.7.2/iphone/builder.py"</span>, line <span class="hljs-number">1066</span>, <span class="hljs-keyword">in</span> execute_xcode
    output = run.run(args,False,False,o)
  File <span class="hljs-string">"/Users/okneib/Library/Application Support/Titanium/mobilesdk/osx/1.7.2/iphone/run.py"</span>, line <span class="hljs-number">39</span>, <span class="hljs-keyword">in</span> run
    sys.exit(rc)
<span class="hljs-string">SystemExit:</span> <span class="hljs-number">65</span>
</code></pre></div>
							<div class="author">
								&mdash; commented <span title="August 21st 2011, 9:52:35 pm">August 21st 2011</span>
								by <span class='authorname'>Oscar Kneib</span>
							</div>
						</li>
					
					</ul>
				
			</section>
		</footer>
		<aside class="vote-box">
			<div class="score"><span>1</span> Vote</div>
			<div class="answers"><span>5</span> Answers</div>
		</aside>
	</div>

	<hr>

	<h3>5 Answers</h3>

	
		<ul class="answers">
			
				<li class="answer">
				
					<article id="answer-214211">
				
						<section>
							<p>Have you tried doing a clean build? To do this delete everything under &#39;build&#x2F;iphone&#39; directory and run build again.</p>

						</section>
						<footer>
							<div class="author">
								&mdash; answered <span title="July 24th 2011, 3:57:51 pm">July 24th 2011</span>
								by <span class='authorname'>Shamsul Azhar Ahmad Shamsuddin</span><br>
								<a class="icon-bg icon-link" href="question/123120/ti-172-build-error#answer-214211" rel="permalink">permalink</a>
							</div>

							<h5>1 Comment</h5>
							
								<ul class="comments">
								
									<li class="comment">
										<p><p>Yes … as a rule I always delete the files before building. Too many errors can randomly occur if you don&#39;t. But thanks for the backup.</p>
</p>
										<div class="author">
											&mdash; commented <span title="July 24th 2011, 4:03:08 pm">July 24th 2011</span>
											by <span class='authorname'>Kenneth Lewis</span>
										</div>
									</li>
								
								</ul>
							
						</footer>
						<aside class="vote-box">
							<div class="score"><span>0</span> Votes</div>
						</aside>
					</article>
				</li>
			
				<li class="answer">
				
					<article id="answer-214217">
				
						<section>
							<p>You should look at your build.log file.. its in the projects build&#x2F;iphone&#x2F;build&#x2F;build.log</p>

						</section>
						<footer>
							<div class="author">
								&mdash; answered <span title="July 24th 2011, 6:37:35 pm">July 24th 2011</span>
								by <span class='authorname'>Chris Moore</span><br>
								<a class="icon-bg icon-link" href="question/123120/ti-172-build-error#answer-214217" rel="permalink">permalink</a>
							</div>

							<h5>0 Comments</h5>
							
						</footer>
						<aside class="vote-box">
							<div class="score"><span>0</span> Votes</div>
						</aside>
					</article>
				</li>
			
				<li class="answer">
				
					<article id="answer-214312">
				
						<section>
							<p>I was getting the same error after upgrading to 1.7.2, but running the &quot;clean&quot; fixed the problem for me.</p>

						</section>
						<footer>
							<div class="author">
								&mdash; answered <span title="July 25th 2011, 12:22:51 pm">July 25th 2011</span>
								by <span class='authorname'>Software Services</span><br>
								<a class="icon-bg icon-link" href="question/123120/ti-172-build-error#answer-214312" rel="permalink">permalink</a>
							</div>

							<h5>0 Comments</h5>
							
						</footer>
						<aside class="vote-box">
							<div class="score"><span>0</span> Votes</div>
						</aside>
					</article>
				</li>
			
				<li class="answer">
				
					<article id="answer-220694">
				
						<section>
							<p>I have the exact same problem. I have a clean install of OS X Lion with newest version of XCode and Titanium installed (SDK 1.7.2). I have tried a new clean iPad project, fixed all the necessary certificates and profiles, and I&#39;ve also tried Project –&gt; Clean. The app runs nice in the Simulator but not when I try to send it to a device (iOS). Any help would be greatly appreciated. The error is the same as above.</p>

						</section>
						<footer>
							<div class="author">
								&mdash; answered <span title="October 11th 2011, 6:41:22 am">October 11th 2011</span>
								by <span class='authorname'>Henrik Solberg</span><br>
								<a class="icon-bg icon-link" href="question/123120/ti-172-build-error#answer-220694" rel="permalink">permalink</a>
							</div>

							<h5>0 Comments</h5>
							
						</footer>
						<aside class="vote-box">
							<div class="score"><span>0</span> Votes</div>
						</aside>
					</article>
				</li>
			
				<li class="answer">
				
					<article id="answer-220876">
				
						<section>
							<p>Deleting the &#39;build&#39; folder <em>usually</em> fixes problems like this but not for one project that I had started on SDK 1.6.2 and wanted to update to 1.7.2.  I ended up saving the Resources files off to one side, deleting the project, then re-creating it and copying the files back.  When I launched it this time, it re-built correctly.</p>

						</section>
						<footer>
							<div class="author">
								&mdash; answered <span title="October 13th 2011, 11:14:33 am">October 13th 2011</span>
								by <span class='authorname'>Mark Pemburn</span><br>
								<a class="icon-bg icon-link" href="question/123120/ti-172-build-error#answer-220876" rel="permalink">permalink</a>
							</div>

							<h5>0 Comments</h5>
							
						</footer>
						<aside class="vote-box">
							<div class="score"><span>0</span> Votes</div>
						</aside>
					</article>
				</li>
			
		</ul>
	
</article>

		</div>
		<div class="col-sm-3"></div>
	</div>
	<div class="row"><div class="signoff">The ownership of individual contributions to this community generated content is retained by the authors of their contributions.<br>All trademarks remain the property of the respective owner.</div></div>
</main>


</body>
</html>
