<!doctype html>
<html>
<head>
	<meta http-equiv="X-UA-Compatible" content="IE=Edge,chrome=1">
	<meta http-equiv="Content-Type" content="text/html; charset=UTF-8">
	<meta charset="utf-8">
	
		<title>Error encountered during update Failed to install acs. » Community Questions &amp; Answers </title>
	
	<meta name="viewport" content="width=device-width,initial-scale=1">
	<link href="../../related/favicon.png" rel="shortcut icon" type="image/png">
	<link href="//fonts.googleapis.com/css?family=Open+Sans:300,400,500,600,700" rel="stylesheet" type="text/css">
	<link href="//d3ilu1xuwhtfe2.cloudfront.net/e8e0ebd/css/style.css" rel="stylesheet" type="text/css">
	<link href="../../related/qa.css" rel="stylesheet" type="text/css">
	<link href="../../related/hybrid.css" rel="stylesheet" type="text/css">
	
	<link href="../../related/overrides.css" rel="stylesheet" type="text/css">
</head>
<body>

<div class='mast'>    <div class='container'>        <div class='row'>            <div class='col-sm-12'>                <div class='masthead'><h1>Titanium Community Questions & Answer Archive</h1><h2>We felt that 6+ years of knowledge should not die so this is the Titanium Community Questions &amp; Answer Archive</h2></div>            </div>        </div>    </div></div>

<main class="container">
	<div class="row">
		<div class="col-sm-12">
			
		</div>
	</div>
	<div class="row">
		<div class="col-sm-12">
			<article class="question-container">
	<div class="question">
		<header>
			<h1>Error encountered during update Failed to install acs.</h1>
		</header>
		<section>
			<p>I tried to install the Titanium Studio i got exception while Update the package i tried to uninstall it but it seems same problem occurs on every fresh install i have manually deleted the files which are locally installed. Reinstall complete package but it still remains to see the log. </p>
<p>Error: Error encountered during update<br>Failed to install acs. Please see the Studio log for more information.<br>unbuild acs@1.0.10<br>npm ERR! Error: shasum check failed for C:\Users\ADMINI~1\AppData\Local\Temp\npm-8116\1387292353077-0.589378910837695\tmp.tgz<br>npm ERR! Expected: dee5a33ff04d7217194dc1ad1342e3a441761942<br>npm ERR! Actual:   ab7d89ca1f31db14db047d01222dd968649cfb50<br>npm ERR!     at c:\Program Files (x86)\nodejs\node_modules\npm\node_modules\sha\index.js:32:8<br>npm ERR!     at ReadStream.&lt;anonymous&gt; (c:\Program Files (x86)\nodejs\node_modules\npm\node_modules\sha\index.js:61:7)<br>npm ERR!     at ReadStream.EventEmitter.emit (events.js:117:20)<br>npm ERR!     at _stream_readable.js:910:16<br>npm ERR!     at process._tickCallback (node.js:415:13)<br>npm ERR! If you need help, you may report this log at:<br>npm ERR!     &lt;http:&#x2F;&#x2F;github.com&#x2F;isaacs&#x2F;npm&#x2F;issues&gt;<br>npm ERR! or email it to:<br>npm ERR!     &lt;npm-@googlegroups.com&gt;</p>
<p>npm ERR! System Windows_NT 6.2.9200<br>npm ERR! command &quot;c:\Program Files (x86)\nodejs\\node.exe&quot; &quot;c:\Program Files (x86)\nodejs\node_modules\npm\bin\npm-cli.js&quot; &quot;-g&quot; &quot;install&quot; &quot;acs&quot; &quot;–color&quot; &quot;false&quot;<br>npm ERR! cwd C:\Users\Deepan Gnanasundaram\AppData\Local\Titanium Studio<br>npm ERR! node -v v0.10.13<br>npm ERR! npm -v 1.3.2<br>npm</p>
<p>!ENTRY com.appcelerator.titanium.update 4 4 2013-12-17 14:59:27.007<br>!MESSAGE Error encountered during update<br>!SUBENTRY 1 com.aptana.js.core 4 0 2013-12-17 14:59:27.007<br>!MESSAGE Failed to install acs. Please see the Studio log for more information.</p>

		</section>
		<footer>
			<div class="author">
				&mdash; asked <span title="December 17th 2013, 1:15:29 pm">December 17th 2013</span>
				by <span class='authorname'>IT Department</span>
			</div>

			
				<ul class="tags">
					
						<li><span class='tagname'>acs</span></li>
					
						<li><span class='tagname'>studio</span></li>
					
				</ul>
			

			<section>
				<h5>3 Comments</h5>
				
					<ul class="comments">
					
						<li class="comment">
							<div><p>I&#39;m using Windows 8 64 bit Operating System</p>
</div>
							<div class="author">
								&mdash; commented <span title="December 17th 2013, 1:17:12 pm">December 17th 2013</span>
								by <span class='authorname'>IT Department</span>
							</div>
						</li>
					
						<li class="comment">
							<div><p>Can anyone please update the answer asap</p>
</div>
							<div class="author">
								&mdash; commented <span title="December 17th 2013, 1:39:30 pm">December 17th 2013</span>
								by <span class='authorname'>IT Department</span>
							</div>
						</li>
					
						<li class="comment">
							<div><p>I can comment that I&#39;m getting the exact same error right now.  Seems like an issue with one of the packages that npm is trying to grab.  I&#39;m running Windows 7 32-bit, and have also attempted to run Studio as an administrator, which had no effect.</p>
</div>
							<div class="author">
								&mdash; commented <span title="December 17th 2013, 1:48:29 pm">December 17th 2013</span>
								by <span class='authorname'>Chad Freeman</span>
							</div>
						</li>
					
					</ul>
				
			</section>
		</footer>
		<aside class="vote-box">
			<div class="score"><span>0</span> Votes</div>
			<div class="answers"><span>0</span> Answers</div>
		</aside>
	</div>

	<hr>

	<h3>0 Answers</h3>

	
</article>

		</div>
		<div class="col-sm-3"></div>
	</div>
	<div class="row"><div class="signoff">The ownership of individual contributions to this community generated content is retained by the authors of their contributions.<br>All trademarks remain the property of the respective owner.</div></div>
</main>


</body>
</html>
