<!doctype html>
<html>
<head>
	<meta http-equiv="X-UA-Compatible" content="IE=Edge,chrome=1">
	<meta http-equiv="Content-Type" content="text/html; charset=UTF-8">
	<meta charset="utf-8">
	
		<title>Build error Mobile 1.7 Titanium Studio Latest build » Community Questions &amp; Answers » Appcelerator Developer Center</title>
	
	<meta name="viewport" content="width=device-width,initial-scale=1">
	<link href="../../related/favicon.png" rel="shortcut icon" type="image/png">
	<link href="//fonts.googleapis.com/css?family=Open+Sans:300,400,500,600,700" rel="stylesheet" type="text/css">
	<link href="//d3ilu1xuwhtfe2.cloudfront.net/e8e0ebd/css/style.css" rel="stylesheet" type="text/css">
	<link href="../../related/qa.css" rel="stylesheet" type="text/css">
	<link href="../../related/hybrid.css" rel="stylesheet" type="text/css">
	
	<link href="../../related/overrides.css" rel="stylesheet" type="text/css">
</head>
<body>

<div class='mast'>    <div class='container'>        <div class='row'>            <div class='col-sm-12'>                <div class='masthead'><h1>Titanium Community Questions & Answer Archive</h1><h2>We felt that 6+ years of knowledge should not die so this is the Titanium Community Questions &amp; Answer Archive</h2></div>            </div>        </div>    </div></div>

<main class="container">
	<div class="row">
		<div class="col-sm-12">
			
		</div>
	</div>
	<div class="row">
		<div class="col-sm-12">
			<article class="question-container">
	<div class="question">
		<header>
			<h1>Build error Mobile 1.7 Titanium Studio Latest build</h1>
		</header>
		<section>
			<p>Getting errors on building with the latest versions of Titanium Studio, previous version on another computer is running on device fine, but latest install is returning: </p>
<pre><code class="hljs">[<span class="hljs-keyword">ERROR</span>] <span class="hljs-keyword">Error</span>: Traceback (most recent call last):
  <span class="hljs-keyword">File</span> <span class="hljs-string">"/Library/Application Support/Titanium/mobilesdk/osx/1.7.1/iphone/builder.py"</span>, <span class="hljs-keyword">line</span> 1296, <span class="hljs-keyword">in</span> main
    execute_xcode(<span class="hljs-string">"iphoneos%s"</span> % iphone_version,<span class="hljs-keyword">args</span>,False)
  <span class="hljs-keyword">File</span> <span class="hljs-string">"/Library/Application Support/Titanium/mobilesdk/osx/1.7.1/iphone/builder.py"</span>, <span class="hljs-keyword">line</span> 1057, <span class="hljs-keyword">in</span> execute_xcode
    output = <span class="hljs-keyword">run</span>.<span class="hljs-keyword">run</span>(<span class="hljs-keyword">args</span>,False,False,o)
  <span class="hljs-keyword">File</span> <span class="hljs-string">"/Library/Application Support/Titanium/mobilesdk/osx/1.7.1/iphone/run.py"</span>, <span class="hljs-keyword">line</span> 39, <span class="hljs-keyword">in</span> <span class="hljs-keyword">run</span>
    sys.<span class="hljs-keyword">exit</span>(rc)
SystemExit: 65
</code></pre><p>Help, this is stalling my development process. This must be a major bug!</p>

		</section>
		<footer>
			<div class="author">
				&mdash; asked <span title="June 13th 2011, 7:03:52 pm">June 13th 2011</span>
				by <span class='authorname'>Ian Tearle</span>
			</div>

			
				<ul class="tags">
					
						<li><span class='tagname'>ios</span></li>
					
						<li><span class='tagname'>iphone</span></li>
					
						<li><span class='tagname'>sdk</span></li>
					
				</ul>
			

			<section>
				<h5>0 Comments</h5>
				
			</section>
		</footer>
		<aside class="vote-box">
			<div class="score"><span>2</span> Votes</div>
			<div class="answers"><span>14</span> Answers</div>
		</aside>
	</div>

	<hr>

	<h3>14 Answers</h3>

	
		<ul class="answers">
			
				<li class="answer">
				
					<article id="answer-210132">
				
						<section>
							<p>Ok Fixed this interesting issue, and have checked it now works with the latest build. On reviewing again the build.log files I investigated the line:</p>
<pre><code class="hljs">iPhone <span class="hljs-string">Developer:</span> Ian Tearle (N75FDMTW6S): ambiguous (matches <span class="hljs-string">"iPhone Developer: Ian Tearle (N75FDMTW6S)"</span> <span class="hljs-keyword">in</span> <span class="hljs-regexp">/Users/</span>ian<span class="hljs-regexp">/Library/</span>Keychains<span class="hljs-regexp">/Microsoft_Intermediate_Certificates and "iPhone Developer: Ian Tearle (N75FDMTW6S)" in /</span>Users<span class="hljs-regexp">/ian/</span>Library<span class="hljs-regexp">/Keychains/</span>login.keychain)
</code></pre><p>It seemed strange to me why anything to do with Apple development would be in anything to do with Microsoft so I deleted the Microsoft_Intermediate_Certificates from the Keychains folder ~&#x2F;Library&#x2F;Keychains&#x2F; and it all now works. A little confused why anything would get mixed up in the keychains like that?!?!</p>

						</section>
						<footer>
							<div class="author">
								&mdash; answered <span title="June 14th 2011, 6:40:50 am">June 14th 2011</span>
								by <span class='authorname'>Ian Tearle</span><br>
								<a class="icon-bg icon-link" href="question/120965/build-error-mobile-17-titanium-studio-latest-build#answer-210132" rel="permalink">permalink</a>
							</div>

							<h5>0 Comments</h5>
							
						</footer>
						<aside class="vote-box">
							<div class="score"><span>1</span> Vote</div>
						</aside>
					</article>
				</li>
			
				<li class="answer">
				
					<article id="answer-212185">
				
						<section>
							<p>Hi, </p>
<p>It looks like the same issue is solved by different approcahes here, question is if those are realy the problem.</p>
<p>I just upgraded to 1.7.1 and I use TS, also I use iOS 4.1, when starting to use the SDK 1.7.1 I was able to get the debug option working in Android, Great work there! </p>
<p>But for iPhone it exits with that same code and it does not run, changing back to my 1.7.0 it works fine. So I investigated the problem and found in the build.log that there was a autogenerated class called: TiUIiOSAdViewProxy.m that contains a return statement called : AdBannerContentSizeIdentifyerPortrait and Landscape and those are not declared, so I return true instead, not a good idea maybe but when I build again I can get my iPhone simulator up and running with my code… so a quick fix to a problem that can be solveed in many ways I guess.</p>
<p>I checked the issue tracker on this and the problem was fixed in 1.7.1 in Mac OSx Lion 10.7, I have 10.6 but I´m not sure the version realy matters. I have not tried to upgrade to iOS SDK 4.2 or 4.3 yet, but that may be a possible solution too . .</p>
<p>If anyone that knows better about this problem, let me know as I do not want to have to do this to make it run in SDK 1.7.1 in TS</p>
<p>I use TS latest version, SDK Mobile 1.7.1, as well as iOS 4.1, </p>
<p>For Android it is working great. ;)</p>
<p>&#x2F;Jörgen Buder</p>

						</section>
						<footer>
							<div class="author">
								&mdash; answered <span title="July 5th 2011, 6:22:12 am">July 5th 2011</span>
								by <span class='authorname'>Jorgen Buder</span><br>
								<a class="icon-bg icon-link" href="question/120965/build-error-mobile-17-titanium-studio-latest-build#answer-212185" rel="permalink">permalink</a>
							</div>

							<h5>0 Comments</h5>
							
						</footer>
						<aside class="vote-box">
							<div class="score"><span>1</span> Vote</div>
						</aside>
					</article>
				</li>
			
				<li class="answer">
				
					<article id="answer-210096">
				
						<section>
							<p>Haved you cleared your build directory and recompiled?</p>
<p>&#x2F;projectname&#x2F;build&#x2F;iphone &lt;– empty the directory and try again</p>

						</section>
						<footer>
							<div class="author">
								&mdash; answered <span title="June 13th 2011, 7:22:24 pm">June 13th 2011</span>
								by <span class='authorname'>Adam Paxton</span><br>
								<a class="icon-bg icon-link" href="question/120965/build-error-mobile-17-titanium-studio-latest-build#answer-210096" rel="permalink">permalink</a>
							</div>

							<h5>1 Comment</h5>
							
								<ul class="comments">
								
									<li class="comment">
										<p><p>Yes many times, even installed one of the nightly sdk&#39;s but to no avail, also installed latest beta Xcode but still the same error, like I say the same project file run on a previous version of titanium studio on another computer runs fine, so I&#39;m not going to be updating that one!!!</p>
</p>
										<div class="author">
											&mdash; commented <span title="June 13th 2011, 7:56:48 pm">June 13th 2011</span>
											by <span class='authorname'>Ian Tearle</span>
										</div>
									</li>
								
								</ul>
							
						</footer>
						<aside class="vote-box">
							<div class="score"><span>0</span> Votes</div>
						</aside>
					</article>
				</li>
			
				<li class="answer">
				
					<article id="answer-210108">
				
						<section>
							<p>Create a new project in Studio and replace its Resources folder with the old project&#39;s Resources folder</p>

						</section>
						<footer>
							<div class="author">
								&mdash; answered <span title="June 13th 2011, 11:58:26 pm">June 13th 2011</span>
								by <span class='authorname'>Pedro Enrique</span><br>
								<a class="icon-bg icon-link" href="question/120965/build-error-mobile-17-titanium-studio-latest-build#answer-210108" rel="permalink">permalink</a>
							</div>

							<h5>1 Comment</h5>
							
								<ul class="comments">
								
									<li class="comment">
										<p><p>Have just tried that, same error, I even installed from the link appcelerator gave out last night in the email to subscribers, still getting this error message.<br>Build.logs from both computers:</p>
<p>http:&#x2F;&#x2F;pastie.org&#x2F;private&#x2F;udehmtqhpovzmkv1orwa</p>
</p>
										<div class="author">
											&mdash; commented <span title="June 14th 2011, 6:03:13 am">June 14th 2011</span>
											by <span class='authorname'>Ian Tearle</span>
										</div>
									</li>
								
								</ul>
							
						</footer>
						<aside class="vote-box">
							<div class="score"><span>0</span> Votes</div>
						</aside>
					</article>
				</li>
			
				<li class="answer">
				
					<article id="answer-210302">
				
						<section>
							<p>Just a question: Could it be that something is wrong between Titanium and iTunes 10.5 beta? Or something else with ios5? I did an install of those on my mac. Maybe this is causing the problems (which keep getting on my nervs)?</p>

						</section>
						<footer>
							<div class="author">
								&mdash; answered <span title="June 15th 2011, 7:48:07 am">June 15th 2011</span>
								by <span class='authorname'>Frank Wollweber</span><br>
								<a class="icon-bg icon-link" href="question/120965/build-error-mobile-17-titanium-studio-latest-build#answer-210302" rel="permalink">permalink</a>
							</div>

							<h5>1 Comment</h5>
							
								<ul class="comments">
								
									<li class="comment">
										<p><p>quite possibly. As I do not have 10.5 on the iMac which had no problems initially. But check the build.log to see if there is anything amiss with certificates etc, it&#39;s not entirely clear as error messages go however.</p>
</p>
										<div class="author">
											&mdash; commented <span title="June 15th 2011, 7:51:02 am">June 15th 2011</span>
											by <span class='authorname'>Ian Tearle</span>
										</div>
									</li>
								
								</ul>
							
						</footer>
						<aside class="vote-box">
							<div class="score"><span>0</span> Votes</div>
						</aside>
					</article>
				</li>
			
				<li class="answer">
				
					<article id="answer-210890">
				
						<section>
							<p>I got a same error with TS yesterday, but when I create a new project and copy the resource folder it worked….</p>

						</section>
						<footer>
							<div class="author">
								&mdash; answered <span title="June 21st 2011, 11:32:25 am">June 21st 2011</span>
								by <span class='authorname'>Csaba Faltányi</span><br>
								<a class="icon-bg icon-link" href="question/120965/build-error-mobile-17-titanium-studio-latest-build#answer-210890" rel="permalink">permalink</a>
							</div>

							<h5>0 Comments</h5>
							
						</footer>
						<aside class="vote-box">
							<div class="score"><span>0</span> Votes</div>
						</aside>
					</article>
				</li>
			
				<li class="answer">
				
					<article id="answer-211103">
				
						<section>
							<p>I&#39;m having this same problem and I can&#39;t get it fixed. I&#39;ve cleared every dev. profile I can find. Reinstalled everything. Does anyone have any ideas?</p>
<p>I have this in my build.log</p>
<pre><code class="hljs">iPhone <span class="hljs-string">Developer:</span> Donovan Lewis (<span class="hljs-number">4</span>X2LYXXXXX): ambiguous (matches <span class="hljs-string">"iPhone Developer: Donovan Lewis (4X2LYXXXXX)"</span> <span class="hljs-keyword">in</span> <span class="hljs-regexp">/Library/</span>Keychains<span class="hljs-regexp">/System.keychain and "iPhone Developer: Donovan Lewis (4X2LYXXXXX)" in /</span>Users<span class="hljs-regexp">/donovanlewis/</span>Library<span class="hljs-regexp">/Keychains/</span>login.keychain)
</code></pre>
						</section>
						<footer>
							<div class="author">
								&mdash; answered <span title="June 23rd 2011, 12:47:57 am">June 23rd 2011</span>
								by <span class='authorname'>donovan lewis</span><br>
								<a class="icon-bg icon-link" href="question/120965/build-error-mobile-17-titanium-studio-latest-build#answer-211103" rel="permalink">permalink</a>
							</div>

							<h5>1 Comment</h5>
							
								<ul class="comments">
								
									<li class="comment">
										<p><p>This looks like the issue I faced, I deleted the whole Microsoft Keychain group in the end to fix it on my mac, check the keychain.</p>
</p>
										<div class="author">
											&mdash; commented <span title="June 23rd 2011, 1:30:13 pm">June 23rd 2011</span>
											by <span class='authorname'>Ian Tearle</span>
										</div>
									</li>
								
								</ul>
							
						</footer>
						<aside class="vote-box">
							<div class="score"><span>0</span> Votes</div>
						</aside>
					</article>
				</li>
			
				<li class="answer">
				
					<article id="answer-211181">
				
						<section>
							<p>I&#39;m also having this exact same issue.  Could do with a solution as I&#39;m trying to evaluate TS for future development.</p>

						</section>
						<footer>
							<div class="author">
								&mdash; answered <span title="June 23rd 2011, 1:18:08 pm">June 23rd 2011</span>
								by <span class='authorname'>Matthew Richards</span><br>
								<a class="icon-bg icon-link" href="question/120965/build-error-mobile-17-titanium-studio-latest-build#answer-211181" rel="permalink">permalink</a>
							</div>

							<h5>0 Comments</h5>
							
						</footer>
						<aside class="vote-box">
							<div class="score"><span>0</span> Votes</div>
						</aside>
					</article>
				</li>
			
				<li class="answer">
				
					<article id="answer-211183">
				
						<section>
							<p>Make sure you do not have any duplicate entries in your Keychain.<br>I deleted the Microsoft Certificates Keychain group and it fixed my issue.<br>This looks like the issue Donavan Lewis is having.</p>

						</section>
						<footer>
							<div class="author">
								&mdash; answered <span title="June 23rd 2011, 1:22:48 pm">June 23rd 2011</span>
								by <span class='authorname'>Ian Tearle</span><br>
								<a class="icon-bg icon-link" href="question/120965/build-error-mobile-17-titanium-studio-latest-build#answer-211183" rel="permalink">permalink</a>
							</div>

							<h5>0 Comments</h5>
							
						</footer>
						<aside class="vote-box">
							<div class="score"><span>0</span> Votes</div>
						</aside>
					</article>
				</li>
			
				<li class="answer">
				
					<article id="answer-211204">
				
						<section>
							<p>Hi. I&#39;ve removed any &#39;Microsoft Certificates&#39; from my Keychain (OS X 10.6.7) but it doesn&#39;t seem to make any difference.  I have the latest iPhone SDK&#x2F;Xcode + Titanium Studio installed.  If I load up TS, grab the kitchen sink via the Samples panel and try and run;these are the last few lines of my build.log:</p>
<pre><code class="hljs">...
(203 failures)

<span class="hljs-keyword">EXIT</span> CODE WAS: 1

Exception detected <span class="hljs-keyword">in</span> script:
Traceback (most recent call last):
  <span class="hljs-keyword">File</span> <span class="hljs-string">"/Library/Application Support/Titanium/mobilesdk/osx/1.7.1/iphone/builder.py"</span>, <span class="hljs-keyword">line</span> 1139, <span class="hljs-keyword">in</span> main
    execute_xcode(<span class="hljs-string">"iphonesimulator%s"</span> % link_version,[<span class="hljs-string">"GCC_PREPROCESSOR_DEFINITIONS=__LOG__ID__=%s DEPLOYTYPE=development TI_DEVELOPMENT=1 DEBUG=1 TI_VERSION=%s %s"</span> % (log_id,sdk_version,debugstr)],False)
  <span class="hljs-keyword">File</span> <span class="hljs-string">"/Library/Application Support/Titanium/mobilesdk/osx/1.7.1/iphone/builder.py"</span>, <span class="hljs-keyword">line</span> 1057, <span class="hljs-keyword">in</span> execute_xcode
    output = <span class="hljs-keyword">run</span>.<span class="hljs-keyword">run</span>(<span class="hljs-keyword">args</span>,False,False,o)
  <span class="hljs-keyword">File</span> <span class="hljs-string">"/Library/Application Support/Titanium/mobilesdk/osx/1.7.1/iphone/run.py"</span>, <span class="hljs-keyword">line</span> 39, <span class="hljs-keyword">in</span> <span class="hljs-keyword">run</span>
    sys.<span class="hljs-keyword">exit</span>(rc)
SystemExit: 1
</code></pre><p>To clarify, I get the same error regardless of project.</p>
<p>Any other ideas?</p>

						</section>
						<footer>
							<div class="author">
								&mdash; answered <span title="June 23rd 2011, 3:39:47 pm">June 23rd 2011</span>
								by <span class='authorname'>Matthew Richards</span><br>
								<a class="icon-bg icon-link" href="question/120965/build-error-mobile-17-titanium-studio-latest-build#answer-211204" rel="permalink">permalink</a>
							</div>

							<h5>2 Comments</h5>
							
								<ul class="comments">
								
									<li class="comment">
										<p><p>Which version of Apple&#39;s SDK are you running, I installed the Beta 5.0 and got the same error, SystemExit: 1. In the end I uninstalled Beta 5.0 SDK, if you have installed it; https:&#x2F;&#x2F;discussions.apple.com&#x2F;thread&#x2F;1822408?start=0&amp;tstart=0 will help you to uninstall. Just a note if you do, be sure to install twice if the simulator fails to launch. Something about some files don&#39;t get written first time…</p>
<p>Else it would be nice to see someone from Appcelerator get onto this thread!</p>
</p>
										<div class="author">
											&mdash; commented <span title="June 23rd 2011, 3:52:00 pm">June 23rd 2011</span>
											by <span class='authorname'>Ian Tearle</span>
										</div>
									</li>
								
									<li class="comment">
										<p><p>Hi Ian, thanks for the quick reply. I apologise, I should have been more verbose, I&#39;m actually using 4.0 SDK.</p>
</p>
										<div class="author">
											&mdash; commented <span title="June 23rd 2011, 4:05:55 pm">June 23rd 2011</span>
											by <span class='authorname'>Matthew Richards</span>
										</div>
									</li>
								
								</ul>
							
						</footer>
						<aside class="vote-box">
							<div class="score"><span>0</span> Votes</div>
						</aside>
					</article>
				</li>
			
				<li class="answer">
				
					<article id="answer-212021">
				
						<section>
							<p>the same issue here. Anyone with a solution?</p>

						</section>
						<footer>
							<div class="author">
								&mdash; answered <span title="July 2nd 2011, 11:22:11 am">July 2nd 2011</span>
								by <span class='authorname'>Joeri Pansaerts</span><br>
								<a class="icon-bg icon-link" href="question/120965/build-error-mobile-17-titanium-studio-latest-build#answer-212021" rel="permalink">permalink</a>
							</div>

							<h5>0 Comments</h5>
							
						</footer>
						<aside class="vote-box">
							<div class="score"><span>0</span> Votes</div>
						</aside>
					</article>
				</li>
			
				<li class="answer">
				
					<article id="answer-212024">
				
						<section>
							<p>I finally founded the problem :</p>
<p>When I open my Keychain Access, there were a lots of duplicate public en private keys with the same name. I have deleted all the duplicated keys that are not used. After rebuilding my project, and publishing my project to my iPad … it works :) :) :) :)</p>

						</section>
						<footer>
							<div class="author">
								&mdash; answered <span title="July 2nd 2011, 12:14:59 pm">July 2nd 2011</span>
								by <span class='authorname'>Joeri Pansaerts</span><br>
								<a class="icon-bg icon-link" href="question/120965/build-error-mobile-17-titanium-studio-latest-build#answer-212024" rel="permalink">permalink</a>
							</div>

							<h5>0 Comments</h5>
							
						</footer>
						<aside class="vote-box">
							<div class="score"><span>0</span> Votes</div>
						</aside>
					</article>
				</li>
			
				<li class="answer">
				
					<article id="answer-212066">
				
						<section>
							<p>I had the same issue trying to compile the KitchenSink project and after trying out all the recomendations and not having any luck, I found a quick fix. </p>
<p>I was using Titanium Studio + Tituanium mobile SDK 1.7.1 + IPhone SDK 4.1 + running on device and was getting exactly the same Error codes. </p>
<p>Changing the Run configuration to run under IPhone SKD 4.0 solved the issue for me.</p>

						</section>
						<footer>
							<div class="author">
								&mdash; answered <span title="July 3rd 2011, 10:40:15 am">July 3rd 2011</span>
								by <span class='authorname'>Tamara Bernad</span><br>
								<a class="icon-bg icon-link" href="question/120965/build-error-mobile-17-titanium-studio-latest-build#answer-212066" rel="permalink">permalink</a>
							</div>

							<h5>0 Comments</h5>
							
						</footer>
						<aside class="vote-box">
							<div class="score"><span>0</span> Votes</div>
						</aside>
					</article>
				</li>
			
				<li class="answer">
				
					<article id="answer-240972">
				
						<section>
							<p>On an error that looked very similar, I realized that I could fix it by shortening the &lt;description&gt; tag contents in my tiapp.xml file.  I think I was exceeding the allowed length of the description.  Once I shortened the contents of my description between the &lt;description&gt; and &lt;&#x2F;description&gt; tags, everything seemed to build perfectly! Hope that may help someone!</p>

						</section>
						<footer>
							<div class="author">
								&mdash; answered <span title="June 15th 2012, 11:28:16 pm">June 15th 2012</span>
								by <span class='authorname'>MATTHEW LEGLER</span><br>
								<a class="icon-bg icon-link" href="question/120965/build-error-mobile-17-titanium-studio-latest-build#answer-240972" rel="permalink">permalink</a>
							</div>

							<h5>0 Comments</h5>
							
						</footer>
						<aside class="vote-box">
							<div class="score"><span>0</span> Votes</div>
						</aside>
					</article>
				</li>
			
		</ul>
	
</article>

		</div>
		<div class="col-sm-3"></div>
	</div>
	<div class="row"><div class="signoff">The ownership of individual contributions to this community generated content is retained by the authors of their contributions.<br>All trademarks remain the property of the respective owner.</div></div>
</main>


</body>
</html>
