<!doctype html>
<html>
<head>
	<meta http-equiv="X-UA-Compatible" content="IE=Edge,chrome=1">
	<meta http-equiv="Content-Type" content="text/html; charset=UTF-8">
	<meta charset="utf-8">
	
		<title>error while creating android sample module » Community Questions &amp; Answers </title>
	
	<meta name="viewport" content="width=device-width,initial-scale=1">
	<link href="../../related/favicon.png" rel="shortcut icon" type="image/png">
	<link href="//fonts.googleapis.com/css?family=Open+Sans:300,400,500,600,700" rel="stylesheet" type="text/css">
	<link href="//d3ilu1xuwhtfe2.cloudfront.net/e8e0ebd/css/style.css" rel="stylesheet" type="text/css">
	<link href="../../related/qa.css" rel="stylesheet" type="text/css">
	<link href="../../related/hybrid.css" rel="stylesheet" type="text/css">
	
	<link href="../../related/overrides.css" rel="stylesheet" type="text/css">
</head>
<body>

<div class='mast'>    <div class='container'>        <div class='row'>            <div class='col-sm-12'>                <div class='masthead'><h1>Titanium Community Questions & Answer Archive</h1><h2>We felt that 6+ years of knowledge should not die so this is the Titanium Community Questions &amp; Answer Archive</h2></div>            </div>        </div>    </div></div>

<main class="container">
	<div class="row">
		<div class="col-sm-12">
			
		</div>
	</div>
	<div class="row">
		<div class="col-sm-12">
			<article class="question-container">
	<div class="question">
		<header>
			<h1>error while creating android sample module</h1>
		</header>
		<section>
			<p>Hi EveryOne,</p>
<p>I need help to solve this issue. I am trying to create the android sample module in titanium studio. I have installed all the extra stuff&#39;s GPERF, ANDROID NDK, ANT, I am confuse about supporting GPERF in windows 8 or not. Anybody help in solving this issue will be appreciated. </p>
<pre><code class="hljs">C:<span class="hljs-command">\Users</span><span class="hljs-command">\Saggy</span><span class="hljs-command">\AppData</span><span class="hljs-command">\Roaming</span><span class="hljs-command">\Titanium</span><span class="hljs-command">\mobilesdk</span><span class="hljs-command">\win</span>32\3.0.2.GA<span class="hljs-command">\module</span><span class="hljs-command">\android</span><span class="hljs-command">\build</span>.xml:371: The following error occurred while executing this line:
C:<span class="hljs-command">\Users</span><span class="hljs-command">\Saggy</span><span class="hljs-command">\AppData</span><span class="hljs-command">\Roaming</span><span class="hljs-command">\Titanium</span><span class="hljs-command">\mobilesdk</span><span class="hljs-command">\win</span>32\3.0.2.GA<span class="hljs-command">\module</span><span class="hljs-command">\android</span><span class="hljs-command">\build</span>.xml:326: exec returned: 2
</code></pre>
		</section>
		<footer>
			<div class="author">
				&mdash; asked <span title="March 25th 2013, 10:14:30 am">March 25th 2013</span>
				by <span class='authorname'>Sagar  Patel</span>
			</div>

			
				<ul class="tags">
					
						<li><span class='tagname'>android</span></li>
					
						<li><span class='tagname'>module</span></li>
					
						<li><span class='tagname'>titanium</span></li>
					
				</ul>
			

			<section>
				<h5>19 Comments</h5>
				
					<ul class="comments">
					
						<li class="comment">
							<div><p>Hello,</p>
<p>can you please post the full log? Please check if you are facing <a href="https:&#x2F;&#x2F;jira.appcelerator.org&#x2F;browse&#x2F;TIMOB-11906">this issue</a>.</p>
<p>Best,</p>
<p>Mauro</p>
</div>
							<div class="author">
								&mdash; commented <span title="March 25th 2013, 5:22:34 pm">March 25th 2013</span>
								by <span class='authorname'>Mauro Parra</span>
							</div>
						</li>
					
						<li class="comment">
							<div><pre><code class="hljs">] <span class="hljs-constant">Created</span> <span class="hljs-symbol">dir:</span> <span class="hljs-constant">C</span><span class="hljs-symbol">:</span>\<span class="hljs-constant">Users</span>\<span class="hljs-constant">Admin</span>\<span class="hljs-constant">AppData</span>\<span class="hljs-constant">Local</span>\<span class="hljs-constant">Temp</span>\<span class="hljs-constant">Admin</span>\test-generated
     [copy] <span class="hljs-constant">Copying</span> <span class="hljs-number">14</span> files to <span class="hljs-constant">C</span><span class="hljs-symbol">:</span>\<span class="hljs-constant">Users</span>\<span class="hljs-constant">Admin</span>\<span class="hljs-constant">AppData</span>\<span class="hljs-constant">Local</span>\<span class="hljs-constant">Temp</span>\<span class="hljs-constant">Admin</span>\test-generated
     [exec] <span class="hljs-constant">D</span><span class="hljs-symbol">:/ANDROID/androidNDK/android-ndk-r8d-windows/android-ndk-r8d/build/core/build-binary</span>.<span class="hljs-symbol">mk:</span><span class="hljs-number">269</span><span class="hljs-symbol">:</span> <span class="hljs-symbol">warning:</span> overriding commands <span class="hljs-keyword">for</span> target <span class="hljs-string">`C:\Users\Admin\AppData\Local\Temp\/Admin/test-generated/obj/local/armeabi/objs/com.app.test'
     [exec] D:/ANDROID/androidNDK/android-ndk-r8d-windows/android-ndk-r8d/build/core/build-binary.mk:269: warning: ignoring old commands for target `</span><span class="hljs-constant">C</span><span class="hljs-symbol">:</span>\<span class="hljs-constant">Users</span>\<span class="hljs-constant">Admin</span>\<span class="hljs-constant">AppData</span>\<span class="hljs-constant">Local</span>\<span class="hljs-constant">Temp</span>\/<span class="hljs-constant">Admin</span>/test-generated/obj/local/armeabi/objs/com.app.test<span class="hljs-string">'
     [exec] D:/ANDROID/androidNDK/android-ndk-r8d-windows/android-ndk-r8d/build/core/build-binary.mk:357: warning: overriding commands for target `C:\Users\Admin\AppData\Local\Temp\/Admin/test-generated/obj/local/armeabi'</span>
     [exec] <span class="hljs-constant">D</span><span class="hljs-symbol">:/ANDROID/androidNDK/android-ndk-r8d-windows/android-ndk-r8d/build/core/build-binary</span>.<span class="hljs-symbol">mk:</span><span class="hljs-number">357</span><span class="hljs-symbol">:</span> <span class="hljs-symbol">warning:</span> ignoring old commands <span class="hljs-keyword">for</span> target <span class="hljs-string">`C:\Users\Admin\AppData\Local\Temp\/Admin/test-generated/obj/local/armeabi'
     [exec] D:/ANDROID/androidNDK/android-ndk-r8d-windows/android-ndk-r8d/build/core/build-binary.mk:439: warning: overriding commands for target `</span><span class="hljs-constant">C</span><span class="hljs-symbol">:</span>\<span class="hljs-constant">Users</span>\<span class="hljs-constant">Admin</span>\<span class="hljs-constant">AppData</span>\<span class="hljs-constant">Local</span>\<span class="hljs-constant">Temp</span>\/<span class="hljs-constant">Admin</span>/test-generated/libs/armeabi<span class="hljs-string">'
     [exec] D:/ANDROID/androidNDK/android-ndk-r8d-windows/android-ndk-r8d/build/core/build-binary.mk:439: warning: ignoring old commands for target `C:\Users\Admin\AppData\Local\Temp\/Admin/test-generated/libs/armeabi'</span>
     [exec] <span class="hljs-constant">D</span><span class="hljs-symbol">:/ANDROID/androidNDK/android-ndk-r8d-windows/android-ndk-r8d/build/core/build-binary</span>.<span class="hljs-symbol">mk:</span><span class="hljs-number">357</span><span class="hljs-symbol">:</span> <span class="hljs-symbol">warning:</span> overriding commands <span class="hljs-keyword">for</span> target <span class="hljs-string">`C:\Users\Admin\AppData\Local\Temp\/Admin/test-generated/obj/local/armeabi'
     [exec] D:/ANDROID/androidNDK/android-ndk-r8d-windows/android-ndk-r8d/build/core/build-binary.mk:357: warning: ignoring old commands for target `</span><span class="hljs-constant">C</span><span class="hljs-symbol">:</span>\<span class="hljs-constant">Users</span>\<span class="hljs-constant">Admin</span>\<span class="hljs-constant">AppData</span>\<span class="hljs-constant">Local</span>\<span class="hljs-constant">Temp</span>\/<span class="hljs-constant">Admin</span>/test-generated/obj/local/armeabi<span class="hljs-string">'
     [exec] jni/Android.mk:32: warning: overriding commands for target `C:/Users/Admin/AppData/Local/Temp/Admin/test-generated/KrollGeneratedBindings.cpp'</span>
     [exec] jni/<span class="hljs-constant">Android</span>.<span class="hljs-symbol">mk:</span><span class="hljs-number">32</span><span class="hljs-symbol">:</span> <span class="hljs-symbol">warning:</span> ignoring old commands <span class="hljs-keyword">for</span> target <span class="hljs-string">`C:/Users/Admin/AppData/Local/Temp/Admin/test-generated/KrollGeneratedBindings.cpp'
     [exec] jni/Android.mk:35: warning: overriding commands for target `</span><span class="hljs-constant">C</span><span class="hljs-symbol">:/Users/Admin/AppData/Local/Temp/Admin/test-generated/BootstrapJS</span>.cpp<span class="hljs-string">'
     [exec] jni/Android.mk:35: warning: ignoring old commands for target `C:/Users/Admin/AppData/Local/Temp/Admin/test-generated/BootstrapJS.cpp'</span>
     [exec] <span class="hljs-constant">D</span><span class="hljs-symbol">:/ANDROID/androidNDK/android-ndk-r8d-windows/android-ndk-r8d/build/core/build-binary</span>.<span class="hljs-symbol">mk:</span><span class="hljs-number">269</span><span class="hljs-symbol">:</span> <span class="hljs-symbol">warning:</span> overriding commands <span class="hljs-keyword">for</span> target <span class="hljs-string">`C:\Users\Admin\AppData\Local\Temp\/Admin/test-generated/obj/local/armeabi-v7a/objs/com.app.test'
     [exec] D:/ANDROID/androidNDK/android-ndk-r8d-windows/android-ndk-r8d/build/core/build-binary.mk:269: warning: ignoring old commands for target `</span><span class="hljs-constant">C</span><span class="hljs-symbol">:</span>\<span class="hljs-constant">Users</span>\<span class="hljs-constant">Admin</span>\<span class="hljs-constant">AppData</span>\<span class="hljs-constant">Local</span>\<span class="hljs-constant">Temp</span>\/<span class="hljs-constant">Admin</span>/test-generated/obj/local/armeabi-v7a/objs/com.app.test<span class="hljs-string">'
     [exec] D:/ANDROID/androidNDK/android-ndk-r8d-windows/android-ndk-r8d/build/core/build-binary.mk:357: warning: overriding commands for target `C:\Users\Admin\AppData\Local\Temp\/Admin/test-generated/obj/local/armeabi-v7a'</span>
     [exec] <span class="hljs-constant">D</span><span class="hljs-symbol">:/ANDROID/androidNDK/android-ndk-r8d-windows/android-ndk-r8d/build/core/build-binary</span>.<span class="hljs-symbol">mk:</span><span class="hljs-number">357</span><span class="hljs-symbol">:</span> <span class="hljs-symbol">warning:</span> ignoring old commands <span class="hljs-keyword">for</span> target <span class="hljs-string">`C:\Users\Admin\AppData\Local\Temp\/Admin/test-generated/obj/local/armeabi-v7a'
     [exec] D:/ANDROID/androidNDK/android-ndk-r8d-windows/android-ndk-r8d/build/core/build-binary.mk:439: warning: overriding commands for target `</span><span class="hljs-constant">C</span><span class="hljs-symbol">:</span>\<span class="hljs-constant">Users</span>\<span class="hljs-constant">Admin</span>\<span class="hljs-constant">AppData</span>\<span class="hljs-constant">Local</span>\<span class="hljs-constant">Temp</span>\/<span class="hljs-constant">Admin</span>/test-generated/libs/armeabi-v7a<span class="hljs-string">'
     [exec] D:/ANDROID/androidNDK/android-ndk-r8d-windows/android-ndk-r8d/build/core/build-binary.mk:439: warning: ignoring old commands for target `C:\Users\Admin\AppData\Local\Temp\/Admin/test-generated/libs/armeabi-v7a'</span>
     [exec] <span class="hljs-constant">D</span><span class="hljs-symbol">:/ANDROID/androidNDK/android-ndk-r8d-windows/android-ndk-r8d/build/core/build-binary</span>.<span class="hljs-symbol">mk:</span><span class="hljs-number">357</span><span class="hljs-symbol">:</span> <span class="hljs-symbol">warning:</span> overriding commands <span class="hljs-keyword">for</span> target <span class="hljs-string">`C:\Users\Admin\AppData\Local\Temp\/Admin/test-generated/obj/local/armeabi-v7a'
     [exec] D:/ANDROID/androidNDK/android-ndk-r8d-windows/android-ndk-r8d/build/core/build-binary.mk:357: warning: ignoring old commands for target `</span><span class="hljs-constant">C</span><span class="hljs-symbol">:</span>\<span class="hljs-constant">Users</span>\<span class="hljs-constant">Admin</span>\<span class="hljs-constant">AppData</span>\<span class="hljs-constant">Local</span>\<span class="hljs-constant">Temp</span>\/<span class="hljs-constant">Admin</span>/test-generated/obj/local/armeabi-v7a<span class="hljs-string">'
     [exec] jni/Android.mk:32: warning: overriding commands for target `C:/Users/Admin/AppData/Local/Temp/Admin/test-generated/KrollGeneratedBindings.cpp'</span>
     [exec] jni/<span class="hljs-constant">Android</span>.<span class="hljs-symbol">mk:</span><span class="hljs-number">32</span><span class="hljs-symbol">:</span> <span class="hljs-symbol">warning:</span> ignoring old commands <span class="hljs-keyword">for</span> target <span class="hljs-string">`C:/Users/Admin/AppData/Local/Temp/Admin/test-generated/KrollGeneratedBindings.cpp'
     [exec] jni/Android.mk:35: warning: overriding commands for target `</span><span class="hljs-constant">C</span><span class="hljs-symbol">:/Users/Admin/AppData/Local/Temp/Admin/test-generated/BootstrapJS</span>.cpp<span class="hljs-string">'
     [exec] jni/Android.mk:35: warning: ignoring old commands for target `C:/Users/Admin/AppData/Local/Temp/Admin/test-generated/BootstrapJS.cpp'</span>
     [exec] <span class="hljs-constant">D</span><span class="hljs-symbol">:/ANDROID/androidNDK/android-ndk-r8d-windows/android-ndk-r8d/build/core/build-binary</span>.<span class="hljs-symbol">mk:</span><span class="hljs-number">269</span><span class="hljs-symbol">:</span> <span class="hljs-symbol">warning:</span> overriding commands <span class="hljs-keyword">for</span> target <span class="hljs-string">`C:\Users\Admin\AppData\Local\Temp\/Admin/test-generated/obj/local/x86/objs/com.app.test'
     [exec] D:/ANDROID/androidNDK/android-ndk-r8d-windows/android-ndk-r8d/build/core/build-binary.mk:269: warning: ignoring old commands for target `</span><span class="hljs-constant">C</span><span class="hljs-symbol">:</span>\<span class="hljs-constant">Users</span>\<span class="hljs-constant">Admin</span>\<span class="hljs-constant">AppData</span>\<span class="hljs-constant">Local</span>\<span class="hljs-constant">Temp</span>\/<span class="hljs-constant">Admin</span>/test-generated/obj/local/x86/objs/com.app.test<span class="hljs-string">'
     [exec] D:/ANDROID/androidNDK/android-ndk-r8d-windows/android-ndk-r8d/build/core/build-binary.mk:357: warning: overriding commands for target `C:\Users\Admin\AppData\Local\Temp\/Admin/test-generated/obj/local/x86'</span>
     [exec] <span class="hljs-constant">D</span><span class="hljs-symbol">:/ANDROID/androidNDK/android-ndk-r8d-windows/android-ndk-r8d/build/core/build-binary</span>.<span class="hljs-symbol">mk:</span><span class="hljs-number">357</span><span class="hljs-symbol">:</span> <span class="hljs-symbol">warning:</span> ignoring old commands <span class="hljs-keyword">for</span> target <span class="hljs-string">`C:\Users\Admin\AppData\Local\Temp\/Admin/test-generated/obj/local/x86'
     [exec] D:/ANDROID/androidNDK/android-ndk-r8d-windows/android-ndk-r8d/build/core/build-binary.mk:439: warning: overriding commands for target `</span><span class="hljs-constant">C</span><span class="hljs-symbol">:</span>\<span class="hljs-constant">Users</span>\<span class="hljs-constant">Admin</span>\<span class="hljs-constant">AppData</span>\<span class="hljs-constant">Local</span>\<span class="hljs-constant">Temp</span>\/<span class="hljs-constant">Admin</span>/test-generated/libs/x86<span class="hljs-string">'
     [exec] D:/ANDROID/androidNDK/android-ndk-r8d-windows/android-ndk-r8d/build/core/build-binary.mk:439: warning: ignoring old commands for target `C:\Users\Admin\AppData\Local\Temp\/Admin/test-generated/libs/x86'</span>
     [exec] <span class="hljs-constant">D</span><span class="hljs-symbol">:/ANDROID/androidNDK/android-ndk-r8d-windows/android-ndk-r8d/build/core/build-binary</span>.<span class="hljs-symbol">mk:</span><span class="hljs-number">357</span><span class="hljs-symbol">:</span> <span class="hljs-symbol">warning:</span> overriding commands <span class="hljs-keyword">for</span> target <span class="hljs-string">`C:\Users\Admin\AppData\Local\Temp\/Admin/test-generated/obj/local/x86'
     [exec] D:/ANDROID/androidNDK/android-ndk-r8d-windows/android-ndk-r8d/build/core/build-binary.mk:357: warning: ignoring old commands for target `</span><span class="hljs-constant">C</span><span class="hljs-symbol">:</span>\<span class="hljs-constant">Users</span>\<span class="hljs-constant">Admin</span>\<span class="hljs-constant">AppData</span>\<span class="hljs-constant">Local</span>\<span class="hljs-constant">Temp</span>\/<span class="hljs-constant">Admin</span>/test-generated/obj/local/x86<span class="hljs-string">'
     [exec] "Compile++ thumb : com.app.test &lt;= com.app.test.ExampleProxy.cpp
     [exec] "Compile++ thumb : com.app.test &lt;= com.app.test.TestModule.cpp
     [exec] '</span>gperf<span class="hljs-string">' is not recognized as an internal or external command,
     [exec] operable program or batch file.
     [exec] make: *** [C:/Users/Admin/AppDatgperf -L C++ -E -t "C:/Users/Admin/AppData/Local/Temp/Admin/test-generated/KrollGeneratedBindings.gperf" &gt; "C:/Users/Admin/AppDaa/Local/Temp/Admin/test-generated/KrollGeneratedBindings.cpp] Error 1
     [exec] make: *** Deleting file `C:/Users/Admin/AppData/Local/Temta/Local/Temp/Admin/test-generated/KrollGeneratedBindings.cpp"
     [exec] p/Admin/test-generated/KrollGeneratedBindings.cpp'</span>

<span class="hljs-constant">BUILD</span> <span class="hljs-constant">FAILED</span>
<span class="hljs-constant">C</span><span class="hljs-symbol">:</span>\<span class="hljs-constant">Users</span>\admin\<span class="hljs-constant">AppData</span>\<span class="hljs-constant">Roaming</span>\<span class="hljs-constant">Titanium</span>\mobilesdk\win32\<span class="hljs-number">3.0</span>.<span class="hljs-number">2</span>.<span class="hljs-constant">GA</span>\<span class="hljs-class"><span class="hljs-keyword">module</span>\<span class="hljs-title">android</span>\<span class="hljs-title">build</span>.<span class="hljs-title">xml</span>:371: <span class="hljs-title">The</span> <span class="hljs-title">following</span> <span class="hljs-title">error</span> <span class="hljs-title">occurred</span> <span class="hljs-title">while</span> <span class="hljs-title">executing</span> <span class="hljs-title">this</span> <span class="hljs-title">line</span>:</span>
<span class="hljs-constant">C</span><span class="hljs-symbol">:</span>\<span class="hljs-constant">Users</span>\admin\<span class="hljs-constant">AppData</span>\<span class="hljs-constant">Roaming</span>\<span class="hljs-constant">Titanium</span>\mobilesdk\win32\<span class="hljs-number">3.0</span>.<span class="hljs-number">2</span>.<span class="hljs-constant">GA</span>\<span class="hljs-class"><span class="hljs-keyword">module</span>\<span class="hljs-title">android</span>\<span class="hljs-title">build</span>.<span class="hljs-title">xml</span>:326: <span class="hljs-title">exec</span> <span class="hljs-title">returned</span>: 2</span>
</code></pre></div>
							<div class="author">
								&mdash; commented <span title="March 26th 2013, 4:34:53 am">March 26th 2013</span>
								by <span class='authorname'>Sagar  Patel</span>
							</div>
						</li>
					
						<li class="comment">
							<div><pre><code class="hljs"> [exec] <span class="hljs-constant">D</span><span class="hljs-symbol">:/ANDROID/androidNDK/android-ndk-r8d-windows/android-ndk-r8d/build/core/build-binary</span>.<span class="hljs-symbol">mk:</span><span class="hljs-number">357</span><span class="hljs-symbol">:</span> <span class="hljs-symbol">warning:</span> ignoring old commands <span class="hljs-keyword">for</span> target <span class="hljs-string">`C:\Users\Admin\AppData\Local\Temp\/Admin/test-generated/obj/local/armeabi'
     [exec] jni/Android.mk:32: warning: overriding commands for target `</span><span class="hljs-constant">C</span><span class="hljs-symbol">:/Users/Admin/AppData/Local/Temp/Admin/test-generated/KrollGeneratedBindings</span>.cpp<span class="hljs-string">'
     [exec] jni/Android.mk:32: warning: ignoring old commands for target `C:/Users/Admin/AppData/Local/Temp/Admin/test-generated/KrollGeneratedBindings.cpp'</span>
     [exec] jni/<span class="hljs-constant">Android</span>.<span class="hljs-symbol">mk:</span><span class="hljs-number">35</span><span class="hljs-symbol">:</span> <span class="hljs-symbol">warning:</span> overriding commands <span class="hljs-keyword">for</span> target <span class="hljs-string">`C:/Users/Admin/AppData/Local/Temp/Admin/test-generated/BootstrapJS.cpp'
     [exec] jni/Android.mk:35: warning: ignoring old commands for target `</span><span class="hljs-constant">C</span><span class="hljs-symbol">:/Users/Admin/AppData/Local/Temp/Admin/test-generated/BootstrapJS</span>.cpp<span class="hljs-string">'
     [exec] D:/ANDROID/androidNDK/android-ndk-r8d-windows/android-ndk-r8d/build/core/build-binary.mk:269: warning: overriding commands for target `C:\Users\Admin\AppData\Local\Temp\/Admin/test-generated/obj/local/armeabi-v7a/objs/com.app.test'</span>
     [exec] <span class="hljs-constant">D</span><span class="hljs-symbol">:/ANDROID/androidNDK/android-ndk-r8d-windows/android-ndk-r8d/build/core/build-binary</span>.<span class="hljs-symbol">mk:</span><span class="hljs-number">269</span><span class="hljs-symbol">:</span> <span class="hljs-symbol">warning:</span> ignoring old commands <span class="hljs-keyword">for</span> target <span class="hljs-string">`C:\Users\Admin\AppData\Local\Temp\/Admin/test-generated/obj/local/armeabi-v7a/objs/com.app.test'
     [exec] D:/ANDROID/androidNDK/android-ndk-r8d-windows/android-ndk-r8d/build/core/build-binary.mk:357: warning: overriding commands for target `</span><span class="hljs-constant">C</span><span class="hljs-symbol">:</span>\<span class="hljs-constant">Users</span>\<span class="hljs-constant">Admin</span>\<span class="hljs-constant">AppData</span>\<span class="hljs-constant">Local</span>\<span class="hljs-constant">Temp</span>\/<span class="hljs-constant">Admin</span>/test-generated/obj/local/armeabi-v7a<span class="hljs-string">'
     [exec] D:/ANDROID/androidNDK/android-ndk-r8d-windows/android-ndk-r8d/build/core/build-binary.mk:357: warning: ignoring old commands for target `C:\Users\Admin\AppData\Local\Temp\/Admin/test-generated/obj/local/armeabi-v7a'</span>
     [exec] <span class="hljs-constant">D</span><span class="hljs-symbol">:/ANDROID/androidNDK/android-ndk-r8d-windows/android-ndk-r8d/build/core/build-binary</span>.<span class="hljs-symbol">mk:</span><span class="hljs-number">439</span><span class="hljs-symbol">:</span> <span class="hljs-symbol">warning:</span> overriding commands <span class="hljs-keyword">for</span> target <span class="hljs-string">`C:\Users\Admin\AppData\Local\Temp\/Admin/test-generated/libs/armeabi-v7a'
     [exec] D:/ANDROID/androidNDK/android-ndk-r8d-windows/android-ndk-r8d/build/core/build-binary.mk:439: warning: ignoring old commands for target `</span><span class="hljs-constant">C</span><span class="hljs-symbol">:</span>\<span class="hljs-constant">Users</span>\<span class="hljs-constant">Admin</span>\<span class="hljs-constant">AppData</span>\<span class="hljs-constant">Local</span>\<span class="hljs-constant">Temp</span>\/<span class="hljs-constant">Admin</span>/test-generated/libs/armeabi-v7a<span class="hljs-string">'
     [exec] D:/ANDROID/androidNDK/android-ndk-r8d-windows/android-ndk-r8d/build/core/build-binary.mk:357: warning: overriding commands for target `C:\Users\Admin\AppData\Local\Temp\/Admin/test-generated/obj/local/armeabi-v7a'</span>
     [exec] <span class="hljs-constant">D</span><span class="hljs-symbol">:/ANDROID/androidNDK/android-ndk-r8d-windows/android-ndk-r8d/build/core/build-binary</span>.<span class="hljs-symbol">mk:</span><span class="hljs-number">357</span><span class="hljs-symbol">:</span> <span class="hljs-symbol">warning:</span> ignoring old commands <span class="hljs-keyword">for</span> target <span class="hljs-string">`C:\Users\Admin\AppData\Local\Temp\/Admin/test-generated/obj/local/armeabi-v7a'
     [exec] jni/Android.mk:32: warning: overriding commands for target `</span><span class="hljs-constant">C</span><span class="hljs-symbol">:/Users/Admin/AppData/Local/Temp/Admin/test-generated/KrollGeneratedBindings</span>.cpp<span class="hljs-string">'
     [exec] jni/Android.mk:32: warning: ignoring old commands for target `C:/Users/Admin/AppData/Local/Temp/Admin/test-generated/KrollGeneratedBindings.cpp'</span>
     [exec] jni/<span class="hljs-constant">Android</span>.<span class="hljs-symbol">mk:</span><span class="hljs-number">35</span><span class="hljs-symbol">:</span> <span class="hljs-symbol">warning:</span> overriding commands <span class="hljs-keyword">for</span> target <span class="hljs-string">`C:/Users/Admin/AppData/Local/Temp/Admin/test-generated/BootstrapJS.cpp'
     [exec] jni/Android.mk:35: warning: ignoring old commands for target `</span><span class="hljs-constant">C</span><span class="hljs-symbol">:/Users/Admin/AppData/Local/Temp/Admin/test-generated/BootstrapJS</span>.cpp<span class="hljs-string">'

     [exec] D:/ANDROID/androidNDK/android-ndk-r8d-windows/android-ndk-r8d/build/core/build-binary.mk:357: warning: overriding commands for target `C:\Users\Admin\AppData\Local\Temp\/Admin/test-generated/obj/local/x86'</span>
     [exec] <span class="hljs-constant">D</span><span class="hljs-symbol">:/ANDROID/androidNDK/android-ndk-r8d-windows/android-ndk-r8d/build/core/build-binary</span>.<span class="hljs-symbol">mk:</span><span class="hljs-number">357</span><span class="hljs-symbol">:</span> <span class="hljs-symbol">warning:</span> ignoring old commands <span class="hljs-keyword">for</span> target <span class="hljs-string">`C:\Users\Admin\AppData\Local\Temp\/Admin/test-generated/obj/local/x86'
     [exec] "Compile++ thumb : com.app.test &lt;= com.app.test.ExampleProxy.cpp
     [exec] "Compile++ thumb : com.app.test &lt;= com.app.test.TestModule.cpp
     [exec] 'gperf' is not recognized as an internal or external command,
     [exec] operable program or batch file.
     [exec] make: *** [C:/Users/Admin/AppDatgperf -L C++ -E -t "C:/Users/Admin/AppData/Local/Temp/Admin/test-generated/KrollGeneratedBindings.gperf" &gt; "C:/Users/Admin/AppDaa/Local/Temp/Admin/test-generated/KrollGeneratedBindings.cpp] Error 1
     [exec] make: *** Deleting file `</span><span class="hljs-constant">C</span><span class="hljs-symbol">:/Users/Admin/AppData/Local/Temta/Local/Temp/Admin/test-generated/KrollGeneratedBindings</span>.cpp<span class="hljs-string">"
     [exec] p/Admin/test-generated/KrollGeneratedBindings.cpp'

BUILD FAILED
C:\Users\admin\AppData\Roaming\Titanium\mobilesdk\win32\3.0.2.GA\module\android\build.xml:371: The following error occurred while executing this line:
C:\Users\admin\AppData\Roaming\Titanium\mobilesdk\win32\3.0.2.GA\module\android\build.xml:326: exec returned: 2
Total time: 4 seconds</span>
</code></pre></div>
							<div class="author">
								&mdash; commented <span title="March 26th 2013, 4:37:06 am">March 26th 2013</span>
								by <span class='authorname'>Sagar  Patel</span>
							</div>
						</li>
					
						<li class="comment">
							<div><p>Thanx for help but  No luck , i am facing same issue, while creating module</p>
</div>
							<div class="author">
								&mdash; commented <span title="April 6th 2013, 5:15:33 am">April 6th 2013</span>
								by <span class='authorname'>Sagar  Patel</span>
							</div>
						</li>
					
						<li class="comment">
							<div><p>I have solved my issues by my self, this an issue in old SDK ,no there are new sdk release ,inthis sdk this bug has been solved</p>
</div>
							<div class="author">
								&mdash; commented <span title="April 6th 2013, 6:38:24 am">April 6th 2013</span>
								by <span class='authorname'>Sagar  Patel</span>
							</div>
						</li>
					
						<li class="comment">
							<div><p>Hi Sagar, i have the same issue, what SDK do you talking about ? , Android SDK or Titanium SDK ?<br>Thank you for helping</p>
</div>
							<div class="author">
								&mdash; commented <span title="April 28th 2013, 6:52:33 am">April 28th 2013</span>
								by <span class='authorname'>Snoussi Mohamed</span>
							</div>
						</li>
					
						<li class="comment">
							<div><p>Hi Sanoussi,</p>
<p>my issue solved in the titanium  sdk 3.0.2 version, if you have same issue can you put you error log, so everybody can see , what issue you are facing ,so we can help you in solving problem….</p>
</div>
							<div class="author">
								&mdash; commented <span title="April 29th 2013, 3:20:56 am">April 29th 2013</span>
								by <span class='authorname'>Sagar  Patel</span>
							</div>
						</li>
					
						<li class="comment">
							<div><p>I&#39;m also facing the same issue. Kindly advise. Below is the error log</p>
<p>lloyd@lloyd-XPS-M1330:~&#x2F;calc$ ant<br>Buildfile: &#x2F;home&#x2F;lloyd&#x2F;calc&#x2F;build.xml</p>
<p>python.set.exec:</p>
<p>python.check:<br>     [echo] Testing for Python<br>     [exec] Python 2.7.3</p>
<p>init:</p>
<p>process.annotations:</p>
<p>generate.rhino.bindings:<br>     [java] Generating &#x2F;home&#x2F;lloyd&#x2F;calc&#x2F;build&#x2F;generated&#x2F;java&#x2F;org&#x2F;appcelerator&#x2F;calc&#x2F;CalcModulePrototype.java<br>     [java] Generating &#x2F;home&#x2F;lloyd&#x2F;calc&#x2F;build&#x2F;generated&#x2F;java&#x2F;org&#x2F;appcelerator&#x2F;calc&#x2F;ExampleProxyPrototype.java<br>     [java] Generating &#x2F;home&#x2F;lloyd&#x2F;calc&#x2F;build&#x2F;generated&#x2F;java&#x2F;calcGeneratedBindings.java</p>
<p>generate.rhino.idswitch:<br>     [echo] Generating IDs for &#x2F;home&#x2F;lloyd&#x2F;calc&#x2F;build&#x2F;generated&#x2F;java&#x2F;calcGeneratedBindings.java<br>     [echo] Generating IDs for &#x2F;home&#x2F;lloyd&#x2F;calc&#x2F;build&#x2F;generated&#x2F;java&#x2F;org&#x2F;appcelerator&#x2F;calc&#x2F;CalcBootstrap.java<br>     [echo] Generating IDs for &#x2F;home&#x2F;lloyd&#x2F;calc&#x2F;build&#x2F;generated&#x2F;java&#x2F;org&#x2F;appcelerator&#x2F;calc&#x2F;CalcModulePrototype.java<br>     [echo] Generating IDs for &#x2F;home&#x2F;lloyd&#x2F;calc&#x2F;build&#x2F;generated&#x2F;java&#x2F;org&#x2F;appcelerator&#x2F;calc&#x2F;ExampleProxyPrototype.java</p>
<p>generate.v8.bindings:<br>     [java] Generating &#x2F;home&#x2F;lloyd&#x2F;calc&#x2F;build&#x2F;generated&#x2F;jni&#x2F;org.appcelerator.calc.CalcModule.h<br>     [java] Generating &#x2F;home&#x2F;lloyd&#x2F;calc&#x2F;build&#x2F;generated&#x2F;jni&#x2F;org.appcelerator.calc.CalcModule.cpp<br>     [java] Generating &#x2F;home&#x2F;lloyd&#x2F;calc&#x2F;build&#x2F;generated&#x2F;jni&#x2F;org.appcelerator.calc.ExampleProxy.h<br>     [java] Generating &#x2F;home&#x2F;lloyd&#x2F;calc&#x2F;build&#x2F;generated&#x2F;jni&#x2F;org.appcelerator.calc.ExampleProxy.cpp</p>
<p>generate.bindings:</p>
<p>pre.compile:</p>
<p>js.compile:</p>
<p>ndk.build:<br>     [copy] Copying 14 files to &#x2F;tmp&#x2F;lloyd&#x2F;calc-generated<br>     [exec] Compile++ thumb  : org.appcelerator.calc &lt;= org.appcelerator.calc.CalcModule.cpp<br>     [exec] jni&#x2F;Android.mk:32: warning: overriding commands for target <code>&amp;#x2F;tmp&amp;#x2F;lloyd&amp;#x2F;calc-generated&amp;#x2F;KrollGeneratedBindings.cpp&amp;#39;
     [exec] jni&amp;#x2F;Android.mk:32: warning: ignoring old commands for target</code>&#x2F;tmp&#x2F;lloyd&#x2F;calc-generated&#x2F;KrollGeneratedBindings.cpp&#39;<br>     [exec] jni&#x2F;Android.mk:35: warning: overriding commands for target <code>&amp;#x2F;tmp&amp;#x2F;lloyd&amp;#x2F;calc-generated&amp;#x2F;BootstrapJS.cpp&amp;#39;
     [exec] jni&amp;#x2F;Android.mk:35: warning: ignoring old commands for target</code>&#x2F;tmp&#x2F;lloyd&#x2F;calc-generated&#x2F;BootstrapJS.cpp&#39;<br>     [exec] jni&#x2F;Android.mk:32: warning: overriding commands for target <code>&amp;#x2F;tmp&amp;#x2F;lloyd&amp;#x2F;calc-generated&amp;#x2F;KrollGeneratedBindings.cpp&amp;#39;
     [exec] jni&amp;#x2F;Android.mk:32: warning: ignoring old commands for target</code>&#x2F;tmp&#x2F;lloyd&#x2F;calc-generated&#x2F;KrollGeneratedBindings.cpp&#39;<br>     [exec] jni&#x2F;Android.mk:35: warning: overriding commands for target <code>&amp;#x2F;tmp&amp;#x2F;lloyd&amp;#x2F;calc-generated&amp;#x2F;BootstrapJS.cpp&amp;#39;
     [exec] jni&amp;#x2F;Android.mk:35: warning: ignoring old commands for target</code>&#x2F;tmp&#x2F;lloyd&#x2F;calc-generated&#x2F;BootstrapJS.cpp&#39;<br>     [exec] In file included from &#x2F;usr&#x2F;include&#x2F;..&#x2F;include&#x2F;stdio.h:28:0,<br>     [exec]                  from &#x2F;home&#x2F;lloyd&#x2F;Titanium_Setup&#x2F;android-ndk-r8e&#x2F;sources&#x2F;cxx-stl&#x2F;stlport&#x2F;stlport&#x2F;stdio.h:35,<br>     [exec]                  from &#x2F;home&#x2F;lloyd&#x2F;.titanium&#x2F;mobilesdk&#x2F;linux&#x2F;3.0.2.GA&#x2F;android&#x2F;native&#x2F;include&#x2F;v8stdint.h:34,<br>     [exec]                  from &#x2F;home&#x2F;lloyd&#x2F;.titanium&#x2F;mobilesdk&#x2F;linux&#x2F;3.0.2.GA&#x2F;android&#x2F;native&#x2F;include&#x2F;v8.h:41,<br>     [exec]                  from &#x2F;home&#x2F;lloyd&#x2F;.titanium&#x2F;mobilesdk&#x2F;linux&#x2F;3.0.2.GA&#x2F;android&#x2F;native&#x2F;include&#x2F;Proxy.h:11,<br>     [exec]                  from jni&#x2F;org.appcelerator.calc.CalcModule.h:12,<br>     [exec]                  from jni&#x2F;org.appcelerator.calc.CalcModule.cpp:10:<br>     [exec] &#x2F;usr&#x2F;include&#x2F;features.h:324:26: fatal error: bits&#x2F;predefs.h: No such file or directory<br>     [exec] compilation terminated.<br>     [exec] make: <em>*</em> [&#x2F;tmp&#x2F;lloyd&#x2F;calc-generated&#x2F;obj&#x2F;local&#x2F;armeabi&#x2F;objs&#x2F;org.appcelerator.calc&#x2F;org.appcelerator.calc.CalcModule.o] Error 1</p>
<p>BUILD FAILED<br>&#x2F;home&#x2F;lloyd&#x2F;.titanium&#x2F;mobilesdk&#x2F;linux&#x2F;3.0.2.GA&#x2F;module&#x2F;android&#x2F;build.xml:371: The following error occurred while executing this line:<br>&#x2F;home&#x2F;lloyd&#x2F;.titanium&#x2F;mobilesdk&#x2F;linux&#x2F;3.0.2.GA&#x2F;module&#x2F;android&#x2F;build.xml:326: exec returned: 2</p>
<p>Total time: 4 seconds<br>lloyd@lloyd-XPS-M1330:~&#x2F;calc$ ant<br>Buildfile: &#x2F;home&#x2F;lloyd&#x2F;calc&#x2F;build.xml</p>
<p>python.set.exec:</p>
<p>python.check:<br>     [echo] Testing for Python<br>     [exec] Python 2.7.3</p>
<p>init:</p>
<p>process.annotations:</p>
<p>generate.rhino.bindings:<br>     [java] Generating &#x2F;home&#x2F;lloyd&#x2F;calc&#x2F;build&#x2F;generated&#x2F;java&#x2F;org&#x2F;appcelerator&#x2F;calc&#x2F;CalcModulePrototype.java<br>     [java] Generating &#x2F;home&#x2F;lloyd&#x2F;calc&#x2F;build&#x2F;generated&#x2F;java&#x2F;org&#x2F;appcelerator&#x2F;calc&#x2F;ExampleProxyPrototype.java<br>     [java] Generating &#x2F;home&#x2F;lloyd&#x2F;calc&#x2F;build&#x2F;generated&#x2F;java&#x2F;calcGeneratedBindings.java</p>
<p>generate.rhino.idswitch:<br>     [echo] Generating IDs for &#x2F;home&#x2F;lloyd&#x2F;calc&#x2F;build&#x2F;generated&#x2F;java&#x2F;calcGeneratedBindings.java<br>     [echo] Generating IDs for &#x2F;home&#x2F;lloyd&#x2F;calc&#x2F;build&#x2F;generated&#x2F;java&#x2F;org&#x2F;appcelerator&#x2F;calc&#x2F;CalcBootstrap.java<br>     [echo] Generating IDs for &#x2F;home&#x2F;lloyd&#x2F;calc&#x2F;build&#x2F;generated&#x2F;java&#x2F;org&#x2F;appcelerator&#x2F;calc&#x2F;CalcModulePrototype.java<br>     [echo] Generating IDs for &#x2F;home&#x2F;lloyd&#x2F;calc&#x2F;build&#x2F;generated&#x2F;java&#x2F;org&#x2F;appcelerator&#x2F;calc&#x2F;ExampleProxyPrototype.java</p>
<p>generate.v8.bindings:<br>     [java] Generating &#x2F;home&#x2F;lloyd&#x2F;calc&#x2F;build&#x2F;generated&#x2F;jni&#x2F;org.appcelerator.calc.CalcModule.h<br>     [java] Generating &#x2F;home&#x2F;lloyd&#x2F;calc&#x2F;build&#x2F;generated&#x2F;jni&#x2F;org.appcelerator.calc.CalcModule.cpp<br>     [java] Generating &#x2F;home&#x2F;lloyd&#x2F;calc&#x2F;build&#x2F;generated&#x2F;jni&#x2F;org.appcelerator.calc.ExampleProxy.h<br>     [java] Generating &#x2F;home&#x2F;lloyd&#x2F;calc&#x2F;build&#x2F;generated&#x2F;jni&#x2F;org.appcelerator.calc.ExampleProxy.cpp</p>
<p>generate.bindings:</p>
<p>pre.compile:</p>
<p>js.compile:</p>
<p>ndk.build:<br>     [copy] Copying 14 files to &#x2F;tmp&#x2F;lloyd&#x2F;calc-generated<br>     [exec] Compile++ thumb  : org.appcelerator.calc &lt;= org.appcelerator.calc.CalcModule.cpp<br>     [exec] jni&#x2F;Android.mk:34: warning: overriding commands for target <code>&amp;#x2F;tmp&amp;#x2F;lloyd&amp;#x2F;calc-generated&amp;#x2F;KrollGeneratedBindings.cpp&amp;#39;
     [exec] jni&amp;#x2F;Android.mk:34: warning: ignoring old commands for target</code>&#x2F;tmp&#x2F;lloyd&#x2F;calc-generated&#x2F;KrollGeneratedBindings.cpp&#39;<br>     [exec] jni&#x2F;Android.mk:37: warning: overriding commands for target <code>&amp;#x2F;tmp&amp;#x2F;lloyd&amp;#x2F;calc-generated&amp;#x2F;BootstrapJS.cpp&amp;#39;
     [exec] jni&amp;#x2F;Android.mk:37: warning: ignoring old commands for target</code>&#x2F;tmp&#x2F;lloyd&#x2F;calc-generated&#x2F;BootstrapJS.cpp&#39;<br>     [exec] jni&#x2F;Android.mk:34: warning: overriding commands for target <code>&amp;#x2F;tmp&amp;#x2F;lloyd&amp;#x2F;calc-generated&amp;#x2F;KrollGeneratedBindings.cpp&amp;#39;
     [exec] jni&amp;#x2F;Android.mk:34: warning: ignoring old commands for target</code>&#x2F;tmp&#x2F;lloyd&#x2F;calc-generated&#x2F;KrollGeneratedBindings.cpp&#39;<br>     [exec] jni&#x2F;Android.mk:37: warning: overriding commands for target <code>&amp;#x2F;tmp&amp;#x2F;lloyd&amp;#x2F;calc-generated&amp;#x2F;BootstrapJS.cpp&amp;#39;
     [exec] jni&amp;#x2F;Android.mk:37: warning: ignoring old commands for target</code>&#x2F;tmp&#x2F;lloyd&#x2F;calc-generated&#x2F;BootstrapJS.cpp&#39;<br>     [exec] In file included from &#x2F;usr&#x2F;include&#x2F;..&#x2F;include&#x2F;stdio.h:28:0,<br>     [exec]                  from &#x2F;home&#x2F;lloyd&#x2F;Titanium_Setup&#x2F;android-ndk-r8e&#x2F;sources&#x2F;cxx-stl&#x2F;stlport&#x2F;stlport&#x2F;stdio.h:35,<br>     [exec]                  from &#x2F;home&#x2F;lloyd&#x2F;.titanium&#x2F;mobilesdk&#x2F;linux&#x2F;3.0.2.GA&#x2F;android&#x2F;native&#x2F;include&#x2F;v8stdint.h:34,<br>     [exec]                  from &#x2F;home&#x2F;lloyd&#x2F;.titanium&#x2F;mobilesdk&#x2F;linux&#x2F;3.0.2.GA&#x2F;android&#x2F;native&#x2F;include&#x2F;v8.h:41,<br>     [exec]                  from &#x2F;home&#x2F;lloyd&#x2F;.titanium&#x2F;mobilesdk&#x2F;linux&#x2F;3.0.2.GA&#x2F;android&#x2F;native&#x2F;include&#x2F;Proxy.h:11,<br>     [exec]                  from jni&#x2F;org.appcelerator.calc.CalcModule.h:12,<br>     [exec]                  from jni&#x2F;org.appcelerator.calc.CalcModule.cpp:10:<br>     [exec] &#x2F;usr&#x2F;include&#x2F;features.h:324:26: fatal error: bits&#x2F;predefs.h: No such file or directory<br>     [exec] compilation terminated.<br>     [exec] make: <em>*</em> [&#x2F;tmp&#x2F;lloyd&#x2F;calc-generated&#x2F;obj&#x2F;local&#x2F;armeabi&#x2F;objs&#x2F;org.appcelerator.calc&#x2F;org.appcelerator.calc.CalcModule.o] Error 1</p>
<p>BUILD FAILED<br>&#x2F;home&#x2F;lloyd&#x2F;.titanium&#x2F;mobilesdk&#x2F;linux&#x2F;3.0.2.GA&#x2F;module&#x2F;android&#x2F;build.xml:371: The following error occurred while executing this line:<br>&#x2F;home&#x2F;lloyd&#x2F;.titanium&#x2F;mobilesdk&#x2F;linux&#x2F;3.0.2.GA&#x2F;module&#x2F;android&#x2F;build.xml:326: exec returned: 2</p>
</div>
							<div class="author">
								&mdash; commented <span title="May 1st 2013, 11:57:13 am">May 1st 2013</span>
								by <span class='authorname'>Lloyd Dsouza</span>
							</div>
						</li>
					
						<li class="comment">
							<div><p>The above log is with Titanium SDK 3.0.2. I also tried with 3.1.0 and 2.1.5 by changing the SDK in the Modules build.properties file. Same error. Please help!!!</p>
</div>
							<div class="author">
								&mdash; commented <span title="May 1st 2013, 12:39:43 pm">May 1st 2013</span>
								by <span class='authorname'>Lloyd Dsouza</span>
							</div>
						</li>
					
						<li class="comment">
							<div><p>Hi , Lloyd</p>
<p>please configure you system with this component to develop android module</p>
<p><a href="http:&#x2F;&#x2F;docs.appcelerator.com&#x2F;titanium&#x2F;latest&#x2F;#!&#x2F;guide&#x2F;Android_Module_Development_Guide-section-29004945_AndroidModuleDevelopmentGuide-InstallingtheNecessaryComponents">http:&#x2F;&#x2F;docs.appcelerator.com&#x2F;titanium&#x2F;latest&#x2F;#!&#x2F;guide&#x2F;Android_Module_Development_Guide-section-29004945_AndroidModuleDevelopmentGuide-InstallingtheNecessaryComponents</a></p>
<p>I think you didnt have installed gpref , if  you didn&#39;t have it  then download it and installed it, and give the path up to bin folder in system variable in  &quot;path&quot;.</p>
</div>
							<div class="author">
								&mdash; commented <span title="May 2nd 2013, 3:04:35 am">May 2nd 2013</span>
								by <span class='authorname'>Sagar  Patel</span>
							</div>
						</li>
					
						<li class="comment">
							<div><p>if you are on windows OS  to make module then, you have to give the path of android ndk  in build.properties file, please refer this link to see and try to build the module</p>
<p><a href="http:&#x2F;&#x2F;tinypic.com&#x2F;r&#x2F;2e3stwy&#x2F;5">http:&#x2F;&#x2F;tinypic.com&#x2F;r&#x2F;2e3stwy&#x2F;5</a></p>
</div>
							<div class="author">
								&mdash; commented <span title="May 2nd 2013, 3:10:16 am">May 2nd 2013</span>
								by <span class='authorname'>Sagar  Patel</span>
							</div>
						</li>
					
						<li class="comment">
							<div><p>Thanks for the prompt reply Sagar, Im on Linux so dont need gperf and have already set the ndk properties in the build.properties file. Alternative also added ANDROID_NDK to the $PATH. However still the issue persists.</p>
</div>
							<div class="author">
								&mdash; commented <span title="May 5th 2013, 12:11:32 pm">May 5th 2013</span>
								by <span class='authorname'>Lloyd Dsouza</span>
							</div>
						</li>
					
						<li class="comment">
							<div><p>Also installed gperf via apt-get and ran ant again. but the same error.</p>
<p>BUILD FAILED<br>&#x2F;home&#x2F;lloyd&#x2F;.titanium&#x2F;mobilesdk&#x2F;linux&#x2F;3.0.2.GA&#x2F;module&#x2F;android&#x2F;build.xml:371: The following error occurred while executing this line:<br>&#x2F;home&#x2F;lloyd&#x2F;.titanium&#x2F;mobilesdk&#x2F;linux&#x2F;3.0.2.GA&#x2F;module&#x2F;android&#x2F;build.xml:326: exec returned: 2</p>
</div>
							<div class="author">
								&mdash; commented <span title="May 5th 2013, 12:19:19 pm">May 5th 2013</span>
								by <span class='authorname'>Lloyd Dsouza</span>
							</div>
						</li>
					
						<li class="comment">
							<div><p>Now on MAC OS as well I have the following error. Would appreciate any help. Thanks in advance</p>
<p>ndk.build:<br>     [copy] Copying 1 file to &#x2F;Users&#x2F;etp&#x2F;Desktop&#x2F;calc&#x2F;build&#x2F;generated<br>     [copy] Copying 1 file to &#x2F;Users&#x2F;etp&#x2F;Desktop&#x2F;calc&#x2F;build&#x2F;generated&#x2F;jni<br>     [copy] Copying 14 files to &#x2F;var&#x2F;folders&#x2F;p8&#x2F;k2sgrnfn5pg5xwlhb8mkldlm0000gn&#x2F;T&#x2F;etp&#x2F;calc-generated<br>     [exec] Compile++ thumb  : org.appcelerator.calc &lt;= org.appcelerator.calc.CalcModule.cpp<br>     [exec] jni&#x2F;Android.mk:24: warning: overriding commands for target <code>&amp;#x2F;private&amp;#x2F;var&amp;#x2F;folders&amp;#x2F;p8&amp;#x2F;k2sgrnfn5pg5xwlhb8mkldlm0000gn&amp;#x2F;T&amp;#x2F;etp&amp;#x2F;calc-generated&amp;#x2F;KrollGeneratedBindings.cpp&amp;#39;
     [exec] jni&amp;#x2F;Android.mk:24: warning: ignoring old commands for target</code>&#x2F;private&#x2F;var&#x2F;folders&#x2F;p8&#x2F;k2sgrnfn5pg5xwlhb8mkldlm0000gn&#x2F;T&#x2F;etp&#x2F;calc-generated&#x2F;KrollGeneratedBindings.cpp&#39;<br>     [exec] jni&#x2F;Android.mk:27: warning: overriding commands for target <code>&amp;#x2F;private&amp;#x2F;var&amp;#x2F;folders&amp;#x2F;p8&amp;#x2F;k2sgrnfn5pg5xwlhb8mkldlm0000gn&amp;#x2F;T&amp;#x2F;etp&amp;#x2F;calc-generated&amp;#x2F;BootstrapJS.cpp&amp;#39;
     [exec] jni&amp;#x2F;Android.mk:27: warning: ignoring old commands for target</code>&#x2F;private&#x2F;var&#x2F;folders&#x2F;p8&#x2F;k2sgrnfn5pg5xwlhb8mkldlm0000gn&#x2F;T&#x2F;etp&#x2F;calc-generated&#x2F;BootstrapJS.cpp&#39;<br>     [exec] jni&#x2F;Android.mk:24: warning: overriding commands for target <code>&amp;#x2F;private&amp;#x2F;var&amp;#x2F;folders&amp;#x2F;p8&amp;#x2F;k2sgrnfn5pg5xwlhb8mkldlm0000gn&amp;#x2F;T&amp;#x2F;etp&amp;#x2F;calc-generated&amp;#x2F;KrollGeneratedBindings.cpp&amp;#39;
     [exec] jni&amp;#x2F;Android.mk:24: warning: ignoring old commands for target</code>&#x2F;private&#x2F;var&#x2F;folders&#x2F;p8&#x2F;k2sgrnfn5pg5xwlhb8mkldlm0000gn&#x2F;T&#x2F;etp&#x2F;calc-generated&#x2F;KrollGeneratedBindings.cpp&#39;<br>     [exec] jni&#x2F;Android.mk:27: warning: overriding commands for target <code>&amp;#x2F;private&amp;#x2F;var&amp;#x2F;folders&amp;#x2F;p8&amp;#x2F;k2sgrnfn5pg5xwlhb8mkldlm0000gn&amp;#x2F;T&amp;#x2F;etp&amp;#x2F;calc-generated&amp;#x2F;BootstrapJS.cpp&amp;#39;
     [exec] jni&amp;#x2F;Android.mk:27: warning: ignoring old commands for target</code>&#x2F;private&#x2F;var&#x2F;folders&#x2F;p8&#x2F;k2sgrnfn5pg5xwlhb8mkldlm0000gn&#x2F;T&#x2F;etp&#x2F;calc-generated&#x2F;BootstrapJS.cpp&#39;<br>     [exec] &#x2F;bin&#x2F;sh: &#x2F;Users&#x2F;etp&#x2F;Documents&#x2F;android-ndk-r8e&#x2F;toolchains&#x2F;arm-linux-androideabi-4.6&#x2F;prebuilt&#x2F;darwin-x86&#x2F;bin&#x2F;arm-linux-androideabi-g++: No such file or directory<br>     [exec] make: <em>*</em> [&#x2F;var&#x2F;folders&#x2F;p8&#x2F;k2sgrnfn5pg5xwlhb8mkldlm0000gn&#x2F;T&#x2F;&#x2F;etp&#x2F;calc-generated&#x2F;obj&#x2F;local&#x2F;armeabi&#x2F;objs&#x2F;org.appcelerator.calc&#x2F;org.appcelerator.calc.CalcModule.o] Error 127</p>
<p>BUILD FAILED<br>&#x2F;Users&#x2F;etp&#x2F;Library&#x2F;Application Support&#x2F;Titanium&#x2F;mobilesdk&#x2F;osx&#x2F;2.1.4.GA&#x2F;module&#x2F;android&#x2F;build.xml:362: The following error occurred while executing this line:<br>&#x2F;Users&#x2F;etp&#x2F;Library&#x2F;Application Support&#x2F;Titanium&#x2F;mobilesdk&#x2F;osx&#x2F;2.1.4.GA&#x2F;module&#x2F;android&#x2F;build.xml:317: exec returned: 2</p>
</div>
							<div class="author">
								&mdash; commented <span title="May 10th 2013, 1:47:23 am">May 10th 2013</span>
								by <span class='authorname'>Lloyd Dsouza</span>
							</div>
						</li>
					
						<li class="comment">
							<div><p>try to make a module using 3.0.2 sdk. let me know the result</p>
</div>
							<div class="author">
								&mdash; commented <span title="May 10th 2013, 2:56:02 am">May 10th 2013</span>
								by <span class='authorname'>Sagar  Patel</span>
							</div>
						</li>
					
						<li class="comment">
							<div><p>Actually I tried with the 32 bit android ndk and it completed the build. But then I cleaned the project doing a ant clean and tried it again only to get the error again. </p>
<p>[exec] &#x2F;usr&#x2F;include&#x2F;machine&#x2F;_types.h:34:24: fatal error: arm&#x2F;_types.h: No such file or directory<br>     [exec] compilation terminated.<br>     [exec] make: <em>*</em> [&#x2F;var&#x2F;folders&#x2F;p8&#x2F;k2sgrnfn5pg5xwlhb8mkldlm0000gn&#x2F;T&#x2F;&#x2F;etp&#x2F;calc-generated&#x2F;obj&#x2F;local&#x2F;armeabi&#x2F;objs&#x2F;org.appcelerator.calc&#x2F;org.appcelerator.calc.CalcModule.o] Error 1</p>
<p>BUILD FAILED<br>&#x2F;Users&#x2F;etp&#x2F;Library&#x2F;Application Support&#x2F;Titanium&#x2F;mobilesdk&#x2F;osx&#x2F;2.1.2.GA&#x2F;module&#x2F;android&#x2F;build.xml:362: The following error occurred while executing this line:<br>&#x2F;Users&#x2F;etp&#x2F;Library&#x2F;Application Support&#x2F;Titanium&#x2F;mobilesdk&#x2F;osx&#x2F;2.1.2.GA&#x2F;module&#x2F;android&#x2F;build.xml:317: exec returned: 2</p>
<p>Then I tried switching Titanium sdks. Tried 3.0.2.GA and 2.1.2.GA. But the same error. Im downloading android ndk r8d to see if it solves my problem.</p>
<p>Thanks Sagar for your prompt help. Appreciate it a lot.</p>
<p>I also came across bug TIMOB-13295  on JIRA. Could it be related?</p>
</div>
							<div class="author">
								&mdash; commented <span title="May 10th 2013, 7:25:14 am">May 10th 2013</span>
								by <span class='authorname'>Lloyd Dsouza</span>
							</div>
						</li>
					
						<li class="comment">
							<div><p>Well, I also tried making the changes as advised on the blog due to a bug in the r8e package. But no go. Then I decided to download the lower version r8d and &quot;BAM&quot; issue resolved. Thanks everyone especially Sagar for the support.</p>
</div>
							<div class="author">
								&mdash; commented <span title="May 12th 2013, 3:32:58 am">May 12th 2013</span>
								by <span class='authorname'>Lloyd Dsouza</span>
							</div>
						</li>
					
						<li class="comment">
							<div><p>same problem in Mac os</p>
</div>
							<div class="author">
								&mdash; commented <span title="October 4th 2013, 10:48:54 am">October 4th 2013</span>
								by <span class='authorname'>Jayesh  Joshi</span>
							</div>
						</li>
					
						<li class="comment">
							<div><p>Hi jayesh </p>
<p>please provide some more info like which sdk you are using node ver..?</p>
<p>which platform module you are trying to do..?</p>
<p>please provide some info so i can help you in solving your issue or raise new question in Q &amp; A, so other can also help you</p>
</div>
							<div class="author">
								&mdash; commented <span title="October 4th 2013, 11:42:00 am">October 4th 2013</span>
								by <span class='authorname'>Sagar  Patel</span>
							</div>
						</li>
					
					</ul>
				
			</section>
		</footer>
		<aside class="vote-box">
			<div class="score"><span>1</span> Vote</div>
			<div class="answers"><span>1</span> Answer</div>
		</aside>
	</div>

	<hr>

	<h3>1 Answer</h3>

	
		<ul class="answers">
			
				<li class="answer">
				
					<article id="answer-262172">
				
						<section>
							<p>Thanks for the prompt reply Sagar, Im on Linux so dont need gperf and have already set the ndk properties in the build.properties file. Alternative also added ANDROID_NDK to the $PATH. However still the issue persists.</p>

						</section>
						<footer>
							<div class="author">
								&mdash; answered <span title="May 5th 2013, 12:09:24 pm">May 5th 2013</span>
								by <span class='authorname'>Lloyd Dsouza</span><br>
								<a class="icon-bg icon-link" href="../../question/150005/error-while-creating-android-sample-module.html#answer-262172" rel="permalink">permalink</a>
							</div>

							<h5>2 Comments</h5>
							
								<ul class="comments">
								
									<li class="comment">
										<p><p>have u found the solution? is it working on windows 8 ? thanks a lot in advance</p>
</p>
										<div class="author">
											&mdash; commented <span title="September 28th 2013, 11:08:43 am">September 28th 2013</span>
											by <span class='authorname'>Ario Barzan</span>
										</div>
									</li>
								
									<li class="comment">
										<p><p>Hi Ehsan, Please see my comment above. I solved the issue by downgrading the NDK to r8d</p>
</p>
										<div class="author">
											&mdash; commented <span title="October 5th 2013, 12:36:55 am">October 5th 2013</span>
											by <span class='authorname'>Lloyd Dsouza</span>
										</div>
									</li>
								
								</ul>
							
						</footer>
						<aside class="vote-box">
							<div class="score"><span>0</span> Votes</div>
						</aside>
					</article>
				</li>
			
		</ul>
	
</article>

		</div>
		<div class="col-sm-3"></div>
	</div>
	<div class="row"><div class="signoff">The ownership of individual contributions to this community generated content is retained by the authors of their contributions.<br>All trademarks remain the property of the respective owner.</div></div>
</main>


</body>
</html>
