<!doctype html>
<html>
<head>
	<meta http-equiv="X-UA-Compatible" content="IE=Edge,chrome=1">
	<meta http-equiv="Content-Type" content="text/html; charset=UTF-8">
	<meta charset="utf-8">
	
		<title>Titanium Studio can ´t run Android projects » Community Questions &amp; Answers » Appcelerator Developer Center</title>
	
	<meta name="viewport" content="width=device-width,initial-scale=1">
	<link href="../../related/favicon.png" rel="shortcut icon" type="image/png">
	<link href="//fonts.googleapis.com/css?family=Open+Sans:300,400,500,600,700" rel="stylesheet" type="text/css">
	<link href="//d3ilu1xuwhtfe2.cloudfront.net/e8e0ebd/css/style.css" rel="stylesheet" type="text/css">
	<link href="../../related/qa.css" rel="stylesheet" type="text/css">
	<link href="../../related/hybrid.css" rel="stylesheet" type="text/css">
	
	<link href="../../related/overrides.css" rel="stylesheet" type="text/css">
</head>
<body>

<div class='mast'>    <div class='container'>        <div class='row'>            <div class='col-sm-12'>                <div class='masthead'><h1>Titanium Community Questions & Answer Archive</h1><h2>We felt that 6+ years of knowledge should not die so this is the Titanium Community Questions &amp; Answer Archive</h2></div>            </div>        </div>    </div></div>

<main class="container">
	<div class="row">
		<div class="col-sm-12">
			
		</div>
	</div>
	<div class="row">
		<div class="col-sm-12">
			<article class="question-container">
	<div class="question">
		<header>
			<h1>Titanium Studio can ´t run Android projects</h1>
		</header>
		<section>
			<p>Hello guys, how are you? Some days ago I installed Titanium Studio on two computers, a Mac and WINDOWS 7 BOOK. I already have installed on these computers ECLIPSE IDE with Android ADT, works perfectly.</p>
<p>But I can not compile ANDROID Apps in Titanium Studio, it generates errors. I&#39;ve updated the Android with all the information required by Titanium Studio. But nothing works. This is the error message:</p>
<p>_ [ERROR] Exception occured while building Android project:<br>[ERROR] Traceback (most recent call last):<br>[ERROR]   File &quot;C:\Users\Rennan\AppData\Roaming\Titanium\mobilesdk\win32\3.1.0.GA\android\builder.py&quot;, line 2528, in &lt;module&gt;<br>[ERROR]     builder.build_and_run(False, avd_id, debugger_host=debugger_host, profiler_host=profiler_host)<br>[ERROR]   File &quot;C:\Users\Rennan\AppData\Roaming\Titanium\mobilesdk\win32\3.1.0.GA\android\builder.py&quot;, line 2264, in build_and_run<br>[ERROR]     self.manifest_changed = self.generate_android_manifest(compiler)<br>[ERROR]   File &quot;C:\Users\Rennan\AppData\Roaming\Titanium\mobilesdk\win32\3.1.0.GA\android\builder.py&quot;, line 1404, in generate_android_manifest<br>[ERROR]     &#39;-I&#39;, self.android_jar], warning_regex=r&#39;skipping&#39;)<br>[ERROR]   File &quot;C:\Users\Rennan\AppData\Roaming\Titanium\mobilesdk\win32\3.1.0.GA\android\run.py&quot;, line 38, in run<br>[ERROR]     print &quot;[DEBUG] %s&quot; % subprocess.list2cmdline(args_to_log)<br>[ERROR]   File &quot;C:\Users\Rennan\AppData\Local\Titanium Studio\plugins\com.appcelerator.titanium.python.win32<em>1.0.0.1338515509\python\lib\subprocess.py&quot;, line 580, in list2cmdline<br>[ERROR]     needquote = (&quot; &quot; in arg) or (&quot;\t&quot; in arg) or not arg<br>[ERROR] TypeError: argument of type &#39;NoneType&#39; is not iterable<br>[ERROR] :  Build process exited with code 1<br>[ERROR] :  Project failed to build after 2s 406ms </em></p>
<p>Could anyone help me?</p>
<p>Regards,</p>

		</section>
		<footer>
			<div class="author">
				&mdash; asked <span title="May 29th 2013, 12:28:41 pm">May 29th 2013</span>
				by <span class='authorname'>Rennan dos Reis</span>
			</div>

			
				<ul class="tags">
					
						<li><span class='tagname'>android</span></li>
					
						<li><span class='tagname'>error</span></li>
					
						<li><span class='tagname'>titanium studio</span></li>
					
				</ul>
			

			<section>
				<h5>0 Comments</h5>
				
			</section>
		</footer>
		<aside class="vote-box">
			<div class="score"><span>0</span> Votes</div>
			<div class="answers"><span>1</span> Answer</div>
		</aside>
	</div>

	<hr>

	<h3>1 Answer</h3>

	
		<ul class="answers">
			
				<li class="answer">
				
					<article id="answer-263548">
				
						<section>
							<p>Are you running the Android r22 version tools? If so, that&#39;s your problem. See the <a href="http:&#x2F;&#x2F;developer.appcelerator.com&#x2F;blog&#x2F;2013&#x2F;05&#x2F;updating-to-android-r22-tools.html">blog post</a> from last week. There are some workarounds posted there. It looks like this should be fixed in the forthcoming 3.1.1. You could download the <a href="http:&#x2F;&#x2F;developer.appcelerator.com&#x2F;blog&#x2F;2013&#x2F;05&#x2F;updating-to-android-r22-tools.html">release candiate</a> if you don&#39;t want to downgrade or apply the workarounds.</p>

						</section>
						<footer>
							<div class="author">
								&mdash; answered <span title="May 29th 2013, 12:52:15 pm">May 29th 2013</span>
								by <span class='authorname'>Tim Poulsen</span><br>
								<a class="icon-bg icon-link" href="question/153001/titanium-studio-can-t-run-android-projects#answer-263548" rel="permalink">permalink</a>
							</div>

							<h5>0 Comments</h5>
							
						</footer>
						<aside class="vote-box">
							<div class="score"><span>1</span> Vote</div>
						</aside>
					</article>
				</li>
			
		</ul>
	
</article>

		</div>
		<div class="col-sm-3"></div>
	</div>
	<div class="row"><div class="signoff">The ownership of individual contributions to this community generated content is retained by the authors of their contributions.<br>All trademarks remain the property of the respective owner.</div></div>
</main>


</body>
</html>
