<!doctype html>
<html>
<head>
	<meta http-equiv="X-UA-Compatible" content="IE=Edge,chrome=1">
	<meta http-equiv="Content-Type" content="text/html; charset=UTF-8">
	<meta charset="utf-8">
	
		<title>Distribute - App Store fails since Xcode 4.2 installation » Community Questions &amp; Answers </title>
	
	<meta name="viewport" content="width=device-width,initial-scale=1">
	<link href="../../related/favicon.png" rel="shortcut icon" type="image/png">
	<link href="//fonts.googleapis.com/css?family=Open+Sans:300,400,500,600,700" rel="stylesheet" type="text/css">
	<link href="//d3ilu1xuwhtfe2.cloudfront.net/e8e0ebd/css/style.css" rel="stylesheet" type="text/css">
	<link href="../../related/qa.css" rel="stylesheet" type="text/css">
	<link href="../../related/hybrid.css" rel="stylesheet" type="text/css">
	
	<link href="../../related/overrides.css" rel="stylesheet" type="text/css">
</head>
<body>

<div class='mast'>    <div class='container'>        <div class='row'>            <div class='col-sm-12'>                <div class='masthead'><h1>Titanium Community Questions & Answer Archive</h1><h2>We felt that 6+ years of knowledge should not die so this is the Titanium Community Questions &amp; Answer Archive</h2></div>            </div>        </div>    </div></div>

<main class="container">
	<div class="row">
		<div class="col-sm-12">
			
		</div>
	</div>
	<div class="row">
		<div class="col-sm-12">
			<article class="question-container">
	<div class="question">
		<header>
			<h1>Distribute - App Store fails since Xcode 4.2 installation</h1>
		</header>
		<section>
			<p>In hopes of solving some other issues (stability of 1.7.x builds) I installed Xcode 4.2 and iOS SDK 5 yesterday and can build in the simulator without problems.<br>When trying to build for device distribution via <em>Distribute - App Store</em> I get this</p>
<pre><code class="hljs">[INFO] Compiling localization files
[DEBUG] compiled ios <span class="hljs-keyword">file</span>: /Users/henning/Documents/Titanium Studio Workspace/myApp/build/iphone/build/Release-iphoneos/myApp.<span class="hljs-keyword">app</span>/<span class="hljs-keyword">en</span>.lproj/Localizable.strings
[<span class="hljs-keyword">ERROR</span>] 
[<span class="hljs-keyword">ERROR</span>] <span class="hljs-keyword">Error</span>: Traceback (most recent call last):
  <span class="hljs-keyword">File</span> <span class="hljs-string">"/Library/Application Support/Titanium/mobilesdk/osx/1.7.3/iphone/builder.py"</span>, <span class="hljs-keyword">line</span> 1367, <span class="hljs-keyword">in</span> main
    execute_xcode(<span class="hljs-string">"iphoneos%s"</span> % iphone_version,<span class="hljs-keyword">args</span>,False)
  <span class="hljs-keyword">File</span> <span class="hljs-string">"/Library/Application Support/Titanium/mobilesdk/osx/1.7.3/iphone/builder.py"</span>, <span class="hljs-keyword">line</span> 1066, <span class="hljs-keyword">in</span> execute_xcode
    output = <span class="hljs-keyword">run</span>.<span class="hljs-keyword">run</span>(<span class="hljs-keyword">args</span>,False,False,o)
  <span class="hljs-keyword">File</span> <span class="hljs-string">"/Library/Application Support/Titanium/mobilesdk/osx/1.7.3/iphone/run.py"</span>, <span class="hljs-keyword">line</span> 39, <span class="hljs-keyword">in</span> <span class="hljs-keyword">run</span>
    sys.<span class="hljs-keyword">exit</span>(rc)
SystemExit: 65
</code></pre><p>Attempting to Build for Archiving in Xcode terminates with this error</p>
<pre><code class="hljs">Command <span class="hljs-regexp">/Developer/</span>Platforms<span class="hljs-regexp">/iPhoneOS.platform/</span>Developer<span class="hljs-regexp">/usr/</span>bin<span class="hljs-regexp">/clang++ failed with exit code 1</span>
</code></pre><p>My environment:</p>
<ul>
<li>Xcode 4.2</li>
<li>iOS SDK 5</li>
<li>Ti SDK 1.7.3</li>
<li>OSX 1.6.8</li>
</ul>

		</section>
		<footer>
			<div class="author">
				&mdash; asked <span title="October 25th 2011, 2:24:45 pm">October 25th 2011</span>
				by <span class='authorname'>Henning Glatter-Gotz</span>
			</div>

			
				<ul class="tags">
					
						<li><span class='tagname'>ios</span></li>
					
						<li><span class='tagname'>sdk1.7.3</span></li>
					
						<li><span class='tagname'>xcode 4.2</span></li>
					
				</ul>
			

			<section>
				<h5>11 Comments</h5>
				
					<ul class="comments">
					
						<li class="comment">
							<div><p>Having the same error deploying to device, even when trying 1.8.0 continuous builds. I am running Snow Leopard.</p>
</div>
							<div class="author">
								&mdash; commented <span title="October 25th 2011, 2:58:32 pm">October 25th 2011</span>
								by <span class='authorname'>Mike Robinson</span>
							</div>
						</li>
					
						<li class="comment">
							<div><p>What happens when you build using Xcode? what errors do you get?</p>
</div>
							<div class="author">
								&mdash; commented <span title="October 25th 2011, 3:36:35 pm">October 25th 2011</span>
								by <span class='authorname'>Matt Apperson</span>
							</div>
						</li>
					
						<li class="comment">
							<div><p>Matt,</p>
<p>The only actual error in the Xcode IDE, aside from 126 warnings, is the one I already listed:</p>
<pre><code class="hljs">Command <span class="hljs-regexp">/Developer/</span>Platforms<span class="hljs-regexp">/iPhoneOS.platform/</span>Developer<span class="hljs-regexp">/usr/</span>bin<span class="hljs-regexp">/clang++ failed with exit code 1</span>
</code></pre><p>Unfortunately when I right-click that in the IDE and select <em>Reveal in Log</em> or any of the other options, nothing happens.<br>But when I open <em>Console</em> I find this entry related to the above error</p>
<pre><code class="hljs">10/25/11 1:55:16 PM    Xcode[30856]    [MT] DVTAssertions: Warning in /SourceCache/IDEIssueNavigator/IDEIssueNavigator-814/IDEIssueNavigator.m:256
Details:  Couldn't find a log document location for issue: <span class="hljs-tag">&lt;<span class="hljs-title">IDEIssue</span> <span class="hljs-attribute">0x204ba69a0:</span> <span class="hljs-attribute">provider</span>=<span class="hljs-value">"IDEBuildIssueProvider"</span><span class="hljs-value">,</span> <span class="hljs-attribute">typeIdentifier</span>=<span class="hljs-value">"Apple Mach-O Linker Error"</span><span class="hljs-value">,</span> <span class="hljs-attribute">severity</span>=<span class="hljs-value">error,</span> <span class="hljs-attribute">short</span> <span class="hljs-attribute">message</span>=<span class="hljs-value">"Command /Developer/Platforms/iPhoneOS.platform/Developer/usr/bin/clang++ failed with exit code 1"</span><span class="hljs-value">,</span> <span class="hljs-attribute">full</span> <span class="hljs-attribute">message</span>=<span class="hljs-value">"Command /Developer/Platforms/iPhoneOS.platform/Developer/usr/bin/clang++ failed with exit code 1"</span><span class="hljs-value">,</span> <span class="hljs-attribute">locations</span>=<span class="hljs-value">(null),</span> <span class="hljs-attribute">representedObject</span>=<span class="hljs-value">&lt;IDEActivityLogMessage:0x204e400e0:title='Command</span> /<span class="hljs-attribute">Developer</span>/<span class="hljs-attribute">Platforms</span>/<span class="hljs-attribute">iPhoneOS.platform</span>/<span class="hljs-attribute">Developer</span>/<span class="hljs-attribute">usr</span>/<span class="hljs-attribute">bin</span>/<span class="hljs-attribute">clang</span>++ <span class="hljs-attribute">failed</span> <span class="hljs-attribute">with</span> <span class="hljs-attribute">exit</span> <span class="hljs-attribute">code</span> <span class="hljs-attribute">1</span>'&gt;</span>&gt;
Object:   <span class="hljs-tag">&lt;<span class="hljs-title">IDEIssueNavigator:</span> <span class="hljs-attribute">0x20386adc0</span>&gt;</span>
Method:   -structureEditorOpenSpecifierForLogDocumentForIssue:error:
Thread:   <span class="hljs-tag">&lt;<span class="hljs-title">NSThread:</span> <span class="hljs-attribute">0x200025720</span>&gt;</span>{name = (null), num = 1}
Please file a bug at http://bugreport.apple.com with this warning message and any useful information you can provide.
</code></pre><p>Sounds like something with Xcode logging is not working correctly. But cannot tell if that is a separate issue or related to this.</p>
<p>Note: This is the second time I installed Xcode 4.2. I previously attempted to fix this same problem by completely removing the developer tools via the command line like so</p>
<pre><code class="hljs">sudo /Developer/Library/uninstall-devtools -<span class="hljs-keyword">mode</span><span class="hljs-built_in">=</span><span class="hljs-built_in">all</span>
</code></pre><p>and then reinstalling it from the downloaded dmg.</p>
<p>Please let me know any other information I can provide. I am not all to familiar with Xcode.</p>
</div>
							<div class="author">
								&mdash; commented <span title="October 25th 2011, 4:04:22 pm">October 25th 2011</span>
								by <span class='authorname'>Henning Glatter-Gotz</span>
							</div>
						</li>
					
						<li class="comment">
							<div><p>Tried uninstalling all XCode&#x2F;SDK&#39;s, then reinstall just 4.2&#x2F;iOS 5 and got the same error. Uninstalled everything again, then installed just Xcode 3.26&#x2F;iOS 4.3 and still continue to get the error. I even tried setting the Min iOS target to be 5.0 without success.</p>
<p>Frustrating as this is holding up a deployment, I would have thought these Titanium iOS 5 issues would have been worked out by now.</p>
<pre><code class="hljs"><span class="hljs-keyword">post</span>-compile
ProcessProductPackaging <span class="hljs-string">"/Users/administrator/Library/MobileDevice/Provisioning Profiles/BC0DD129-4F59-44A0-9FE6-47D4FCAD65BF.mobileprovision"</span> <span class="hljs-string">"build/Debug-iphoneos/LA Fitness.app/embedded.mobileprovision"</span>
    <span class="hljs-keyword">cd</span> <span class="hljs-string">"/Users/administrator/Documents/Development/LA Fitness/build/iphone"</span>
    setenv PATH <span class="hljs-string">"/Developer/Platforms/iPhoneOS.platform/Developer/usr/bin:/Developer/usr/bin:/usr/bin:/bin:/usr/sbin:/sbin:/usr/local/bin:/usr/X11/bin:/opt/local/bin:/usr/local/git/bin"</span>
    &lt;com.apple.tools.product-pkg-utility&gt; <span class="hljs-string">"/Users/administrator/Library/MobileDevice/Provisioning Profiles/BC0DD129-4F59-44A0-9FE6-47D4FCAD65BF.mobileprovision"</span> -o <span class="hljs-string">"/Users/administrator/Documents/Development/LA Fitness/build/iphone/build/Debug-iphoneos/LA Fitness.app/embedded.mobileprovision"</span>

ProcessProductPackaging Resources/Entitlements.plist <span class="hljs-string">"build/LA Fitness.build/Debug-iphoneos/LA Fitness.build/LA Fitness.xcent"</span>
    <span class="hljs-keyword">cd</span> <span class="hljs-string">"/Users/administrator/Documents/Development/LA Fitness/build/iphone"</span>
    setenv PATH <span class="hljs-string">"/Developer/Platforms/iPhoneOS.platform/Developer/usr/bin:/Developer/usr/bin:/usr/bin:/bin:/usr/sbin:/sbin:/usr/local/bin:/usr/X11/bin:/opt/local/bin:/usr/local/git/bin"</span>
    &lt;com.apple.tools.product-pkg-utility&gt; <span class="hljs-string">"/Users/administrator/Documents/Development/LA Fitness/build/iphone/Resources/Entitlements.plist"</span> -entitlements -<span class="hljs-keyword">format</span> xml -o <span class="hljs-string">"/Users/administrator/Documents/Development/LA Fitness/build/iphone/build/LA Fitness.build/Debug-iphoneos/LA Fitness.build/LA Fitness.xcent"</span>

<span class="hljs-comment">** BUILD FAILED **</span>


The following build commands failed:
<span class="hljs-keyword">LA</span> Fitness:
    Ld <span class="hljs-string">"/Users/administrator/Documents/Development/LA Fitness/build/iphone/build/LA Fitness.build/Debug-iphoneos/LA Fitness.build/Objects-normal/armv6/LA Fitness"</span> normal armv6
(1 failure)

<span class="hljs-keyword">EXIT</span> CODE WAS: 1

Exception detected <span class="hljs-keyword">in</span> script:
Traceback (most recent call last):
  <span class="hljs-keyword">File</span> <span class="hljs-string">"/Library/Application Support/Titanium/mobilesdk/osx/1.8.0/iphone/builder.py"</span>, <span class="hljs-keyword">line</span> 1398, <span class="hljs-keyword">in</span> main
    execute_xcode(<span class="hljs-string">"iphoneos%s"</span> % iphone_version,<span class="hljs-keyword">args</span>,False)
  <span class="hljs-keyword">File</span> <span class="hljs-string">"/Library/Application Support/Titanium/mobilesdk/osx/1.8.0/iphone/builder.py"</span>, <span class="hljs-keyword">line</span> 1170, <span class="hljs-keyword">in</span> execute_xcode
    output = <span class="hljs-keyword">run</span>.<span class="hljs-keyword">run</span>(<span class="hljs-keyword">args</span>,False,False,o)
  <span class="hljs-keyword">File</span> <span class="hljs-string">"/Library/Application Support/Titanium/mobilesdk/osx/1.8.0/iphone/run.py"</span>, <span class="hljs-keyword">line</span> 39, <span class="hljs-keyword">in</span> <span class="hljs-keyword">run</span>
    sys.<span class="hljs-keyword">exit</span>(rc)
SystemExit: 1
</code></pre></div>
							<div class="author">
								&mdash; commented <span title="October 25th 2011, 10:33:30 pm">October 25th 2011</span>
								by <span class='authorname'>Mike Robinson</span>
							</div>
						</li>
					
						<li class="comment">
							<div><p>After reverting to XCode 3.2, I am getting this error when building directly from it:</p>
<pre><code class="hljs">Command /Developer/Platforms/iPhoneOS.platform/Developer/usr/bin/g++-<span class="hljs-number">4.2</span> failed with <span class="hljs-built_in">exit</span> code <span class="hljs-number">1</span>
</code></pre></div>
							<div class="author">
								&mdash; commented <span title="October 25th 2011, 10:39:36 pm">October 25th 2011</span>
								by <span class='authorname'>Mike Robinson</span>
							</div>
						</li>
					
						<li class="comment">
							<div><p>I doubt it will be helpful, but there were people experiencing similar issues during the iOS 5 betas (<a href="http:&#x2F;&#x2F;developer.appcelerator.com&#x2F;question&#x2F;120631&#x2F;ios-5#answer-216637">Previous Question</a>)</p>
</div>
							<div class="author">
								&mdash; commented <span title="October 26th 2011, 3:28:44 pm">October 26th 2011</span>
								by <span class='authorname'>Mike Robinson</span>
							</div>
						</li>
					
						<li class="comment">
							<div><p>Mike,</p>
<p>Thanks for your feedback. I am starting to really regret ever moving away from Ti Mobile 1.6.2 and Xcode 3.2.5.</p>
<p>I have burned up ridiculous amounts of time with this and related issues.</p>
<p>At the moment I am stripping out components of my app in hopes of getting back to a functioning build.</p>
<p>I came across <a href="http:&#x2F;&#x2F;developer.appcelerator.com&#x2F;question&#x2F;127385&#x2F;install-to-ios-device-error#answer-221920">this</a> just now. Interesting proposal. Might be worth a try.</p>
</div>
							<div class="author">
								&mdash; commented <span title="October 26th 2011, 3:40:44 pm">October 26th 2011</span>
								by <span class='authorname'>Henning Glatter-Gotz</span>
							</div>
						</li>
					
						<li class="comment">
							<div><p>I hear you, I normally wait a few weeks to update due to previous Titanium issues with new releases. However, this time I needed some of the new iOS 5 functionality for some custom modules I was making.</p>
<p>I finally got my app working again, however I am unable to use my module that has the iOS 5 functionality included. So what I had to do was uninstall all XCode &amp; SDK versions, then install Xcode 3.2.6&#x2F;iOS 4.3 and then reference the version of my module before I updated it for iOS 5.</p>
<p>Sadly, I don&#39;t know what this means for my app as I kind of needed the iOS 5 functionality, I was really hoping the module was already compiled and simply linked in, but apparently it isn&#39;t fully compiled as the previous SDK can&#39;t include it for distribution.</p>
</div>
							<div class="author">
								&mdash; commented <span title="October 26th 2011, 8:15:21 pm">October 26th 2011</span>
								by <span class='authorname'>Mike Robinson</span>
							</div>
						</li>
					
						<li class="comment">
							<div><p>Did some more extensive testing, and even re-installed iOS 5 again. What appears to be happening in my case is that the app runs fine under iOS 5, provided I do not include my module compiled under iOS 5. Using the pre-iOS 5 compilation works fine.</p>
<p>I tried re-creating the module using Xcode 4 and just copying &amp; pasting my module code over. Even the newly created module causes the error above.</p>
<p>One thing that might be of interest to the Titanium developers is that in XCode when I created a new file, File-&gt;New File the template picker does not show the Appcelerator templates for creating proxies, views, etc. I do not know how to install this on its own. Perhaps there is something missing needed for iOS 5 module integration.</p>
</div>
							<div class="author">
								&mdash; commented <span title="October 26th 2011, 9:56:03 pm">October 26th 2011</span>
								by <span class='authorname'>Mike Robinson</span>
							</div>
						</li>
					
						<li class="comment">
							<div><p>Thanks for posting your progress. As I mentioned I have started to pull apart the app and am trying to get back to a good state.</p>
<p>I had a module referenced in tiapp.xml and removed it. The build completes now.</p>
<p>But shortly after doing a few more tests I am running into this all too familiar and unpleasant problem:</p>
<pre><code class="hljs">Thread <span class="hljs-number">4</span> Crashed:
<span class="hljs-number">0</span>   myapp               <span class="hljs-number">0x002633cb</span> TiObjectSetProperty + <span class="hljs-number">107</span> (APICast.h:<span class="hljs-number">75</span>)
<span class="hljs-number">1</span>   myapp               <span class="hljs-number">0x00040685</span> -[KrollObject noteObject:forTiString:context:] + <span class="hljs-number">357</span> (KrollObject.m:<span class="hljs-number">1304</span>)
<span class="hljs-number">2</span>   myapp               <span class="hljs-number">0x0003cbbf</span> KrollGetProperty + <span class="hljs-number">833</span> (KrollObject.m:<span class="hljs-number">481</span>)
<span class="hljs-number">3</span>   myapp               <span class="hljs-number">0x002663bf</span> TI::TiCallbackObject&lt;TI::TiObject&gt;::getOwnPropertySlot(TI::TiExcState*, TI::Identifier <span class="hljs-keyword">const</span>&amp;, TI::PropertySlot&amp;) + <span class="hljs-number">467</span> (TiCallbackObjectFunctions.h:<span class="hljs-number">139</span>)
<span class="hljs-number">4</span>   myapp               <span class="hljs-number">0x002444ba</span> TI::TiValue::get(TI::TiExcState*, TI::Identifier <span class="hljs-keyword">const</span>&amp;, TI::PropertySlot&amp;) <span class="hljs-keyword">const</span> + <span class="hljs-number">210</span> (TiObject.h:<span class="hljs-number">387</span>)
<span class="hljs-number">5</span>   myapp               <span class="hljs-number">0x00241ab6</span> cti_op_get_by_id_generic + <span class="hljs-number">86</span> (JITStubs.cpp:<span class="hljs-number">1094</span>)
<span class="hljs-number">6</span>   ???                 <span class="hljs-number">0x0b5ec410</span> <span class="hljs-number">0</span> + <span class="hljs-number">190759952</span>
<span class="hljs-number">7</span>   myapp               <span class="hljs-number">0x001ff4c2</span> TI::Interpreter::execute(TI::ProgramExecutable*, TI::TiExcState*, TI::ScopeChainNode*, TI::TiObject*, TI::TiValue*) + <span class="hljs-number">648</span> (JITCode.h:<span class="hljs-number">84</span>)
<span class="hljs-number">8</span>   myapp               <span class="hljs-number">0x001ceef4</span> TI::evaluate(TI::TiExcState*, TI::ScopeChain&amp;, TI::SourceCode <span class="hljs-keyword">const</span>&amp;, TI::TiValue) + <span class="hljs-number">388</span> (Completion.cpp:<span class="hljs-number">67</span>)
<span class="hljs-number">9</span>   myapp               <span class="hljs-number">0x00248cd9</span> TiEvalScript + <span class="hljs-number">297</span> (TiBase.cpp:<span class="hljs-number">61</span>)
<span class="hljs-number">10</span>  myapp               <span class="hljs-number">0x000324dc</span> -[KrollBridge evalFileOnThread:context:] + <span class="hljs-number">1470</span> (KrollBridge.mm:<span class="hljs-number">418</span>)
<span class="hljs-number">11</span>  myapp               <span class="hljs-number">0x000351a2</span> -[KrollInvocation invoke:] + <span class="hljs-number">118</span> (KrollContext.mm:<span class="hljs-number">97</span>)
<span class="hljs-number">12</span>  myapp               <span class="hljs-number">0x00034419</span> -[KrollContext invokeOnThread:method:withObject:callback:selector:] + <span class="hljs-number">187</span> (KrollContext.mm:<span class="hljs-number">896</span>)
<span class="hljs-number">13</span>  myapp               <span class="hljs-number">0x0002fb59</span> -[KrollBridge evalFile:callback:selector:] + <span class="hljs-number">97</span> (KrollBridge.mm:<span class="hljs-number">440</span>)
<span class="hljs-number">14</span>  myapp               <span class="hljs-number">0x00031df4</span> -[KrollBridge didStartNewContext:] + <span class="hljs-number">1902</span> (KrollBridge.mm:<span class="hljs-number">570</span>)
<span class="hljs-number">15</span>  myapp               <span class="hljs-number">0x00036a73</span> -[KrollContext main] + <span class="hljs-number">2445</span> (KrollContext.mm:<span class="hljs-number">1054</span>)
<span class="hljs-number">16</span>  Foundation          <span class="hljs-number">0x006aad4c</span> -[NSThread main] + <span class="hljs-number">81</span>
<span class="hljs-number">17</span>  Foundation          <span class="hljs-number">0x006aacd8</span> __NSThread__main__ + <span class="hljs-number">1387</span>
<span class="hljs-number">18</span>  libSystem.B.dylib   <span class="hljs-number">0x926c9259</span> _pthread_start + <span class="hljs-number">345</span>
<span class="hljs-number">19</span>  libSystem.B.dylib   <span class="hljs-number">0x926c90de</span> thread_start + <span class="hljs-number">34</span>
</code></pre><p>I should probably open a separate thread for this one.</p>
</div>
							<div class="author">
								&mdash; commented <span title="October 26th 2011, 10:06:18 pm">October 26th 2011</span>
								by <span class='authorname'>Henning Glatter-Gotz</span>
							</div>
						</li>
					
						<li class="comment">
							<div><p>Mike, I can confirm your experience with the module. I had it build both with Xcode 3.2.5 and 4.2, neither worked.</p>
</div>
							<div class="author">
								&mdash; commented <span title="October 26th 2011, 10:15:52 pm">October 26th 2011</span>
								by <span class='authorname'>Henning Glatter-Gotz</span>
							</div>
						</li>
					
					</ul>
				
			</section>
		</footer>
		<aside class="vote-box">
			<div class="score"><span>5</span> Votes</div>
			<div class="answers"><span>4</span> Answers</div>
		</aside>
	</div>

	<hr>

	<h3>4 Answers</h3>

	
		<ul class="answers">
			
				<li class="answer">
				
					<article id="answer-221859">
				
						<section>
							<p>I am having problems with 1.7.3 and XCode4.2&#x2F;iOS 5 on Lion and have almost given up and 3 re-installs.  </p>
<p>So I feel your pain.</p>

						</section>
						<footer>
							<div class="author">
								&mdash; answered <span title="October 25th 2011, 6:35:24 pm">October 25th 2011</span>
								by <span class='authorname'>Dave Friedel</span><br>
								<a class="icon-bg icon-link" href="question/127359/distribute---app-store-fails-since-xcode-42-installation#answer-221859" rel="permalink">permalink</a>
							</div>

							<h5>3 Comments</h5>
							
								<ul class="comments">
								
									<li class="comment">
										<p><p><em>SOLUTION:</em></p>
<p>The error described here was caused by a module that was included in the project. Removing the module reference in tiapp.xml resolved this issue.</p>
<p>(Since I cannot mark my own answer (below) as BEST, I have added this here and marked this)</p>
</p>
										<div class="author">
											&mdash; commented <span title="October 28th 2011, 11:18:38 am">October 28th 2011</span>
											by <span class='authorname'>Henning Glatter-Gotz</span>
										</div>
									</li>
								
									<li class="comment">
										<p><p>I wouldn&#39;t mark this as an &quot;Accepted Answer,&quot; as this is simply a work around….I still need my module to work and there is no solution to that. With this marked as accepted, there is no motivation for anyone to actually fix the issue and consequently I am unable to bring iOS 5 functionality to my app.</p>
</p>
										<div class="author">
											&mdash; commented <span title="October 28th 2011, 2:54:16 pm">October 28th 2011</span>
											by <span class='authorname'>Mike Robinson</span>
										</div>
									</li>
								
									<li class="comment">
										<p><p>Mike,</p>
<p>In a way you are right, I guess I was ok with this since I can do without the module for now and figured it is just not yet compatible with either Xcode4.2 or iOS5 or both.</p>
<p>In my case it is the open source version of the TestFlight module that can be found <a href="https:&#x2F;&#x2F;github.com&#x2F;DamageStudios&#x2F;testflight-module">here</a>.</p>
<p>What is frustrating is that I am seeing so many questions where Appcelerator staff respond within a reasonable timeframe with a short inquiry and then never come back.</p>
<p>My problem now is the random crashes that still have everything at a complete halt for me.</p>
<p>Next step might be to abandon 1.7.x once again in favor of 1.6.2 and Xcode 3.2.5.</p>
</p>
										<div class="author">
											&mdash; commented <span title="October 28th 2011, 3:13:39 pm">October 28th 2011</span>
											by <span class='authorname'>Henning Glatter-Gotz</span>
										</div>
									</li>
								
								</ul>
							
						</footer>
						<aside class="vote-box">
							<div class="score"><span>3</span> Votes</div>
						</aside>
					</article>
				</li>
			
				<li class="answer">
				
					<article id="answer-222674">
				
						<section>
							<p><strong>THIS IS HOW I SOLVED THIS PROBLEM</strong></p>
<p>The module that was included in this project had to be rebuilt with architecture armv6 instead of armv7.</p>
<p>The steps to rebuild it are as follows:</p>
<ul>
<li>In Xcode 4.2 open the module project file</li>
<li>In <em>Build Settings</em> under <em>Architectures</em> click <em>more</em> and add armv6</li>
<li>Save and close the project</li>
<li>Rebuild the module using the build.py script in the module folder</li>
<li>Replace the current module in the Titanium Module directory</li>
<li>Rebuild in Ti Studio</li>
</ul>

						</section>
						<footer>
							<div class="author">
								&mdash; answered <span title="November 5th 2011, 7:59:54 pm">November 5th 2011</span>
								by <span class='authorname'>Henning Glatter-Gotz</span><br>
								<a class="icon-bg icon-link" href="question/127359/distribute---app-store-fails-since-xcode-42-installation#answer-222674" rel="permalink">permalink</a>
							</div>

							<h5>3 Comments</h5>
							
								<ul class="comments">
								
									<li class="comment">
										<p><p>Hey, glad to hear you got it working…..I&#39;m still having issues. What exactly are you putting for the Architectures?</p>
<p>Following your example, mine now says armv6 $(ARCHS_STANDARD_32_BIT). However, I am still getting the error after cleaning everything &amp; rebuilding.</p>
</p>
										<div class="author">
											&mdash; commented <span title="November 9th 2011, 9:50:59 pm">November 9th 2011</span>
											by <span class='authorname'>Mike Robinson</span>
										</div>
									</li>
								
									<li class="comment">
										<p><p>Just to be sure, you are rebuilding and reinstalling the module, right?</p>
</p>
										<div class="author">
											&mdash; commented <span title="November 9th 2011, 11:57:56 pm">November 9th 2011</span>
											by <span class='authorname'>Henning Glatter-Gotz</span>
										</div>
									</li>
								
									<li class="comment">
										<p><p>Yes, I&#39;m doing all of that and cleaning my project…it&#39;s really frustrating. By the way, the directions now appear in the <a href="http:&#x2F;&#x2F;wiki.appcelerator.org&#x2F;display&#x2F;guides&#x2F;iOS+Module+Development+Guide#iOSModuleDevelopmentGuide-">module development guide</a>, however it is exactly what I was doing.</p>
</p>
										<div class="author">
											&mdash; commented <span title="November 15th 2011, 4:02:01 am">November 15th 2011</span>
											by <span class='authorname'>Mike Robinson</span>
										</div>
									</li>
								
								</ul>
							
						</footer>
						<aside class="vote-box">
							<div class="score"><span>2</span> Votes</div>
						</aside>
					</article>
				</li>
			
				<li class="answer">
				
					<article id="answer-236678">
				
						<section>
							<p>I thought I&#39;d add my note here in case it trips anyone else up:</p>
<p>In my case, I had redefined the CC environment variable to point to my local installation of gcc. It looks like the build.py script relies on the CC variable, and it doesn&#39;t work when using a different compiler than specified in the Xcode build configuration.</p>

						</section>
						<footer>
							<div class="author">
								&mdash; answered <span title="April 19th 2012, 10:36:22 pm">April 19th 2012</span>
								by <span class='authorname'>Joseph Jaramillo</span><br>
								<a class="icon-bg icon-link" href="question/127359/distribute---app-store-fails-since-xcode-42-installation#answer-236678" rel="permalink">permalink</a>
							</div>

							<h5>0 Comments</h5>
							
						</footer>
						<aside class="vote-box">
							<div class="score"><span>0</span> Votes</div>
						</aside>
					</article>
				</li>
			
				<li class="answer">
				
					<article id="answer-221969">
				
						<section>
							<p>The error described here was caused by a module that was included in the project. Removing the module reference in tiapp.xml resolved this issue.</p>

						</section>
						<footer>
							<div class="author">
								&mdash; answered <span title="October 26th 2011, 10:17:47 pm">October 26th 2011</span>
								by <span class='authorname'>Henning Glatter-Gotz</span><br>
								<a class="icon-bg icon-link" href="question/127359/distribute---app-store-fails-since-xcode-42-installation#answer-221969" rel="permalink">permalink</a>
							</div>

							<h5>0 Comments</h5>
							
						</footer>
						<aside class="vote-box">
							<div class="score"><span>-2</span> Votes</div>
						</aside>
					</article>
				</li>
			
		</ul>
	
</article>

		</div>
		<div class="col-sm-3"></div>
	</div>
	<div class="row"><div class="signoff">The ownership of individual contributions to this community generated content is retained by the authors of their contributions.<br>All trademarks remain the property of the respective owner.</div></div>
</main>


</body>
</html>
