<!doctype html>
<html>
<head>
	<meta http-equiv="X-UA-Compatible" content="IE=Edge,chrome=1">
	<meta http-equiv="Content-Type" content="text/html; charset=UTF-8">
	<meta charset="utf-8">
	
		<title>Error when build app that uses my module Â» Community Questions &amp; Answers </title>
	
	<meta name="viewport" content="width=device-width,initial-scale=1">
	<link href="../../related/favicon.png" rel="shortcut icon" type="image/png">
	<link href="//fonts.googleapis.com/css?family=Open+Sans:300,400,500,600,700" rel="stylesheet" type="text/css">
	<link href="//d3ilu1xuwhtfe2.cloudfront.net/e8e0ebd/css/style.css" rel="stylesheet" type="text/css">
	<link href="../../related/qa.css" rel="stylesheet" type="text/css">
	<link href="../../related/hybrid.css" rel="stylesheet" type="text/css">
	
	<link href="../../related/overrides.css" rel="stylesheet" type="text/css">
</head>
<body>

<div class='mast'>    <div class='container'>        <div class='row'>            <div class='col-sm-12'>                <div class='masthead'><h1>Titanium Community Questions & Answer Archive</h1><h2>We felt that 6+ years of knowledge should not die so this is the Titanium Community Questions &amp; Answer Archive</h2></div>            </div>        </div>    </div></div>

<main class="container">
	<div class="row">
		<div class="col-sm-12">
			
		</div>
	</div>
	<div class="row">
		<div class="col-sm-12">
			<article class="question-container">
	<div class="question">
		<header>
			<h1>Error when build app that uses my module</h1>
		</header>
		<section>
			<p>Searched for this error on forums but couldn&#39;t find it so asking.</p>
<p>I get:<br>[ERROR] Could not find the following required iOS modules:<br>[ERROR]    id: a.testmodule    version: 0.1<br>[ERROR] Error: Traceback (most recent call last):<br>  File &quot;&#x2F;Users&#x2F;&lt;username&gt;&#x2F;Library&#x2F;Application Support&#x2F;Titanium&#x2F;mobilesdk&#x2F;osx&#x2F;2.1.0.GA&#x2F;iphone&#x2F;builder.py&quot;, line 809, in main<br>    exit(1)<br>  File &quot;&#x2F;System&#x2F;Library&#x2F;Frameworks&#x2F;Python.framework&#x2F;Versions&#x2F;2.7&#x2F;lib&#x2F;python2.7&#x2F;site.py&quot;, line 364, in <strong>call</strong><br>    raise SystemExit(code)<br>SystemExit: 1</p>
<p>when I try to build my app using my built successfully module.</p>
<p>SDK 2.1.0.GA, Mac OS X 10.7.4</p>

		</section>
		<footer>
			<div class="author">
				&mdash; asked <span title="July 20th 2012, 6:34:51 am">July 20th 2012</span>
				by <span class='authorname'>David Price</span>
			</div>

			
				<ul class="tags">
					
						<li><span class='tagname'>build</span></li>
					
						<li><span class='tagname'>ios</span></li>
					
						<li><span class='tagname'>mobile</span></li>
					
						<li><span class='tagname'>module</span></li>
					
				</ul>
			

			<section>
				<h5>4 Comments</h5>
				
					<ul class="comments">
					
						<li class="comment">
							<div><p>wow, the preview looks nothing like the result</p>
</div>
							<div class="author">
								&mdash; commented <span title="July 20th 2012, 6:36:12 am">July 20th 2012</span>
								by <span class='authorname'>David Price</span>
							</div>
						</li>
					
						<li class="comment">
							<div><p>There was also a</p>
<pre><code class="hljs">[INFO] Installing module: /Users/&lt;username&gt;/Library/Application Support/Titanium/<span class="hljs-tag">a</span><span class="hljs-class">.testmodule-iphone-0</span>.<span class="hljs-number">1</span><span class="hljs-class">.zip</span>
[WARN] Could not find Titanium Module id: <span class="hljs-tag">a</span><span class="hljs-class">.testmodule</span>, version: <span class="hljs-number">0.1</span>, platform: iphone
</code></pre><p>prior to the error message.<br>which i can&#39;t understand.<br>Info installing and then Warn i can&#39;t find what i just installed ????</p>
</div>
							<div class="author">
								&mdash; commented <span title="July 20th 2012, 6:43:03 am">July 20th 2012</span>
								by <span class='authorname'>David Price</span>
							</div>
						</li>
					
						<li class="comment">
							<div><p>the module does seem to be installed in:</p>
<p>&#x2F;Users&#x2F;&lt;username&gt;&#x2F;Library&#x2F;Application Support&#x2F;Titanium&#x2F;modules&#x2F;iphone&#x2F;a.testmodule&#x2F;0.1</p>
<p>as</p>
<p>liba.testmodule.a</p>
</div>
							<div class="author">
								&mdash; commented <span title="July 20th 2012, 6:55:37 am">July 20th 2012</span>
								by <span class='authorname'>David Price</span>
							</div>
						</li>
					
						<li class="comment">
							<div><p>And yes, I have done a clean build.</p>
</div>
							<div class="author">
								&mdash; commented <span title="July 20th 2012, 7:21:01 am">July 20th 2012</span>
								by <span class='authorname'>David Price</span>
							</div>
						</li>
					
					</ul>
				
			</section>
		</footer>
		<aside class="vote-box">
			<div class="score"><span>1</span> Vote</div>
			<div class="answers"><span>3</span> Answers</div>
		</aside>
	</div>

	<hr>

	<h3>3 Answers</h3>

	
		<ul class="answers">
			
				<li class="answer">
				
					<article id="answer-244200">
				
						<section>
							<p>I have also tried to use a different project that didn&#39;t use any modules.<br>To make it use one of the modules that other projects DO work with.<br>and get:</p>
<pre><code class="hljs">[INFO] <span class="hljs-keyword">One</span> moment, building ...
[WARN] Could not find Titanium Module id: co.ui.modulea, <span class="hljs-keyword">version</span>: 1.0, platform: iphone
[<span class="hljs-keyword">ERROR</span>] Could not find the following required iOS modules:
[<span class="hljs-keyword">ERROR</span>]    id: co.ui.modulea    <span class="hljs-keyword">version</span>: 1.0
[<span class="hljs-keyword">ERROR</span>] <span class="hljs-keyword">Error</span>: Traceback (most recent call last):
  <span class="hljs-keyword">File</span> <span class="hljs-string">"/Users/&lt;username&gt;/Library/Application Support/Titanium/mobilesdk/osx/2.1.1.GA/iphone/builder.py"</span>, <span class="hljs-keyword">line</span> 807, <span class="hljs-keyword">in</span> main
    <span class="hljs-keyword">exit</span>(1)
  <span class="hljs-keyword">File</span> <span class="hljs-string">"/System/Library/Frameworks/Python.framework/Versions/2.7/lib/python2.7/site.py"</span>, <span class="hljs-keyword">line</span> 364, <span class="hljs-keyword">in</span> __call__
    raise SystemExit(code)
SystemExit: 1
</code></pre><p>I did notice however, that if i went back to sdk 1.8.2 it did build but generated an exception on</p>
<pre><code class="hljs">  <span class="hljs-keyword">var</span>  ModuleA  = <span class="hljs-built_in">require</span>( <span class="hljs-string">'CO.UI.ModuleA'</span> );
</code></pre><p>Until I changed the tiapp.xml to have CASE SENSITIVE entries e.g.</p>
<pre><code class="hljs">        &lt;<span class="hljs-keyword">module</span> <span class="hljs-keyword">version</span>=<span class="hljs-string">"1.0"</span>&gt;CO.UI.ModuleA&lt;/<span class="hljs-keyword">module</span>&gt;
</code></pre><p>instead of</p>
<pre><code class="hljs">        &lt;<span class="hljs-keyword">module</span> <span class="hljs-keyword">version</span>=<span class="hljs-string">"1.0"</span>&gt;co.ui.modulea&lt;/<span class="hljs-keyword">module</span>&gt;
</code></pre><p>Using the overview tab of tiapp.xml pressing the + in the &#39;Modules&#39; area seems to add the module with all lowercase characters !!!</p>
<p>Curiously when it has been changed to the correct case it appears in the overview tab with a yellow triangle containing an exclamation mark saying it is not supported !<br>However the build AND simulator(s) AND device(s) say otherwise.</p>
<p>Hope this helps someone else</p>

						</section>
						<footer>
							<div class="author">
								&mdash; answered <span title="August 1st 2012, 9:04:16 am">August 1st 2012</span>
								by <span class='authorname'>David Price</span><br>
								<a class="icon-bg icon-link" href="../../question/139946/error-when-build-app-that-uses-my-module.html#answer-244200" rel="permalink">permalink</a>
							</div>

							<h5>0 Comments</h5>
							
						</footer>
						<aside class="vote-box">
							<div class="score"><span>0</span> Votes</div>
						</aside>
					</article>
				</li>
			
				<li class="answer">
				
					<article id="answer-243490">
				
						<section>
							<p>You have to install the module under &#x2F;Library&#x2F;&#x2F;Application Support&#x2F;Titanium&#x2F;modules&#x2F;iphone&#x2F;</p>

						</section>
						<footer>
							<div class="author">
								&mdash; answered <span title="July 20th 2012, 9:22:42 am">July 20th 2012</span>
								by <span class='authorname'>Rainer Schleevoigt</span><br>
								<a class="icon-bg icon-link" href="../../question/139946/error-when-build-app-that-uses-my-module.html#answer-243490" rel="permalink">permalink</a>
							</div>

							<h5>2 Comments</h5>
							
								<ul class="comments">
								
									<li class="comment">
										<p><p>Even though there is no such directory and the other modules e.g. ti.compression are installed and detected in :</p>
<p>&#x2F;Users&#x2F;&lt;username&gt;&#x2F;Library&#x2F;Application Support&#x2F;Titanium&#x2F;modules&#x2F;iphone&#x2F;</p>
<p>?</p>
</p>
										<div class="author">
											&mdash; commented <span title="July 20th 2012, 9:48:41 am">July 20th 2012</span>
											by <span class='authorname'>David Price</span>
										</div>
									</li>
								
									<li class="comment">
										<p><p>-1 as errant information.</p>
</p>
										<div class="author">
											&mdash; commented <span title="July 20th 2012, 7:14:30 pm">July 20th 2012</span>
											by <span class='authorname'>Stephen Feather</span>
										</div>
									</li>
								
								</ul>
							
						</footer>
						<aside class="vote-box">
							<div class="score"><span>-2</span> Votes</div>
						</aside>
					</article>
				</li>
			
				<li class="answer">
				
					<article id="answer-243496">
				
						<section>
							<p>Hi David,Not sure by looking at the error log which you provided the exact cause of this error,<br>but one thing you can try is, UPDATE your markdown parser from the following<br><a href="https:&#x2F;&#x2F;github.com&#x2F;trentm&#x2F;python-markdown2">link:</a> and that should resolve this error.</p>
<p>it seems to relate with python and that is a possible solution which i tried at my end and get it resolved.</p>
<p>Steps to upgrade md are :</p>
<ol>
<li>Download the latest release from <a href="http:&#x2F;&#x2F;code.google.com&#x2F;p&#x2F;python-markdown2&#x2F;">http:&#x2F;&#x2F;code.google.com&#x2F;p&#x2F;python-markdown2&#x2F;</a></li>
<li>Unzip the resulting download</li>
<li>Using the setup.py script in the directory that was created from expanding the zip file you downloaded, install with <code>sudo python setup.py install</code></li>
<li>Re-run build.py</li>
</ol>

						</section>
						<footer>
							<div class="author">
								&mdash; answered <span title="July 20th 2012, 12:15:59 pm">July 20th 2012</span>
								by <span class='authorname'>Ashish Nigam</span><br>
								<a class="icon-bg icon-link" href="../../question/139946/error-when-build-app-that-uses-my-module.html#answer-243496" rel="permalink">permalink</a>
							</div>

							<h5>3 Comments</h5>
							
								<ul class="comments">
								
									<li class="comment">
										<p><p>Weeell, I did:</p>
<pre><code class="hljs">running install
running build
running build_py
creating build
creating build/<span class="hljs-class"><span class="hljs-keyword">lib</span></span>
copying <span class="hljs-class"><span class="hljs-keyword">lib</span>/<span class="hljs-title">markdown2</span>.<span class="hljs-title">py</span> -&gt; <span class="hljs-title">build</span>/<span class="hljs-title">lib</span></span>
running build_scripts
creating build/scripts-<span class="hljs-number">2.7</span>
copying and adjusting bin/markdown2 -&gt; build/scripts-<span class="hljs-number">2.7</span>
changing mode <span class="hljs-keyword">of</span> build/scripts-<span class="hljs-number">2.7</span>/markdown2 from <span class="hljs-number">644</span> to <span class="hljs-number">755</span>
running install_lib
copying build/<span class="hljs-class"><span class="hljs-keyword">lib</span>/<span class="hljs-title">markdown2</span>.<span class="hljs-title">py</span> -&gt; /<span class="hljs-title">Library</span>/<span class="hljs-title">Python</span>/2.7/<span class="hljs-title">site</span>-<span class="hljs-title">packages</span></span>
byte-compiling /<span class="hljs-constant">Library</span>/<span class="hljs-constant">Python</span>/<span class="hljs-number">2.7</span>/site-packages/markdown2.py to markdown2.pyc
running install_scripts
copying build/scripts-<span class="hljs-number">2.7</span>/markdown2 -&gt; <span class="hljs-regexp">/usr/local</span><span class="hljs-regexp">/bin
changing mode of /usr</span><span class="hljs-regexp">/local/bin</span><span class="hljs-regexp">/markdown2 to 755
running install_egg_info
Writing /</span><span class="hljs-constant">Library</span>/<span class="hljs-constant">Python</span>/<span class="hljs-number">2.7</span>/site-packages/markdown2-<span class="hljs-number">2.0</span>.<span class="hljs-number">2</span>-py2.<span class="hljs-number">7</span>.egg-info
</code></pre><p>does that look right ?</p>
<p>because i get the exact same error when I try to run the titanium app with my module</p>
</p>
										<div class="author">
											&mdash; commented <span title="July 20th 2012, 1:04:19 pm">July 20th 2012</span>
											by <span class='authorname'>David Price</span>
										</div>
									</li>
								
									<li class="comment">
										<p><p>i did not get it exactly, what you mean to ask with this log message. just do 3 steps<br>1: go to this <a href="https:&#x2F;&#x2F;github.com&#x2F;trentm&#x2F;python-markdown2">link</a><br>2: click on zip button right to clone in mac<br>3: unzip it and run <code>sudo python setup.py install</code></p>
<p>then package you module again and use it with titanium application.</p>
</p>
										<div class="author">
											&mdash; commented <span title="July 20th 2012, 1:31:39 pm">July 20th 2012</span>
											by <span class='authorname'>Ashish Nigam</span>
										</div>
									</li>
								
									<li class="comment">
										<p><p>Yep thats what i did, and the above is the output from step 3.</p>
<p>I then rebuilt module successfully and re-ran app in titanium which detected module and installed it, and then promptly said it couldn&#39;t find it again.</p>
</p>
										<div class="author">
											&mdash; commented <span title="July 20th 2012, 1:46:23 pm">July 20th 2012</span>
											by <span class='authorname'>David Price</span>
										</div>
									</li>
								
								</ul>
							
						</footer>
						<aside class="vote-box">
							<div class="score"><span>-2</span> Votes</div>
						</aside>
					</article>
				</li>
			
		</ul>
	
</article>

		</div>
		<div class="col-sm-3"></div>
	</div>
	<div class="row"><div class="signoff">The ownership of individual contributions to this community generated content is retained by the authors of their contributions.<br>All trademarks remain the property of the respective owner.</div></div>
</main>


</body>
</html>
