<!doctype html>
<html>
<head>
	<meta http-equiv="X-UA-Compatible" content="IE=Edge,chrome=1">
	<meta http-equiv="Content-Type" content="text/html; charset=UTF-8">
	<meta charset="utf-8">
	
		<title>Android emulator is not running » Community Questions &amp; Answers </title>
	
	<meta name="viewport" content="width=device-width,initial-scale=1">
	<link href="../../related/favicon.png" rel="shortcut icon" type="image/png">
	<link href="//fonts.googleapis.com/css?family=Open+Sans:300,400,500,600,700" rel="stylesheet" type="text/css">
	<link href="//d3ilu1xuwhtfe2.cloudfront.net/e8e0ebd/css/style.css" rel="stylesheet" type="text/css">
	<link href="../../related/qa.css" rel="stylesheet" type="text/css">
	<link href="../../related/hybrid.css" rel="stylesheet" type="text/css">
	
	<link href="../../related/overrides.css" rel="stylesheet" type="text/css">
</head>
<body>

<div class='mast'>    <div class='container'>        <div class='row'>            <div class='col-sm-12'>                <div class='masthead'><h1>Titanium Community Questions & Answer Archive</h1><h2>We felt that 6+ years of knowledge should not die so this is the Titanium Community Questions &amp; Answer Archive</h2></div>            </div>        </div>    </div></div>

<main class="container">
	<div class="row">
		<div class="col-sm-12">
			
		</div>
	</div>
	<div class="row">
		<div class="col-sm-12">
			<article class="question-container">
	<div class="question">
		<header>
			<h1>Android emulator is not running</h1>
		</header>
		<section>
			<p>Hi All,</p>
<p>I&#39;m running titanium 3.1.3.201309132423  on Windows 7 64 bit machine. When i try to run the very 1st app on the android emulator, the emulator doesn&#39;t run. In the console I get the following error message =&gt;</p>
<p>[INFO] :   Running emulator process: python &quot;C:\Users\G6\AppData\Roaming\Titanium\mobilesdk\win32\3.1.3.GA\android\builder.py&quot; &quot;emulator&quot; &quot;1stApp&quot; &quot;C:\Users\G6&quot; &quot;E:\titanium\1stApp&quot; &quot;myapps101.wordpress.com.firstApp&quot; &quot;10&quot; &quot;WVGA854&quot; &quot;armeabi&quot;<br>[INFO] :   Running build process:  python &quot;C:\Users\G6\AppData\Roaming\Titanium\mobilesdk\win32\3.1.3.GA\android\builder.py&quot; &quot;simulator&quot; &quot;1stApp&quot; &quot;C:\Users\G6&quot; &quot;E:\titanium\1stApp&quot; &quot;myapps101.wordpress.com.firstApp&quot; &quot;10&quot; &quot;WVGA854&quot;<br>[ERROR] :  Emulator process exited with code 1<br>[INFO] :   Project built successfully in 426ms<br>[INFO] :   Emulator not running, exiting…</p>
<p>I haven&#39;t changed anything in the code. I tried going through the forum but didn&#39;t find a solution. I&#39;m new to titanium so please help</p>

		</section>
		<footer>
			<div class="author">
				&mdash; asked <span title="October 22nd 2013, 7:29:48 am">October 22nd 2013</span>
				by <span class='authorname'>Sarani Mendis</span>
			</div>

			
				<ul class="tags">
					
						<li><span class='tagname'>android</span></li>
					
						<li><span class='tagname'>emulator</span></li>
					
						<li><span class='tagname'>error</span></li>
					
						<li><span class='tagname'>windows</span></li>
					
				</ul>
			

			<section>
				<h5>1 Comment</h5>
				
					<ul class="comments">
					
						<li class="comment">
							<div><p><strong>clean your project and change SDK and then run.</strong></p>
</div>
							<div class="author">
								&mdash; commented <span title="October 22nd 2013, 7:33:25 am">October 22nd 2013</span>
								by <span class='authorname'>Sanat Mamtora</span>
							</div>
						</li>
					
					</ul>
				
			</section>
		</footer>
		<aside class="vote-box">
			<div class="score"><span>0</span> Votes</div>
			<div class="answers"><span>1</span> Answer</div>
		</aside>
	</div>

	<hr>

	<h3>1 Answer</h3>

	
		<ul class="answers">
			
				<li class="answer">
				
					<article id="answer-270248">
				
						<section>
							<p>&quot;Resolved it by copying the platform-tools files to build-tools files in the Android SDK Folder. See this <strong><a href="http:&#x2F;&#x2F;developer.appcelerator.com&#x2F;question&#x2F;152497&#x2F;titanium-sdk-310-error-typeerror-argument-of-type-nonetype-is-not-iterable-on-building-android-app%22">Link</a></strong> for solution. thanx..</p>

						</section>
						<footer>
							<div class="author">
								&mdash; answered <span title="October 22nd 2013, 7:47:50 am">October 22nd 2013</span>
								by <span class='authorname'>Sanat Mamtora</span><br>
								<a class="icon-bg icon-link" href="question/158651/android-emulator-is-not-running#answer-270248" rel="permalink">permalink</a>
							</div>

							<h5>1 Comment</h5>
							
								<ul class="comments">
								
									<li class="comment">
										<p><p>Thanks for the quick reply. I tried your 1st method it didn&#39;t work. instead I got this error =&gt;</p>
<p>[INFO] :   Found Alloy app in E:\titanium\myapps101.wordpress.com.SecondApp\app<br>[INFO] :   Executing Alloy compile: alloy.cmd compile E:\titanium\myapps101.wordpress.com.SecondApp\app –config platform=android,version=0,simtype=none,devicefamily=none,deploytype=development<br>[INFO] :   —– MVC GENERATION —–<br>[INFO] :   [index.xml] view processing…<br>[INFO] :     style:      &quot;index.tss&quot;<br>[INFO] :     view:       &quot;index.xml&quot;<br>[INFO] :     controller: &quot;index.js&quot;<br>[INFO] :     created:    &quot;Resources\alloy\controllers\index.js&quot;<br>[INFO] :     created:     &quot;Resources\alloy\styles\index.js&quot;<br>[INFO] :<br>[INFO] :   [app.js] Titanium entry point processing…<br>[INFO] :     created:    &quot;Resources\app.js&quot;<br>[INFO] :<br>[INFO] :   —– OPTIMIZING —–<br>[INFO] :   - alloy.js<br>[INFO] :   - alloy\backbone.js<br>[INFO] :   - alloy\constants.js<br>[INFO] :   - alloy\underscore.js<br>[INFO] :   - alloy\widget.js<br>[INFO] :   - alloy\controllers\BaseController.js<br>[INFO] :   - alloy\controllers\index.js<br>[INFO] :   - alloy\styles\index.js<br>[INFO] :   - alloy\sync\localStorage.js<br>[INFO] :   - alloy\sync\properties.js<br>[INFO] :   - alloy\sync\sql.js<br>[INFO] :   - alloy\sync\util.js<br>[INFO] :   - android\alloy\CFG.js<br>[INFO] :<br>[INFO] :   Alloy compiled in 0.81148s<br>[INFO] :   Alloy compiler completed successfully<br>[INFO] :   Running emulator process: python &quot;C:\Users\G6\AppData\Roaming\Titanium\mobilesdk\win32\3.1.3.GA\android\builder.py&quot; &quot;emulator&quot; &quot;myapps101.wordpress.com.SecondApp&quot; &quot;C:\Users\G6&quot; &quot;E:\titanium\myapps101.wordpress.com.SecondApp&quot; &quot;myapps101.wordpress.com.SecondApp&quot; &quot;10&quot; &quot;WVGA854&quot; &quot;armeabi&quot;<br>[INFO] :   Running build process:  python &quot;C:\Users\G6\AppData\Roaming\Titanium\mobilesdk\win32\3.1.3.GA\android\builder.py&quot; &quot;simulator&quot; &quot;myapps101.wordpress.com.SecondApp&quot; &quot;C:\Users\G6&quot; &quot;E:\titanium\myapps101.wordpress.com.SecondApp&quot; &quot;myapps101.wordpress.com.SecondApp&quot; &quot;10&quot; &quot;WVGA854&quot;<br>Traceback (most recent call last):<br>  File &quot;C:\Users\G6\AppData\Roaming\Titanium\mobilesdk\win32\3.1.3.GA\android\builder.py&quot;, line 15, in &lt;module&gt;<br>    from compiler import Compiler<br>  File &quot;C:\Users\G6\AppData\Roaming\Titanium\mobilesdk\win32\3.1.3.GA\android\compiler.py&quot;, line 15, in &lt;module&gt;<br>    import bindings<br>  File &quot;C:\Users\G6\AppData\Roaming\Titanium\mobilesdk\win32\3.1.3.GA\android\bindings.py&quot;, line 18, in &lt;module&gt;<br>    module_jars = json.loads(open(modules_json, &#39;r&#39;).read())<br>  File &quot;C:\Users\G6\AppData\Roaming\Titanium\mobilesdk\win32\3.1.3.GA\common\simplejson__init__.py&quot;, line 307, in loads<br>    return _default_decoder.decode(s)<br>  File &quot;C:\Users\G6\AppData\Roaming\Titanium\mobilesdk\win32\3.1.3.GA\common\simplejson\decoder.py&quot;, line 335, in decode<br>    obj, end = self.raw_decode(s, idx=_w(s, 0).end())<br>  File &quot;C:\Users\G6\AppData\Roaming\Titanium\mobilesdk\win32\3.1.3.GA\common\simplejson\decoder.py&quot;, line 353, in raw_decode<br>    raise ValueError(&quot;No JSON object could be decoded&quot;)<br>ValueError: No JSON object could be decoded<br>[ERROR] :  Build process exited with code 1<br>[ERROR] Application Installer abnormal process termination. Process exit value was 1</p>
<p>I tried your 2nd solution but can&#39;t find the folders(build-tool &amp; platform-tools).</p>
</p>
										<div class="author">
											&mdash; commented <span title="October 22nd 2013, 11:15:54 am">October 22nd 2013</span>
											by <span class='authorname'>Sarani Mendis</span>
										</div>
									</li>
								
								</ul>
							
						</footer>
						<aside class="vote-box">
							<div class="score"><span>0</span> Votes</div>
						</aside>
					</article>
				</li>
			
		</ul>
	
</article>

		</div>
		<div class="col-sm-3"></div>
	</div>
	<div class="row"><div class="signoff">The ownership of individual contributions to this community generated content is retained by the authors of their contributions.<br>All trademarks remain the property of the respective owner.</div></div>
</main>


</body>
</html>
