<!doctype html>
<html>
<head>
	<meta http-equiv="X-UA-Compatible" content="IE=Edge,chrome=1">
	<meta http-equiv="Content-Type" content="text/html; charset=UTF-8">
	<meta charset="utf-8">
	
		<title>Android Build Error » Community Questions &amp; Answers </title>
	
	<meta name="viewport" content="width=device-width,initial-scale=1">
	<link href="../../related/favicon.png" rel="shortcut icon" type="image/png">
	<link href="//fonts.googleapis.com/css?family=Open+Sans:300,400,500,600,700" rel="stylesheet" type="text/css">
	<link href="//d3ilu1xuwhtfe2.cloudfront.net/e8e0ebd/css/style.css" rel="stylesheet" type="text/css">
	<link href="../../related/qa.css" rel="stylesheet" type="text/css">
	<link href="../../related/hybrid.css" rel="stylesheet" type="text/css">
	
	<link href="../../related/overrides.css" rel="stylesheet" type="text/css">
</head>
<body>

<div class='mast'>    <div class='container'>        <div class='row'>            <div class='col-sm-12'>                <div class='masthead'><h1>Titanium Community Questions & Answer Archive</h1><h2>We felt that 6+ years of knowledge should not die so this is the Titanium Community Questions &amp; Answer Archive</h2></div>            </div>        </div>    </div></div>

<main class="container">
	<div class="row">
		<div class="col-sm-12">
			
		</div>
	</div>
	<div class="row">
		<div class="col-sm-12">
			<article class="question-container">
	<div class="question">
		<header>
			<h1>Android Build Error</h1>
		</header>
		<section>
			<p>I installed some new packages (like Google Play Services) and updated some existing packages in the Android Manager and now when I try to rebuild the app that I am working on I get the following error:</p>
<pre><code class="hljs">[TRACE] Writing out AndroidManifest.xml
[ERROR] Exception occured while building Android project:
[ERROR] Traceback (most recent <span class="hljs-operator"><span class="hljs-keyword">call</span> <span class="hljs-keyword">last</span>):
[<span class="hljs-keyword">ERROR</span>]   <span class="hljs-keyword">File</span> <span class="hljs-string">"/Users/stoyan/Library/Application Support/Titanium/mobilesdk/osx/3.1.0.GA/android/builder.py"</span>, line <span class="hljs-number">2553</span>, <span class="hljs-keyword">in</span> &lt;<span class="hljs-keyword">module</span>&gt;
[<span class="hljs-keyword">ERROR</span>]     builder.build_and_run(<span class="hljs-literal">True</span>, avd_id, device_args=device_args, debugger_host=debugger_host, profiler_host=profiler_host)
[<span class="hljs-keyword">ERROR</span>]   <span class="hljs-keyword">File</span> <span class="hljs-string">"/Users/stoyan/Library/Application Support/Titanium/mobilesdk/osx/3.1.0.GA/android/builder.py"</span>, line <span class="hljs-number">2264</span>, <span class="hljs-keyword">in</span> build_and_run
[<span class="hljs-keyword">ERROR</span>]     <span class="hljs-keyword">self</span>.manifest_changed = <span class="hljs-keyword">self</span>.generate_android_manifest(compiler)
[<span class="hljs-keyword">ERROR</span>]   <span class="hljs-keyword">File</span> <span class="hljs-string">"/Users/stoyan/Library/Application Support/Titanium/mobilesdk/osx/3.1.0.GA/android/builder.py"</span>, line <span class="hljs-number">1404</span>, <span class="hljs-keyword">in</span> generate_android_manifest
[<span class="hljs-keyword">ERROR</span>]     <span class="hljs-string">'-I'</span>, <span class="hljs-keyword">self</span>.android_jar], warning_regex=r<span class="hljs-string">'skipping'</span>)
[<span class="hljs-keyword">ERROR</span>]   <span class="hljs-keyword">File</span> <span class="hljs-string">"/Users/stoyan/Library/Application Support/Titanium/mobilesdk/osx/3.1.0.GA/android/run.py"</span>, line <span class="hljs-number">38</span>, <span class="hljs-keyword">in</span> run
[<span class="hljs-keyword">ERROR</span>]     print <span class="hljs-string">"[DEBUG] %s"</span> % subprocess.list2cmdline(args_to_log)
[<span class="hljs-keyword">ERROR</span>]   <span class="hljs-keyword">File</span> <span class="hljs-string">"/System/Library/Frameworks/Python.framework/Versions/2.7/lib/python2.7/subprocess.py"</span>, line <span class="hljs-number">580</span>, <span class="hljs-keyword">in</span> list2cmdline
[<span class="hljs-keyword">ERROR</span>]     needquote = (<span class="hljs-string">" "</span> <span class="hljs-keyword">in</span> arg) <span class="hljs-keyword">or</span> (<span class="hljs-string">"\t"</span> <span class="hljs-keyword">in</span> arg) <span class="hljs-keyword">or</span> <span class="hljs-keyword">not</span> arg
[<span class="hljs-keyword">ERROR</span>] TypeError: argument <span class="hljs-keyword">of</span> <span class="hljs-keyword">type</span> <span class="hljs-string">'NoneType'</span> <span class="hljs-keyword">is</span> <span class="hljs-keyword">not</span> iterable
[<span class="hljs-keyword">ERROR</span>] :  <span class="hljs-keyword">Build</span> process exited <span class="hljs-keyword">with</span> code <span class="hljs-number">1</span>
[<span class="hljs-keyword">ERROR</span>] :  <span class="hljs-keyword">Project</span> <span class="hljs-keyword">failed</span> <span class="hljs-keyword">to</span> <span class="hljs-keyword">build</span> <span class="hljs-keyword">after</span> <span class="hljs-number">6</span>s <span class="hljs-number">377</span>ms</span>
</code></pre><p>I thought this might have to do with our custom AndroidManifest.xml, but when I remove it, clean the project, and rebuild the same thing happens.</p>
<p>This is SDK 3.1.0.GA but the same thing happens if I roll back to 3.0.2.GA or 2.1.4.GA. </p>
<p>I&#39;m building the app using Run &gt; my android device configuration.</p>
<p>Everything worked just fine before the installing the new packages &#x2F; updating the old ones.</p>

		</section>
		<footer>
			<div class="author">
				&mdash; asked <span title="May 16th 2013, 2:15:31 pm">May 16th 2013</span>
				by <span class='authorname'>Scott Johnson</span>
			</div>

			
				<ul class="tags">
					
						<li><span class='tagname'>android</span></li>
					
						<li><span class='tagname'>build</span></li>
					
						<li><span class='tagname'>device</span></li>
					
						<li><span class='tagname'>error</span></li>
					
				</ul>
			

			<section>
				<h5>11 Comments</h5>
				
					<ul class="comments">
					
						<li class="comment">
							<div><p>Here is a screenshot of all the packages which I have installed currently: <a href="http:&#x2F;&#x2F;j28.us&#x2F;temp&#x2F;android-manager-installed.png">http:&#x2F;&#x2F;j28.us&#x2F;temp&#x2F;android-manager-installed.png</a></p>
</div>
							<div class="author">
								&mdash; commented <span title="May 16th 2013, 2:23:58 pm">May 16th 2013</span>
								by <span class='authorname'>Scott Johnson</span>
							</div>
						</li>
					
						<li class="comment">
							<div><p>I am also having this exact same issue… any guidance would be appreciated.  I&#39;ve completely reinstalled the entire Android SDK, the entire Ti SDK, Titanium Studio, and Java.  All of those are working in and of themselves, but I can&#39;t seem to shake this error.</p>
</div>
							<div class="author">
								&mdash; commented <span title="May 16th 2013, 2:45:30 pm">May 16th 2013</span>
								by <span class='authorname'>Britton Reeder-Thompson</span>
							</div>
						</li>
					
						<li class="comment">
							<div><p>I don&#39;t know exactly what I did but now it just throws this error instead:</p>
<p>[ERROR] Error generating R.java from manifest<br>[ERROR] :  Build process exited with code 1<br>[ERROR] :  Project failed to build after 771ms</p>
</div>
							<div class="author">
								&mdash; commented <span title="May 16th 2013, 2:47:40 pm">May 16th 2013</span>
								by <span class='authorname'>Britton Reeder-Thompson</span>
							</div>
						</li>
					
						<li class="comment">
							<div><p>Did you clean the project? Restart Ti Studio? Did you remove anything in Android?</p>
</div>
							<div class="author">
								&mdash; commented <span title="May 16th 2013, 2:54:49 pm">May 16th 2013</span>
								by <span class='authorname'>Mauro Parra</span>
							</div>
						</li>
					
						<li class="comment">
							<div><p>I don&#39;t think I removed anything. I think I just updated&#x2F;added things. I did restart Ti Studio (and my computer) and I did clean the project.</p>
</div>
							<div class="author">
								&mdash; commented <span title="May 16th 2013, 3:03:09 pm">May 16th 2013</span>
								by <span class='authorname'>Scott Johnson</span>
							</div>
						</li>
					
						<li class="comment">
							<div><p>I also restarted everything, to no avail.</p>
</div>
							<div class="author">
								&mdash; commented <span title="May 16th 2013, 3:12:19 pm">May 16th 2013</span>
								by <span class='authorname'>Britton Reeder-Thompson</span>
							</div>
						</li>
					
						<li class="comment">
							<div><p>I&#39;ve just got a new macbook air and reinstalled everything and I&#39;m getting exactly the same message, have tried so many things from google… any help would be appreciated</p>
</div>
							<div class="author">
								&mdash; commented <span title="May 16th 2013, 3:41:43 pm">May 16th 2013</span>
								by <span class='authorname'>Paul Wroe</span>
							</div>
						</li>
					
						<li class="comment">
							<div><p>Sorry not sure how to remove answer…</p>
</div>
							<div class="author">
								&mdash; commented <span title="May 16th 2013, 3:48:43 pm">May 16th 2013</span>
								by <span class='authorname'>Paul Wroe</span>
							</div>
						</li>
					
						<li class="comment">
							<div><p>Update:  Testing on a different computer (same exact OS and environments though) and it works… very strange.  Tested using a brand new empty project on both.  Still no luck on the main computer though.</p>
</div>
							<div class="author">
								&mdash; commented <span title="May 16th 2013, 5:21:35 pm">May 16th 2013</span>
								by <span class='authorname'>Britton Reeder-Thompson</span>
							</div>
						</li>
					
						<li class="comment">
							<div><p>Any luck getting it to work? having the same issue</p>
</div>
							<div class="author">
								&mdash; commented <span title="May 16th 2013, 10:57:17 pm">May 16th 2013</span>
								by <span class='authorname'>Robert Grenier</span>
							</div>
						</li>
					
						<li class="comment">
							<div><p>Having exactly the same issue. Someone also reported in another thread.</p>
</div>
							<div class="author">
								&mdash; commented <span title="May 17th 2013, 7:01:49 am">May 17th 2013</span>
								by <span class='authorname'>Andrey Chirikba</span>
							</div>
						</li>
					
					</ul>
				
			</section>
		</footer>
		<aside class="vote-box vote-box-answered">
			<div class="score"><span>2</span> Votes</div>
			<div class="answers"><span>7</span> Answers</div>
		</aside>
	</div>

	<hr>

	<h3>7 Answers</h3>

	
		<ul class="answers">
			
				<li class="answer">
				
					<article class="accepted-answer" id="answer-262918">
						<header>
							<h2><span class="icon-bg icon-check-1"></span>Accepted Answer</h2>
						</header>
				
						<section>
							<p>Seems build tools got moved to another directory with the latest Android SDK update. Create symlinks to aapt and dx in &#x2F;Applications&#x2F;Android-sdk&#x2F;platform-tools:</p>
<p>ln -s &#x2F;Applications&#x2F;Android-sdk&#x2F;build-tools&#x2F;17.0.0&#x2F;aapt aapt<br>ln -s &#x2F;Applications&#x2F;Android-sdk&#x2F;build-tools&#x2F;17.0.0&#x2F;dx dx</p>
<p>This solved it for me (after some digging in their Python code).</p>

						</section>
						<footer>
							<div class="author">
								&mdash; answered <span title="May 17th 2013, 10:48:18 am">May 17th 2013</span>
								by <span class='authorname'>Andrey Chirikba</span><br>
								<a class="icon-bg icon-link" href="question/152475/android-build-error#answer-262918" rel="permalink">permalink</a>
							</div>

							<h5>6 Comments</h5>
							
								<ul class="comments">
								
									<li class="comment">
										<p><p>Thanks. I created the sym links and I still get the same error even with a brand new project.</p>
</p>
										<div class="author">
											&mdash; commented <span title="May 17th 2013, 2:54:46 pm">May 17th 2013</span>
											by <span class='authorname'>Scott Johnson</span>
										</div>
									</li>
								
									<li class="comment">
										<p><p>This worked!  Excellent, thanks a million Andrey!</p>
</p>
										<div class="author">
											&mdash; commented <span title="May 17th 2013, 3:02:01 pm">May 17th 2013</span>
											by <span class='authorname'>Britton Reeder-Thompson</span>
										</div>
									</li>
								
									<li class="comment">
										<p><p>Can you post the location of your SDK install and the command you used to create the symlinks Scott?  Maybe I can help.</p>
</p>
										<div class="author">
											&mdash; commented <span title="May 17th 2013, 3:02:43 pm">May 17th 2013</span>
											by <span class='authorname'>Britton Reeder-Thompson</span>
										</div>
									</li>
								
									<li class="comment">
										<p><p>Thanks Andrey! I had created the symlinks in the folder above the one you suggested. Everything works now.</p>
</p>
										<div class="author">
											&mdash; commented <span title="May 17th 2013, 5:51:24 pm">May 17th 2013</span>
											by <span class='authorname'>Scott Johnson</span>
										</div>
									</li>
								
									<li class="comment">
										<p><p>Thank you so much, saved my day !!!!   I was working on the mac.</p>
</p>
										<div class="author">
											&mdash; commented <span title="June 14th 2013, 8:34:00 am">June 14th 2013</span>
											by <span class='authorname'>Yogesh Mittal</span>
										</div>
									</li>
								
									<li class="comment">
										<p><p>Added this 2 links, I still got the error… the 2 symlinks are to be in &quot;SDK_REVISION&quot;&#x2F;platform-tools right ?</p>
</p>
										<div class="author">
											&mdash; commented <span title="August 14th 2013, 6:22:31 am">August 14th 2013</span>
											by <span class='authorname'>bertolini rodolphe</span>
										</div>
									</li>
								
								</ul>
							
						</footer>
						<aside class="vote-box vote-box-answered">
							<div class="score"><span>0</span> Votes</div>
						</aside>
					</article>
				</li>
			
				<li class="answer">
				
					<article id="answer-263365">
				
						<section>
							<p>This bug was fixed in <a href="https:&#x2F;&#x2F;jira.appcelerator.org&#x2F;browse&#x2F;TIMOB-13944">https:&#x2F;&#x2F;jira.appcelerator.org&#x2F;browse&#x2F;TIMOB-13944</a> and will be available with Titanium SDK 3.1.1.GA.</p>

						</section>
						<footer>
							<div class="author">
								&mdash; answered <span title="May 27th 2013, 4:40:20 am">May 27th 2013</span>
								by <span class='authorname'>Chris Barber</span><br>
								<a class="icon-bg icon-link" href="question/152475/android-build-error#answer-263365" rel="permalink">permalink</a>
							</div>

							<h5>0 Comments</h5>
							
						</footer>
						<aside class="vote-box">
							<div class="score"><span>2</span> Votes</div>
						</aside>
					</article>
				</li>
			
				<li class="answer">
				
					<article id="answer-262836">
				
						<section>
							<p>After building you &#39;Error generating R.java from manifest&#39;<br>If you clear the android build directory and try again you&#39;ll get the same error above</p>

						</section>
						<footer>
							<div class="author">
								&mdash; answered <span title="May 16th 2013, 3:47:27 pm">May 16th 2013</span>
								by <span class='authorname'>Paul Wroe</span><br>
								<a class="icon-bg icon-link" href="question/152475/android-build-error#answer-262836" rel="permalink">permalink</a>
							</div>

							<h5>7 Comments</h5>
							
								<ul class="comments">
								
									<li class="comment">
										<p><p>Sorry this was supposed to be a comment…</p>
</p>
										<div class="author">
											&mdash; commented <span title="May 16th 2013, 3:49:48 pm">May 16th 2013</span>
											by <span class='authorname'>Paul Wroe</span>
										</div>
									</li>
								
									<li class="comment">
										<p><p>Confirmed, this is exactly the behavior I am experiencing.</p>
<p>Also, while it was working for iOS before, after reinstalling all the sdk&#39;s and titanium studio I now get this error:</p>
<p>[ERROR] :  <strong> BUILD FAILED </strong><br>[ERROR] :  The following build commands failed:<br>[ERROR] :      PhaseScriptExecution Pre-Compile &quot;build&#x2F;ABC Action.build&#x2F;Debug-iphoneos&#x2F;ABC Action-universal.build&#x2F;Script-DABB369F12E8CB280026A6EA.sh&quot;<br>[ERROR] :  (1 failure)</p>
<p>Pretty awesome.  The only thing left that I haven&#39;t wiped and reinstalled is OSX, so this is basically a clean install atm… :(</p>
</p>
										<div class="author">
											&mdash; commented <span title="May 16th 2013, 4:00:46 pm">May 16th 2013</span>
											by <span class='authorname'>Britton Reeder-Thompson</span>
										</div>
									</li>
								
									<li class="comment">
										<p><p>I think the iOS issue was related to the fact that Ti.Facebook was recently removed and changed to a module.  I&#39;ll update my code and see if that fixes it.</p>
</p>
										<div class="author">
											&mdash; commented <span title="May 16th 2013, 4:04:33 pm">May 16th 2013</span>
											by <span class='authorname'>Britton Reeder-Thompson</span>
										</div>
									</li>
								
									<li class="comment">
										<p><p>Nope, that wasn&#39;t it…</p>
</p>
										<div class="author">
											&mdash; commented <span title="May 16th 2013, 4:16:43 pm">May 16th 2013</span>
											by <span class='authorname'>Britton Reeder-Thompson</span>
										</div>
									</li>
								
									<li class="comment">
										<p><p>Managed to resolve the iOS issue, turns out it was totally unrelated to the Android issue.</p>
</p>
										<div class="author">
											&mdash; commented <span title="May 16th 2013, 5:20:22 pm">May 16th 2013</span>
											by <span class='authorname'>Britton Reeder-Thompson</span>
										</div>
									</li>
								
									<li class="comment">
										<p><p>Yeah I managed to get ios stuff working - but I&#39;ll be damned if I can get past this android issue - I&#39;ve even made my own AndroidManifest.xml and stuck it in the tiapp.xml still the same each time…</p>
</p>
										<div class="author">
											&mdash; commented <span title="May 16th 2013, 5:23:29 pm">May 16th 2013</span>
											by <span class='authorname'>Paul Wroe</span>
										</div>
									</li>
								
									<li class="comment">
										<p><p>It&#39;s especially esoteric because it works on an identical system setup.  I&#39;m starting to wonder if there&#39;s something wrong with the Python install that came with OSX on this computer.  What&#39;s the environment your on Paul?</p>
</p>
										<div class="author">
											&mdash; commented <span title="May 16th 2013, 5:28:16 pm">May 16th 2013</span>
											by <span class='authorname'>Britton Reeder-Thompson</span>
										</div>
									</li>
								
								</ul>
							
						</footer>
						<aside class="vote-box">
							<div class="score"><span>0</span> Votes</div>
						</aside>
					</article>
				</li>
			
				<li class="answer">
				
					<article id="answer-262838">
				
						<section>
							<p>OSX 10.8.3, macbook air, xcode 4.6.2, Titanium Studio, build: 3.1.0.201304151600<br>have 4.2.2, 2.2.2, and 3.0 installed for google&#x2F;android apis…python is definitely worth looking at…</p>

						</section>
						<footer>
							<div class="author">
								&mdash; answered <span title="May 16th 2013, 5:32:39 pm">May 16th 2013</span>
								by <span class='authorname'>Paul Wroe</span><br>
								<a class="icon-bg icon-link" href="question/152475/android-build-error#answer-262838" rel="permalink">permalink</a>
							</div>

							<h5>0 Comments</h5>
							
						</footer>
						<aside class="vote-box">
							<div class="score"><span>0</span> Votes</div>
						</aside>
					</article>
				</li>
			
				<li class="answer">
				
					<article id="answer-262889">
				
						<section>
							<p>HI Scott,<br>            Did you try creating a fresh new project and compiling that for android, let me know whether that work or not.</p>

						</section>
						<footer>
							<div class="author">
								&mdash; answered <span title="May 17th 2013, 7:51:52 am">May 17th 2013</span>
								by <span class='authorname'>Ashish Nigam</span><br>
								<a class="icon-bg icon-link" href="question/152475/android-build-error#answer-262889" rel="permalink">permalink</a>
							</div>

							<h5>2 Comments</h5>
							
								<ul class="comments">
								
									<li class="comment">
										<p><p>Just tried creating a new project, and it gives exact same error.</p>
</p>
										<div class="author">
											&mdash; commented <span title="May 17th 2013, 9:57:47 am">May 17th 2013</span>
											by <span class='authorname'>Andrey Chirikba</span>
										</div>
									</li>
								
									<li class="comment">
										<p><p>Hi Ashish,</p>
<p>I created a new project and I get the same error.</p>
<p>Thanks.</p>
</p>
										<div class="author">
											&mdash; commented <span title="May 17th 2013, 2:54:10 pm">May 17th 2013</span>
											by <span class='authorname'>Scott Johnson</span>
										</div>
									</li>
								
								</ul>
							
						</footer>
						<aside class="vote-box">
							<div class="score"><span>0</span> Votes</div>
						</aside>
					</article>
				</li>
			
				<li class="answer">
				
					<article id="answer-263134">
				
						<section>
							<p>Ashish-</p>
<p>I&#39;m getting the same errors. Adding symlinks to aapt and dx does not solve the problem.  I&#39;ve cleared all projects and started new ones from scratch but continue to get the error.  Building to mobile Web works fine.</p>
<p>This is what I&#39;m getting when running on both the Android emulator or directly to an Android device:</p>
<pre><code class="hljs">[ERROR] Exception occured while building Android project:
[ERROR] Traceback (most recent <span class="hljs-operator"><span class="hljs-keyword">call</span> <span class="hljs-keyword">last</span>):
[<span class="hljs-keyword">ERROR</span>]   <span class="hljs-keyword">File</span> <span class="hljs-string">"/Users/xxxxxx/Library/Application Support/Titanium/mobilesdk/osx/3.1.0.GA/android/builder.py"</span>, line <span class="hljs-number">2528</span>, <span class="hljs-keyword">in</span> &lt;<span class="hljs-keyword">module</span>&gt;
[<span class="hljs-keyword">ERROR</span>]     builder.build_and_run(<span class="hljs-literal">False</span>, avd_id, debugger_host=debugger_host, profiler_host=profiler_host)
[<span class="hljs-keyword">ERROR</span>]   <span class="hljs-keyword">File</span> <span class="hljs-string">"/Users/xxxxxx/Library/Application Support/Titanium/mobilesdk/osx/3.1.0.GA/android/builder.py"</span>, line <span class="hljs-number">2264</span>, <span class="hljs-keyword">in</span> build_and_run
[<span class="hljs-keyword">ERROR</span>]     <span class="hljs-keyword">self</span>.manifest_changed = <span class="hljs-keyword">self</span>.generate_android_manifest(compiler)
[<span class="hljs-keyword">ERROR</span>]   <span class="hljs-keyword">File</span> <span class="hljs-string">"/Users/xxxxxx/Library/Application Support/Titanium/mobilesdk/osx/3.1.0.GA/android/builder.py"</span>, line <span class="hljs-number">1404</span>, <span class="hljs-keyword">in</span> generate_android_manifest
[<span class="hljs-keyword">ERROR</span>]     <span class="hljs-string">'-I'</span>, <span class="hljs-keyword">self</span>.android_jar], warning_regex=r<span class="hljs-string">'skipping'</span>)
[<span class="hljs-keyword">ERROR</span>]   <span class="hljs-keyword">File</span> <span class="hljs-string">"/Users/xxxxxx/Library/Application Support/Titanium/mobilesdk/osx/3.1.0.GA/android/run.py"</span>, line <span class="hljs-number">38</span>, <span class="hljs-keyword">in</span> run
[<span class="hljs-keyword">ERROR</span>]     print <span class="hljs-string">"[DEBUG] %s"</span> % subprocess.list2cmdline(args_to_log)
[<span class="hljs-keyword">ERROR</span>]   <span class="hljs-keyword">File</span> <span class="hljs-string">"/System/Library/Frameworks/Python.framework/Versions/2.7/lib/python2.7/subprocess.py"</span>, line <span class="hljs-number">580</span>, <span class="hljs-keyword">in</span> list2cmdline
[<span class="hljs-keyword">ERROR</span>]     needquote = (<span class="hljs-string">" "</span> <span class="hljs-keyword">in</span> arg) <span class="hljs-keyword">or</span> (<span class="hljs-string">"\t"</span> <span class="hljs-keyword">in</span> arg) <span class="hljs-keyword">or</span> <span class="hljs-keyword">not</span> arg
[<span class="hljs-keyword">ERROR</span>] TypeError: argument <span class="hljs-keyword">of</span> <span class="hljs-keyword">type</span> <span class="hljs-string">'NoneType'</span> <span class="hljs-keyword">is</span> <span class="hljs-keyword">not</span> iterable
[<span class="hljs-keyword">ERROR</span>] :  <span class="hljs-keyword">Build</span> process exited <span class="hljs-keyword">with</span> code <span class="hljs-number">1</span>
[<span class="hljs-keyword">ERROR</span>] :  <span class="hljs-keyword">Project</span> <span class="hljs-keyword">failed</span> <span class="hljs-keyword">to</span> <span class="hljs-keyword">build</span> <span class="hljs-keyword">after</span> <span class="hljs-number">3</span>s <span class="hljs-number">578</span>ms</span>
</code></pre><p>Anyone have ideas what&#39;s going on?</p>

						</section>
						<footer>
							<div class="author">
								&mdash; answered <span title="May 21st 2013, 10:39:09 pm">May 21st 2013</span>
								by <span class='authorname'>Raul da Silva</span><br>
								<a class="icon-bg icon-link" href="question/152475/android-build-error#answer-263134" rel="permalink">permalink</a>
							</div>

							<h5>1 Comment</h5>
							
								<ul class="comments">
								
									<li class="comment">
										<p><p>Never mind…. I created the symlinks in the wrong directory.  Projects run now.</p>
</p>
										<div class="author">
											&mdash; commented <span title="May 21st 2013, 10:54:39 pm">May 21st 2013</span>
											by <span class='authorname'>Raul da Silva</span>
										</div>
									</li>
								
								</ul>
							
						</footer>
						<aside class="vote-box">
							<div class="score"><span>0</span> Votes</div>
						</aside>
					</article>
				</li>
			
				<li class="answer">
				
					<article id="answer-264678">
				
						<section>
							<p>Worked like a charm for me, Thanks so much</p>

						</section>
						<footer>
							<div class="author">
								&mdash; answered <span title="June 23rd 2013, 4:57:45 am">June 23rd 2013</span>
								by <span class='authorname'>ankur garha</span><br>
								<a class="icon-bg icon-link" href="question/152475/android-build-error#answer-264678" rel="permalink">permalink</a>
							</div>

							<h5>0 Comments</h5>
							
						</footer>
						<aside class="vote-box">
							<div class="score"><span>0</span> Votes</div>
						</aside>
					</article>
				</li>
			
		</ul>
	
</article>

		</div>
		<div class="col-sm-3"></div>
	</div>
	<div class="row"><div class="signoff">The ownership of individual contributions to this community generated content is retained by the authors of their contributions.<br>All trademarks remain the property of the respective owner.</div></div>
</main>


</body>
</html>
