<!doctype html>
<html>
<head>
	<meta http-equiv="X-UA-Compatible" content="IE=Edge,chrome=1">
	<meta http-equiv="Content-Type" content="text/html; charset=UTF-8">
	<meta charset="utf-8">
	
		<title>Cannot Run On Device or Distribute Using SDK 1.7.5 or Above Â» Community Questions &amp; Answers </title>
	
	<meta name="viewport" content="width=device-width,initial-scale=1">
	<link href="../../related/favicon.png" rel="shortcut icon" type="image/png">
	<link href="//fonts.googleapis.com/css?family=Open+Sans:300,400,500,600,700" rel="stylesheet" type="text/css">
	<link href="//d3ilu1xuwhtfe2.cloudfront.net/e8e0ebd/css/style.css" rel="stylesheet" type="text/css">
	<link href="../../related/qa.css" rel="stylesheet" type="text/css">
	<link href="../../related/hybrid.css" rel="stylesheet" type="text/css">
	
	<link href="../../related/overrides.css" rel="stylesheet" type="text/css">
</head>
<body>

<div class='mast'>    <div class='container'>        <div class='row'>            <div class='col-sm-12'>                <div class='masthead'><h1>Titanium Community Questions & Answer Archive</h1><h2>We felt that 6+ years of knowledge should not die so this is the Titanium Community Questions &amp; Answer Archive</h2></div>            </div>        </div>    </div></div>

<main class="container">
	<div class="row">
		<div class="col-sm-12">
			
		</div>
	</div>
	<div class="row">
		<div class="col-sm-12">
			<article class="question-container">
	<div class="question">
		<header>
			<h1>Cannot Run On Device or Distribute Using SDK 1.7.5 or Above</h1>
		</header>
		<section>
			<p>Hi,</p>
<p>I&#39;m having problems trying to run our application on an iOS device using Titanium SDK 1.7.5 or above (I tried 1.8 RC3 this morning and got the same result).  It works fine with 1.7.3.  The error I&#39;m getting is the following:</p>
<p>[ERROR]<br>[ERROR] Error: Traceback (most recent call last):<br>  File &quot;&#x2F;Users&#x2F;grahammartin&#x2F;Library&#x2F;Application Support&#x2F;Titanium&#x2F;mobilesdk&#x2F;osx&#x2F;1.7.5&#x2F;iphone&#x2F;builder.py&quot;, line 1379, in main<br>    execute_xcode(&quot;iphoneos%s&quot; % iphone_version,args,False)<br>  File &quot;&#x2F;Users&#x2F;grahammartin&#x2F;Library&#x2F;Application Support&#x2F;Titanium&#x2F;mobilesdk&#x2F;osx&#x2F;1.7.5&#x2F;iphone&#x2F;builder.py&quot;, line 1140, in execute_xcode<br>    output = run.run(args,False,False,o)<br>  File &quot;&#x2F;Users&#x2F;grahammartin&#x2F;Library&#x2F;Application Support&#x2F;Titanium&#x2F;mobilesdk&#x2F;osx&#x2F;1.7.5&#x2F;iphone&#x2F;run.py&quot;, line 39, in run<br>    sys.exit(rc)<br>SystemExit: 65</p>
<p>I&#39;ve tried building and distributing via Xcode and it works fine too.  Has anyone seen this issue?</p>
<p>Thanks,</p>
<p>Graham</p>

		</section>
		<footer>
			<div class="author">
				&mdash; asked <span title="December 20th 2011, 9:49:10 am">December 20th 2011</span>
				by <span class='authorname'>Graham Martin</span>
			</div>

			
				<ul class="tags">
					
						<li><span class='tagname'>build</span></li>
					
						<li><span class='tagname'>mobile</span></li>
					
						<li><span class='tagname'>sdk</span></li>
					
				</ul>
			

			<section>
				<h5>4 Comments</h5>
				
					<ul class="comments">
					
						<li class="comment">
							<div><p>Please remove the build that is in &quot;iphone&quot; folder and than try.</p>
</div>
							<div class="author">
								&mdash; commented <span title="December 20th 2011, 10:06:43 am">December 20th 2011</span>
								by <span class='authorname'>R D</span>
							</div>
						</li>
					
						<li class="comment">
							<div><p>Tried that I&#39;m afraid but still get the same result.</p>
</div>
							<div class="author">
								&mdash; commented <span title="December 20th 2011, 11:01:29 am">December 20th 2011</span>
								by <span class='authorname'>Graham Martin</span>
							</div>
						</li>
					
						<li class="comment">
							<div><p>what does the tail end of the build.log say ?</p>
</div>
							<div class="author">
								&mdash; commented <span title="December 20th 2011, 11:43:08 am">December 20th 2011</span>
								by <span class='authorname'>Nick Milner</span>
							</div>
						</li>
					
						<li class="comment">
							<div><p>See below:</p>
<p><strong> BUILD FAILED </strong></p>
<p>The following build commands failed:<br>    Ld build&#x2F;OfflineAudit.build&#x2F;Debug-iphoneos&#x2F;OfflineAudit-iPad.build&#x2F;Objects-normal&#x2F;armv6&#x2F;OfflineAudit normal armv6<br>(1 failure)<br>EXIT CODE WAS: 65</p>
<p>Exception detected in script:<br>Traceback (most recent call last):<br>  File &quot;&#x2F;Users&#x2F;grahammartin&#x2F;Library&#x2F;Application Support&#x2F;Titanium&#x2F;mobilesdk&#x2F;osx&#x2F;1.8.0.1.RC3&#x2F;iphone&#x2F;builder.py&quot;, line 1418, in main<br>    execute_xcode(&quot;iphoneos%s&quot; % iphone_version,args,False)<br>  File &quot;&#x2F;Users&#x2F;grahammartin&#x2F;Library&#x2F;Application Support&#x2F;Titanium&#x2F;mobilesdk&#x2F;osx&#x2F;1.8.0.1.RC3&#x2F;iphone&#x2F;builder.py&quot;, line 1180, in execute_xcode<br>    output = run.run(args,False,False,o)<br>  File &quot;&#x2F;Users&#x2F;grahammartin&#x2F;Library&#x2F;Application Support&#x2F;Titanium&#x2F;mobilesdk&#x2F;osx&#x2F;1.8.0.1.RC3&#x2F;iphone&#x2F;run.py&quot;, line 39, in run<br>    sys.exit(rc)<br>SystemExit: 65</p>
</div>
							<div class="author">
								&mdash; commented <span title="December 20th 2011, 12:01:39 pm">December 20th 2011</span>
								by <span class='authorname'>Graham Martin</span>
							</div>
						</li>
					
					</ul>
				
			</section>
		</footer>
		<aside class="vote-box">
			<div class="score"><span>0</span> Votes</div>
			<div class="answers"><span>1</span> Answer</div>
		</aside>
	</div>

	<hr>

	<h3>1 Answer</h3>

	
		<ul class="answers">
			
				<li class="answer">
				
					<article id="answer-225733">
				
						<section>
							<p>I am also getting the same exact errors for the builds that I am trying to build to install to ios device or build to deploy. It works fine without any errors when I build and install on emulator though.</p>
<p>Is it a code error possibly causing that? or a builder error?</p>

						</section>
						<footer>
							<div class="author">
								&mdash; answered <span title="December 20th 2011, 4:14:21 pm">December 20th 2011</span>
								by <span class='authorname'>Nilesh Dosooye</span><br>
								<a class="icon-bg icon-link" href="question/129642/cannot-run-on-device-or-distribute-using-sdk-175-or-above.html#answer-225733" rel="permalink">permalink</a>
							</div>

							<h5>1 Comment</h5>
							
								<ul class="comments">
								
									<li class="comment">
										<p><p>Yes, I should have said, I can also build successfully to run on the simulator, but building for ios device or app store deployment fails with the error above.</p>
<p>The fact that it succeeds when building with SDK version 1.7.3 makes me suspect it might be a bug in the builder.</p>
</p>
										<div class="author">
											&mdash; commented <span title="December 21st 2011, 6:43:38 am">December 21st 2011</span>
											by <span class='authorname'>Graham Martin</span>
										</div>
									</li>
								
								</ul>
							
						</footer>
						<aside class="vote-box">
							<div class="score"><span>0</span> Votes</div>
						</aside>
					</article>
				</li>
			
		</ul>
	
</article>

		</div>
		<div class="col-sm-3"></div>
	</div>
	<div class="row"><div class="signoff">The ownership of individual contributions to this community generated content is retained by the authors of their contributions.<br>All trademarks remain the property of the respective owner.</div></div>
</main>


</body>
</html>
