<!doctype html>
<html>
<head>
	<meta http-equiv="X-UA-Compatible" content="IE=Edge,chrome=1">
	<meta http-equiv="Content-Type" content="text/html; charset=UTF-8">
	<meta charset="utf-8">
	
		<title>build android module failed Â» Community Questions &amp; Answers </title>
	
	<meta name="viewport" content="width=device-width,initial-scale=1">
	<link href="../../related/favicon.png" rel="shortcut icon" type="image/png">
	<link href="//fonts.googleapis.com/css?family=Open+Sans:300,400,500,600,700" rel="stylesheet" type="text/css">
	<link href="//d3ilu1xuwhtfe2.cloudfront.net/e8e0ebd/css/style.css" rel="stylesheet" type="text/css">
	<link href="../../related/qa.css" rel="stylesheet" type="text/css">
	<link href="../../related/hybrid.css" rel="stylesheet" type="text/css">
	
	<link href="../../related/overrides.css" rel="stylesheet" type="text/css">
</head>
<body>

<div class='mast'>    <div class='container'>        <div class='row'>            <div class='col-sm-12'>                <div class='masthead'><h1>Titanium Community Questions & Answer Archive</h1><h2>We felt that 6+ years of knowledge should not die so this is the Titanium Community Questions &amp; Answer Archive</h2></div>            </div>        </div>    </div></div>

<main class="container">
	<div class="row">
		<div class="col-sm-12">
			
		</div>
	</div>
	<div class="row">
		<div class="col-sm-12">
			<article class="question-container">
	<div class="question">
		<header>
			<h1>build android module failed</h1>
		</header>
		<section>
			<p>HI, I try to build a andriod module in win 7,and if I build with titanium sdk 3.2.0, it works, but if i build with titanium sdk 3.1.3 or 3.1.1, it fail.<br>There is a console log.</p>
<p>Buildfile: C:\workspace\testmodule313\build.xml</p>
<p>python.set.exec:</p>
<p>python.check:<br>     [echo] Testing for Python<br>     [exec] Python 3.3.3</p>
<p>init:</p>
<p>process.annotations:</p>
<p>generate.v8.bindings:<br>     [java] Generating C:\workspace\testmodule313\build\generated\jni\com.jackhu<br>i.testmodule313.ExampleProxy.h<br>     [java] Generating C:\workspace\testmodule313\build\generated\jni\com.jackhu<br>i.testmodule313.ExampleProxy.cpp<br>     [java] Generating C:\workspace\testmodule313\build\generated\jni\com.jackhu<br>i.testmodule313.Testmodule313Module.h<br>     [java] Generating C:\workspace\testmodule313\build\generated\jni\com.jackhu<br>i.testmodule313.Testmodule313Module.cpp<br>     [exec] Traceback (most recent call last):<br>     [exec]   File &quot;C:\Users\Jack HUI\AppData\Roaming\Titanium\mobilesdk\win32\3<br>.1.3.GA\module\android\bootstrap.py&quot;, line 384, in &lt;module&gt;<br>     [exec]     main()<br>     [exec]   File &quot;C:\Users\Jack HUI\AppData\Roaming\Titanium\mobilesdk\win32\3<br>.1.3.GA\module\android\bootstrap.py&quot;, line 353, in main<br>     [exec]     from manifest import Manifest<br>     [exec]   File &quot;C:\Users\Jack HUI\AppData\Roaming\Titanium\mobilesdk\win32\3<br>.1.3.GA\manifest.py&quot;, line 4, in &lt;module&gt;<br>     [exec]     from StringIO import StringIO<br>     [exec] ImportError: No module named &#39;StringIO&#39;<br>     [exec] Result: 1</p>
<p>generate.bindings:</p>
<p>pre.compile:</p>
<p>js.compile:</p>
<p>ndk.build:<br>     [copy] Copying 7 files to C:\Users\JACKHU~1\AppData\Local\Temp\Jack_HUI\tes<br>tmodule313-generated<br>     [exec] Android NDK: WARNING:jni&#x2F;Android.mk:com.jackhui.testmodule313: non-s<br>ystem libraries in linker flags: -lkroll-v8<br>     [exec] Android NDK:     This is likely to result in incorrect builds. Try u<br>sing LOCAL_STATIC_LIBRARIES<br>     [exec] Android NDK:     or LOCAL_SHARED_LIBRARIES instead to list the libra<br>ry dependencies of the<br>     [exec] Android NDK:     current module<br>     [exec] jni&#x2F;Android.mk:32: warning: overriding commands for target <code>C:&amp;#x2F;Users
&amp;#x2F;JACKHU~1&amp;#x2F;AppData&amp;#x2F;Local&amp;#x2F;Temp&amp;#x2F;Jack_HUI&amp;#x2F;testmodule313-generated&amp;#x2F;KrollGeneratedBind
ings.cpp&amp;#39;
     [exec] jni&amp;#x2F;Android.mk:32: warning: ignoring old commands for target</code>C:&#x2F;Use<br>rs&#x2F;JACKHU~1&#x2F;AppData&#x2F;Local&#x2F;Temp&#x2F;Jack_HUI&#x2F;testmodule313-generated&#x2F;KrollGeneratedBi<br>ndings.cpp&#39;<br>     [exec] jni&#x2F;Android.mk:35: warning: overriding commands for target <code>C:&amp;#x2F;Users
&amp;#x2F;JACKHU~1&amp;#x2F;AppData&amp;#x2F;Local&amp;#x2F;Temp&amp;#x2F;Jack_HUI&amp;#x2F;testmodule313-generated&amp;#x2F;BootstrapJS.cpp&amp;#39;
     [exec] Android NDK: WARNING:jni&amp;#x2F;Android.mk:com.jackhui.testmodule313: non-s
ystem libraries in linker flags: -lkroll-v8
     [exec] Android NDK:     This is likely to result in incorrect builds. Try u
sing LOCAL_STATIC_LIBRARIES
     [exec] Android NDK:     or LOCAL_SHARED_LIBRARIES instead to list the libra
ry dependencies of the
     [exec] Android NDK:     current module
     [exec] Android NDK: WARNING:jni&amp;#x2F;Android.mk:com.jackhui.testmodule313: non-s
ystem libraries in linker flags: -lkroll-v8
     [exec] Android NDK:     This is likely to result in incorrect builds. Try u
sing LOCAL_STATIC_LIBRARIES
     [exec] Android NDK:     or LOCAL_SHARED_LIBRARIES instead to list the libra
ry dependencies of the
     [exec] Android NDK:     current module
     [exec] jni&amp;#x2F;Android.mk:35: warning: ignoring old commands for target</code>C:&#x2F;Use<br>rs&#x2F;JACKHU~1&#x2F;AppData&#x2F;Local&#x2F;Temp&#x2F;Jack_HUI&#x2F;testmodule313-generated&#x2F;BootstrapJS.cpp&#39;</p>
<pre><code class="hljs"> [exec] [armeabi] Compile++ thumb: com<span class="hljs-class">.jackhui</span><span class="hljs-class">.testmodule313</span> &lt;= com<span class="hljs-class">.jackhui</span>.
</code></pre><p>testmodule313.ExampleProxy.cpp<br>     [exec] jni&#x2F;Android.mk:32: warning: overriding commands for target <code>C:&amp;#x2F;Users
&amp;#x2F;JACKHU~1&amp;#x2F;AppData&amp;#x2F;Local&amp;#x2F;Temp&amp;#x2F;Jack_HUI&amp;#x2F;testmodule313-generated&amp;#x2F;KrollGeneratedBind
ings.cpp&amp;#39;
     [exec] jni&amp;#x2F;Android.mk:32: warning: ignoring old commands for target</code>C:&#x2F;Use<br>rs&#x2F;JACKHU~1&#x2F;AppData&#x2F;Local&#x2F;Temp&#x2F;Jack_HUI&#x2F;testmodule313-generated&#x2F;KrollGeneratedBi<br>ndings.cpp&#39;<br>     [exec] jni&#x2F;Android.mk:35: warning: overriding commands for target <code>C:&amp;#x2F;Users
&amp;#x2F;JACKHU~1&amp;#x2F;AppData&amp;#x2F;Local&amp;#x2F;Temp&amp;#x2F;Jack_HUI&amp;#x2F;testmodule313-generated&amp;#x2F;BootstrapJS.cpp&amp;#39;
     [exec] jni&amp;#x2F;Android.mk:35: warning: ignoring old commands for target</code>C:&#x2F;Use<br>rs&#x2F;JACKHU~1&#x2F;AppData&#x2F;Local&#x2F;Temp&#x2F;Jack_HUI&#x2F;testmodule313-generated&#x2F;BootstrapJS.cpp&#39;</p>
<pre><code class="hljs"> [exec] In file included from jni/com<span class="hljs-class">.jackhui</span><span class="hljs-class">.testmodule313</span><span class="hljs-class">.ExampleProxy</span><span class="hljs-class">.cpp</span>
</code></pre><p>:12:0:<br>     [exec] C:\Users\Jack HUI\AppData\Roaming\Titanium\mobilesdk\win32\3.1.3.GA&#x2F;<br>android&#x2F;native&#x2F;include&#x2F;AndroidUtil.h: In destructor &#39;titanium::LogTimer::~LogTim<br>er()&#39;:<br>     [exec] C:\Users\Jack HUI\AppData\Roaming\Titanium\mobilesdk\win32\3.1.3.GA&#x2F;<br>android&#x2F;native&#x2F;include&#x2F;AndroidUtil.h:57:3: warning: format &#39;%d&#39; expects argument<br> of type &#39;int&#39;, but argument 5 has type &#39;long int&#39; [-Wformat]<br>     [exec] jni&#x2F;com.jackhui.testmodule313.ExampleProxy.cpp: In static member fun<br>ction &#39;static v8::Handle&lt;v8::Value&gt; com::jackhui::testmodule313::testmodule313::<br>ExampleProxy::setMessage(const v8::Arguments&amp;)&#39;:<br>     [exec] jni&#x2F;com.jackhui.testmodule313.ExampleProxy.cpp:129:4: error: format<br>not a string literal and no format arguments [-Werror=format-security]<br>     [exec] jni&#x2F;com.jackhui.testmodule313.ExampleProxy.cpp: In static member fun<br>ction &#39;static v8::Handle&lt;v8::Value&gt; com::jackhui::testmodule313::testmodule313::<br>ExampleProxy::getMessage(const v8::Arguments&amp;)&#39;:<br>     [exec] jni&#x2F;com.jackhui.testmodule313.ExampleProxy.cpp:194:4: error: format<br>not a string literal and no format arguments [-Werror=format-security]<br>     [exec] jni&#x2F;com.jackhui.testmodule313.ExampleProxy.cpp: In static member fun<br>ction &#39;static v8::Handle&lt;v8::Value&gt; com::jackhui::testmodule313::testmodule313::<br>ExampleProxy::printMessage(const v8::Arguments&amp;)&#39;:<br>     [exec] jni&#x2F;com.jackhui.testmodule313.ExampleProxy.cpp:246:4: error: format<br>not a string literal and no format arguments [-Werror=format-security]<br>     [exec] jni&#x2F;com.jackhui.testmodule313.ExampleProxy.cpp: In static member fun<br>ction &#39;static v8::Handle&lt;v8::Value&gt; com::jackhui::testmodule313::testmodule313::<br>ExampleProxy::getter_message(v8::Local&lt;v8::String&gt;, const v8::AccessorInfo&amp;)&#39;:<br>     [exec] jni&#x2F;com.jackhui.testmodule313.ExampleProxy.cpp:314:4: error: format<br>not a string literal and no format arguments [-Werror=format-security]<br>     [exec] jni&#x2F;com.jackhui.testmodule313.ExampleProxy.cpp: In static member fun<br>ction &#39;static void com::jackhui::testmodule313::testmodule313::ExampleProxy::set<br>ter_message(v8::Local&lt;v8::String&gt;, v8::Local&lt;v8::Value&gt;, const v8::AccessorInfo&amp;<br>)&#39;:<br>     [exec] jni&#x2F;com.jackhui.testmodule313.ExampleProxy.cpp:373:4: error: format<br>not a string literal and no format arguments [-Werror=format-security]<br>     [exec] cc1plus.exe: some warnings being treated as errors<br>     [exec]<br>     [exec] make.exe: <em>*</em> [C:\Users\JACKHU~1\AppData\Local\Temp\&#x2F;Jack_HUI&#x2F;testmo<br>dule313-generated&#x2F;obj&#x2F;local&#x2F;armeabi&#x2F;objs&#x2F;com.jackhui.testmodule313&#x2F;com.jackhui.t<br>estmodule313.ExampleProxy.o] Error 1</p>
<p>BUILD FAILED<br>C:\Users\Jack HUI\AppData\Roaming\Titanium\mobilesdk\win32\3.1.3.GA\module\andro<br>id\build.xml:326: The following error occurred while executing this line:<br>C:\Users\Jack HUI\AppData\Roaming\Titanium\mobilesdk\win32\3.1.3.GA\module\andro<br>id\build.xml:281: exec returned: 2</p>
<p>Total time: 3 seconds</p>

		</section>
		<footer>
			<div class="author">
				&mdash; asked <span title="February 6th 2014, 2:48:15 am">February 6th 2014</span>
				by <span class='authorname'>chakhung hui</span>
			</div>

			
				<ul class="tags">
					
						<li><span class='tagname'>android</span></li>
					
						<li><span class='tagname'>android module</span></li>
					
						<li><span class='tagname'>module</span></li>
					
				</ul>
			

			<section>
				<h5>0 Comments</h5>
				
			</section>
		</footer>
		<aside class="vote-box">
			<div class="score"><span>-2</span> Votes</div>
			<div class="answers"><span>1</span> Answer</div>
		</aside>
	</div>

	<hr>

	<h3>1 Answer</h3>

	
		<ul class="answers">
			
				<li class="answer">
				
					<article id="answer-274869">
				
						<section>
							<pre><code class="hljs">[<span class="hljs-keyword">exec</span>] <span class="hljs-keyword">from</span> StringIO <span class="hljs-keyword">import</span> StringIO 
[<span class="hljs-keyword">exec</span>] ImportError: No module named <span class="hljs-string">'StringIO'</span>
</code></pre><p>This is a python error if you are using python 3.x as StringIO is now part of io, accessed via io.String.IO.</p>
<p>How did you create your module template to start working from?</p>

						</section>
						<footer>
							<div class="author">
								&mdash; answered <span title="February 6th 2014, 2:53:14 am">February 6th 2014</span>
								by <span class='authorname'>Stephen Feather</span><br>
								<a class="icon-bg icon-link" href="question/162296/build-android-module-failed.html#answer-274869" rel="permalink">permalink</a>
							</div>

							<h5>6 Comments</h5>
							
								<ul class="comments">
								
									<li class="comment">
										<p><p>Somewhere between 3.1.0 (which seemed to work) and 3.2.0 (which seems to build ok) the python scripts got porked.</p>
<pre><code class="hljs"> <span class="hljs-keyword">if</span> I build with titanium sdk <span class="hljs-number">3.2</span><span class="hljs-number">.0</span>, it works, but <span class="hljs-keyword">if</span> i build with titanium sdk <span class="hljs-number">3.1</span><span class="hljs-number">.3</span> or <span class="hljs-number">3.1</span><span class="hljs-number">.1</span>,
</code></pre><p>So, build with 3.2.0? I&#39;m confused why this is a problem.</p>
</p>
										<div class="author">
											&mdash; commented <span title="February 6th 2014, 2:56:09 am">February 6th 2014</span>
											by <span class='authorname'>Stephen Feather</span>
										</div>
									</li>
								
									<li class="comment">
										<p><p>Hi, I create the module from titanium studio.</p>
</p>
										<div class="author">
											&mdash; commented <span title="February 6th 2014, 2:57:41 am">February 6th 2014</span>
											by <span class='authorname'>chakhung hui</span>
										</div>
									</li>
								
									<li class="comment">
										<p><p>Unless you HAVE to support api-8 android devices. If thats the case, then go back to 3.1.0</p>
</p>
										<div class="author">
											&mdash; commented <span title="February 6th 2014, 2:57:46 am">February 6th 2014</span>
											by <span class='authorname'>Stephen Feather</span>
										</div>
									</li>
								
									<li class="comment">
										<p><p>I cannot use sdk 3.2.0, because I use other module that only support 3.1.3, otherwise I cannot use that module.</p>
</p>
										<div class="author">
											&mdash; commented <span title="February 6th 2014, 6:57:28 am">February 6th 2014</span>
											by <span class='authorname'>chakhung hui</span>
										</div>
									</li>
								
									<li class="comment">
										<p><p>I use python 2.7 now ,the python error is resolved, but  the module still cannot be build. Please help me, many thanks.</p>
<p>Here is the console log.</p>
<pre><code class="hljs">Buildfile: C:\workspace\testmodule313\build.xml
python.<span class="hljs-keyword">set</span>.exec:
python.check:
     [echo] Testing <span class="hljs-keyword">for</span> Python
     [exec] Python <span class="hljs-number">2.7</span><span class="hljs-number">.6</span>
init:
process.annotations:
generate.v8.bindings:
     [java] Generating C:\workspace\testmodule313\build\generated\jni\com.jackhui.testmodule313.ExampleProxy.h
     [java] Generating C:\workspace\testmodule313\build\generated\jni\com.jackhui.testmodule313.ExampleProxy.cpp
     [java] Generating C:\workspace\testmodule313\build\generated\jni\com.jackhui.testmodule313.Testmodule313Module.h
     [java] Generating C:\workspace\testmodule313\build\generated\jni\com.jackhui.testmodule313.Testmodule313Module.cpp
generate.bindings:
pre.compile:
js.compile:
ndk.build:
     [copy] Copying <span class="hljs-number">11</span> files <span class="hljs-keyword">to</span> C:\Users\JACKHU~<span class="hljs-number">1</span>\AppData\Local\Temp\Jack_HUI\testmodule313-generated
     [exec] Android NDK: WARNING:jni/Android.mk:com.jackhui.testmodule313: non-system libraries <span class="hljs-keyword">in</span> linker flags: -lkroll-v8    
     [exec] jni/Android.mk:<span class="hljs-number">32</span>: warning: overriding commands <span class="hljs-keyword">for</span> target `C:/Users/JACKHU~<span class="hljs-number">1</span>/AppData/Local/Temp/Jack_HUI/testmodule313-generated/KrollGeneratedBindings.cpp<span class="hljs-comment">'</span>
     [exec] Android NDK:     This <span class="hljs-keyword">is</span> likely <span class="hljs-keyword">to</span> result <span class="hljs-keyword">in</span> incorrect builds. <span class="hljs-keyword">Try</span> <span class="hljs-keyword">using</span> LOCAL_STATIC_LIBRARIES    
     [exec] jni/Android.mk:<span class="hljs-number">32</span>: warning: ignoring old commands <span class="hljs-keyword">for</span> target `C:/Users/JACKHU~<span class="hljs-number">1</span>/AppData/Local/Temp/Jack_HUI/testmodule313-generated/KrollGeneratedBindings.cpp<span class="hljs-comment">'Android NDK:     or LOCAL_SHARED_LIBRARIES instead to list the library dependencies of the    </span>
     [exec] Android NDK:     current <span class="hljs-keyword">module</span>    
     [exec] jni/Android.mk:<span class="hljs-number">35</span>: warning: overriding commands <span class="hljs-keyword">for</span> target `C:/Users/JACKHU~<span class="hljs-number">1</span>/AppData/Local/Temp/Jack_HUI/testmodule313-generated/BootstrapJS.cpp<span class="hljs-comment">'</span>
     [exec] Android NDK: WARNING:jni/Android.mk:com.jackhui.testmodule313: non-system libraries <span class="hljs-keyword">in</span> linker flags: -lkroll-v8    
     [exec] Android NDK:     This <span class="hljs-keyword">is</span> likely <span class="hljs-keyword">to</span> result <span class="hljs-keyword">in</span> incorrect builds. <span class="hljs-keyword">Try</span> <span class="hljs-keyword">using</span> LOCAL_STATIC_LIBRARIES    
     [exec] Android NDK:     <span class="hljs-keyword">or</span> LOCAL_SHARED_LIBRARIES instead <span class="hljs-keyword">to</span> list the library dependencies <span class="hljs-keyword">of</span> the    
     [exec] Android NDK:     current <span class="hljs-keyword">module</span>    
     [exec] Android NDK: WARNING:jni/Android.mk:com.jackhui.testmodule313: non-system libraries <span class="hljs-keyword">in</span> linker flags: -lkroll-v8    
     [exec] Android NDK:     This <span class="hljs-keyword">is</span> likely <span class="hljs-keyword">to</span> result <span class="hljs-keyword">in</span> incorrect builds. <span class="hljs-keyword">Try</span> <span class="hljs-keyword">using</span> LOCAL_STATIC_LIBRARIES    
     [exec] Android NDK:     <span class="hljs-keyword">or</span> LOCAL_SHARED_LIBRARIES instead <span class="hljs-keyword">to</span> list the library dependencies <span class="hljs-keyword">of</span> the    
     [exec] Android NDK:     current <span class="hljs-keyword">module</span>    
     [exec] jni/Android.mk:<span class="hljs-number">35</span>: warning: ignoring old commands <span class="hljs-keyword">for</span> target `C:/Users/JACKHU~<span class="hljs-number">1</span>/AppData/Local/Temp/Jack_HUI/testmodule313-generated/BootstrapJS.cpp<span class="hljs-comment">'</span>
     [exec] jni/Android.mk:<span class="hljs-number">32</span>: warning: overriding commands <span class="hljs-keyword">for</span> target `C:/Users/JACKHU~<span class="hljs-number">1</span>/AppData/Local/Temp/Jack_HUI/testmodule313-generated/KrollGeneratedBindings.cpp<span class="hljs-comment">'</span>
     [exec] jni/Android.mk:<span class="hljs-number">32</span>: warning: ignoring old commands <span class="hljs-keyword">for</span> target `C:/Users/JACKHU~<span class="hljs-number">1</span>/AppData/Local/Temp/Jack_HUI/testmodule313-generated/KrollGeneratedBindings.cpp<span class="hljs-comment">'</span>
     [exec] jni/Android.mk:<span class="hljs-number">35</span>: warning: overriding commands <span class="hljs-keyword">for</span> target `C:/Users/JACKHU~<span class="hljs-number">1</span>/AppData/Local/Temp/Jack_HUI/testmodule313-generated/BootstrapJS.cpp<span class="hljs-comment">'</span>
     [exec] jni/Android.mk:<span class="hljs-number">35</span>: warning: ignoring old commands <span class="hljs-keyword">for</span> target `C:/Users/JACKHU~<span class="hljs-number">1</span>/AppData/Local/Temp/Jack_HUI/testmodule313-generated/BootstrapJS.cpp<span class="hljs-comment">'</span>
     [exec] [armeabi] Compile++ thumb: com.jackhui.testmodule313 &lt;= com.jackhui.testmodule313.ExampleProxy.cpp
     [exec] <span class="hljs-keyword">In</span> file included <span class="hljs-keyword">from</span> jni/com.jackhui.testmodule313.ExampleProxy.cpp:<span class="hljs-number">12</span>:<span class="hljs-number">0</span>:
     [exec] C:\Users\Jack HUI\AppData\Roaming\Titanium\mobilesdk\win32\<span class="hljs-number">3.1</span><span class="hljs-number">.3</span>.GA/android/native/include/AndroidUtil.h: <span class="hljs-keyword">In</span> destructor <span class="hljs-comment">'titanium::LogTimer::~LogTimer()':</span>
     [exec] C:\Users\Jack HUI\AppData\Roaming\Titanium\mobilesdk\win32\<span class="hljs-number">3.1</span><span class="hljs-number">.3</span>.GA/android/native/include/AndroidUtil.h:<span class="hljs-number">57</span>:<span class="hljs-number">3</span>: warning: format <span class="hljs-comment">'%d' expects argument of type 'int', but argument 5 has type 'long int' [-Wformat]</span>
     [exec] jni/com.jackhui.testmodule313.ExampleProxy.cpp: <span class="hljs-keyword">In</span> <span class="hljs-keyword">static</span> member <span class="hljs-keyword">function</span> <span class="hljs-comment">'static v8::Handle<span class="hljs-xmlDocTag">&lt;v8::Value&gt;</span> com::jackhui::testmodule313::testmodule313::ExampleProxy::setMessage(const v8::Arguments&amp;)':</span>
     [exec] jni/com.jackhui.testmodule313.ExampleProxy.cpp:<span class="hljs-number">129</span>:<span class="hljs-number">4</span>: <span class="hljs-keyword">error</span>: format <span class="hljs-keyword">not</span> a <span class="hljs-built_in">string</span> literal <span class="hljs-keyword">and</span> no format arguments [-Werror=format-security]
     [exec] jni/com.jackhui.testmodule313.ExampleProxy.cpp: <span class="hljs-keyword">In</span> <span class="hljs-keyword">static</span> member <span class="hljs-keyword">function</span> <span class="hljs-comment">'static v8::Handle<span class="hljs-xmlDocTag">&lt;v8::Value&gt;</span> com::jackhui::testmodule313::testmodule313::ExampleProxy::getMessage(const v8::Arguments&amp;)':</span>
     [exec] jni/com.jackhui.testmodule313.ExampleProxy.cpp:<span class="hljs-number">194</span>:<span class="hljs-number">4</span>: <span class="hljs-keyword">error</span>: format <span class="hljs-keyword">not</span> a <span class="hljs-built_in">string</span> literal <span class="hljs-keyword">and</span> no format arguments [-Werror=format-security]

     [exec] jni/com.jackhui.testmodule313.ExampleProxy.cpp: <span class="hljs-keyword">In</span> <span class="hljs-keyword">static</span> member <span class="hljs-keyword">function</span> <span class="hljs-comment">'static v8::Handle<span class="hljs-xmlDocTag">&lt;v8::Value&gt;</span> com::jackhui::testmodule313::testmodule313::ExampleProxy::printMessage(const v8::Arguments&amp;)':</span>

     [exec] jni/com.jackhui.testmodule313.ExampleProxy.cpp:<span class="hljs-number">246</span>:<span class="hljs-number">4</span>: <span class="hljs-keyword">error</span>: format <span class="hljs-keyword">not</span> a <span class="hljs-built_in">string</span> literal <span class="hljs-keyword">and</span> no format arguments [-Werror=format-security]
</code></pre><pre><code class="hljs">     [exec] jni/com.jackhui.testmodule313.ExampleProxy.cpp: In <span class="hljs-keyword">static</span> member function <span class="hljs-string">'static</span> v8::Handle&lt;v8::Value&gt; com::jackhui::testmodule313::testmodule313::ExampleProxy::getter_message(v8::Local&lt;v8::<span class="hljs-built_in">String</span>&gt;, <span class="hljs-keyword">const</span> v8::AccessorInfo&amp;)':
     [exec] jni/com.jackhui.testmodule313.ExampleProxy.cpp:<span class="hljs-number">314</span>:<span class="hljs-number">4</span>: error: format not a string literal and no format arguments [-Werror=format-security]
     [exec] jni/com.jackhui.testmodule313.ExampleProxy.cpp: In <span class="hljs-keyword">static</span> member function <span class="hljs-string">'static</span> void com::jackhui::testmodule313::testmodule313::ExampleProxy::setter_message(v8::Local&lt;v8::<span class="hljs-built_in">String</span>&gt;, v8::Local&lt;v8::Value&gt;, <span class="hljs-keyword">const</span> v8::AccessorInfo&amp;)':
     [exec] jni/com.jackhui.testmodule313.ExampleProxy.cpp:<span class="hljs-number">373</span>:<span class="hljs-number">4</span>: error: format not a string literal and no format arguments [-Werror=format-security]
     [exec] cc1plus.exe: some warnings being treated <span class="hljs-keyword">as</span> errors
     [exec] make.exe: *** [C:\Users\JACKHU~<span class="hljs-number">1</span>\AppData\Local\Temp\/Jack_HUI/testmodule313-generated/obj/local/armeabi/objs/com.jackhui.testmodule313/com.jackhui.testmodule313.ExampleProxy.o] Error <span class="hljs-number">1</span>
</code></pre><pre><code class="hljs">BUILD FAILED
C:<span class="hljs-command">\Users</span><span class="hljs-command">\Jack</span> HUI<span class="hljs-command">\AppData</span><span class="hljs-command">\Roaming</span><span class="hljs-command">\Titanium</span><span class="hljs-command">\mobilesdk</span><span class="hljs-command">\win</span>32\3.1.3.GA<span class="hljs-command">\module</span><span class="hljs-command">\android</span><span class="hljs-command">\build</span>.xml:326: The following error occurred while executing this line:
C:<span class="hljs-command">\Users</span><span class="hljs-command">\Jack</span> HUI<span class="hljs-command">\AppData</span><span class="hljs-command">\Roaming</span><span class="hljs-command">\Titanium</span><span class="hljs-command">\mobilesdk</span><span class="hljs-command">\win</span>32\3.1.3.GA<span class="hljs-command">\module</span><span class="hljs-command">\android</span><span class="hljs-command">\build</span>.xml:281: exec returned: 2

Total time: 2 seconds
</code></pre></p>
										<div class="author">
											&mdash; commented <span title="February 6th 2014, 7:14:41 am">February 6th 2014</span>
											by <span class='authorname'>chakhung hui</span>
										</div>
									</li>
								
									<li class="comment">
										<p><p><code>I cannot use sdk 3.2.0, because I use other module that only support 3.1.3, otherwise I cannot use that module.</code></p>
<p>Why do you say that?</p>
</p>
										<div class="author">
											&mdash; commented <span title="February 6th 2014, 10:15:45 am">February 6th 2014</span>
											by <span class='authorname'>Stephen Feather</span>
										</div>
									</li>
								
								</ul>
							
						</footer>
						<aside class="vote-box">
							<div class="score"><span>0</span> Votes</div>
						</aside>
					</article>
				</li>
			
		</ul>
	
</article>

		</div>
		<div class="col-sm-3"></div>
	</div>
	<div class="row"><div class="signoff">The ownership of individual contributions to this community generated content is retained by the authors of their contributions.<br>All trademarks remain the property of the respective owner.</div></div>
</main>


</body>
</html>
