<!doctype html>
<html>
<head>
	<meta http-equiv="X-UA-Compatible" content="IE=Edge,chrome=1">
	<meta http-equiv="Content-Type" content="text/html; charset=UTF-8">
	<meta charset="utf-8">
	
		<title>Build Error after upgrading to 3.1.0.GA Â» Community Questions &amp; Answers </title>
	
	<meta name="viewport" content="width=device-width,initial-scale=1">
	<link href="../../related/favicon.png" rel="shortcut icon" type="image/png">
	<link href="//fonts.googleapis.com/css?family=Open+Sans:300,400,500,600,700" rel="stylesheet" type="text/css">
	<link href="//d3ilu1xuwhtfe2.cloudfront.net/e8e0ebd/css/style.css" rel="stylesheet" type="text/css">
	<link href="../../related/qa.css" rel="stylesheet" type="text/css">
	<link href="../../related/hybrid.css" rel="stylesheet" type="text/css">
	
	<link href="../../related/overrides.css" rel="stylesheet" type="text/css">
</head>
<body>

<div class='mast'>    <div class='container'>        <div class='row'>            <div class='col-sm-12'>                <div class='masthead'><h1>Titanium Community Questions & Answer Archive</h1><h2>We felt that 6+ years of knowledge should not die so this is the Titanium Community Questions &amp; Answer Archive</h2></div>            </div>        </div>    </div></div>

<main class="container">
	<div class="row">
		<div class="col-sm-12">
			
		</div>
	</div>
	<div class="row">
		<div class="col-sm-12">
			<article class="question-container">
	<div class="question">
		<header>
			<h1>Build Error after upgrading to 3.1.0.GA</h1>
		</header>
		<section>
			<p>Hey,</p>
<p>I&#39;ve just upgraded to 3.1.0.GA on Windows 7 64-bit and I can&#39;t build Android apps anymore. I also di all the updates which i was asked to do by studio (node.js, cli, etc.)</p>
<p>I get the following error:</p>
<pre><code class="hljs">Titanium Command-Line Interface, CLI version 3.1.0, Titanium SDK version 3.1.0.GA
Copyright (c) 2012-2013, Appcelerator, Inc.  All Rights Reserved.
<span class="hljs-special">[</span>DEBUG<span class="hljs-special">]</span> :  No project level plugins to load

Please report bugs to http://jira.appcelerator.org/

<span class="hljs-special">[</span>INFO<span class="hljs-special">]</span> :   Running build process:  python "C:<span class="hljs-command">\Users</span><span class="hljs-command">\mwu</span><span class="hljs-command">\AppData</span><span class="hljs-command">\Roaming</span><span class="hljs-command">\Titanium</span><span class="hljs-command">\mobilesdk</span><span class="hljs-command">\win</span>32\3.1.0.GA<span class="hljs-command">\android</span><span class="hljs-command">\builder</span>.py" "install" "Communote" "D:<span class="hljs-command">\mwu</span><span class="hljs-command">\Android</span><span class="hljs-command">\android</span>-sdk" "D:<span class="hljs-command">\mwu</span><span class="hljs-command">\workspaces</span><span class="hljs-command">\titanium</span><span class="hljs-command">\communote</span>-mobile-titanium" "com.communote.mobile" "1"
<span class="hljs-special">[</span>DEBUG<span class="hljs-special">]</span> :  Loaded plugin hooks:
<span class="hljs-special">[</span>DEBUG<span class="hljs-special">]</span> :  C:<span class="hljs-command">\Users</span><span class="hljs-command">\mwu</span><span class="hljs-command">\AppData</span><span class="hljs-command">\Roaming</span><span class="hljs-command">\Titanium</span><span class="hljs-command">\mobilesdk</span><span class="hljs-command">\win</span>32\3.1.0.GA<span class="hljs-command">\cli</span><span class="hljs-command">\hooks</span><span class="hljs-command">\plugins</span>.js
<span class="hljs-special">[</span>DEBUG<span class="hljs-special">]</span> :  C:<span class="hljs-command">\Users</span><span class="hljs-command">\mwu</span><span class="hljs-command">\AppData</span><span class="hljs-command">\Roaming</span><span class="hljs-command">\Titanium</span><span class="hljs-command">\mobilesdk</span><span class="hljs-command">\win</span>32\3.1.0.GA<span class="hljs-command">\android</span><span class="hljs-command">\cli</span><span class="hljs-command">\hooks</span><span class="hljs-command">\install</span>.js
<span class="hljs-special">[</span>DEBUG<span class="hljs-special">]</span> :  C:<span class="hljs-command">\Users</span><span class="hljs-command">\mwu</span><span class="hljs-command">\AppData</span><span class="hljs-command">\Roaming</span><span class="hljs-command">\Titanium</span><span class="hljs-command">\mobilesdk</span><span class="hljs-command">\win</span>32\3.1.0.GA<span class="hljs-command">\android</span><span class="hljs-command">\cli</span><span class="hljs-command">\hooks</span><span class="hljs-command">\run</span>.js
  File "C:<span class="hljs-command">\Users</span><span class="hljs-command">\mwu</span><span class="hljs-command">\AppData</span><span class="hljs-command">\Roaming</span><span class="hljs-command">\Titanium</span><span class="hljs-command">\mobilesdk</span><span class="hljs-command">\win</span>32\3.1.0.GA<span class="hljs-command">\android</span><span class="hljs-command">\builder</span>.py", line 139
    print "<span class="hljs-special">[</span>DEBUG<span class="hljs-special">]</span> Signal <span class="hljs-comment">%s received. Terminating the logcat process." % signum</span>
                                                                      ^
SyntaxError: invalid syntax
<span class="hljs-special">[</span>ERROR<span class="hljs-special">]</span> :  Build process exited with code 1
<span class="hljs-special">[</span>ERROR<span class="hljs-special">]</span> :  Project failed to build after 200ms
</code></pre><p>Any ideas?</p>

		</section>
		<footer>
			<div class="author">
				&mdash; asked <span title="April 17th 2013, 8:53:42 am">April 17th 2013</span>
				by <span class='authorname'>Markus Wutzler</span>
			</div>

			
				<ul class="tags">
					
						<li><span class='tagname'>3.1.0.ga</span></li>
					
						<li><span class='tagname'>android</span></li>
					
						<li><span class='tagname'>build</span></li>
					
						<li><span class='tagname'>windows</span></li>
					
				</ul>
			

			<section>
				<h5>1 Comment</h5>
				
					<ul class="comments">
					
						<li class="comment">
							<div><p>Similar problem now with 3.0.2 - same error</p>
</div>
							<div class="author">
								&mdash; commented <span title="April 17th 2013, 8:55:40 am">April 17th 2013</span>
								by <span class='authorname'>Markus Wutzler</span>
							</div>
						</li>
					
					</ul>
				
			</section>
		</footer>
		<aside class="vote-box">
			<div class="score"><span>1</span> Vote</div>
			<div class="answers"><span>2</span> Answers</div>
		</aside>
	</div>

	<hr>

	<h3>2 Answers</h3>

	
		<ul class="answers">
			
				<li class="answer">
				
					<article id="answer-260903">
				
						<section>
							<p>Problem was not SDK 3.1.0. It seems that the newer version of studio was confused with my existing installation of python. i removed python (3.3, was not intended for Ttitanium) and now everything works again.</p>

						</section>
						<footer>
							<div class="author">
								&mdash; answered <span title="April 17th 2013, 9:47:26 am">April 17th 2013</span>
								by <span class='authorname'>Markus Wutzler</span><br>
								<a class="icon-bg icon-link" href="question/151085/build-error-after-upgrading-to-310ga#answer-260903" rel="permalink">permalink</a>
							</div>

							<h5>0 Comments</h5>
							
						</footer>
						<aside class="vote-box">
							<div class="score"><span>0</span> Votes</div>
						</aside>
					</article>
				</li>
			
				<li class="answer">
				
					<article id="answer-261054">
				
						<section>
							<p>For me, after upgrade this error is occurring:</p>
<pre><code class="hljs">[INFO] Copying CommonJS modules...
[INFO] Copying project resources..
[ERROR] Exception occured while building Android project:
[ERROR] Traceback (most recent <span class="hljs-operator"><span class="hljs-keyword">call</span> <span class="hljs-keyword">last</span>):
[<span class="hljs-keyword">ERROR</span>]   <span class="hljs-keyword">File</span> <span class="hljs-string">"/Users/danielvilha/Library/Application Support/Titanium/mobilesdk/osx/3.1.0.GA/android/builder.py"</span>, line <span class="hljs-number">2553</span>, <span class="hljs-keyword">in</span> &lt;<span class="hljs-keyword">module</span>&gt;
[<span class="hljs-keyword">ERROR</span>]     builder.build_and_run(<span class="hljs-literal">True</span>, avd_id, device_args=device_args, debugger_host=debugger_host, profiler_host=profiler_host)
[<span class="hljs-keyword">ERROR</span>]   <span class="hljs-keyword">File</span> <span class="hljs-string">"/Users/danielvilha/Library/Application Support/Titanium/mobilesdk/osx/3.1.0.GA/android/builder.py"</span>, line <span class="hljs-number">2193</span>, <span class="hljs-keyword">in</span> build_and_run
[<span class="hljs-keyword">ERROR</span>]     <span class="hljs-keyword">self</span>.copy_project_resources()
[<span class="hljs-keyword">ERROR</span>]   <span class="hljs-keyword">File</span> <span class="hljs-string">"/Users/danielvilha/Library/Application Support/Titanium/mobilesdk/osx/3.1.0.GA/android/builder.py"</span>, line <span class="hljs-number">833</span>, <span class="hljs-keyword">in</span> copy_project_resources
[<span class="hljs-keyword">ERROR</span>]     <span class="hljs-keyword">self</span>.project_deltas = <span class="hljs-keyword">self</span>.project_deltafy.<span class="hljs-keyword">scan</span>()
[<span class="hljs-keyword">ERROR</span>]   <span class="hljs-keyword">File</span> <span class="hljs-string">"/Users/danielvilha/Library/Application Support/Titanium/mobilesdk/osx/3.1.0.GA/android/deltafy.py"</span>, line <span class="hljs-number">163</span>, <span class="hljs-keyword">in</span> <span class="hljs-keyword">scan</span>
[<span class="hljs-keyword">ERROR</span>]     <span class="hljs-keyword">self</span>.scan_path(<span class="hljs-keyword">self</span>.dir, deltas)
[<span class="hljs-keyword">ERROR</span>]   <span class="hljs-keyword">File</span> <span class="hljs-string">"/Users/danielvilha/Library/Application Support/Titanium/mobilesdk/osx/3.1.0.GA/android/deltafy.py"</span>, line <span class="hljs-number">195</span>, <span class="hljs-keyword">in</span> scan_path
[<span class="hljs-keyword">ERROR</span>]     <span class="hljs-keyword">self</span>.scan_path(absolute_path, deltas)
[<span class="hljs-keyword">ERROR</span>]   <span class="hljs-keyword">File</span> <span class="hljs-string">"/Users/danielvilha/Library/Application Support/Titanium/mobilesdk/osx/3.1.0.GA/android/deltafy.py"</span>, line <span class="hljs-number">195</span>, <span class="hljs-keyword">in</span> scan_path
[<span class="hljs-keyword">ERROR</span>]     <span class="hljs-keyword">self</span>.scan_path(absolute_path, deltas)
[<span class="hljs-keyword">ERROR</span>]   <span class="hljs-keyword">File</span> <span class="hljs-string">"/Users/danielvilha/Library/Application Support/Titanium/mobilesdk/osx/3.1.0.GA/android/deltafy.py"</span>, line <span class="hljs-number">195</span>, <span class="hljs-keyword">in</span> scan_path
[<span class="hljs-keyword">ERROR</span>]     <span class="hljs-keyword">self</span>.scan_path(absolute_path, deltas)
[<span class="hljs-keyword">ERROR</span>]   <span class="hljs-keyword">File</span> <span class="hljs-string">"/Users/danielvilha/Library/Application Support/Titanium/mobilesdk/osx/3.1.0.GA/android/deltafy.py"</span>, line <span class="hljs-number">203</span>, <span class="hljs-keyword">in</span> scan_path
[<span class="hljs-keyword">ERROR</span>]     file_delta = <span class="hljs-keyword">self</span>.check_delta(absolute_path, path_stat)
[<span class="hljs-keyword">ERROR</span>]   <span class="hljs-keyword">File</span> <span class="hljs-string">"/Users/danielvilha/Library/Application Support/Titanium/mobilesdk/osx/3.1.0.GA/android/deltafy.py"</span>, line <span class="hljs-number">147</span>, <span class="hljs-keyword">in</span> check_delta
[<span class="hljs-keyword">ERROR</span>]     <span class="hljs-keyword">timestamp</span> = <span class="hljs-keyword">self</span>.get_timestamp(<span class="hljs-keyword">path</span>)
[<span class="hljs-keyword">ERROR</span>]   <span class="hljs-keyword">File</span> <span class="hljs-string">"/Users/danielvilha/Library/Application Support/Titanium/mobilesdk/osx/3.1.0.GA/android/deltafy.py"</span>, line <span class="hljs-number">116</span>, <span class="hljs-keyword">in</span> get_timestamp
[<span class="hljs-keyword">ERROR</span>]     <span class="hljs-keyword">c</span>.<span class="hljs-keyword">execute</span>(<span class="hljs-string">'select modified from timestamps where path = ?'</span>, (<span class="hljs-keyword">path</span>,))
[<span class="hljs-keyword">ERROR</span>] ProgrammingError: You must <span class="hljs-keyword">not</span> <span class="hljs-keyword">use</span> <span class="hljs-number">8</span>-<span class="hljs-built_in">bit</span> bytestrings unless you <span class="hljs-keyword">use</span> a text_factory that can interpret <span class="hljs-number">8</span>-<span class="hljs-built_in">bit</span> bytestrings (<span class="hljs-keyword">like</span> text_factory = <span class="hljs-keyword">str</span>). It <span class="hljs-keyword">is</span> highly recommended that you instead just <span class="hljs-keyword">switch</span> your application <span class="hljs-keyword">to</span> <span class="hljs-keyword">Unicode</span> strings.
[<span class="hljs-keyword">ERROR</span>] :  <span class="hljs-keyword">Build</span> process exited <span class="hljs-keyword">with</span> code <span class="hljs-number">1</span>
[<span class="hljs-keyword">ERROR</span>] :  <span class="hljs-keyword">Project</span> <span class="hljs-keyword">failed</span> <span class="hljs-keyword">to</span> <span class="hljs-keyword">build</span> <span class="hljs-keyword">after</span> <span class="hljs-number">2</span>s <span class="hljs-number">955</span>ms</span>
</code></pre><p>Mac OSX 10.8.3<br>Building for Android.</p>

						</section>
						<footer>
							<div class="author">
								&mdash; answered <span title="April 18th 2013, 5:50:00 pm">April 18th 2013</span>
								by <span class='authorname'>Daniel Ferreira de Lima Vilha</span><br>
								<a class="icon-bg icon-link" href="question/151085/build-error-after-upgrading-to-310ga#answer-261054" rel="permalink">permalink</a>
							</div>

							<h5>0 Comments</h5>
							
						</footer>
						<aside class="vote-box">
							<div class="score"><span>0</span> Votes</div>
						</aside>
					</article>
				</li>
			
		</ul>
	
</article>

		</div>
		<div class="col-sm-3"></div>
	</div>
	<div class="row"><div class="signoff">The ownership of individual contributions to this community generated content is retained by the authors of their contributions.<br>All trademarks remain the property of the respective owner.</div></div>
</main>


</body>
</html>
